Logging to file...
Dataset samples: 20654
######################Training Started######################
epoch   1 | iteration   100 | Loss 2.566737 | Acc 70.00% | WER 84.72% | BLEU-4 0.00
epoch   1 | iteration   200 | Loss 2.157544 | Acc 75.00% | WER 74.18% | BLEU-4 0.00
epoch   1 | iteration   300 | Loss 1.652325 | Acc 81.67% | WER 72.32% | BLEU-4 0.00
epoch   1 | iteration   400 | Loss 1.596325 | Acc 81.67% | WER 50.85% | BLEU-4 0.00
epoch   1 | iteration   500 | Loss 2.238394 | Acc 71.67% | WER 66.36% | BLEU-4 0.00
epoch   1 | iteration   600 | Loss 3.332118 | Acc 61.67% | WER 71.21% | BLEU-4 0.00
epoch   1 | iteration   700 | Loss 1.566603 | Acc 83.33% | WER 58.44% | BLEU-4 0.00
epoch   1 | iteration   800 | Loss 2.814594 | Acc 66.67% | WER 68.81% | BLEU-4 0.00
epoch   1 | iteration   900 | Loss 1.828432 | Acc 78.33% | WER 77.86% | BLEU-4 0.00
epoch   1 | iteration  1000 | Loss 1.491018 | Acc 81.67% | WER 62.50% | BLEU-4 0.00
epoch   1 | iteration  1100 | Loss 1.779883 | Acc 78.33% | WER 68.33% | BLEU-4 0.00
epoch   1 | iteration  1200 | Loss 1.369681 | Acc 83.33% | WER 48.61% | BLEU-4 0.00
epoch   1 | iteration  1300 | Loss 1.348108 | Acc 83.33% | WER 69.44% | BLEU-4 0.00
epoch   1 | iteration  1400 | Loss 1.485466 | Acc 83.33% | WER 41.92% | BLEU-4 7.46
epoch   1 | iteration  1500 | Loss 2.000336 | Acc 76.67% | WER 60.77% | BLEU-4 0.00
epoch   1 | iteration  1600 | Loss 1.518610 | Acc 83.33% | WER 50.51% | BLEU-4 0.00
epoch   1 | iteration  1700 | Loss 1.845338 | Acc 76.67% | WER 59.62% | BLEU-4 0.00
epoch   1 | iteration  1800 | Loss 2.634342 | Acc 71.67% | WER 71.80% | BLEU-4 0.00
epoch   1 | iteration  1900 | Loss 1.151378 | Acc 85.00% | WER 53.47% | BLEU-4 0.00
epoch   1 | iteration  2000 | Loss 1.793782 | Acc 83.33% | WER 33.41% | BLEU-4 22.69
epoch   1 | iteration  2100 | Loss 1.034919 | Acc 86.67% | WER 52.78% | BLEU-4 0.00
epoch   1 | iteration  2200 | Loss 1.592724 | Acc 83.33% | WER 47.73% | BLEU-4 0.00
epoch   1 | iteration  2300 | Loss 1.119594 | Acc 86.67% | WER 45.83% | BLEU-4 0.00
epoch   1 | iteration  2400 | Loss 1.662414 | Acc 81.67% | WER 47.35% | BLEU-4 18.75
epoch   1 | iteration  2500 | Loss 1.036088 | Acc 88.33% | WER 43.65% | BLEU-4 20.83
epoch   1 | iteration  2600 | Loss 1.324532 | Acc 85.00% | WER 61.11% | BLEU-4 0.00
epoch   1 | iteration  2700 | Loss 1.398537 | Acc 85.00% | WER 29.57% | BLEU-4 20.00
epoch   1 | iteration  2800 | Loss 0.896013 | Acc 91.67% | WER 19.81% | BLEU-4 35.65
epoch   1 | iteration  2900 | Loss 1.157159 | Acc 86.67% | WER 38.10% | BLEU-4 4.55
epoch   1 | iteration  3000 | Loss 1.371628 | Acc 85.00% | WER 37.50% | BLEU-4 7.69
epoch   1 | iteration  3100 | Loss 0.766325 | Acc 95.00% | WER 13.33% | BLEU-4 38.10
epoch   1 | iteration  3200 | Loss 1.384649 | Acc 86.67% | WER 28.57% | BLEU-4 18.18
epoch   1 | iteration  3300 | Loss 2.182644 | Acc 75.00% | WER 58.89% | BLEU-4 8.33
epoch   1 | iteration  3400 | Loss 1.307466 | Acc 83.33% | WER 45.00% | BLEU-4 0.00
epoch   1 | iteration  3500 | Loss 1.924177 | Acc 78.33% | WER 39.57% | BLEU-4 0.00
epoch   1 | iteration  3600 | Loss 1.455227 | Acc 83.33% | WER 53.98% | BLEU-4 0.00
epoch   1 | iteration  3700 | Loss 1.192919 | Acc 90.00% | WER 28.64% | BLEU-4 18.75
epoch   1 | iteration  3800 | Loss 1.299750 | Acc 90.00% | WER 29.67% | BLEU-4 10.00
epoch   1 | iteration  3900 | Loss 0.867609 | Acc 93.33% | WER 26.67% | BLEU-4 14.29
epoch   1 | iteration  4000 | Loss 1.444063 | Acc 83.33% | WER 35.59% | BLEU-4 0.00
epoch   1 | iteration  4100 | Loss 0.496834 | Acc 93.33% | WER 40.00% | BLEU-4 0.00
epoch   1 | iteration  4200 | Loss 0.582186 | Acc 95.00% | WER 13.85% | BLEU-4 44.29
epoch   1 | iteration  4300 | Loss 1.400707 | Acc 91.67% | WER 17.07% | BLEU-4 36.23
epoch   1 | iteration  4400 | Loss 0.683600 | Acc 91.67% | WER 35.00% | BLEU-4 0.00
epoch   1 | iteration  4500 | Loss 0.642487 | Acc 95.00% | WER 17.14% | BLEU-4 39.29
epoch   1 | iteration  4600 | Loss 0.561576 | Acc 95.00% | WER 20.83% | BLEU-4 33.33
epoch   1 | iteration  4700 | Loss 1.685733 | Acc 81.67% | WER 44.16% | BLEU-4 0.00
epoch   1 | iteration  4800 | Loss 0.368102 | Acc 95.00% | WER 17.36% | BLEU-4 29.39
epoch   1 | iteration  4900 | Loss 1.260292 | Acc 88.33% | WER 32.94% | BLEU-4 13.64
epoch   1 | iteration  5000 | Loss 0.892780 | Acc 91.67% | WER 21.67% | BLEU-4 25.00
epoch   1 | iteration  5100 | Loss 1.018762 | Acc 91.67% | WER 16.67% | BLEU-4 29.17
epoch   1 | iteration  5200 | Loss 1.473731 | Acc 88.33% | WER 22.50% | BLEU-4 26.31
epoch   1 | iteration  5300 | Loss 1.373290 | Acc 85.00% | WER 29.43% | BLEU-4 25.00
epoch   1 | iteration  5400 | Loss 0.590883 | Acc 96.67% | WER 12.50% | BLEU-4 10.00
epoch   1 | iteration  5500 | Loss 1.675833 | Acc 85.00% | WER 26.54% | BLEU-4 15.88
epoch   1 | iteration  5600 | Loss 1.003101 | Acc 91.67% | WER 19.23% | BLEU-4 35.00
epoch   1 | iteration  5700 | Loss 1.134632 | Acc 91.67% | WER 24.04% | BLEU-4 25.00
epoch   1 | iteration  5800 | Loss 0.689225 | Acc 93.33% | WER 18.18% | BLEU-4 50.00
epoch   1 | iteration  5900 | Loss 1.346961 | Acc 85.00% | WER 43.01% | BLEU-4 10.71
epoch   1 | iteration  6000 | Loss 0.673103 | Acc 93.33% | WER 15.56% | BLEU-4 44.76
epoch   1 | iteration  6100 | Loss 0.811290 | Acc 91.67% | WER 25.00% | BLEU-4 13.89
epoch   1 | iteration  6200 | Loss 0.277874 | Acc 98.33% | WER 12.50% | BLEU-4 50.00
epoch   1 | iteration  6300 | Loss 0.350154 | Acc 96.67% | WER 11.81% | BLEU-4 26.67
epoch   1 | iteration  6400 | Loss 0.835501 | Acc 91.67% | WER 25.82% | BLEU-4 5.00
epoch   1 | iteration  6500 | Loss 0.600163 | Acc 96.67% | WER 6.67% | BLEU-4 75.00
epoch   1 | iteration  6600 | Loss 0.709719 | Acc 95.00% | WER 18.75% | BLEU-4 50.00
epoch   1 | iteration  6700 | Loss 1.177060 | Acc 86.67% | WER 44.44% | BLEU-4 8.33
epoch   1 | iteration  6800 | Loss 0.445247 | Acc 95.00% | WER 15.00% | BLEU-4 57.14
epoch   1 | iteration  6900 | Loss 0.644098 | Acc 96.67% | WER 11.81% | BLEU-4 43.33
epoch   1 | iteration  7000 | Loss 1.325752 | Acc 85.00% | WER 31.67% | BLEU-4 16.67
epoch   1 | iteration  7100 | Loss 0.498573 | Acc 95.00% | WER 18.75% | BLEU-4 50.00
epoch   1 | iteration  7200 | Loss 0.406420 | Acc 98.33% | WER 5.00% | BLEU-4 71.43
epoch   1 | iteration  7300 | Loss 0.331448 | Acc 96.67% | WER 20.00% | BLEU-4 50.00
epoch   1 | iteration  7400 | Loss 0.962363 | Acc 91.67% | WER 20.54% | BLEU-4 44.55
epoch   1 | iteration  7500 | Loss 1.073485 | Acc 88.33% | WER 30.95% | BLEU-4 8.33
epoch   1 | iteration  7600 | Loss 0.798487 | Acc 93.33% | WER 16.25% | BLEU-4 48.35
epoch   1 | iteration  7700 | Loss 1.229253 | Acc 88.33% | WER 31.67% | BLEU-4 29.17
epoch   1 | iteration  7800 | Loss 0.696259 | Acc 95.00% | WER 17.50% | BLEU-4 21.43
epoch   1 | iteration  7900 | Loss 1.025371 | Acc 90.00% | WER 29.29% | BLEU-4 29.59
epoch   1 | iteration  8000 | Loss 0.910279 | Acc 91.67% | WER 16.31% | BLEU-4 38.39
epoch   1 | iteration  8100 | Loss 0.189523 | Acc 98.33% | WER 5.00% | BLEU-4 71.43
epoch   1 | iteration  8200 | Loss 1.282081 | Acc 86.67% | WER 31.76% | BLEU-4 3.57
epoch   1 | iteration  8300 | Loss 1.017178 | Acc 88.33% | WER 37.22% | BLEU-4 7.14
epoch   1 | iteration  8400 | Loss 0.378746 | Acc 96.67% | WER 15.48% | BLEU-4 0.00
epoch   1 | iteration  8500 | Loss 0.831425 | Acc 91.67% | WER 29.29% | BLEU-4 0.00
epoch   1 | iteration  8600 | Loss 0.686947 | Acc 93.33% | WER 25.00% | BLEU-4 16.67
epoch   1 | iteration  8700 | Loss 1.584152 | Acc 81.67% | WER 34.87% | BLEU-4 4.55
epoch   1 | iteration  8800 | Loss 0.331616 | Acc 96.67% | WER 11.31% | BLEU-4 58.33
epoch   1 | iteration  8900 | Loss 0.205494 | Acc 98.33% | WER 6.25% | BLEU-4 80.00
epoch   1 | iteration  9000 | Loss 1.009444 | Acc 88.33% | WER 38.89% | BLEU-4 8.33
epoch   1 | iteration  9100 | Loss 0.578626 | Acc 93.33% | WER 15.71% | BLEU-4 37.66
epoch   1 | iteration  9200 | Loss 0.624696 | Acc 95.00% | WER 15.48% | BLEU-4 33.33
Average Training Loss of Epoch 1: 1.104357 | Acc: 88.25% | WER 33.05% | BLEU-4 25.88
Average Validation Loss of Epoch 1: 0.720928 | Acc: 93.08% | WER: 19.72% | BLEU-4: 37.50
Average test Loss of Epoch 1: 0.678593 | Acc: 93.55% | WER: 18.67% | BLEU-4: 41.09
####################Epoch 1 Model Saved#####################
epoch   2 | iteration   100 | Loss 0.185926 | Acc 100.00% | WER 0.00% | BLEU-4 100.00
epoch   2 | iteration   200 | Loss 0.536311 | Acc 95.00% | WER 17.14% | BLEU-4 0.00
epoch   2 | iteration   300 | Loss 0.385611 | Acc 96.67% | WER 10.00% | BLEU-4 64.29
epoch   2 | iteration   400 | Loss 0.286624 | Acc 96.67% | WER 18.06% | BLEU-4 33.33
epoch   2 | iteration   500 | Loss 0.359025 | Acc 96.67% | WER 10.80% | BLEU-4 35.00
epoch   2 | iteration   600 | Loss 0.134174 | Acc 100.00% | WER 0.00% | BLEU-4 100.00
epoch   2 | iteration   700 | Loss 1.259825 | Acc 85.00% | WER 45.00% | BLEU-4 21.43
epoch   2 | iteration   800 | Loss 1.031551 | Acc 88.33% | WER 26.95% | BLEU-4 12.50
epoch   2 | iteration   900 | Loss 0.284899 | Acc 98.33% | WER 2.63% | BLEU-4 87.50
epoch   2 | iteration  1000 | Loss 0.427118 | Acc 95.00% | WER 11.21% | BLEU-4 60.42
epoch   2 | iteration  1100 | Loss 0.858871 | Acc 91.67% | WER 26.25% | BLEU-4 30.00
epoch   2 | iteration  1200 | Loss 0.839127 | Acc 93.33% | WER 19.44% | BLEU-4 25.00
epoch   2 | iteration  1300 | Loss 0.533641 | Acc 93.33% | WER 19.05% | BLEU-4 18.52
epoch   2 | iteration  1400 | Loss 0.755564 | Acc 96.67% | WER 7.67% | BLEU-4 59.62
epoch   2 | iteration  1500 | Loss 1.003726 | Acc 88.33% | WER 38.75% | BLEU-4 0.00
epoch   2 | iteration  1600 | Loss 0.157580 | Acc 98.33% | WER 5.56% | BLEU-4 66.67
epoch   2 | iteration  1700 | Loss 0.355460 | Acc 96.67% | WER 11.11% | BLEU-4 66.67
epoch   2 | iteration  1800 | Loss 0.788356 | Acc 93.33% | WER 16.96% | BLEU-4 53.64
epoch   2 | iteration  1900 | Loss 0.809790 | Acc 91.67% | WER 27.78% | BLEU-4 16.67
epoch   2 | iteration  2000 | Loss 0.336893 | Acc 96.67% | WER 8.33% | BLEU-4 66.67
epoch   2 | iteration  2100 | Loss 0.010686 | Acc 100.00% | WER 0.00% | BLEU-4 100.00
epoch   2 | iteration  2200 | Loss 0.205787 | Acc 100.00% | WER 0.00% | BLEU-4 100.00
epoch   2 | iteration  2300 | Loss 0.247317 | Acc 98.33% | WER 3.33% | BLEU-4 83.33
epoch   2 | iteration  2400 | Loss 0.623842 | Acc 93.33% | WER 37.14% | BLEU-4 12.50
epoch   2 | iteration  2500 | Loss 0.174023 | Acc 98.33% | WER 3.85% | BLEU-4 80.00
epoch   2 | iteration  2600 | Loss 1.157491 | Acc 86.67% | WER 30.52% | BLEU-4 23.30
epoch   2 | iteration  2700 | Loss 0.380698 | Acc 96.67% | WER 9.09% | BLEU-4 56.25
epoch   2 | iteration  2800 | Loss 0.438867 | Acc 95.00% | WER 10.27% | BLEU-4 52.10
epoch   2 | iteration  2900 | Loss 0.432087 | Acc 93.33% | WER 14.29% | BLEU-4 50.00
epoch   2 | iteration  3000 | Loss 0.659463 | Acc 95.00% | WER 14.24% | BLEU-4 42.95
epoch   2 | iteration  3100 | Loss 0.485670 | Acc 95.00% | WER 13.64% | BLEU-4 50.00
epoch   2 | iteration  3200 | Loss 0.382538 | Acc 96.67% | WER 11.11% | BLEU-4 75.00
epoch   2 | iteration  3300 | Loss 0.378044 | Acc 95.00% | WER 15.00% | BLEU-4 42.86
epoch   2 | iteration  3400 | Loss 0.202553 | Acc 98.33% | WER 6.25% | BLEU-4 60.00
epoch   2 | iteration  3500 | Loss 1.005919 | Acc 90.00% | WER 27.88% | BLEU-4 20.22
epoch   2 | iteration  3600 | Loss 0.141659 | Acc 98.33% | WER 6.25% | BLEU-4 80.00
epoch   2 | iteration  3700 | Loss 0.044964 | Acc 100.00% | WER 0.00% | BLEU-4 100.00
epoch   2 | iteration  3800 | Loss 0.166325 | Acc 98.33% | WER 3.85% | BLEU-4 80.00
epoch   2 | iteration  3900 | Loss 0.373745 | Acc 96.67% | WER 8.33% | BLEU-4 72.22
epoch   2 | iteration  4000 | Loss 0.561232 | Acc 93.33% | WER 19.09% | BLEU-4 47.96
epoch   2 | iteration  4100 | Loss 0.277668 | Acc 96.67% | WER 7.69% | BLEU-4 70.00
epoch   2 | iteration  4200 | Loss 0.855675 | Acc 90.00% | WER 15.00% | BLEU-4 58.82
epoch   2 | iteration  4300 | Loss 0.158156 | Acc 100.00% | WER 0.00% | BLEU-4 100.00
epoch   2 | iteration  4400 | Loss 0.222926 | Acc 98.33% | WER 7.14% | BLEU-4 62.50
epoch   2 | iteration  4500 | Loss 0.822095 | Acc 93.33% | WER 8.70% | BLEU-4 65.09
epoch   2 | iteration  4600 | Loss 0.151556 | Acc 98.33% | WER 5.00% | BLEU-4 92.86
epoch   2 | iteration  4700 | Loss 0.500482 | Acc 95.00% | WER 11.86% | BLEU-4 37.78
epoch   2 | iteration  4800 | Loss 0.271273 | Acc 100.00% | WER 0.00% | BLEU-4 100.00
epoch   2 | iteration  4900 | Loss 1.255572 | Acc 86.67% | WER 44.44% | BLEU-4 0.00
epoch   2 | iteration  5000 | Loss 0.469002 | Acc 95.00% | WER 11.67% | BLEU-4 50.60
epoch   2 | iteration  5100 | Loss 0.964957 | Acc 90.00% | WER 21.67% | BLEU-4 21.43
epoch   2 | iteration  5200 | Loss 0.530465 | Acc 96.67% | WER 12.50% | BLEU-4 50.00
epoch   2 | iteration  5300 | Loss 0.333320 | Acc 96.67% | WER 9.09% | BLEU-4 56.25
epoch   2 | iteration  5400 | Loss 1.102746 | Acc 90.00% | WER 21.54% | BLEU-4 14.23
epoch   2 | iteration  5500 | Loss 0.546097 | Acc 95.00% | WER 16.67% | BLEU-4 50.00
epoch   2 | iteration  5600 | Loss 0.949162 | Acc 88.33% | WER 26.19% | BLEU-4 15.96
epoch   2 | iteration  5700 | Loss 0.156544 | Acc 98.33% | WER 7.14% | BLEU-4 50.00
epoch   2 | iteration  5800 | Loss 0.083636 | Acc 100.00% | WER 0.00% | BLEU-4 100.00
epoch   2 | iteration  5900 | Loss 0.066713 | Acc 100.00% | WER 0.00% | BLEU-4 100.00
epoch   2 | iteration  6000 | Loss 0.404610 | Acc 98.33% | WER 7.14% | BLEU-4 75.00
epoch   2 | iteration  6100 | Loss 0.278224 | Acc 100.00% | WER 0.00% | BLEU-4 100.00
epoch   2 | iteration  6200 | Loss 0.090420 | Acc 100.00% | WER 0.00% | BLEU-4 100.00
epoch   2 | iteration  6300 | Loss 0.326946 | Acc 98.33% | WER 3.57% | BLEU-4 86.36
epoch   2 | iteration  6400 | Loss 0.036260 | Acc 100.00% | WER 0.00% | BLEU-4 100.00
epoch   2 | iteration  6500 | Loss 0.258867 | Acc 96.67% | WER 15.56% | BLEU-4 33.33
epoch   2 | iteration  6600 | Loss 0.499193 | Acc 93.33% | WER 15.38% | BLEU-4 55.00
epoch   2 | iteration  6700 | Loss 0.755053 | Acc 93.33% | WER 11.11% | BLEU-4 63.47
epoch   2 | iteration  6800 | Loss 0.086176 | Acc 100.00% | WER 0.00% | BLEU-4 100.00
epoch   2 | iteration  6900 | Loss 0.658807 | Acc 93.33% | WER 18.18% | BLEU-4 50.00
epoch   2 | iteration  7000 | Loss 0.075461 | Acc 100.00% | WER 0.00% | BLEU-4 100.00
epoch   2 | iteration  7100 | Loss 0.656373 | Acc 93.33% | WER 22.22% | BLEU-4 50.00
epoch   2 | iteration  7200 | Loss 0.060780 | Acc 100.00% | WER 0.00% | BLEU-4 100.00
epoch   2 | iteration  7300 | Loss 0.192184 | Acc 100.00% | WER 0.00% | BLEU-4 100.00
epoch   2 | iteration  7400 | Loss 0.374706 | Acc 98.33% | WER 6.25% | BLEU-4 60.00
epoch   2 | iteration  7500 | Loss 1.232662 | Acc 86.67% | WER 25.40% | BLEU-4 18.02
epoch   2 | iteration  7600 | Loss 0.593659 | Acc 96.67% | WER 7.14% | BLEU-4 73.15
epoch   2 | iteration  7700 | Loss 0.339796 | Acc 96.67% | WER 11.11% | BLEU-4 58.33
epoch   2 | iteration  7800 | Loss 0.201776 | Acc 98.33% | WER 7.14% | BLEU-4 75.00
epoch   2 | iteration  7900 | Loss 0.397009 | Acc 98.33% | WER 5.00% | BLEU-4 71.43
epoch   2 | iteration  8000 | Loss 0.294261 | Acc 100.00% | WER 0.00% | BLEU-4 100.00
epoch   2 | iteration  8100 | Loss 0.582779 | Acc 95.00% | WER 13.64% | BLEU-4 75.00
epoch   2 | iteration  8200 | Loss 0.510602 | Acc 93.33% | WER 13.94% | BLEU-4 36.92
epoch   2 | iteration  8300 | Loss 0.352870 | Acc 95.00% | WER 17.50% | BLEU-4 22.37
epoch   2 | iteration  8400 | Loss 0.106728 | Acc 100.00% | WER 0.00% | BLEU-4 100.00
epoch   2 | iteration  8500 | Loss 0.006444 | Acc 100.00% | WER 0.00% | BLEU-4 100.00
epoch   2 | iteration  8600 | Loss 0.180416 | Acc 98.33% | WER 4.55% | BLEU-4 81.25
epoch   2 | iteration  8700 | Loss 0.052835 | Acc 100.00% | WER 0.00% | BLEU-4 100.00
epoch   2 | iteration  8800 | Loss 0.555304 | Acc 96.67% | WER 5.56% | BLEU-4 83.33
epoch   2 | iteration  8900 | Loss 0.154110 | Acc 98.33% | WER 2.94% | BLEU-4 89.29
epoch   2 | iteration  9000 | Loss 0.955429 | Acc 91.67% | WER 21.67% | BLEU-4 35.71
epoch   2 | iteration  9100 | Loss 0.134149 | Acc 100.00% | WER 0.00% | BLEU-4 100.00
epoch   2 | iteration  9200 | Loss 0.502946 | Acc 95.00% | WER 13.64% | BLEU-4 62.50
Average Training Loss of Epoch 2: 0.425396 | Acc: 96.14% | WER 10.62% | BLEU-4 64.17
Average Validation Loss of Epoch 2: 0.487682 | Acc: 95.61% | WER: 12.69% | BLEU-4: 55.68
Average test Loss of Epoch 2: 0.468754 | Acc: 95.72% | WER: 12.49% | BLEU-4: 56.66
####################Epoch 2 Model Saved#####################
epoch   3 | iteration   100 | Loss 0.213055 | Acc 98.33% | WER 6.25% | BLEU-4 70.00
epoch   3 | iteration   200 | Loss 0.053798 | Acc 100.00% | WER 0.00% | BLEU-4 100.00
epoch   3 | iteration   300 | Loss 0.447473 | Acc 96.67% | WER 11.81% | BLEU-4 55.00
epoch   3 | iteration   400 | Loss 0.462542 | Acc 96.67% | WER 5.00% | BLEU-4 82.35
epoch   3 | iteration   500 | Loss 0.258176 | Acc 96.67% | WER 9.72% | BLEU-4 52.78
epoch   3 | iteration   600 | Loss 0.329117 | Acc 98.33% | WER 4.55% | BLEU-4 87.50
epoch   3 | iteration   700 | Loss 0.720429 | Acc 93.33% | WER 14.29% | BLEU-4 54.55
epoch   3 | iteration   800 | Loss 0.289019 | Acc 96.67% | WER 7.14% | BLEU-4 68.18
epoch   3 | iteration   900 | Loss 0.198954 | Acc 98.33% | WER 7.14% | BLEU-4 62.50
epoch   3 | iteration  1000 | Loss 0.884242 | Acc 91.67% | WER 13.89% | BLEU-4 63.33
epoch   3 | iteration  1100 | Loss 0.031661 | Acc 100.00% | WER 0.00% | BLEU-4 100.00
epoch   3 | iteration  1200 | Loss 0.356938 | Acc 96.67% | WER 14.29% | BLEU-4 50.00
epoch   3 | iteration  1300 | Loss 0.134755 | Acc 98.33% | WER 8.33% | BLEU-4 50.00
epoch   3 | iteration  1400 | Loss 0.117712 | Acc 100.00% | WER 0.00% | BLEU-4 100.00
epoch   3 | iteration  1500 | Loss 0.301709 | Acc 98.33% | WER 5.00% | BLEU-4 71.43
epoch   3 | iteration  1600 | Loss 0.011746 | Acc 100.00% | WER 0.00% | BLEU-4 100.00
epoch   3 | iteration  1700 | Loss 0.368559 | Acc 98.33% | WER 5.56% | BLEU-4 83.33
epoch   3 | iteration  1800 | Loss 0.209022 | Acc 98.33% | WER 5.56% | BLEU-4 66.67
epoch   3 | iteration  1900 | Loss 0.016821 | Acc 100.00% | WER 0.00% | BLEU-4 100.00
epoch   3 | iteration  2000 | Loss 0.272341 | Acc 98.33% | WER 4.55% | BLEU-4 87.50
epoch   3 | iteration  2100 | Loss 0.430782 | Acc 98.33% | WER 2.94% | BLEU-4 89.29
epoch   3 | iteration  2200 | Loss 0.120840 | Acc 100.00% | WER 0.00% | BLEU-4 100.00
epoch   3 | iteration  2300 | Loss 0.013828 | Acc 100.00% | WER 0.00% | BLEU-4 100.00
epoch   3 | iteration  2400 | Loss 0.185209 | Acc 98.33% | WER 7.14% | BLEU-4 62.50
epoch   3 | iteration  2500 | Loss 0.333769 | Acc 98.33% | WER 3.12% | BLEU-4 92.31
epoch   3 | iteration  2600 | Loss 0.155273 | Acc 100.00% | WER 0.00% | BLEU-4 100.00
epoch   3 | iteration  2700 | Loss 0.754441 | Acc 91.67% | WER 18.13% | BLEU-4 44.09
epoch   3 | iteration  2800 | Loss 0.017897 | Acc 100.00% | WER 0.00% | BLEU-4 100.00
epoch   3 | iteration  2900 | Loss 0.327280 | Acc 100.00% | WER 0.00% | BLEU-4 100.00
epoch   3 | iteration  3000 | Loss 0.146065 | Acc 98.33% | WER 7.14% | BLEU-4 75.00
epoch   3 | iteration  3100 | Loss 0.160245 | Acc 100.00% | WER 0.00% | BLEU-4 100.00
epoch   3 | iteration  3200 | Loss 0.641724 | Acc 95.00% | WER 8.33% | BLEU-4 70.00
epoch   3 | iteration  3300 | Loss 0.092541 | Acc 100.00% | WER 0.00% | BLEU-4 100.00
epoch   3 | iteration  3400 | Loss 0.500356 | Acc 98.33% | WER 5.56% | BLEU-4 66.67
epoch   3 | iteration  3500 | Loss 0.710201 | Acc 93.33% | WER 25.00% | BLEU-4 50.00
epoch   3 | iteration  3600 | Loss 0.545936 | Acc 95.00% | WER 14.65% | BLEU-4 45.83
epoch   3 | iteration  3700 | Loss 0.155796 | Acc 98.33% | WER 3.85% | BLEU-4 90.00
epoch   3 | iteration  3800 | Loss 0.002677 | Acc 100.00% | WER 0.00% | BLEU-4 100.00
epoch   3 | iteration  3900 | Loss 0.125995 | Acc 98.33% | WER 5.56% | BLEU-4 83.33
epoch   3 | iteration  4000 | Loss 0.133808 | Acc 98.33% | WER 5.56% | BLEU-4 83.33
epoch   3 | iteration  4100 | Loss 0.003492 | Acc 100.00% | WER 0.00% | BLEU-4 100.00
epoch   3 | iteration  4200 | Loss 0.263274 | Acc 98.33% | WER 5.00% | BLEU-4 71.43
epoch   3 | iteration  4300 | Loss 0.909412 | Acc 96.67% | WER 5.85% | BLEU-4 76.69
epoch   3 | iteration  4400 | Loss 0.210813 | Acc 98.33% | WER 6.25% | BLEU-4 70.00
epoch   3 | iteration  4500 | Loss 0.736353 | Acc 93.33% | WER 11.07% | BLEU-4 57.50
epoch   3 | iteration  4600 | Loss 0.155801 | Acc 100.00% | WER 0.00% | BLEU-4 100.00
epoch   3 | iteration  4700 | Loss 0.049505 | Acc 100.00% | WER 0.00% | BLEU-4 100.00
epoch   3 | iteration  4800 | Loss 0.001438 | Acc 100.00% | WER 0.00% | BLEU-4 100.00
epoch   3 | iteration  4900 | Loss 0.253412 | Acc 96.67% | WER 12.70% | BLEU-4 58.33
epoch   3 | iteration  5000 | Loss 0.129629 | Acc 98.33% | WER 3.12% | BLEU-4 92.31
epoch   3 | iteration  5100 | Loss 0.085775 | Acc 100.00% | WER 0.00% | BLEU-4 100.00
epoch   3 | iteration  5200 | Loss 0.346954 | Acc 96.67% | WER 10.00% | BLEU-4 64.29
epoch   3 | iteration  5300 | Loss 0.669117 | Acc 91.67% | WER 17.86% | BLEU-4 54.55
epoch   3 | iteration  5400 | Loss 0.095162 | Acc 100.00% | WER 0.00% | BLEU-4 100.00
epoch   3 | iteration  5500 | Loss 0.110861 | Acc 100.00% | WER 0.00% | BLEU-4 100.00
epoch   3 | iteration  5600 | Loss 0.166183 | Acc 98.33% | WER 3.57% | BLEU-4 81.82
epoch   3 | iteration  5700 | Loss 0.127947 | Acc 100.00% | WER 0.00% | BLEU-4 100.00
epoch   3 | iteration  5800 | Loss 0.231850 | Acc 98.33% | WER 5.00% | BLEU-4 71.43
epoch   3 | iteration  5900 | Loss 0.380608 | Acc 95.00% | WER 11.21% | BLEU-4 56.25
epoch   3 | iteration  6000 | Loss 0.197900 | Acc 98.33% | WER 6.25% | BLEU-4 90.00
epoch   3 | iteration  6100 | Loss 0.225662 | Acc 98.33% | WER 2.78% | BLEU-4 93.33
epoch   3 | iteration  6200 | Loss 0.002189 | Acc 100.00% | WER 0.00% | BLEU-4 100.00
epoch   3 | iteration  6300 | Loss 0.265394 | Acc 100.00% | WER 0.00% | BLEU-4 100.00
epoch   3 | iteration  6400 | Loss 0.187258 | Acc 100.00% | WER 0.00% | BLEU-4 100.00
epoch   3 | iteration  6500 | Loss 0.102522 | Acc 98.33% | WER 6.25% | BLEU-4 90.00
epoch   3 | iteration  6600 | Loss 0.154629 | Acc 98.33% | WER 5.56% | BLEU-4 66.67
epoch   3 | iteration  6700 | Loss 0.112878 | Acc 100.00% | WER 0.00% | BLEU-4 100.00
epoch   3 | iteration  6800 | Loss 0.002935 | Acc 100.00% | WER 0.00% | BLEU-4 100.00
epoch   3 | iteration  6900 | Loss 0.262191 | Acc 96.67% | WER 12.50% | BLEU-4 60.00
epoch   3 | iteration  7000 | Loss 0.128325 | Acc 100.00% | WER 0.00% | BLEU-4 100.00
epoch   3 | iteration  7100 | Loss 0.269979 | Acc 98.33% | WER 6.25% | BLEU-4 70.00
epoch   3 | iteration  7200 | Loss 0.558210 | Acc 95.00% | WER 7.89% | BLEU-4 71.88
epoch   3 | iteration  7300 | Loss 0.542848 | Acc 100.00% | WER 0.00% | BLEU-4 100.00
epoch   3 | iteration  7400 | Loss 0.118596 | Acc 98.33% | WER 3.57% | BLEU-4 81.82
epoch   3 | iteration  7500 | Loss 0.121180 | Acc 100.00% | WER 0.00% | BLEU-4 100.00
epoch   3 | iteration  7600 | Loss 0.102718 | Acc 100.00% | WER 0.00% | BLEU-4 100.00
epoch   3 | iteration  7700 | Loss 0.196932 | Acc 98.33% | WER 5.00% | BLEU-4 71.43
epoch   3 | iteration  7800 | Loss 0.218824 | Acc 98.33% | WER 3.33% | BLEU-4 83.33
epoch   3 | iteration  7900 | Loss 0.136392 | Acc 98.33% | WER 5.00% | BLEU-4 78.57
epoch   3 | iteration  8000 | Loss 0.369213 | Acc 98.33% | WER 6.25% | BLEU-4 80.00
epoch   3 | iteration  8100 | Loss 0.351672 | Acc 96.67% | WER 12.50% | BLEU-4 60.00
epoch   3 | iteration  8200 | Loss 0.022849 | Acc 100.00% | WER 0.00% | BLEU-4 100.00
epoch   3 | iteration  8300 | Loss 0.100900 | Acc 100.00% | WER 0.00% | BLEU-4 100.00
epoch   3 | iteration  8400 | Loss 0.110805 | Acc 100.00% | WER 0.00% | BLEU-4 100.00
epoch   3 | iteration  8500 | Loss 1.229034 | Acc 86.67% | WER 28.33% | BLEU-4 34.72
epoch   3 | iteration  8600 | Loss 0.353853 | Acc 96.67% | WER 5.88% | BLEU-4 71.43
epoch   3 | iteration  8700 | Loss 1.238953 | Acc 86.67% | WER 23.48% | BLEU-4 27.85
epoch   3 | iteration  8800 | Loss 0.271718 | Acc 96.67% | WER 14.29% | BLEU-4 50.00
epoch   3 | iteration  8900 | Loss 0.451811 | Acc 96.67% | WER 12.18% | BLEU-4 51.67
epoch   3 | iteration  9000 | Loss 0.027970 | Acc 100.00% | WER 0.00% | BLEU-4 100.00
epoch   3 | iteration  9100 | Loss 0.038776 | Acc 100.00% | WER 0.00% | BLEU-4 100.00
epoch   3 | iteration  9200 | Loss 0.044525 | Acc 100.00% | WER 0.00% | BLEU-4 100.00
Average Training Loss of Epoch 3: 0.257843 | Acc: 98.01% | WER 5.39% | BLEU-4 80.20
Average Validation Loss of Epoch 3: 0.404768 | Acc: 96.59% | WER: 9.78% | BLEU-4: 64.82
Average test Loss of Epoch 3: 0.396959 | Acc: 96.58% | WER: 10.06% | BLEU-4: 63.29
####################Epoch 3 Model Saved#####################
epoch   4 | iteration   100 | Loss 0.040979 | Acc 100.00% | WER 0.00% | BLEU-4 100.00
epoch   4 | iteration   200 | Loss 0.423190 | Acc 95.00% | WER 13.64% | BLEU-4 56.25
epoch   4 | iteration   300 | Loss 0.250082 | Acc 98.33% | WER 6.25% | BLEU-4 70.00
epoch   4 | iteration   400 | Loss 0.295661 | Acc 98.33% | WER 3.57% | BLEU-4 86.36
epoch   4 | iteration   500 | Loss 0.373971 | Acc 96.67% | WER 10.00% | BLEU-4 79.83
epoch   4 | iteration   600 | Loss 0.096015 | Acc 100.00% | WER 0.00% | BLEU-4 100.00
epoch   4 | iteration   700 | Loss 0.136075 | Acc 98.33% | WER 3.33% | BLEU-4 91.67
epoch   4 | iteration   800 | Loss 0.096868 | Acc 100.00% | WER 0.00% | BLEU-4 100.00
epoch   4 | iteration   900 | Loss 0.325594 | Acc 100.00% | WER 0.00% | BLEU-4 100.00
epoch   4 | iteration  1000 | Loss 0.496673 | Acc 96.67% | WER 9.09% | BLEU-4 75.00
epoch   4 | iteration  1100 | Loss 0.107439 | Acc 100.00% | WER 0.00% | BLEU-4 100.00
epoch   4 | iteration  1200 | Loss 0.113688 | Acc 98.33% | WER 8.33% | BLEU-4 66.67
epoch   4 | iteration  1300 | Loss 0.723167 | Acc 96.67% | WER 7.29% | BLEU-4 81.20
epoch   4 | iteration  1400 | Loss 0.280790 | Acc 98.33% | WER 4.17% | BLEU-4 83.33
epoch   4 | iteration  1500 | Loss 0.001152 | Acc 100.00% | WER 0.00% | BLEU-4 100.00
epoch   4 | iteration  1600 | Loss 0.300786 | Acc 96.67% | WER 9.17% | BLEU-4 63.49
epoch   4 | iteration  1700 | Loss 0.266940 | Acc 98.33% | WER 4.17% | BLEU-4 77.78
epoch   4 | iteration  1800 | Loss 0.207365 | Acc 100.00% | WER 0.00% | BLEU-4 100.00
epoch   4 | iteration  1900 | Loss 0.013033 | Acc 100.00% | WER 0.00% | BLEU-4 100.00
epoch   4 | iteration  2000 | Loss 0.218952 | Acc 98.33% | WER 3.85% | BLEU-4 80.00
epoch   4 | iteration  2100 | Loss 0.010082 | Acc 100.00% | WER 0.00% | BLEU-4 100.00
epoch   4 | iteration  2200 | Loss 0.094841 | Acc 100.00% | WER 0.00% | BLEU-4 100.00
epoch   4 | iteration  2300 | Loss 0.001314 | Acc 100.00% | WER 0.00% | BLEU-4 100.00
epoch   4 | iteration  2400 | Loss 0.426849 | Acc 95.00% | WER 14.55% | BLEU-4 53.57
epoch   4 | iteration  2500 | Loss 0.067459 | Acc 100.00% | WER 0.00% | BLEU-4 100.00
epoch   4 | iteration  2600 | Loss 0.196805 | Acc 100.00% | WER 0.00% | BLEU-4 100.00
epoch   4 | iteration  2700 | Loss 0.040897 | Acc 100.00% | WER 0.00% | BLEU-4 100.00
epoch   4 | iteration  2800 | Loss 0.184793 | Acc 98.33% | WER 16.67% | BLEU-4 50.00
epoch   4 | iteration  2900 | Loss 0.212235 | Acc 98.33% | WER 6.25% | BLEU-4 90.00
epoch   4 | iteration  3000 | Loss 0.004964 | Acc 100.00% | WER 0.00% | BLEU-4 100.00
epoch   4 | iteration  3100 | Loss 0.176077 | Acc 98.33% | WER 5.56% | BLEU-4 66.67
epoch   4 | iteration  3200 | Loss 0.017715 | Acc 100.00% | WER 0.00% | BLEU-4 100.00
epoch   4 | iteration  3300 | Loss 0.060008 | Acc 100.00% | WER 0.00% | BLEU-4 100.00
epoch   4 | iteration  3400 | Loss 0.116707 | Acc 98.33% | WER 7.14% | BLEU-4 62.50
epoch   4 | iteration  3500 | Loss 0.001856 | Acc 100.00% | WER 0.00% | BLEU-4 100.00
epoch   4 | iteration  3600 | Loss 0.234146 | Acc 100.00% | WER 0.00% | BLEU-4 100.00
epoch   4 | iteration  3700 | Loss 0.151503 | Acc 98.33% | WER 4.55% | BLEU-4 75.00
epoch   4 | iteration  3800 | Loss 0.089283 | Acc 100.00% | WER 0.00% | BLEU-4 100.00
epoch   4 | iteration  3900 | Loss 0.459298 | Acc 95.00% | WER 8.87% | BLEU-4 65.03
epoch   4 | iteration  4000 | Loss 0.068318 | Acc 100.00% | WER 0.00% | BLEU-4 100.00
epoch   4 | iteration  4100 | Loss 0.090627 | Acc 100.00% | WER 0.00% | BLEU-4 100.00
epoch   4 | iteration  4200 | Loss 0.089421 | Acc 100.00% | WER 0.00% | BLEU-4 100.00
epoch   4 | iteration  4300 | Loss 0.001609 | Acc 100.00% | WER 0.00% | BLEU-4 100.00
epoch   4 | iteration  4400 | Loss 0.030249 | Acc 100.00% | WER 0.00% | BLEU-4 100.00
epoch   4 | iteration  4500 | Loss 0.046058 | Acc 100.00% | WER 0.00% | BLEU-4 100.00
epoch   4 | iteration  4600 | Loss 0.697478 | Acc 90.00% | WER 23.08% | BLEU-4 50.00
epoch   4 | iteration  4700 | Loss 0.202335 | Acc 98.33% | WER 10.00% | BLEU-4 50.00
epoch   4 | iteration  4800 | Loss 0.087794 | Acc 100.00% | WER 0.00% | BLEU-4 100.00
epoch   4 | iteration  4900 | Loss 0.046210 | Acc 100.00% | WER 0.00% | BLEU-4 100.00
epoch   4 | iteration  5000 | Loss 0.001804 | Acc 100.00% | WER 0.00% | BLEU-4 100.00
epoch   4 | iteration  5100 | Loss 0.009609 | Acc 100.00% | WER 0.00% | BLEU-4 100.00
epoch   4 | iteration  5200 | Loss 0.176963 | Acc 100.00% | WER 0.00% | BLEU-4 100.00
epoch   4 | iteration  5300 | Loss 0.058168 | Acc 100.00% | WER 0.00% | BLEU-4 100.00
epoch   4 | iteration  5400 | Loss 0.005112 | Acc 100.00% | WER 0.00% | BLEU-4 100.00
epoch   4 | iteration  5500 | Loss 0.276651 | Acc 96.67% | WER 8.33% | BLEU-4 61.11
epoch   4 | iteration  5600 | Loss 0.007517 | Acc 100.00% | WER 0.00% | BLEU-4 100.00
epoch   4 | iteration  5700 | Loss 0.101372 | Acc 100.00% | WER 0.00% | BLEU-4 100.00
epoch   4 | iteration  5800 | Loss 0.192187 | Acc 98.33% | WER 5.56% | BLEU-4 75.00
epoch   4 | iteration  5900 | Loss 0.184232 | Acc 100.00% | WER 0.00% | BLEU-4 100.00
epoch   4 | iteration  6000 | Loss 0.002603 | Acc 100.00% | WER 0.00% | BLEU-4 100.00
epoch   4 | iteration  6100 | Loss 0.146989 | Acc 98.33% | WER 4.17% | BLEU-4 77.78
epoch   4 | iteration  6200 | Loss 0.001854 | Acc 100.00% | WER 0.00% | BLEU-4 100.00
epoch   4 | iteration  6300 | Loss 0.274635 | Acc 98.33% | WER 3.33% | BLEU-4 87.50
epoch   4 | iteration  6400 | Loss 0.177008 | Acc 100.00% | WER 0.00% | BLEU-4 100.00
epoch   4 | iteration  6500 | Loss 0.244326 | Acc 100.00% | WER 0.00% | BLEU-4 100.00
epoch   4 | iteration  6600 | Loss 0.005923 | Acc 100.00% | WER 0.00% | BLEU-4 100.00
epoch   4 | iteration  6700 | Loss 0.130078 | Acc 98.33% | WER 4.17% | BLEU-4 83.33
epoch   4 | iteration  6800 | Loss 0.031416 | Acc 100.00% | WER 0.00% | BLEU-4 100.00
epoch   4 | iteration  6900 | Loss 0.037039 | Acc 100.00% | WER 0.00% | BLEU-4 100.00
epoch   4 | iteration  7000 | Loss 0.085615 | Acc 100.00% | WER 0.00% | BLEU-4 100.00
epoch   4 | iteration  7100 | Loss 0.345475 | Acc 98.33% | WER 3.12% | BLEU-4 84.62
epoch   4 | iteration  7200 | Loss 0.206045 | Acc 100.00% | WER 0.00% | BLEU-4 100.00
epoch   4 | iteration  7300 | Loss 0.346938 | Acc 96.67% | WER 6.25% | BLEU-4 76.92
epoch   4 | iteration  7400 | Loss 0.283036 | Acc 96.67% | WER 6.67% | BLEU-4 75.39
epoch   4 | iteration  7500 | Loss 0.016867 | Acc 100.00% | WER 0.00% | BLEU-4 100.00
epoch   4 | iteration  7600 | Loss 0.137246 | Acc 98.33% | WER 4.17% | BLEU-4 77.78
epoch   4 | iteration  7700 | Loss 0.144300 | Acc 98.33% | WER 4.17% | BLEU-4 88.89
epoch   4 | iteration  7800 | Loss 0.024770 | Acc 100.00% | WER 0.00% | BLEU-4 100.00
epoch   4 | iteration  7900 | Loss 0.184502 | Acc 100.00% | WER 0.00% | BLEU-4 100.00
epoch   4 | iteration  8000 | Loss 0.129223 | Acc 100.00% | WER 0.00% | BLEU-4 50.00
epoch   4 | iteration  8100 | Loss 0.639145 | Acc 95.00% | WER 10.10% | BLEU-4 57.92
epoch   4 | iteration  8200 | Loss 0.008083 | Acc 100.00% | WER 0.00% | BLEU-4 100.00
epoch   4 | iteration  8300 | Loss 0.111747 | Acc 100.00% | WER 0.00% | BLEU-4 100.00
epoch   4 | iteration  8400 | Loss 0.040003 | Acc 100.00% | WER 0.00% | BLEU-4 100.00
epoch   4 | iteration  8500 | Loss 0.017780 | Acc 100.00% | WER 0.00% | BLEU-4 100.00
epoch   4 | iteration  8600 | Loss 0.170296 | Acc 100.00% | WER 0.00% | BLEU-4 100.00
epoch   4 | iteration  8700 | Loss 0.237992 | Acc 100.00% | WER 0.00% | BLEU-4 100.00
epoch   4 | iteration  8800 | Loss 0.005361 | Acc 100.00% | WER 0.00% | BLEU-4 100.00
epoch   4 | iteration  8900 | Loss 0.190770 | Acc 98.33% | WER 5.00% | BLEU-4 85.71
epoch   4 | iteration  9000 | Loss 0.096211 | Acc 100.00% | WER 0.00% | BLEU-4 100.00
epoch   4 | iteration  9100 | Loss 0.271259 | Acc 100.00% | WER 0.00% | BLEU-4 100.00
epoch   4 | iteration  9200 | Loss 0.895688 | Acc 93.33% | WER 16.78% | BLEU-4 53.75
Average Training Loss of Epoch 4: 0.173835 | Acc: 99.08% | WER 2.44% | BLEU-4 90.58
Average Validation Loss of Epoch 4: 0.365482 | Acc: 96.98% | WER: 8.64% | BLEU-4: 68.05
Average test Loss of Epoch 4: 0.362998 | Acc: 97.01% | WER: 8.82% | BLEU-4: 67.23
####################Epoch 4 Model Saved#####################
epoch   5 | iteration   100 | Loss 0.199194 | Acc 100.00% | WER 0.00% | BLEU-4 100.00
epoch   5 | iteration   200 | Loss 0.285850 | Acc 100.00% | WER 0.00% | BLEU-4 100.00
epoch   5 | iteration   300 | Loss 0.250488 | Acc 96.67% | WER 8.33% | BLEU-4 66.67
epoch   5 | iteration   400 | Loss 0.093903 | Acc 100.00% | WER 0.00% | BLEU-4 100.00
epoch   5 | iteration   500 | Loss 0.432416 | Acc 95.00% | WER 6.52% | BLEU-4 77.50
epoch   5 | iteration   600 | Loss 0.097062 | Acc 100.00% | WER 0.00% | BLEU-4 100.00
epoch   5 | iteration   700 | Loss 0.118553 | Acc 100.00% | WER 0.00% | BLEU-4 100.00
epoch   5 | iteration   800 | Loss 0.032377 | Acc 100.00% | WER 0.00% | BLEU-4 100.00
epoch   5 | iteration   900 | Loss 0.010995 | Acc 100.00% | WER 0.00% | BLEU-4 100.00
epoch   5 | iteration  1000 | Loss 0.053676 | Acc 100.00% | WER 0.00% | BLEU-4 100.00
epoch   5 | iteration  1100 | Loss 0.014454 | Acc 100.00% | WER 0.00% | BLEU-4 100.00
epoch   5 | iteration  1200 | Loss 0.000441 | Acc 100.00% | WER 0.00% | BLEU-4 100.00
epoch   5 | iteration  1300 | Loss 0.054428 | Acc 100.00% | WER 0.00% | BLEU-4 100.00
epoch   5 | iteration  1400 | Loss 0.061015 | Acc 100.00% | WER 0.00% | BLEU-4 100.00
epoch   5 | iteration  1500 | Loss 0.005259 | Acc 100.00% | WER 0.00% | BLEU-4 100.00
epoch   5 | iteration  1600 | Loss 0.104651 | Acc 100.00% | WER 0.00% | BLEU-4 100.00
epoch   5 | iteration  1700 | Loss 0.000303 | Acc 100.00% | WER 0.00% | BLEU-4 100.00
epoch   5 | iteration  1800 | Loss 0.288021 | Acc 100.00% | WER 0.00% | BLEU-4 100.00
epoch   5 | iteration  1900 | Loss 0.327614 | Acc 98.33% | WER 4.17% | BLEU-4 88.89
epoch   5 | iteration  2000 | Loss 0.060886 | Acc 100.00% | WER 0.00% | BLEU-4 100.00
epoch   5 | iteration  2100 | Loss 0.408456 | Acc 100.00% | WER 0.00% | BLEU-4 100.00
epoch   5 | iteration  2200 | Loss 0.174075 | Acc 98.33% | WER 5.56% | BLEU-4 75.00
epoch   5 | iteration  2300 | Loss 0.151588 | Acc 100.00% | WER 0.00% | BLEU-4 100.00
epoch   5 | iteration  2400 | Loss 0.087899 | Acc 100.00% | WER 0.00% | BLEU-4 100.00
epoch   5 | iteration  2500 | Loss 0.102385 | Acc 100.00% | WER 0.00% | BLEU-4 100.00
epoch   5 | iteration  2600 | Loss 0.069795 | Acc 100.00% | WER 0.00% | BLEU-4 100.00
epoch   5 | iteration  2700 | Loss 0.007654 | Acc 100.00% | WER 0.00% | BLEU-4 100.00
epoch   5 | iteration  2800 | Loss 0.003169 | Acc 100.00% | WER 0.00% | BLEU-4 100.00
epoch   5 | iteration  2900 | Loss 0.087037 | Acc 100.00% | WER 0.00% | BLEU-4 100.00
epoch   5 | iteration  3000 | Loss 0.621698 | Acc 100.00% | WER 0.00% | BLEU-4 100.00
epoch   5 | iteration  3100 | Loss 0.075184 | Acc 100.00% | WER 0.00% | BLEU-4 100.00
epoch   5 | iteration  3200 | Loss 0.296119 | Acc 96.67% | WER 9.09% | BLEU-4 68.75
epoch   5 | iteration  3300 | Loss 0.429288 | Acc 95.00% | WER 18.75% | BLEU-4 50.00
epoch   5 | iteration  3400 | Loss 0.101666 | Acc 100.00% | WER 0.00% | BLEU-4 100.00
epoch   5 | iteration  3500 | Loss 0.007422 | Acc 100.00% | WER 0.00% | BLEU-4 100.00
epoch   5 | iteration  3600 | Loss 0.103227 | Acc 100.00% | WER 0.00% | BLEU-4 100.00
epoch   5 | iteration  3700 | Loss 0.001424 | Acc 100.00% | WER 0.00% | BLEU-4 100.00
epoch   5 | iteration  3800 | Loss 0.018120 | Acc 100.00% | WER 0.00% | BLEU-4 100.00
epoch   5 | iteration  3900 | Loss 0.084140 | Acc 100.00% | WER 0.00% | BLEU-4 100.00
epoch   5 | iteration  4000 | Loss 0.067935 | Acc 100.00% | WER 0.00% | BLEU-4 100.00
epoch   5 | iteration  4100 | Loss 0.084591 | Acc 100.00% | WER 0.00% | BLEU-4 100.00
epoch   5 | iteration  4200 | Loss 0.058158 | Acc 100.00% | WER 0.00% | BLEU-4 100.00
epoch   5 | iteration  4300 | Loss 0.151054 | Acc 100.00% | WER 0.00% | BLEU-4 100.00
epoch   5 | iteration  4400 | Loss 0.000418 | Acc 100.00% | WER 0.00% | BLEU-4 100.00
epoch   5 | iteration  4500 | Loss 0.366229 | Acc 98.33% | WER 6.25% | BLEU-4 70.00
epoch   5 | iteration  4600 | Loss 0.028045 | Acc 100.00% | WER 0.00% | BLEU-4 100.00
epoch   5 | iteration  4700 | Loss 0.051170 | Acc 100.00% | WER 0.00% | BLEU-4 100.00
epoch   5 | iteration  4800 | Loss 0.015354 | Acc 100.00% | WER 0.00% | BLEU-4 100.00
epoch   5 | iteration  4900 | Loss 0.129822 | Acc 100.00% | WER 0.00% | BLEU-4 100.00
epoch   5 | iteration  5000 | Loss 0.127278 | Acc 100.00% | WER 0.00% | BLEU-4 100.00
epoch   5 | iteration  5100 | Loss 0.023355 | Acc 100.00% | WER 0.00% | BLEU-4 100.00
epoch   5 | iteration  5200 | Loss 0.044913 | Acc 100.00% | WER 0.00% | BLEU-4 100.00
epoch   5 | iteration  5300 | Loss 0.168259 | Acc 100.00% | WER 0.00% | BLEU-4 100.00
epoch   5 | iteration  5400 | Loss 0.005490 | Acc 100.00% | WER 0.00% | BLEU-4 100.00
epoch   5 | iteration  5500 | Loss 0.122714 | Acc 100.00% | WER 0.00% | BLEU-4 100.00
epoch   5 | iteration  5600 | Loss 0.181126 | Acc 100.00% | WER 0.00% | BLEU-4 100.00
epoch   5 | iteration  5700 | Loss 0.002470 | Acc 100.00% | WER 0.00% | BLEU-4 100.00
epoch   5 | iteration  5800 | Loss 0.006493 | Acc 100.00% | WER 0.00% | BLEU-4 100.00
epoch   5 | iteration  5900 | Loss 0.157158 | Acc 100.00% | WER 0.00% | BLEU-4 100.00
epoch   5 | iteration  6000 | Loss 0.090275 | Acc 100.00% | WER 0.00% | BLEU-4 100.00
epoch   5 | iteration  6100 | Loss 0.184329 | Acc 100.00% | WER 0.00% | BLEU-4 100.00
epoch   5 | iteration  6200 | Loss 0.074825 | Acc 100.00% | WER 0.00% | BLEU-4 100.00
epoch   5 | iteration  6300 | Loss 0.001410 | Acc 100.00% | WER 0.00% | BLEU-4 100.00
epoch   5 | iteration  6400 | Loss 0.000975 | Acc 100.00% | WER 0.00% | BLEU-4 100.00
epoch   5 | iteration  6500 | Loss 0.162841 | Acc 100.00% | WER 0.00% | BLEU-4 100.00
epoch   5 | iteration  6600 | Loss 0.000342 | Acc 100.00% | WER 0.00% | BLEU-4 100.00
epoch   5 | iteration  6700 | Loss 0.003646 | Acc 100.00% | WER 0.00% | BLEU-4 100.00
epoch   5 | iteration  6800 | Loss 0.000872 | Acc 100.00% | WER 0.00% | BLEU-4 100.00
epoch   5 | iteration  6900 | Loss 0.252198 | Acc 96.67% | WER 4.35% | BLEU-4 95.00
epoch   5 | iteration  7000 | Loss 0.000811 | Acc 100.00% | WER 0.00% | BLEU-4 100.00
epoch   5 | iteration  7100 | Loss 0.247234 | Acc 100.00% | WER 0.00% | BLEU-4 100.00
epoch   5 | iteration  7200 | Loss 0.068037 | Acc 100.00% | WER 0.00% | BLEU-4 100.00
epoch   5 | iteration  7300 | Loss 0.083621 | Acc 100.00% | WER 0.00% | BLEU-4 100.00
epoch   5 | iteration  7400 | Loss 0.127415 | Acc 100.00% | WER 0.00% | BLEU-4 100.00
epoch   5 | iteration  7500 | Loss 0.000601 | Acc 100.00% | WER 0.00% | BLEU-4 100.00
epoch   5 | iteration  7600 | Loss 0.014506 | Acc 100.00% | WER 0.00% | BLEU-4 100.00
epoch   5 | iteration  7700 | Loss 0.101784 | Acc 100.00% | WER 0.00% | BLEU-4 100.00
epoch   5 | iteration  7800 | Loss 0.085199 | Acc 100.00% | WER 0.00% | BLEU-4 100.00
epoch   5 | iteration  7900 | Loss 0.085817 | Acc 100.00% | WER 0.00% | BLEU-4 100.00
epoch   5 | iteration  8000 | Loss 0.005276 | Acc 100.00% | WER 0.00% | BLEU-4 100.00
epoch   5 | iteration  8100 | Loss 0.125286 | Acc 100.00% | WER 0.00% | BLEU-4 100.00
epoch   5 | iteration  8200 | Loss 0.183266 | Acc 100.00% | WER 0.00% | BLEU-4 100.00
epoch   5 | iteration  8300 | Loss 0.140649 | Acc 100.00% | WER 0.00% | BLEU-4 100.00
epoch   5 | iteration  8400 | Loss 0.208040 | Acc 98.33% | WER 7.14% | BLEU-4 62.50
epoch   5 | iteration  8500 | Loss 0.012054 | Acc 100.00% | WER 0.00% | BLEU-4 100.00
epoch   5 | iteration  8600 | Loss 0.341526 | Acc 98.33% | WER 6.25% | BLEU-4 80.00
epoch   5 | iteration  8700 | Loss 0.021251 | Acc 100.00% | WER 0.00% | BLEU-4 100.00
epoch   5 | iteration  8800 | Loss 0.001037 | Acc 100.00% | WER 0.00% | BLEU-4 100.00
epoch   5 | iteration  8900 | Loss 0.231069 | Acc 100.00% | WER 0.00% | BLEU-4 100.00
epoch   5 | iteration  9000 | Loss 0.003239 | Acc 100.00% | WER 0.00% | BLEU-4 100.00
epoch   5 | iteration  9100 | Loss 0.063226 | Acc 100.00% | WER 0.00% | BLEU-4 100.00
epoch   5 | iteration  9200 | Loss 0.003258 | Acc 100.00% | WER 0.00% | BLEU-4 100.00
Average Training Loss of Epoch 5: 0.121270 | Acc: 99.65% | WER 0.91% | BLEU-4 96.27
Average Validation Loss of Epoch 5: 0.333747 | Acc: 97.15% | WER: 8.11% | BLEU-4: 69.58
Average test Loss of Epoch 5: 0.334157 | Acc: 97.13% | WER: 8.41% | BLEU-4: 68.68
####################Epoch 5 Model Saved#####################
epoch   6 | iteration   100 | Loss 0.185386 | Acc 100.00% | WER 0.00% | BLEU-4 100.00
epoch   6 | iteration   200 | Loss 0.000756 | Acc 100.00% | WER 0.00% | BLEU-4 100.00
epoch   6 | iteration   300 | Loss 0.061630 | Acc 100.00% | WER 0.00% | BLEU-4 100.00
epoch   6 | iteration   400 | Loss 0.112302 | Acc 100.00% | WER 0.00% | BLEU-4 100.00
epoch   6 | iteration   500 | Loss 0.045348 | Acc 100.00% | WER 0.00% | BLEU-4 100.00
epoch   6 | iteration   600 | Loss 0.003337 | Acc 100.00% | WER 0.00% | BLEU-4 100.00
epoch   6 | iteration   700 | Loss 0.014280 | Acc 100.00% | WER 0.00% | BLEU-4 100.00
epoch   6 | iteration   800 | Loss 0.123019 | Acc 100.00% | WER 0.00% | BLEU-4 100.00
epoch   6 | iteration   900 | Loss 0.039458 | Acc 100.00% | WER 0.00% | BLEU-4 100.00
epoch   6 | iteration  1000 | Loss 0.175414 | Acc 100.00% | WER 0.00% | BLEU-4 100.00
epoch   6 | iteration  1100 | Loss 0.227387 | Acc 100.00% | WER 0.00% | BLEU-4 100.00
epoch   6 | iteration  1200 | Loss 0.022831 | Acc 100.00% | WER 0.00% | BLEU-4 100.00
epoch   6 | iteration  1300 | Loss 0.163850 | Acc 100.00% | WER 0.00% | BLEU-4 100.00
epoch   6 | iteration  1400 | Loss 0.035453 | Acc 100.00% | WER 0.00% | BLEU-4 100.00
epoch   6 | iteration  1500 | Loss 0.001002 | Acc 100.00% | WER 0.00% | BLEU-4 100.00
epoch   6 | iteration  1600 | Loss 0.023030 | Acc 100.00% | WER 0.00% | BLEU-4 100.00
epoch   6 | iteration  1700 | Loss 0.306575 | Acc 96.67% | WER 6.25% | BLEU-4 80.77
epoch   6 | iteration  1800 | Loss 0.036148 | Acc 100.00% | WER 0.00% | BLEU-4 100.00
epoch   6 | iteration  1900 | Loss 0.120542 | Acc 100.00% | WER 0.00% | BLEU-4 100.00
epoch   6 | iteration  2000 | Loss 0.064731 | Acc 100.00% | WER 0.00% | BLEU-4 100.00
epoch   6 | iteration  2100 | Loss 0.072403 | Acc 100.00% | WER 0.00% | BLEU-4 100.00
epoch   6 | iteration  2200 | Loss 0.116852 | Acc 100.00% | WER 0.00% | BLEU-4 100.00
epoch   6 | iteration  2300 | Loss 0.214298 | Acc 100.00% | WER 0.00% | BLEU-4 100.00
epoch   6 | iteration  2400 | Loss 0.102755 | Acc 100.00% | WER 0.00% | BLEU-4 100.00
epoch   6 | iteration  2500 | Loss 0.112265 | Acc 100.00% | WER 0.00% | BLEU-4 100.00
epoch   6 | iteration  2600 | Loss 0.010950 | Acc 100.00% | WER 0.00% | BLEU-4 100.00
epoch   6 | iteration  2700 | Loss 0.180511 | Acc 100.00% | WER 0.00% | BLEU-4 100.00
epoch   6 | iteration  2800 | Loss 0.172850 | Acc 100.00% | WER 0.00% | BLEU-4 100.00
epoch   6 | iteration  2900 | Loss 0.073354 | Acc 100.00% | WER 0.00% | BLEU-4 100.00
epoch   6 | iteration  3000 | Loss 0.039817 | Acc 100.00% | WER 0.00% | BLEU-4 100.00
epoch   6 | iteration  3100 | Loss 0.002390 | Acc 100.00% | WER 0.00% | BLEU-4 100.00
epoch   6 | iteration  3200 | Loss 0.080249 | Acc 100.00% | WER 0.00% | BLEU-4 100.00
epoch   6 | iteration  3300 | Loss 0.004073 | Acc 100.00% | WER 0.00% | BLEU-4 100.00
epoch   6 | iteration  3400 | Loss 0.177629 | Acc 100.00% | WER 0.00% | BLEU-4 100.00
epoch   6 | iteration  3500 | Loss 0.000432 | Acc 100.00% | WER 0.00% | BLEU-4 100.00
epoch   6 | iteration  3600 | Loss 0.252487 | Acc 100.00% | WER 0.00% | BLEU-4 100.00
epoch   6 | iteration  3700 | Loss 0.010433 | Acc 100.00% | WER 0.00% | BLEU-4 100.00
epoch   6 | iteration  3800 | Loss 0.079590 | Acc 100.00% | WER 0.00% | BLEU-4 100.00
epoch   6 | iteration  3900 | Loss 0.000754 | Acc 100.00% | WER 0.00% | BLEU-4 100.00
epoch   6 | iteration  4000 | Loss 0.019830 | Acc 100.00% | WER 0.00% | BLEU-4 100.00
epoch   6 | iteration  4100 | Loss 0.031473 | Acc 100.00% | WER 0.00% | BLEU-4 100.00
epoch   6 | iteration  4200 | Loss 0.005513 | Acc 100.00% | WER 0.00% | BLEU-4 100.00
epoch   6 | iteration  4300 | Loss 0.001952 | Acc 100.00% | WER 0.00% | BLEU-4 100.00
epoch   6 | iteration  4400 | Loss 0.184645 | Acc 100.00% | WER 0.00% | BLEU-4 100.00
epoch   6 | iteration  4500 | Loss 0.214040 | Acc 100.00% | WER 0.00% | BLEU-4 100.00
epoch   6 | iteration  4600 | Loss 0.069246 | Acc 100.00% | WER 0.00% | BLEU-4 100.00
epoch   6 | iteration  4700 | Loss 0.003654 | Acc 100.00% | WER 0.00% | BLEU-4 100.00
epoch   6 | iteration  4800 | Loss 0.007954 | Acc 100.00% | WER 0.00% | BLEU-4 100.00
epoch   6 | iteration  4900 | Loss 0.170619 | Acc 100.00% | WER 0.00% | BLEU-4 100.00
epoch   6 | iteration  5000 | Loss 0.142455 | Acc 100.00% | WER 0.00% | BLEU-4 100.00
epoch   6 | iteration  5100 | Loss 0.002718 | Acc 100.00% | WER 0.00% | BLEU-4 100.00
epoch   6 | iteration  5200 | Loss 0.015466 | Acc 100.00% | WER 0.00% | BLEU-4 100.00
epoch   6 | iteration  5300 | Loss 0.000666 | Acc 100.00% | WER 0.00% | BLEU-4 100.00
epoch   6 | iteration  5400 | Loss 0.144262 | Acc 100.00% | WER 0.00% | BLEU-4 100.00
epoch   6 | iteration  5500 | Loss 0.186994 | Acc 100.00% | WER 0.00% | BLEU-4 100.00
epoch   6 | iteration  5600 | Loss 0.004589 | Acc 100.00% | WER 0.00% | BLEU-4 100.00
epoch   6 | iteration  5700 | Loss 0.191674 | Acc 100.00% | WER 0.00% | BLEU-4 100.00
epoch   6 | iteration  5800 | Loss 0.193219 | Acc 100.00% | WER 0.00% | BLEU-4 100.00
epoch   6 | iteration  5900 | Loss 0.001234 | Acc 100.00% | WER 0.00% | BLEU-4 100.00
epoch   6 | iteration  6000 | Loss 0.002487 | Acc 100.00% | WER 0.00% | BLEU-4 100.00
epoch   6 | iteration  6100 | Loss 0.214216 | Acc 100.00% | WER 0.00% | BLEU-4 100.00
epoch   6 | iteration  6200 | Loss 0.199363 | Acc 100.00% | WER 0.00% | BLEU-4 100.00
epoch   6 | iteration  6300 | Loss 0.018972 | Acc 100.00% | WER 0.00% | BLEU-4 100.00
epoch   6 | iteration  6400 | Loss 0.276940 | Acc 100.00% | WER 0.00% | BLEU-4 100.00
epoch   6 | iteration  6500 | Loss 0.000365 | Acc 100.00% | WER 0.00% | BLEU-4 100.00
epoch   6 | iteration  6600 | Loss 0.356542 | Acc 96.67% | WER 7.14% | BLEU-4 72.73
epoch   6 | iteration  6700 | Loss 0.006630 | Acc 100.00% | WER 0.00% | BLEU-4 100.00
epoch   6 | iteration  6800 | Loss 0.061265 | Acc 100.00% | WER 0.00% | BLEU-4 100.00
epoch   6 | iteration  6900 | Loss 0.008062 | Acc 100.00% | WER 0.00% | BLEU-4 100.00
epoch   6 | iteration  7000 | Loss 0.002309 | Acc 100.00% | WER 0.00% | BLEU-4 100.00
epoch   6 | iteration  7100 | Loss 0.010423 | Acc 100.00% | WER 0.00% | BLEU-4 100.00
epoch   6 | iteration  7200 | Loss 0.003640 | Acc 100.00% | WER 0.00% | BLEU-4 100.00
epoch   6 | iteration  7300 | Loss 0.000598 | Acc 100.00% | WER 0.00% | BLEU-4 100.00
epoch   6 | iteration  7400 | Loss 0.000362 | Acc 100.00% | WER 0.00% | BLEU-4 100.00
epoch   6 | iteration  7500 | Loss 0.001049 | Acc 100.00% | WER 0.00% | BLEU-4 100.00
epoch   6 | iteration  7600 | Loss 0.155656 | Acc 100.00% | WER 0.00% | BLEU-4 100.00
epoch   6 | iteration  7700 | Loss 0.132975 | Acc 100.00% | WER 0.00% | BLEU-4 100.00
epoch   6 | iteration  7800 | Loss 0.001914 | Acc 100.00% | WER 0.00% | BLEU-4 100.00
epoch   6 | iteration  7900 | Loss 0.001281 | Acc 100.00% | WER 0.00% | BLEU-4 100.00
epoch   6 | iteration  8000 | Loss 0.000376 | Acc 100.00% | WER 0.00% | BLEU-4 100.00
