Logging to file...
Dataset samples: 20654
######################Training Started######################
epoch   1 | iteration   100 | Loss 2.146492 | Acc 73.33% | WER 93.75% | BLEU-4 0.00
epoch   1 | iteration   200 | Loss 2.584925 | Acc 60.00% | WER 108.97% | BLEU-4 0.00
epoch   1 | iteration   300 | Loss 2.510014 | Acc 66.67% | WER 84.66% | BLEU-4 0.00
epoch   1 | iteration   400 | Loss 2.292668 | Acc 68.33% | WER 107.14% | BLEU-4 0.00
epoch   1 | iteration   500 | Loss 3.376425 | Acc 53.33% | WER 89.58% | BLEU-4 0.00
epoch   1 | iteration   600 | Loss 2.658286 | Acc 63.33% | WER 100.00% | BLEU-4 0.00
epoch   1 | iteration   700 | Loss 2.444684 | Acc 66.67% | WER 92.86% | BLEU-4 0.00
epoch   1 | iteration   800 | Loss 4.953630 | Acc 40.00% | WER 94.29% | BLEU-4 0.00
epoch   1 | iteration   900 | Loss 2.676078 | Acc 65.00% | WER 95.00% | BLEU-4 0.00
epoch   1 | iteration  1000 | Loss 1.436348 | Acc 80.00% | WER 100.00% | BLEU-4 0.00
epoch   1 | iteration  1100 | Loss 2.374991 | Acc 63.33% | WER 91.67% | BLEU-4 0.00
epoch   1 | iteration  1200 | Loss 3.017941 | Acc 61.67% | WER 85.00% | BLEU-4 0.00
epoch   1 | iteration  1300 | Loss 2.143060 | Acc 68.33% | WER 115.45% | BLEU-4 0.00
epoch   1 | iteration  1400 | Loss 1.869463 | Acc 73.33% | WER 83.33% | BLEU-4 0.00
epoch   1 | iteration  1500 | Loss 2.578034 | Acc 66.67% | WER 92.86% | BLEU-4 0.00
epoch   1 | iteration  1600 | Loss 2.900478 | Acc 58.33% | WER 88.33% | BLEU-4 0.00
epoch   1 | iteration  1700 | Loss 2.644435 | Acc 68.33% | WER 86.11% | BLEU-4 0.00
epoch   1 | iteration  1800 | Loss 3.397634 | Acc 58.33% | WER 89.12% | BLEU-4 0.00
epoch   1 | iteration  1900 | Loss 2.535143 | Acc 63.33% | WER 90.91% | BLEU-4 0.00
epoch   1 | iteration  2000 | Loss 2.125589 | Acc 70.00% | WER 95.00% | BLEU-4 0.00
epoch   1 | iteration  2100 | Loss 2.381839 | Acc 63.33% | WER 86.15% | BLEU-4 0.00
epoch   1 | iteration  2200 | Loss 2.063308 | Acc 70.00% | WER 84.44% | BLEU-4 0.00
epoch   1 | iteration  2300 | Loss 3.344193 | Acc 56.67% | WER 89.49% | BLEU-4 0.00
epoch   1 | iteration  2400 | Loss 2.105818 | Acc 66.67% | WER 81.82% | BLEU-4 0.00
epoch   1 | iteration  2500 | Loss 2.116163 | Acc 68.33% | WER 95.83% | BLEU-4 0.00
epoch   1 | iteration  2600 | Loss 2.909527 | Acc 61.67% | WER 88.33% | BLEU-4 0.00
epoch   1 | iteration  2700 | Loss 1.651202 | Acc 80.00% | WER 91.67% | BLEU-4 0.00
epoch   1 | iteration  2800 | Loss 2.852806 | Acc 58.33% | WER 92.58% | BLEU-4 0.00
epoch   1 | iteration  2900 | Loss 5.537552 | Acc 40.00% | WER 94.83% | BLEU-4 0.00
epoch   1 | iteration  3000 | Loss 2.046260 | Acc 70.00% | WER 92.31% | BLEU-4 0.00
epoch   1 | iteration  3100 | Loss 2.964157 | Acc 60.00% | WER 88.79% | BLEU-4 0.00
epoch   1 | iteration  3200 | Loss 2.261920 | Acc 70.00% | WER 85.42% | BLEU-4 0.00
epoch   1 | iteration  3300 | Loss 1.919596 | Acc 71.67% | WER 84.34% | BLEU-4 0.00
epoch   1 | iteration  3400 | Loss 2.130762 | Acc 68.33% | WER 89.90% | BLEU-4 0.00
epoch   1 | iteration  3500 | Loss 2.470922 | Acc 68.33% | WER 94.44% | BLEU-4 0.00
epoch   1 | iteration  3600 | Loss 1.831625 | Acc 73.33% | WER 115.00% | BLEU-4 0.00
epoch   1 | iteration  3700 | Loss 2.464097 | Acc 63.33% | WER 83.33% | BLEU-4 0.00
epoch   1 | iteration  3800 | Loss 3.105947 | Acc 56.67% | WER 84.62% | BLEU-4 0.00
epoch   1 | iteration  3900 | Loss 2.346676 | Acc 66.67% | WER 96.15% | BLEU-4 0.00
epoch   1 | iteration  4000 | Loss 2.677336 | Acc 60.00% | WER 96.67% | BLEU-4 0.00
epoch   1 | iteration  4100 | Loss 2.037380 | Acc 68.33% | WER 81.25% | BLEU-4 0.00
epoch   1 | iteration  4200 | Loss 2.133733 | Acc 70.00% | WER 97.50% | BLEU-4 0.00
epoch   1 | iteration  4300 | Loss 1.727070 | Acc 75.00% | WER 95.83% | BLEU-4 0.00
epoch   1 | iteration  4400 | Loss 1.994883 | Acc 71.67% | WER 78.89% | BLEU-4 0.00
epoch   1 | iteration  4500 | Loss 1.667005 | Acc 71.67% | WER 87.12% | BLEU-4 0.00
epoch   1 | iteration  4600 | Loss 3.049267 | Acc 58.33% | WER 76.19% | BLEU-4 0.00
epoch   1 | iteration  4700 | Loss 2.755491 | Acc 66.67% | WER 95.83% | BLEU-4 0.00
epoch   1 | iteration  4800 | Loss 2.638596 | Acc 63.33% | WER 73.86% | BLEU-4 0.00
epoch   1 | iteration  4900 | Loss 2.795760 | Acc 61.67% | WER 91.43% | BLEU-4 0.00
epoch   1 | iteration  5000 | Loss 2.343235 | Acc 68.33% | WER 86.36% | BLEU-4 0.00
epoch   1 | iteration  5100 | Loss 2.080291 | Acc 70.00% | WER 86.36% | BLEU-4 0.00
epoch   1 | iteration  5200 | Loss 1.778646 | Acc 76.67% | WER 94.44% | BLEU-4 0.00
epoch   1 | iteration  5300 | Loss 2.578795 | Acc 63.33% | WER 87.50% | BLEU-4 0.00
epoch   1 | iteration  5400 | Loss 3.364981 | Acc 58.33% | WER 84.89% | BLEU-4 0.00
epoch   1 | iteration  5500 | Loss 1.721027 | Acc 73.33% | WER 90.00% | BLEU-4 0.00
epoch   1 | iteration  5600 | Loss 1.404744 | Acc 81.67% | WER 94.44% | BLEU-4 0.00
epoch   1 | iteration  5700 | Loss 1.816796 | Acc 71.67% | WER 83.33% | BLEU-4 0.00
epoch   1 | iteration  5800 | Loss 1.861615 | Acc 75.00% | WER 100.89% | BLEU-4 0.00
epoch   1 | iteration  5900 | Loss 1.878882 | Acc 70.00% | WER 90.00% | BLEU-4 0.00
epoch   1 | iteration  6000 | Loss 2.073400 | Acc 68.33% | WER 90.91% | BLEU-4 0.00
epoch   1 | iteration  6100 | Loss 2.989488 | Acc 58.33% | WER 92.26% | BLEU-4 0.00
epoch   1 | iteration  6200 | Loss 2.098668 | Acc 75.00% | WER 77.78% | BLEU-4 0.00
epoch   1 | iteration  6300 | Loss 1.493850 | Acc 75.00% | WER 116.67% | BLEU-4 0.00
epoch   1 | iteration  6400 | Loss 2.824357 | Acc 68.33% | WER 86.11% | BLEU-4 0.00
epoch   1 | iteration  6500 | Loss 2.188436 | Acc 70.00% | WER 89.44% | BLEU-4 0.00
epoch   1 | iteration  6600 | Loss 2.037745 | Acc 71.67% | WER 94.44% | BLEU-4 0.00
epoch   1 | iteration  6700 | Loss 1.715165 | Acc 75.00% | WER 86.11% | BLEU-4 0.00
epoch   1 | iteration  6800 | Loss 3.042451 | Acc 60.00% | WER 88.69% | BLEU-4 0.00
epoch   1 | iteration  6900 | Loss 2.122874 | Acc 66.67% | WER 94.44% | BLEU-4 0.00
epoch   1 | iteration  7000 | Loss 3.753011 | Acc 56.67% | WER 92.12% | BLEU-4 0.00
epoch   1 | iteration  7100 | Loss 2.838872 | Acc 60.00% | WER 93.33% | BLEU-4 0.00
epoch   1 | iteration  7200 | Loss 4.273265 | Acc 46.67% | WER 87.59% | BLEU-4 0.00
epoch   1 | iteration  7300 | Loss 2.593455 | Acc 66.67% | WER 81.67% | BLEU-4 0.00
epoch   1 | iteration  7400 | Loss 3.194618 | Acc 56.67% | WER 89.20% | BLEU-4 0.00
epoch   1 | iteration  7500 | Loss 2.216316 | Acc 68.33% | WER 85.91% | BLEU-4 0.00
epoch   1 | iteration  7600 | Loss 2.101839 | Acc 73.33% | WER 79.80% | BLEU-4 0.00
epoch   1 | iteration  7700 | Loss 2.827504 | Acc 61.67% | WER 90.87% | BLEU-4 0.00
epoch   1 | iteration  7800 | Loss 1.876319 | Acc 73.33% | WER 88.75% | BLEU-4 0.00
epoch   1 | iteration  7900 | Loss 2.600942 | Acc 65.00% | WER 75.00% | BLEU-4 0.00
epoch   1 | iteration  8000 | Loss 1.733972 | Acc 76.67% | WER 81.25% | BLEU-4 0.00
epoch   1 | iteration  8100 | Loss 3.484636 | Acc 55.00% | WER 82.09% | BLEU-4 0.00
epoch   1 | iteration  8200 | Loss 1.794192 | Acc 73.33% | WER 72.50% | BLEU-4 0.00
epoch   1 | iteration  8300 | Loss 2.317250 | Acc 68.33% | WER 96.15% | BLEU-4 0.00
epoch   1 | iteration  8400 | Loss 2.531456 | Acc 63.33% | WER 83.46% | BLEU-4 0.00
epoch   1 | iteration  8500 | Loss 1.348777 | Acc 78.33% | WER 92.86% | BLEU-4 0.00
epoch   1 | iteration  8600 | Loss 2.352020 | Acc 68.33% | WER 88.46% | BLEU-4 0.00
epoch   1 | iteration  8700 | Loss 3.654358 | Acc 53.33% | WER 86.19% | BLEU-4 0.00
epoch   1 | iteration  8800 | Loss 2.105305 | Acc 70.00% | WER 88.31% | BLEU-4 0.00
epoch   1 | iteration  8900 | Loss 1.613371 | Acc 75.00% | WER 92.86% | BLEU-4 0.00
epoch   1 | iteration  9000 | Loss 2.408212 | Acc 61.67% | WER 87.12% | BLEU-4 0.00
epoch   1 | iteration  9100 | Loss 2.076490 | Acc 73.33% | WER 93.75% | BLEU-4 0.00
epoch   1 | iteration  9200 | Loss 3.031525 | Acc 56.67% | WER 89.01% | BLEU-4 0.00
