Logging to file...
Dataset samples: 18600
######################Training Started######################
epoch   1 | iteration    40 | Loss 2.283834 | Acc 68.54% | WER 89.97%
epoch   1 | iteration    80 | Loss 2.216156 | Acc 69.58% | WER 85.65%
epoch   1 | iteration   120 | Loss 2.162756 | Acc 70.10% | WER 86.00%
epoch   1 | iteration   160 | Loss 2.229241 | Acc 69.11% | WER 83.84%
epoch   1 | iteration   200 | Loss 2.092567 | Acc 70.42% | WER 84.36%
epoch   1 | iteration   240 | Loss 2.009434 | Acc 71.15% | WER 85.37%
epoch   1 | iteration   280 | Loss 2.005683 | Acc 71.56% | WER 82.05%
Average Training Loss of Epoch 1: 2.252810 | Acc: 69.23% | WER 87.32%
Average Validation Loss of Epoch 1: 2.933150 | Acc: 61.37% | WER: 123.13% | BLEU-4: 0.00
Average test Loss of Epoch 1: 3.110218 | Acc: 60.43% | WER: 116.82% | BLEU-4: 0.00
####################Epoch 1 Model Saved#####################
epoch   2 | iteration    40 | Loss 2.033225 | Acc 70.57% | WER 83.62%
epoch   2 | iteration    80 | Loss 2.073706 | Acc 69.74% | WER 85.98%
epoch   2 | iteration   120 | Loss 1.769766 | Acc 74.17% | WER 84.49%
epoch   2 | iteration   160 | Loss 2.019366 | Acc 70.31% | WER 85.59%
epoch   2 | iteration   200 | Loss 1.940194 | Acc 71.98% | WER 81.47%
epoch   2 | iteration   240 | Loss 2.031573 | Acc 70.52% | WER 82.40%
epoch   2 | iteration   280 | Loss 1.908433 | Acc 71.04% | WER 83.85%
Average Training Loss of Epoch 2: 1.976446 | Acc: 70.88% | WER 83.25%
Average Validation Loss of Epoch 2: 2.957061 | Acc: 65.70% | WER: 102.13% | BLEU-4: 0.00
Average test Loss of Epoch 2: 3.093231 | Acc: 64.17% | WER: 100.23% | BLEU-4: 0.00
####################Epoch 2 Model Saved#####################
epoch   3 | iteration    40 | Loss 1.811358 | Acc 72.66% | WER 80.51%
epoch   3 | iteration    80 | Loss 1.941702 | Acc 70.36% | WER 83.55%
epoch   3 | iteration   120 | Loss 1.911319 | Acc 71.30% | WER 82.56%
epoch   3 | iteration   160 | Loss 1.936890 | Acc 70.68% | WER 82.85%
epoch   3 | iteration   200 | Loss 1.898757 | Acc 71.25% | WER 84.63%
epoch   3 | iteration   240 | Loss 1.806905 | Acc 72.71% | WER 81.24%
epoch   3 | iteration   280 | Loss 1.918804 | Acc 70.42% | WER 84.69%
Average Training Loss of Epoch 3: 1.930015 | Acc: 71.08% | WER 82.64%
Average Validation Loss of Epoch 3: 3.085976 | Acc: 62.50% | WER: 119.01% | BLEU-4: 0.00
Average test Loss of Epoch 3: 3.185005 | Acc: 61.53% | WER: 113.63% | BLEU-4: 0.00
####################Epoch 3 Model Saved#####################
epoch   4 | iteration    40 | Loss 2.040893 | Acc 69.17% | WER 81.00%
epoch   4 | iteration    80 | Loss 1.947937 | Acc 69.84% | WER 84.69%
epoch   4 | iteration   120 | Loss 1.933154 | Acc 71.09% | WER 83.67%
epoch   4 | iteration   160 | Loss 2.089541 | Acc 69.53% | WER 83.72%
epoch   4 | iteration   200 | Loss 1.869919 | Acc 71.15% | WER 81.86%
