Logging to file...
Dataset samples: 18801
######################Training Started######################
epoch   1 | iteration    20 | Loss 5.289088 | Acc 61.88% | WER 100.00%
epoch   1 | iteration    40 | Loss 4.151132 | Acc 63.12% | WER 100.00%
epoch   1 | iteration    60 | Loss 4.199785 | Acc 59.38% | WER 100.00%
epoch   1 | iteration    80 | Loss 3.546685 | Acc 63.12% | WER 100.00%
epoch   1 | iteration   100 | Loss 3.495671 | Acc 63.75% | WER 100.00%
epoch   1 | iteration   120 | Loss 3.352782 | Acc 64.17% | WER 96.01%
epoch   1 | iteration   140 | Loss 3.960942 | Acc 57.92% | WER 100.00%
epoch   1 | iteration   160 | Loss 3.316404 | Acc 63.12% | WER 100.00%
epoch   1 | iteration   180 | Loss 3.141142 | Acc 65.21% | WER 100.00%
epoch   1 | iteration   200 | Loss 3.470882 | Acc 59.58% | WER 100.00%
epoch   1 | iteration   220 | Loss 2.830804 | Acc 64.58% | WER 96.26%
epoch   1 | iteration   240 | Loss 3.313915 | Acc 56.46% | WER 87.54%
epoch   1 | iteration   260 | Loss 3.078414 | Acc 60.42% | WER 91.91%
epoch   1 | iteration   280 | Loss 2.570638 | Acc 66.46% | WER 91.66%
epoch   1 | iteration   300 | Loss 2.244196 | Acc 70.62% | WER 88.68%
epoch   1 | iteration   320 | Loss 2.799679 | Acc 65.83% | WER 84.74%
epoch   1 | iteration   340 | Loss 2.496134 | Acc 67.71% | WER 93.13%
epoch   1 | iteration   360 | Loss 2.622876 | Acc 67.08% | WER 90.27%
epoch   1 | iteration   380 | Loss 2.470539 | Acc 68.12% | WER 88.96%
epoch   1 | iteration   400 | Loss 2.164402 | Acc 71.46% | WER 91.63%
epoch   1 | iteration   420 | Loss 2.412808 | Acc 68.75% | WER 97.84%
epoch   1 | iteration   440 | Loss 2.234978 | Acc 71.25% | WER 85.61%
epoch   1 | iteration   460 | Loss 2.630924 | Acc 65.62% | WER 89.95%
epoch   1 | iteration   480 | Loss 2.335493 | Acc 69.79% | WER 91.90%
epoch   1 | iteration   500 | Loss 2.554313 | Acc 66.46% | WER 89.61%
epoch   1 | iteration   520 | Loss 2.590207 | Acc 67.08% | WER 88.88%
epoch   1 | iteration   540 | Loss 2.452327 | Acc 69.38% | WER 86.36%
epoch   1 | iteration   560 | Loss 2.377521 | Acc 69.17% | WER 86.28%
epoch   1 | iteration   580 | Loss 2.134627 | Acc 70.83% | WER 90.65%
epoch   1 | iteration   600 | Loss 2.433781 | Acc 66.25% | WER 90.05%
epoch   1 | iteration   620 | Loss 2.303304 | Acc 70.62% | WER 85.74%
epoch   1 | iteration   640 | Loss 1.946861 | Acc 74.38% | WER 89.11%
epoch   1 | iteration   660 | Loss 2.346552 | Acc 67.71% | WER 85.75%
epoch   1 | iteration   680 | Loss 2.297527 | Acc 70.62% | WER 87.95%
epoch   1 | iteration   700 | Loss 1.963061 | Acc 75.21% | WER 86.35%
epoch   1 | iteration   720 | Loss 2.497975 | Acc 66.46% | WER 87.33%
epoch   1 | iteration   740 | Loss 2.306489 | Acc 68.75% | WER 91.16%
epoch   1 | iteration   760 | Loss 2.453445 | Acc 68.12% | WER 87.58%
epoch   1 | iteration   780 | Loss 2.128412 | Acc 72.92% | WER 85.37%
epoch   1 | iteration   800 | Loss 2.389142 | Acc 70.21% | WER 84.51%
epoch   1 | iteration   820 | Loss 2.503294 | Acc 66.88% | WER 92.14%
epoch   1 | iteration   840 | Loss 2.304065 | Acc 70.21% | WER 87.22%
epoch   1 | iteration   860 | Loss 2.374114 | Acc 66.88% | WER 90.39%
epoch   1 | iteration   880 | Loss 2.342235 | Acc 68.54% | WER 90.36%
epoch   1 | iteration   900 | Loss 2.533470 | Acc 66.25% | WER 90.39%
epoch   1 | iteration   920 | Loss 2.318173 | Acc 69.17% | WER 89.58%
epoch   1 | iteration   940 | Loss 2.067167 | Acc 70.83% | WER 88.17%
epoch   1 | iteration   960 | Loss 2.524314 | Acc 66.46% | WER 86.45%
epoch   1 | iteration   980 | Loss 1.997574 | Acc 73.33% | WER 86.05%
epoch   1 | iteration  1000 | Loss 2.261223 | Acc 70.00% | WER 85.88%
epoch   1 | iteration  1020 | Loss 2.296619 | Acc 69.58% | WER 90.54%
epoch   1 | iteration  1040 | Loss 2.684602 | Acc 65.42% | WER 87.24%
epoch   1 | iteration  1060 | Loss 2.416244 | Acc 67.50% | WER 88.21%
epoch   1 | iteration  1080 | Loss 2.236022 | Acc 70.00% | WER 83.58%
epoch   1 | iteration  1100 | Loss 2.057953 | Acc 73.33% | WER 83.51%
epoch   1 | iteration  1120 | Loss 2.313003 | Acc 69.58% | WER 88.08%
epoch   1 | iteration  1140 | Loss 2.115577 | Acc 70.62% | WER 84.94%
Average Training Loss of Epoch 1: 2.724494 | Acc: 66.24% | WER 93.04%
Average Validation Loss of Epoch 1: 3.177535 | Acc: 67.97% | WER: 173.02% | BLEU-4: 0.00
Average test Loss of Epoch 1: 3.854838 | Acc: 61.97% | WER: 98.84% | BLEU-4: 0.00
####################Epoch 1 Model Saved#####################
epoch   2 | iteration    20 | Loss 2.907776 | Acc 62.50% | WER 87.04%
epoch   2 | iteration    40 | Loss 2.157082 | Acc 71.04% | WER 84.54%
epoch   2 | iteration    60 | Loss 2.506638 | Acc 65.83% | WER 90.03%
epoch   2 | iteration    80 | Loss 2.560551 | Acc 66.04% | WER 85.59%
epoch   2 | iteration   100 | Loss 2.004876 | Acc 71.25% | WER 89.84%
epoch   2 | iteration   120 | Loss 2.033044 | Acc 70.62% | WER 85.69%
epoch   2 | iteration   140 | Loss 2.285889 | Acc 68.96% | WER 87.73%
epoch   2 | iteration   160 | Loss 2.169962 | Acc 69.79% | WER 86.82%
epoch   2 | iteration   180 | Loss 2.481586 | Acc 66.88% | WER 87.71%
epoch   2 | iteration   200 | Loss 2.149987 | Acc 71.46% | WER 87.93%
epoch   2 | iteration   220 | Loss 2.076509 | Acc 72.08% | WER 85.97%
epoch   2 | iteration   240 | Loss 2.240418 | Acc 70.83% | WER 88.85%
epoch   2 | iteration   260 | Loss 2.147207 | Acc 70.21% | WER 91.30%
epoch   2 | iteration   280 | Loss 2.100562 | Acc 70.00% | WER 88.72%
epoch   2 | iteration   300 | Loss 2.182488 | Acc 71.25% | WER 85.35%
epoch   2 | iteration   320 | Loss 2.028556 | Acc 73.33% | WER 88.39%
epoch   2 | iteration   340 | Loss 2.498981 | Acc 67.50% | WER 81.70%
epoch   2 | iteration   360 | Loss 2.401058 | Acc 66.88% | WER 84.93%
epoch   2 | iteration   380 | Loss 2.002086 | Acc 72.29% | WER 87.08%
epoch   2 | iteration   400 | Loss 2.614662 | Acc 65.42% | WER 85.98%
epoch   2 | iteration   420 | Loss 1.921322 | Acc 73.33% | WER 86.67%
epoch   2 | iteration   440 | Loss 2.908202 | Acc 61.04% | WER 88.36%
epoch   2 | iteration   460 | Loss 2.116614 | Acc 70.83% | WER 82.64%
epoch   2 | iteration   480 | Loss 2.334193 | Acc 68.33% | WER 87.26%
epoch   2 | iteration   500 | Loss 2.382489 | Acc 68.12% | WER 87.54%
epoch   2 | iteration   520 | Loss 2.158544 | Acc 71.25% | WER 82.53%
epoch   2 | iteration   540 | Loss 2.187119 | Acc 69.38% | WER 85.81%
epoch   2 | iteration   560 | Loss 2.021924 | Acc 71.46% | WER 84.74%
epoch   2 | iteration   580 | Loss 1.934149 | Acc 74.17% | WER 84.63%
epoch   2 | iteration   600 | Loss 2.411858 | Acc 68.54% | WER 86.79%
epoch   2 | iteration   620 | Loss 2.339698 | Acc 70.00% | WER 86.26%
epoch   2 | iteration   640 | Loss 2.385527 | Acc 67.08% | WER 89.68%
epoch   2 | iteration   660 | Loss 2.208318 | Acc 70.83% | WER 81.72%
epoch   2 | iteration   680 | Loss 2.259417 | Acc 69.17% | WER 86.54%
epoch   2 | iteration   700 | Loss 2.429938 | Acc 65.83% | WER 89.49%
epoch   2 | iteration   720 | Loss 2.395861 | Acc 68.12% | WER 83.39%
epoch   2 | iteration   740 | Loss 2.298193 | Acc 69.58% | WER 86.62%
epoch   2 | iteration   760 | Loss 2.370533 | Acc 67.08% | WER 84.62%
epoch   2 | iteration   780 | Loss 2.005000 | Acc 73.12% | WER 82.71%
epoch   2 | iteration   800 | Loss 2.292627 | Acc 67.92% | WER 85.23%
epoch   2 | iteration   820 | Loss 2.132655 | Acc 71.67% | WER 86.10%
epoch   2 | iteration   840 | Loss 2.104314 | Acc 70.83% | WER 83.58%
epoch   2 | iteration   860 | Loss 2.025371 | Acc 70.83% | WER 87.34%
epoch   2 | iteration   880 | Loss 2.072818 | Acc 72.92% | WER 80.78%
epoch   2 | iteration   900 | Loss 2.193455 | Acc 68.96% | WER 90.83%
epoch   2 | iteration   920 | Loss 2.059318 | Acc 71.67% | WER 85.26%
epoch   2 | iteration   940 | Loss 2.068521 | Acc 72.29% | WER 82.06%
epoch   2 | iteration   960 | Loss 1.720594 | Acc 76.04% | WER 81.45%
epoch   2 | iteration   980 | Loss 2.430600 | Acc 67.71% | WER 84.56%
epoch   2 | iteration  1000 | Loss 2.294166 | Acc 69.38% | WER 83.94%
epoch   2 | iteration  1020 | Loss 2.010344 | Acc 71.88% | WER 89.58%
epoch   2 | iteration  1040 | Loss 2.209018 | Acc 68.12% | WER 87.12%
epoch   2 | iteration  1060 | Loss 1.800961 | Acc 75.83% | WER 79.97%
epoch   2 | iteration  1080 | Loss 2.217800 | Acc 68.96% | WER 87.31%
epoch   2 | iteration  1100 | Loss 2.167762 | Acc 70.62% | WER 83.99%
epoch   2 | iteration  1120 | Loss 1.790004 | Acc 74.58% | WER 86.28%
epoch   2 | iteration  1140 | Loss 2.197165 | Acc 70.62% | WER 84.66%
Average Training Loss of Epoch 2: 2.213840 | Acc: 69.72% | WER 86.36%
Average Validation Loss of Epoch 2: 4.410922 | Acc: 63.73% | WER: 196.46% | BLEU-4: 0.00
Average test Loss of Epoch 2: 4.386834 | Acc: 58.28% | WER: 113.38% | BLEU-4: 0.00
####################Epoch 2 Model Saved#####################
epoch   3 | iteration    20 | Loss 2.203854 | Acc 70.00% | WER 82.64%
epoch   3 | iteration    40 | Loss 2.421371 | Acc 68.12% | WER 88.28%
epoch   3 | iteration    60 | Loss 2.106410 | Acc 70.83% | WER 85.80%
epoch   3 | iteration    80 | Loss 2.313283 | Acc 67.71% | WER 84.25%
epoch   3 | iteration   100 | Loss 2.292102 | Acc 67.50% | WER 87.88%
epoch   3 | iteration   120 | Loss 2.309694 | Acc 66.67% | WER 82.24%
epoch   3 | iteration   140 | Loss 2.130332 | Acc 69.79% | WER 85.08%
epoch   3 | iteration   160 | Loss 2.617231 | Acc 63.96% | WER 90.28%
epoch   3 | iteration   180 | Loss 2.177307 | Acc 69.58% | WER 85.91%
epoch   3 | iteration   200 | Loss 2.112169 | Acc 71.04% | WER 82.23%
epoch   3 | iteration   220 | Loss 2.220765 | Acc 71.46% | WER 82.03%
epoch   3 | iteration   240 | Loss 2.215104 | Acc 70.62% | WER 84.99%
epoch   3 | iteration   260 | Loss 1.944665 | Acc 71.67% | WER 81.60%
epoch   3 | iteration   280 | Loss 2.038967 | Acc 71.67% | WER 83.48%
epoch   3 | iteration   300 | Loss 2.193934 | Acc 67.92% | WER 87.85%
epoch   3 | iteration   320 | Loss 2.196785 | Acc 69.17% | WER 85.04%
epoch   3 | iteration   340 | Loss 1.840944 | Acc 76.25% | WER 79.72%
epoch   3 | iteration   360 | Loss 2.084563 | Acc 71.88% | WER 88.09%
epoch   3 | iteration   380 | Loss 2.575504 | Acc 65.21% | WER 86.59%
epoch   3 | iteration   400 | Loss 2.309263 | Acc 67.92% | WER 87.87%
epoch   3 | iteration   420 | Loss 2.048661 | Acc 72.71% | WER 82.72%
epoch   3 | iteration   440 | Loss 2.326405 | Acc 68.12% | WER 88.25%
epoch   3 | iteration   460 | Loss 1.852167 | Acc 73.54% | WER 87.10%
epoch   3 | iteration   480 | Loss 2.137888 | Acc 70.62% | WER 87.32%
epoch   3 | iteration   500 | Loss 2.038426 | Acc 70.21% | WER 84.72%
epoch   3 | iteration   520 | Loss 2.112017 | Acc 70.00% | WER 85.72%
epoch   3 | iteration   540 | Loss 2.209963 | Acc 70.21% | WER 86.57%
epoch   3 | iteration   560 | Loss 2.858906 | Acc 62.29% | WER 85.19%
epoch   3 | iteration   580 | Loss 2.504488 | Acc 64.79% | WER 83.26%
epoch   3 | iteration   600 | Loss 2.290375 | Acc 68.54% | WER 84.43%
epoch   3 | iteration   620 | Loss 1.683451 | Acc 75.62% | WER 81.17%
epoch   3 | iteration   640 | Loss 2.039030 | Acc 70.83% | WER 86.59%
epoch   3 | iteration   660 | Loss 2.329684 | Acc 66.25% | WER 86.07%
epoch   3 | iteration   680 | Loss 1.954104 | Acc 70.83% | WER 89.54%
epoch   3 | iteration   700 | Loss 2.254766 | Acc 71.25% | WER 82.79%
epoch   3 | iteration   720 | Loss 2.180795 | Acc 68.96% | WER 84.47%
epoch   3 | iteration   740 | Loss 2.144287 | Acc 70.00% | WER 87.02%
epoch   3 | iteration   760 | Loss 1.966347 | Acc 71.88% | WER 85.25%
epoch   3 | iteration   780 | Loss 2.300825 | Acc 68.12% | WER 88.05%
epoch   3 | iteration   800 | Loss 2.358756 | Acc 67.92% | WER 88.78%
epoch   3 | iteration   820 | Loss 2.123129 | Acc 71.25% | WER 83.09%
epoch   3 | iteration   840 | Loss 1.735320 | Acc 76.04% | WER 84.12%
epoch   3 | iteration   860 | Loss 1.730986 | Acc 74.58% | WER 84.69%
epoch   3 | iteration   880 | Loss 2.179572 | Acc 68.96% | WER 86.36%
epoch   3 | iteration   900 | Loss 2.143249 | Acc 69.17% | WER 86.18%
epoch   3 | iteration   920 | Loss 2.606396 | Acc 65.00% | WER 83.46%
epoch   3 | iteration   940 | Loss 1.987634 | Acc 71.88% | WER 86.72%
epoch   3 | iteration   960 | Loss 1.951309 | Acc 72.29% | WER 81.00%
epoch   3 | iteration   980 | Loss 1.719150 | Acc 76.25% | WER 85.99%
epoch   3 | iteration  1000 | Loss 2.003807 | Acc 72.71% | WER 77.64%
epoch   3 | iteration  1020 | Loss 2.061307 | Acc 72.08% | WER 81.71%
epoch   3 | iteration  1040 | Loss 1.964472 | Acc 72.29% | WER 85.31%
epoch   3 | iteration  1060 | Loss 2.271161 | Acc 69.17% | WER 81.37%
epoch   3 | iteration  1080 | Loss 1.984604 | Acc 71.46% | WER 86.90%
epoch   3 | iteration  1100 | Loss 2.050002 | Acc 69.38% | WER 86.96%
epoch   3 | iteration  1120 | Loss 1.980616 | Acc 72.71% | WER 82.40%
epoch   3 | iteration  1140 | Loss 2.286190 | Acc 65.83% | WER 83.21%
Average Training Loss of Epoch 3: 2.132788 | Acc: 70.33% | WER 84.60%
Average Validation Loss of Epoch 3: 5.682242 | Acc: 53.28% | WER: 255.44% | BLEU-4: 0.00
Average test Loss of Epoch 3: 5.972713 | Acc: 45.27% | WER: 156.54% | BLEU-4: 0.00
####################Epoch 3 Model Saved#####################
epoch   4 | iteration    20 | Loss 2.068000 | Acc 71.25% | WER 85.38%
epoch   4 | iteration    40 | Loss 2.422525 | Acc 65.21% | WER 85.61%
epoch   4 | iteration    60 | Loss 2.104497 | Acc 70.00% | WER 81.72%
epoch   4 | iteration    80 | Loss 1.933270 | Acc 72.92% | WER 84.56%
epoch   4 | iteration   100 | Loss 1.965992 | Acc 71.04% | WER 81.79%
epoch   4 | iteration   120 | Loss 1.977283 | Acc 71.88% | WER 81.59%
epoch   4 | iteration   140 | Loss 1.939495 | Acc 72.08% | WER 83.45%
epoch   4 | iteration   160 | Loss 2.170038 | Acc 68.96% | WER 84.52%
epoch   4 | iteration   180 | Loss 2.242774 | Acc 67.92% | WER 85.17%
epoch   4 | iteration   200 | Loss 2.317712 | Acc 66.46% | WER 86.21%
epoch   4 | iteration   220 | Loss 2.267812 | Acc 66.46% | WER 85.51%
epoch   4 | iteration   240 | Loss 1.837670 | Acc 73.96% | WER 83.95%
epoch   4 | iteration   260 | Loss 1.993357 | Acc 71.04% | WER 79.84%
epoch   4 | iteration   280 | Loss 1.972833 | Acc 72.08% | WER 83.47%
epoch   4 | iteration   300 | Loss 2.329537 | Acc 67.50% | WER 82.99%
epoch   4 | iteration   320 | Loss 1.863898 | Acc 72.92% | WER 85.97%
epoch   4 | iteration   340 | Loss 1.999136 | Acc 72.71% | WER 81.01%
epoch   4 | iteration   360 | Loss 2.330461 | Acc 67.08% | WER 87.77%
epoch   4 | iteration   380 | Loss 1.641478 | Acc 75.21% | WER 84.00%
epoch   4 | iteration   400 | Loss 2.356184 | Acc 68.54% | WER 82.80%
epoch   4 | iteration   420 | Loss 2.001161 | Acc 70.62% | WER 85.59%
epoch   4 | iteration   440 | Loss 2.263294 | Acc 68.54% | WER 84.11%
epoch   4 | iteration   460 | Loss 1.833374 | Acc 73.96% | WER 86.32%
epoch   4 | iteration   480 | Loss 2.661086 | Acc 63.54% | WER 83.14%
epoch   4 | iteration   500 | Loss 1.874874 | Acc 72.71% | WER 81.71%
epoch   4 | iteration   520 | Loss 1.892575 | Acc 73.12% | WER 82.94%
epoch   4 | iteration   540 | Loss 2.179524 | Acc 70.62% | WER 83.76%
epoch   4 | iteration   560 | Loss 1.739989 | Acc 75.21% | WER 79.35%
epoch   4 | iteration   580 | Loss 1.893845 | Acc 71.46% | WER 82.61%
epoch   4 | iteration   600 | Loss 2.117622 | Acc 71.25% | WER 82.95%
epoch   4 | iteration   620 | Loss 1.797957 | Acc 75.00% | WER 80.36%
epoch   4 | iteration   640 | Loss 2.269776 | Acc 69.38% | WER 83.81%
epoch   4 | iteration   660 | Loss 2.206595 | Acc 70.62% | WER 83.09%
epoch   4 | iteration   680 | Loss 1.968908 | Acc 73.33% | WER 84.60%
epoch   4 | iteration   700 | Loss 2.087157 | Acc 70.62% | WER 82.19%
epoch   4 | iteration   720 | Loss 2.099891 | Acc 69.17% | WER 84.81%
epoch   4 | iteration   740 | Loss 2.078663 | Acc 71.46% | WER 82.22%
epoch   4 | iteration   760 | Loss 2.097727 | Acc 70.00% | WER 84.24%
epoch   4 | iteration   780 | Loss 2.029255 | Acc 71.25% | WER 80.76%
epoch   4 | iteration   800 | Loss 1.856373 | Acc 73.96% | WER 88.27%
epoch   4 | iteration   820 | Loss 1.615836 | Acc 76.88% | WER 77.44%
epoch   4 | iteration   840 | Loss 1.919456 | Acc 72.08% | WER 81.34%
epoch   4 | iteration   860 | Loss 1.929227 | Acc 72.50% | WER 84.59%
epoch   4 | iteration   880 | Loss 1.793185 | Acc 72.71% | WER 81.69%
epoch   4 | iteration   900 | Loss 1.884924 | Acc 72.71% | WER 86.59%
epoch   4 | iteration   920 | Loss 1.961864 | Acc 72.29% | WER 79.99%
epoch   4 | iteration   940 | Loss 1.960391 | Acc 71.25% | WER 84.98%
epoch   4 | iteration   960 | Loss 2.062805 | Acc 70.42% | WER 84.28%
epoch   4 | iteration   980 | Loss 2.013628 | Acc 71.25% | WER 84.41%
epoch   4 | iteration  1000 | Loss 1.927384 | Acc 72.71% | WER 77.09%
epoch   4 | iteration  1020 | Loss 1.901166 | Acc 71.67% | WER 85.13%
epoch   4 | iteration  1040 | Loss 2.017828 | Acc 70.62% | WER 84.08%
epoch   4 | iteration  1060 | Loss 1.934629 | Acc 71.46% | WER 85.20%
epoch   4 | iteration  1080 | Loss 1.734926 | Acc 73.75% | WER 77.38%
epoch   4 | iteration  1100 | Loss 2.150478 | Acc 69.17% | WER 85.08%
epoch   4 | iteration  1120 | Loss 1.744153 | Acc 74.58% | WER 81.40%
epoch   4 | iteration  1140 | Loss 2.262544 | Acc 69.17% | WER 80.32%
Average Training Loss of Epoch 4: 2.064679 | Acc: 70.74% | WER 83.40%
Average Validation Loss of Epoch 4: 2.652944 | Acc: 74.00% | WER: 134.78% | BLEU-4: 0.00
Average test Loss of Epoch 4: 4.818932 | Acc: 62.63% | WER: 90.41% | BLEU-4: 0.00
####################Epoch 4 Model Saved#####################
epoch   5 | iteration    20 | Loss 2.074683 | Acc 68.54% | WER 80.01%
epoch   5 | iteration    40 | Loss 2.215473 | Acc 67.50% | WER 79.47%
epoch   5 | iteration    60 | Loss 2.187786 | Acc 67.71% | WER 84.39%
epoch   5 | iteration    80 | Loss 1.498073 | Acc 77.50% | WER 81.00%
epoch   5 | iteration   100 | Loss 2.078086 | Acc 70.42% | WER 83.10%
epoch   5 | iteration   120 | Loss 1.842099 | Acc 73.33% | WER 85.59%
epoch   5 | iteration   140 | Loss 1.804083 | Acc 72.71% | WER 84.64%
epoch   5 | iteration   160 | Loss 2.337102 | Acc 66.25% | WER 81.65%
epoch   5 | iteration   180 | Loss 1.818112 | Acc 73.54% | WER 86.23%
epoch   5 | iteration   200 | Loss 1.946410 | Acc 74.58% | WER 78.36%
epoch   5 | iteration   220 | Loss 2.564315 | Acc 61.46% | WER 83.84%
epoch   5 | iteration   240 | Loss 2.641902 | Acc 63.33% | WER 82.40%
epoch   5 | iteration   260 | Loss 2.364505 | Acc 65.21% | WER 83.47%
epoch   5 | iteration   280 | Loss 1.876472 | Acc 73.96% | WER 75.13%
epoch   5 | iteration   300 | Loss 2.286743 | Acc 68.33% | WER 83.10%
epoch   5 | iteration   320 | Loss 2.129926 | Acc 70.21% | WER 83.68%
epoch   5 | iteration   340 | Loss 1.889936 | Acc 72.08% | WER 77.34%
epoch   5 | iteration   360 | Loss 1.521258 | Acc 77.71% | WER 81.89%
epoch   5 | iteration   380 | Loss 2.245830 | Acc 69.79% | WER 83.38%
epoch   5 | iteration   400 | Loss 2.237291 | Acc 66.25% | WER 87.04%
epoch   5 | iteration   420 | Loss 1.993216 | Acc 71.25% | WER 83.41%
epoch   5 | iteration   440 | Loss 1.887440 | Acc 72.50% | WER 83.66%
epoch   5 | iteration   460 | Loss 1.885371 | Acc 71.67% | WER 80.69%
epoch   5 | iteration   480 | Loss 2.082879 | Acc 70.21% | WER 82.09%
epoch   5 | iteration   500 | Loss 1.728635 | Acc 73.12% | WER 79.71%
epoch   5 | iteration   520 | Loss 2.032737 | Acc 69.58% | WER 84.77%
epoch   5 | iteration   540 | Loss 1.979856 | Acc 71.88% | WER 83.76%
epoch   5 | iteration   560 | Loss 1.773728 | Acc 75.00% | WER 77.09%
epoch   5 | iteration   580 | Loss 1.863320 | Acc 72.29% | WER 79.13%
epoch   5 | iteration   600 | Loss 2.115414 | Acc 70.83% | WER 79.55%
epoch   5 | iteration   620 | Loss 1.627371 | Acc 75.00% | WER 80.72%
epoch   5 | iteration   640 | Loss 1.757263 | Acc 74.17% | WER 77.18%
epoch   5 | iteration   660 | Loss 2.310215 | Acc 67.08% | WER 81.60%
epoch   5 | iteration   680 | Loss 1.968526 | Acc 72.71% | WER 78.42%
epoch   5 | iteration   700 | Loss 1.563080 | Acc 75.42% | WER 77.46%
epoch   5 | iteration   720 | Loss 2.008700 | Acc 70.62% | WER 84.82%
epoch   5 | iteration   740 | Loss 1.907727 | Acc 70.21% | WER 82.07%
epoch   5 | iteration   760 | Loss 1.776157 | Acc 73.54% | WER 80.65%
epoch   5 | iteration   780 | Loss 1.933332 | Acc 71.04% | WER 80.16%
epoch   5 | iteration   800 | Loss 2.017565 | Acc 70.83% | WER 84.85%
epoch   5 | iteration   820 | Loss 1.916165 | Acc 71.25% | WER 83.98%
epoch   5 | iteration   840 | Loss 2.163691 | Acc 69.38% | WER 82.68%
epoch   5 | iteration   860 | Loss 1.807143 | Acc 72.29% | WER 85.55%
epoch   5 | iteration   880 | Loss 1.797026 | Acc 71.25% | WER 82.58%
epoch   5 | iteration   900 | Loss 1.808700 | Acc 73.96% | WER 80.91%
epoch   5 | iteration   920 | Loss 2.342580 | Acc 66.88% | WER 81.86%
epoch   5 | iteration   940 | Loss 2.045799 | Acc 70.21% | WER 83.33%
epoch   5 | iteration   960 | Loss 2.274412 | Acc 67.71% | WER 82.76%
epoch   5 | iteration   980 | Loss 2.095784 | Acc 70.21% | WER 84.65%
epoch   5 | iteration  1000 | Loss 2.213055 | Acc 67.71% | WER 85.71%
epoch   5 | iteration  1020 | Loss 2.242295 | Acc 68.12% | WER 87.91%
epoch   5 | iteration  1040 | Loss 1.933665 | Acc 72.92% | WER 78.19%
epoch   5 | iteration  1060 | Loss 2.181509 | Acc 70.83% | WER 76.09%
epoch   5 | iteration  1080 | Loss 2.351002 | Acc 66.25% | WER 84.77%
epoch   5 | iteration  1100 | Loss 1.755940 | Acc 73.75% | WER 80.52%
epoch   5 | iteration  1120 | Loss 1.863194 | Acc 74.58% | WER 79.22%
epoch   5 | iteration  1140 | Loss 1.957079 | Acc 72.50% | WER 85.53%
Average Training Loss of Epoch 5: 2.003176 | Acc: 71.14% | WER 82.18%
Average Validation Loss of Epoch 5: 4.270834 | Acc: 61.48% | WER: 207.45% | BLEU-4: 0.00
Average test Loss of Epoch 5: 4.300589 | Acc: 57.15% | WER: 116.12% | BLEU-4: 0.00
####################Epoch 5 Model Saved#####################
epoch   6 | iteration    20 | Loss 1.376753 | Acc 78.33% | WER 80.88%
epoch   6 | iteration    40 | Loss 1.691706 | Acc 74.38% | WER 77.91%
epoch   6 | iteration    60 | Loss 1.678940 | Acc 74.17% | WER 76.86%
epoch   6 | iteration    80 | Loss 2.097704 | Acc 69.58% | WER 84.58%
epoch   6 | iteration   100 | Loss 1.736559 | Acc 74.17% | WER 79.05%
epoch   6 | iteration   120 | Loss 2.138672 | Acc 67.50% | WER 81.57%
epoch   6 | iteration   140 | Loss 1.834979 | Acc 72.92% | WER 78.36%
epoch   6 | iteration   160 | Loss 1.748249 | Acc 72.92% | WER 78.32%
epoch   6 | iteration   180 | Loss 1.686053 | Acc 73.96% | WER 83.82%
epoch   6 | iteration   200 | Loss 1.826704 | Acc 72.50% | WER 78.08%
epoch   6 | iteration   220 | Loss 1.635855 | Acc 76.88% | WER 75.19%
epoch   6 | iteration   240 | Loss 1.819485 | Acc 72.50% | WER 78.02%
epoch   6 | iteration   260 | Loss 2.007207 | Acc 70.62% | WER 79.45%
epoch   6 | iteration   280 | Loss 1.904143 | Acc 71.67% | WER 78.25%
epoch   6 | iteration   300 | Loss 1.796740 | Acc 74.58% | WER 81.81%
epoch   6 | iteration   320 | Loss 1.730792 | Acc 75.00% | WER 75.91%
epoch   6 | iteration   340 | Loss 2.064333 | Acc 70.21% | WER 80.48%
epoch   6 | iteration   360 | Loss 1.927645 | Acc 70.83% | WER 82.08%
epoch   6 | iteration   380 | Loss 2.324256 | Acc 66.46% | WER 79.03%
epoch   6 | iteration   400 | Loss 1.971822 | Acc 72.08% | WER 77.22%
epoch   6 | iteration   420 | Loss 1.686974 | Acc 76.25% | WER 73.93%
epoch   6 | iteration   440 | Loss 1.741089 | Acc 75.62% | WER 80.85%
epoch   6 | iteration   460 | Loss 1.660884 | Acc 75.42% | WER 80.61%
epoch   6 | iteration   480 | Loss 1.873120 | Acc 71.88% | WER 81.88%
epoch   6 | iteration   500 | Loss 2.024754 | Acc 70.62% | WER 77.38%
epoch   6 | iteration   520 | Loss 2.094579 | Acc 70.00% | WER 78.99%
epoch   6 | iteration   540 | Loss 1.894649 | Acc 74.38% | WER 81.63%
epoch   6 | iteration   560 | Loss 1.719995 | Acc 75.62% | WER 80.96%
epoch   6 | iteration   580 | Loss 1.939283 | Acc 71.88% | WER 80.60%
epoch   6 | iteration   600 | Loss 1.969397 | Acc 70.83% | WER 80.14%
epoch   6 | iteration   620 | Loss 1.778641 | Acc 74.17% | WER 81.26%
epoch   6 | iteration   640 | Loss 2.242326 | Acc 66.88% | WER 84.55%
epoch   6 | iteration   660 | Loss 1.652469 | Acc 74.79% | WER 80.42%
epoch   6 | iteration   680 | Loss 1.644676 | Acc 74.38% | WER 81.79%
epoch   6 | iteration   700 | Loss 1.774047 | Acc 73.96% | WER 78.34%
epoch   6 | iteration   720 | Loss 2.000140 | Acc 70.83% | WER 84.83%
epoch   6 | iteration   740 | Loss 2.338504 | Acc 65.83% | WER 79.38%
epoch   6 | iteration   760 | Loss 2.064715 | Acc 68.75% | WER 79.47%
epoch   6 | iteration   780 | Loss 1.922594 | Acc 71.25% | WER 81.25%
epoch   6 | iteration   800 | Loss 1.646350 | Acc 76.67% | WER 77.28%
epoch   6 | iteration   820 | Loss 1.729354 | Acc 74.17% | WER 76.78%
epoch   6 | iteration   840 | Loss 2.268774 | Acc 66.46% | WER 83.83%
epoch   6 | iteration   860 | Loss 1.698973 | Acc 74.17% | WER 77.77%
epoch   6 | iteration   880 | Loss 2.021216 | Acc 69.38% | WER 84.84%
epoch   6 | iteration   900 | Loss 1.891888 | Acc 73.96% | WER 80.70%
epoch   6 | iteration   920 | Loss 1.788995 | Acc 71.25% | WER 79.27%
epoch   6 | iteration   940 | Loss 2.229120 | Acc 69.58% | WER 80.98%
epoch   6 | iteration   960 | Loss 1.987552 | Acc 71.46% | WER 80.39%
epoch   6 | iteration   980 | Loss 2.063688 | Acc 69.58% | WER 79.71%
epoch   6 | iteration  1000 | Loss 2.436417 | Acc 66.25% | WER 81.80%
epoch   6 | iteration  1020 | Loss 1.926754 | Acc 71.67% | WER 79.65%
epoch   6 | iteration  1040 | Loss 2.141075 | Acc 68.96% | WER 84.02%
epoch   6 | iteration  1060 | Loss 1.955057 | Acc 70.00% | WER 80.30%
epoch   6 | iteration  1080 | Loss 1.811486 | Acc 72.92% | WER 80.74%
epoch   6 | iteration  1100 | Loss 1.662613 | Acc 74.58% | WER 77.41%
epoch   6 | iteration  1120 | Loss 1.702598 | Acc 75.00% | WER 78.17%
epoch   6 | iteration  1140 | Loss 2.372857 | Acc 66.25% | WER 82.05%
Average Training Loss of Epoch 6: 1.944497 | Acc: 71.58% | WER 80.94%
Average Validation Loss of Epoch 6: 2.916431 | Acc: 70.88% | WER: 151.44% | BLEU-4: 0.00
Average test Loss of Epoch 6: 4.471673 | Acc: 61.70% | WER: 102.23% | BLEU-4: 0.00
####################Epoch 6 Model Saved#####################
epoch   7 | iteration    20 | Loss 1.691645 | Acc 73.54% | WER 77.20%
epoch   7 | iteration    40 | Loss 1.747422 | Acc 74.17% | WER 79.91%
epoch   7 | iteration    60 | Loss 1.955084 | Acc 72.71% | WER 78.10%
epoch   7 | iteration    80 | Loss 2.025093 | Acc 70.42% | WER 76.45%
epoch   7 | iteration   100 | Loss 2.393001 | Acc 65.42% | WER 80.94%
epoch   7 | iteration   120 | Loss 1.854427 | Acc 73.33% | WER 76.61%
epoch   7 | iteration   140 | Loss 2.017535 | Acc 69.38% | WER 86.09%
epoch   7 | iteration   160 | Loss 1.858767 | Acc 70.62% | WER 78.17%
epoch   7 | iteration   180 | Loss 2.094786 | Acc 70.21% | WER 79.56%
epoch   7 | iteration   200 | Loss 2.120826 | Acc 71.04% | WER 80.06%
epoch   7 | iteration   220 | Loss 1.633997 | Acc 75.62% | WER 81.78%
epoch   7 | iteration   240 | Loss 1.872450 | Acc 72.71% | WER 77.92%
epoch   7 | iteration   260 | Loss 1.723164 | Acc 73.33% | WER 79.97%
epoch   7 | iteration   280 | Loss 1.815171 | Acc 73.75% | WER 78.27%
epoch   7 | iteration   300 | Loss 1.603139 | Acc 75.00% | WER 74.61%
epoch   7 | iteration   320 | Loss 1.821767 | Acc 73.75% | WER 81.74%
epoch   7 | iteration   340 | Loss 1.840729 | Acc 72.08% | WER 83.79%
epoch   7 | iteration   360 | Loss 1.758179 | Acc 74.79% | WER 79.56%
epoch   7 | iteration   380 | Loss 2.053630 | Acc 71.25% | WER 81.74%
epoch   7 | iteration   400 | Loss 1.912030 | Acc 71.67% | WER 76.17%
epoch   7 | iteration   420 | Loss 1.702912 | Acc 75.21% | WER 76.04%
epoch   7 | iteration   440 | Loss 2.098114 | Acc 68.96% | WER 82.73%
epoch   7 | iteration   460 | Loss 1.863396 | Acc 71.88% | WER 80.58%
epoch   7 | iteration   480 | Loss 1.803583 | Acc 71.25% | WER 81.45%
epoch   7 | iteration   500 | Loss 1.807810 | Acc 72.08% | WER 79.89%
epoch   7 | iteration   520 | Loss 1.972134 | Acc 69.17% | WER 83.62%
epoch   7 | iteration   540 | Loss 2.228977 | Acc 67.71% | WER 81.24%
epoch   7 | iteration   560 | Loss 2.295343 | Acc 67.08% | WER 81.31%
epoch   7 | iteration   580 | Loss 1.694155 | Acc 74.38% | WER 80.69%
epoch   7 | iteration   600 | Loss 1.664895 | Acc 73.96% | WER 80.41%
epoch   7 | iteration   620 | Loss 1.864716 | Acc 71.46% | WER 81.77%
epoch   7 | iteration   640 | Loss 1.930304 | Acc 70.83% | WER 81.34%
epoch   7 | iteration   660 | Loss 2.115566 | Acc 68.75% | WER 83.13%
epoch   7 | iteration   680 | Loss 1.724487 | Acc 73.54% | WER 86.37%
epoch   7 | iteration   700 | Loss 2.046890 | Acc 70.83% | WER 82.07%
epoch   7 | iteration   720 | Loss 1.914190 | Acc 72.50% | WER 74.79%
epoch   7 | iteration   740 | Loss 1.816404 | Acc 72.50% | WER 77.49%
epoch   7 | iteration   760 | Loss 1.827131 | Acc 73.12% | WER 81.23%
epoch   7 | iteration   780 | Loss 2.104970 | Acc 70.83% | WER 81.28%
epoch   7 | iteration   800 | Loss 1.644685 | Acc 75.62% | WER 75.61%
epoch   7 | iteration   820 | Loss 1.582644 | Acc 74.58% | WER 83.61%
epoch   7 | iteration   840 | Loss 2.086514 | Acc 70.21% | WER 81.01%
epoch   7 | iteration   860 | Loss 1.909339 | Acc 71.88% | WER 80.65%
epoch   7 | iteration   880 | Loss 2.016109 | Acc 70.00% | WER 75.94%
epoch   7 | iteration   900 | Loss 1.800197 | Acc 71.88% | WER 77.89%
epoch   7 | iteration   920 | Loss 1.753480 | Acc 72.92% | WER 79.57%
epoch   7 | iteration   940 | Loss 1.661342 | Acc 75.21% | WER 77.85%
epoch   7 | iteration   960 | Loss 1.817015 | Acc 72.50% | WER 78.07%
epoch   7 | iteration   980 | Loss 1.775971 | Acc 73.96% | WER 77.07%
epoch   7 | iteration  1000 | Loss 2.207995 | Acc 68.33% | WER 79.65%
epoch   7 | iteration  1020 | Loss 1.761907 | Acc 73.96% | WER 75.56%
epoch   7 | iteration  1040 | Loss 1.849398 | Acc 74.17% | WER 75.58%
epoch   7 | iteration  1060 | Loss 1.807477 | Acc 73.75% | WER 76.21%
epoch   7 | iteration  1080 | Loss 1.926683 | Acc 72.50% | WER 75.92%
epoch   7 | iteration  1100 | Loss 1.748094 | Acc 72.92% | WER 80.37%
epoch   7 | iteration  1120 | Loss 2.063774 | Acc 68.33% | WER 81.75%
epoch   7 | iteration  1140 | Loss 1.890865 | Acc 71.88% | WER 78.02%
Average Training Loss of Epoch 7: 1.889548 | Acc: 72.00% | WER 79.72%
Average Validation Loss of Epoch 7: 2.553174 | Acc: 74.50% | WER: 127.58% | BLEU-4: 0.00
Average test Loss of Epoch 7: 4.323703 | Acc: 58.68% | WER: 109.24% | BLEU-4: 0.00
####################Epoch 7 Model Saved#####################
epoch   8 | iteration    20 | Loss 1.691890 | Acc 73.33% | WER 75.78%
epoch   8 | iteration    40 | Loss 1.955122 | Acc 70.83% | WER 79.77%
epoch   8 | iteration    60 | Loss 1.856852 | Acc 71.04% | WER 82.06%
epoch   8 | iteration    80 | Loss 1.537617 | Acc 75.42% | WER 74.15%
epoch   8 | iteration   100 | Loss 2.197414 | Acc 68.33% | WER 78.48%
epoch   8 | iteration   120 | Loss 1.956914 | Acc 71.04% | WER 78.34%
epoch   8 | iteration   140 | Loss 1.831028 | Acc 72.29% | WER 72.64%
epoch   8 | iteration   160 | Loss 2.170238 | Acc 68.96% | WER 83.41%
epoch   8 | iteration   180 | Loss 1.589340 | Acc 77.08% | WER 72.38%
epoch   8 | iteration   200 | Loss 1.943097 | Acc 71.67% | WER 80.28%
epoch   8 | iteration   220 | Loss 1.815361 | Acc 72.71% | WER 78.46%
epoch   8 | iteration   240 | Loss 1.804747 | Acc 70.42% | WER 81.61%
epoch   8 | iteration   260 | Loss 1.771647 | Acc 73.75% | WER 81.91%
epoch   8 | iteration   280 | Loss 1.978325 | Acc 70.83% | WER 88.34%
epoch   8 | iteration   300 | Loss 1.743596 | Acc 72.29% | WER 80.84%
epoch   8 | iteration   320 | Loss 1.833422 | Acc 72.71% | WER 74.34%
epoch   8 | iteration   340 | Loss 1.788423 | Acc 72.50% | WER 82.04%
epoch   8 | iteration   360 | Loss 2.200260 | Acc 66.67% | WER 82.21%
epoch   8 | iteration   380 | Loss 1.853718 | Acc 72.92% | WER 73.87%
epoch   8 | iteration   400 | Loss 1.582408 | Acc 76.46% | WER 77.09%
epoch   8 | iteration   420 | Loss 1.745515 | Acc 72.71% | WER 78.68%
epoch   8 | iteration   440 | Loss 2.198259 | Acc 67.50% | WER 85.83%
epoch   8 | iteration   460 | Loss 1.706020 | Acc 73.96% | WER 79.20%
epoch   8 | iteration   480 | Loss 1.816389 | Acc 73.12% | WER 74.72%
epoch   8 | iteration   500 | Loss 1.926707 | Acc 71.88% | WER 80.71%
epoch   8 | iteration   520 | Loss 1.508538 | Acc 75.62% | WER 76.42%
epoch   8 | iteration   540 | Loss 1.881084 | Acc 70.62% | WER 79.52%
epoch   8 | iteration   560 | Loss 1.839342 | Acc 70.42% | WER 79.53%
epoch   8 | iteration   580 | Loss 1.612171 | Acc 77.08% | WER 71.44%
epoch   8 | iteration   600 | Loss 1.558104 | Acc 75.83% | WER 80.21%
epoch   8 | iteration   620 | Loss 1.956527 | Acc 71.04% | WER 80.51%
epoch   8 | iteration   640 | Loss 1.846725 | Acc 73.96% | WER 77.69%
epoch   8 | iteration   660 | Loss 2.039920 | Acc 70.62% | WER 79.20%
epoch   8 | iteration   680 | Loss 1.738157 | Acc 72.29% | WER 76.84%
epoch   8 | iteration   700 | Loss 1.590973 | Acc 75.00% | WER 77.96%
epoch   8 | iteration   720 | Loss 1.893480 | Acc 68.54% | WER 83.14%
epoch   8 | iteration   740 | Loss 1.867404 | Acc 72.92% | WER 80.38%
epoch   8 | iteration   760 | Loss 1.604443 | Acc 74.38% | WER 79.06%
epoch   8 | iteration   780 | Loss 1.930334 | Acc 70.62% | WER 81.30%
epoch   8 | iteration   800 | Loss 1.693271 | Acc 72.71% | WER 82.21%
epoch   8 | iteration   820 | Loss 1.877578 | Acc 72.50% | WER 80.82%
epoch   8 | iteration   840 | Loss 1.737394 | Acc 73.33% | WER 76.81%
epoch   8 | iteration   860 | Loss 1.618376 | Acc 75.83% | WER 77.23%
epoch   8 | iteration   880 | Loss 1.617272 | Acc 74.58% | WER 78.22%
epoch   8 | iteration   900 | Loss 1.497352 | Acc 75.83% | WER 78.68%
epoch   8 | iteration   920 | Loss 1.952533 | Acc 69.79% | WER 82.70%
epoch   8 | iteration   940 | Loss 1.897106 | Acc 70.21% | WER 82.99%
epoch   8 | iteration   960 | Loss 1.885769 | Acc 72.50% | WER 75.18%
epoch   8 | iteration   980 | Loss 2.101007 | Acc 67.92% | WER 80.16%
epoch   8 | iteration  1000 | Loss 1.563153 | Acc 74.58% | WER 77.33%
epoch   8 | iteration  1020 | Loss 2.159507 | Acc 68.33% | WER 80.75%
epoch   8 | iteration  1040 | Loss 1.568573 | Acc 75.83% | WER 77.99%
epoch   8 | iteration  1060 | Loss 1.467987 | Acc 76.88% | WER 79.78%
epoch   8 | iteration  1080 | Loss 1.862854 | Acc 72.29% | WER 78.49%
epoch   8 | iteration  1100 | Loss 1.809348 | Acc 72.50% | WER 79.83%
epoch   8 | iteration  1120 | Loss 1.711728 | Acc 75.62% | WER 81.36%
epoch   8 | iteration  1140 | Loss 1.647458 | Acc 75.42% | WER 75.71%
Average Training Loss of Epoch 8: 1.839236 | Acc: 72.41% | WER 78.47%
Average Validation Loss of Epoch 8: 2.170119 | Acc: 75.80% | WER: 121.26% | BLEU-4: 0.00
Average test Loss of Epoch 8: 5.074980 | Acc: 63.42% | WER: 96.17% | BLEU-4: 0.00
####################Epoch 8 Model Saved#####################
epoch   9 | iteration    20 | Loss 1.913812 | Acc 71.67% | WER 81.46%
epoch   9 | iteration    40 | Loss 1.904833 | Acc 72.29% | WER 78.73%
epoch   9 | iteration    60 | Loss 1.633532 | Acc 74.58% | WER 77.39%
epoch   9 | iteration    80 | Loss 2.116798 | Acc 68.33% | WER 77.89%
epoch   9 | iteration   100 | Loss 1.707698 | Acc 73.33% | WER 79.47%
epoch   9 | iteration   120 | Loss 1.857147 | Acc 71.25% | WER 77.15%
epoch   9 | iteration   140 | Loss 1.929734 | Acc 69.17% | WER 81.21%
epoch   9 | iteration   160 | Loss 1.645203 | Acc 74.38% | WER 76.88%
epoch   9 | iteration   180 | Loss 2.084447 | Acc 68.75% | WER 78.75%
epoch   9 | iteration   200 | Loss 2.217140 | Acc 67.50% | WER 79.60%
epoch   9 | iteration   220 | Loss 1.837285 | Acc 74.17% | WER 75.90%
epoch   9 | iteration   240 | Loss 1.844680 | Acc 72.50% | WER 72.64%
epoch   9 | iteration   260 | Loss 2.066038 | Acc 68.96% | WER 75.85%
epoch   9 | iteration   280 | Loss 2.064967 | Acc 68.33% | WER 77.80%
epoch   9 | iteration   300 | Loss 1.526145 | Acc 78.33% | WER 78.68%
epoch   9 | iteration   320 | Loss 1.979412 | Acc 71.04% | WER 81.13%
epoch   9 | iteration   340 | Loss 1.655222 | Acc 73.96% | WER 72.29%
epoch   9 | iteration   360 | Loss 1.777243 | Acc 71.67% | WER 80.83%
epoch   9 | iteration   380 | Loss 1.587310 | Acc 76.88% | WER 75.13%
epoch   9 | iteration   400 | Loss 2.040344 | Acc 67.50% | WER 81.04%
epoch   9 | iteration   420 | Loss 1.834687 | Acc 72.71% | WER 75.51%
epoch   9 | iteration   440 | Loss 1.642081 | Acc 75.00% | WER 77.43%
epoch   9 | iteration   460 | Loss 1.621970 | Acc 73.96% | WER 77.67%
epoch   9 | iteration   480 | Loss 1.648264 | Acc 75.42% | WER 78.74%
epoch   9 | iteration   500 | Loss 1.651223 | Acc 74.79% | WER 80.94%
epoch   9 | iteration   520 | Loss 1.908662 | Acc 71.88% | WER 77.84%
epoch   9 | iteration   540 | Loss 1.745830 | Acc 73.33% | WER 75.31%
epoch   9 | iteration   560 | Loss 1.653110 | Acc 74.58% | WER 79.47%
epoch   9 | iteration   580 | Loss 1.763331 | Acc 75.21% | WER 71.81%
epoch   9 | iteration   600 | Loss 1.780572 | Acc 72.71% | WER 79.98%
epoch   9 | iteration   620 | Loss 1.796897 | Acc 72.50% | WER 82.78%
epoch   9 | iteration   640 | Loss 1.609119 | Acc 74.58% | WER 77.43%
epoch   9 | iteration   660 | Loss 1.829377 | Acc 71.88% | WER 76.86%
epoch   9 | iteration   680 | Loss 1.672828 | Acc 74.17% | WER 75.23%
epoch   9 | iteration   700 | Loss 1.653087 | Acc 74.38% | WER 81.26%
epoch   9 | iteration   720 | Loss 2.018394 | Acc 70.42% | WER 79.80%
epoch   9 | iteration   740 | Loss 1.563974 | Acc 75.00% | WER 72.91%
epoch   9 | iteration   760 | Loss 1.770763 | Acc 71.88% | WER 75.77%
epoch   9 | iteration   780 | Loss 1.565334 | Acc 76.25% | WER 76.91%
epoch   9 | iteration   800 | Loss 1.666945 | Acc 74.58% | WER 70.85%
epoch   9 | iteration   820 | Loss 1.585900 | Acc 74.79% | WER 77.66%
epoch   9 | iteration   840 | Loss 1.803226 | Acc 73.75% | WER 76.96%
epoch   9 | iteration   860 | Loss 1.674021 | Acc 73.75% | WER 76.89%
epoch   9 | iteration   880 | Loss 2.116161 | Acc 68.54% | WER 78.63%
epoch   9 | iteration   900 | Loss 1.575468 | Acc 77.71% | WER 70.25%
epoch   9 | iteration   920 | Loss 1.961795 | Acc 71.46% | WER 76.47%
epoch   9 | iteration   940 | Loss 1.700740 | Acc 72.50% | WER 77.88%
epoch   9 | iteration   960 | Loss 1.710308 | Acc 73.75% | WER 76.40%
epoch   9 | iteration   980 | Loss 1.910292 | Acc 68.96% | WER 78.92%
epoch   9 | iteration  1000 | Loss 1.744741 | Acc 74.79% | WER 73.22%
epoch   9 | iteration  1020 | Loss 1.779356 | Acc 72.08% | WER 75.46%
epoch   9 | iteration  1040 | Loss 1.841735 | Acc 70.42% | WER 81.83%
epoch   9 | iteration  1060 | Loss 1.639621 | Acc 75.42% | WER 75.22%
epoch   9 | iteration  1080 | Loss 2.055532 | Acc 65.83% | WER 82.54%
epoch   9 | iteration  1100 | Loss 1.565191 | Acc 75.83% | WER 73.82%
epoch   9 | iteration  1120 | Loss 1.451960 | Acc 78.54% | WER 74.91%
epoch   9 | iteration  1140 | Loss 2.103077 | Acc 68.33% | WER 75.58%
Average Training Loss of Epoch 9: 1.788581 | Acc: 72.80% | WER 77.39%
Average Validation Loss of Epoch 9: 2.316131 | Acc: 76.82% | WER: 116.46% | BLEU-4: 0.00
Average test Loss of Epoch 9: 5.089778 | Acc: 63.22% | WER: 97.72% | BLEU-4: 0.00
####################Epoch 9 Model Saved#####################
epoch  10 | iteration    20 | Loss 1.588852 | Acc 74.79% | WER 77.11%
epoch  10 | iteration    40 | Loss 1.699929 | Acc 73.75% | WER 75.53%
epoch  10 | iteration    60 | Loss 1.750574 | Acc 70.62% | WER 77.74%
epoch  10 | iteration    80 | Loss 1.773768 | Acc 72.29% | WER 75.76%
epoch  10 | iteration   100 | Loss 1.713077 | Acc 72.92% | WER 79.02%
epoch  10 | iteration   120 | Loss 1.637886 | Acc 74.38% | WER 75.01%
epoch  10 | iteration   140 | Loss 1.633625 | Acc 74.79% | WER 81.45%
epoch  10 | iteration   160 | Loss 1.747793 | Acc 73.96% | WER 68.81%
epoch  10 | iteration   180 | Loss 1.556822 | Acc 74.58% | WER 77.47%
epoch  10 | iteration   200 | Loss 1.819897 | Acc 71.88% | WER 76.76%
epoch  10 | iteration   220 | Loss 1.797281 | Acc 71.46% | WER 85.35%
epoch  10 | iteration   240 | Loss 1.702551 | Acc 75.00% | WER 76.72%
epoch  10 | iteration   260 | Loss 1.617373 | Acc 75.83% | WER 71.83%
epoch  10 | iteration   280 | Loss 1.549998 | Acc 75.21% | WER 74.74%
epoch  10 | iteration   300 | Loss 2.054959 | Acc 69.38% | WER 79.14%
epoch  10 | iteration   320 | Loss 1.511163 | Acc 76.67% | WER 79.48%
epoch  10 | iteration   340 | Loss 1.770565 | Acc 73.54% | WER 75.18%
epoch  10 | iteration   360 | Loss 1.674332 | Acc 73.96% | WER 74.44%
epoch  10 | iteration   380 | Loss 1.575892 | Acc 76.25% | WER 70.51%
epoch  10 | iteration   400 | Loss 1.492199 | Acc 76.46% | WER 72.99%
epoch  10 | iteration   420 | Loss 1.688879 | Acc 74.58% | WER 76.63%
epoch  10 | iteration   440 | Loss 1.521973 | Acc 75.83% | WER 79.74%
epoch  10 | iteration   460 | Loss 1.685299 | Acc 73.54% | WER 81.26%
epoch  10 | iteration   480 | Loss 1.773497 | Acc 69.79% | WER 76.84%
epoch  10 | iteration   500 | Loss 1.506495 | Acc 78.33% | WER 69.99%
epoch  10 | iteration   520 | Loss 1.841373 | Acc 72.71% | WER 79.86%
epoch  10 | iteration   540 | Loss 1.696342 | Acc 74.58% | WER 74.39%
epoch  10 | iteration   560 | Loss 1.569973 | Acc 75.00% | WER 74.26%
epoch  10 | iteration   580 | Loss 1.961521 | Acc 70.62% | WER 73.81%
epoch  10 | iteration   600 | Loss 1.870318 | Acc 70.21% | WER 78.08%
epoch  10 | iteration   620 | Loss 1.666409 | Acc 74.38% | WER 76.58%
epoch  10 | iteration   640 | Loss 1.816012 | Acc 73.33% | WER 75.05%
epoch  10 | iteration   660 | Loss 1.872578 | Acc 71.04% | WER 75.44%
epoch  10 | iteration   680 | Loss 1.553600 | Acc 75.83% | WER 80.29%
epoch  10 | iteration   700 | Loss 1.707500 | Acc 73.75% | WER 73.91%
epoch  10 | iteration   720 | Loss 1.970858 | Acc 71.46% | WER 75.10%
epoch  10 | iteration   740 | Loss 1.742967 | Acc 71.67% | WER 78.37%
epoch  10 | iteration   760 | Loss 1.678430 | Acc 74.79% | WER 72.66%
epoch  10 | iteration   780 | Loss 1.751994 | Acc 74.38% | WER 72.41%
epoch  10 | iteration   800 | Loss 2.059448 | Acc 69.58% | WER 77.17%
epoch  10 | iteration   820 | Loss 2.103853 | Acc 67.92% | WER 77.08%
epoch  10 | iteration   840 | Loss 1.817161 | Acc 73.12% | WER 72.61%
epoch  10 | iteration   860 | Loss 1.701757 | Acc 74.17% | WER 73.81%
epoch  10 | iteration   880 | Loss 2.023800 | Acc 70.00% | WER 77.49%
epoch  10 | iteration   900 | Loss 1.798797 | Acc 71.25% | WER 74.15%
epoch  10 | iteration   920 | Loss 1.690082 | Acc 75.00% | WER 77.47%
epoch  10 | iteration   940 | Loss 1.650059 | Acc 76.46% | WER 73.25%
epoch  10 | iteration   960 | Loss 2.023158 | Acc 70.42% | WER 75.64%
epoch  10 | iteration   980 | Loss 1.570040 | Acc 75.42% | WER 76.71%
epoch  10 | iteration  1000 | Loss 2.036056 | Acc 68.96% | WER 76.16%
epoch  10 | iteration  1020 | Loss 1.608424 | Acc 75.42% | WER 73.44%
epoch  10 | iteration  1040 | Loss 1.864980 | Acc 71.46% | WER 72.94%
epoch  10 | iteration  1060 | Loss 1.695706 | Acc 73.54% | WER 73.67%
epoch  10 | iteration  1080 | Loss 2.246675 | Acc 66.67% | WER 76.35%
epoch  10 | iteration  1100 | Loss 1.728773 | Acc 73.12% | WER 73.76%
epoch  10 | iteration  1120 | Loss 1.885640 | Acc 70.83% | WER 77.16%
epoch  10 | iteration  1140 | Loss 1.863625 | Acc 71.67% | WER 76.66%
Average Training Loss of Epoch 10: 1.739132 | Acc: 73.27% | WER 76.07%
Average Validation Loss of Epoch 10: 2.250145 | Acc: 76.82% | WER: 116.46% | BLEU-4: 0.00
Average test Loss of Epoch 10: 5.244154 | Acc: 63.23% | WER: 97.87% | BLEU-4: 0.00
####################Epoch 10 Model Saved####################
epoch  11 | iteration    20 | Loss 1.340108 | Acc 77.50% | WER 72.27%
epoch  11 | iteration    40 | Loss 1.858916 | Acc 71.25% | WER 79.93%
epoch  11 | iteration    60 | Loss 1.402087 | Acc 78.96% | WER 72.19%
epoch  11 | iteration    80 | Loss 1.806111 | Acc 73.12% | WER 76.54%
epoch  11 | iteration   100 | Loss 1.792170 | Acc 73.75% | WER 71.93%
epoch  11 | iteration   120 | Loss 2.009037 | Acc 68.12% | WER 81.67%
epoch  11 | iteration   140 | Loss 1.753971 | Acc 71.88% | WER 74.88%
epoch  11 | iteration   160 | Loss 1.688385 | Acc 75.83% | WER 73.88%
epoch  11 | iteration   180 | Loss 1.745654 | Acc 73.96% | WER 75.05%
epoch  11 | iteration   200 | Loss 1.697848 | Acc 73.12% | WER 80.03%
epoch  11 | iteration   220 | Loss 1.750273 | Acc 72.29% | WER 69.66%
epoch  11 | iteration   240 | Loss 1.812316 | Acc 73.54% | WER 76.40%
epoch  11 | iteration   260 | Loss 2.046790 | Acc 67.92% | WER 79.25%
epoch  11 | iteration   280 | Loss 1.574471 | Acc 75.62% | WER 77.13%
epoch  11 | iteration   300 | Loss 1.577898 | Acc 75.62% | WER 70.44%
epoch  11 | iteration   320 | Loss 1.760059 | Acc 73.12% | WER 73.91%
epoch  11 | iteration   340 | Loss 1.428219 | Acc 76.04% | WER 77.34%
epoch  11 | iteration   360 | Loss 1.895934 | Acc 70.62% | WER 74.08%
epoch  11 | iteration   380 | Loss 1.897315 | Acc 71.04% | WER 77.08%
epoch  11 | iteration   400 | Loss 1.616175 | Acc 75.83% | WER 76.51%
epoch  11 | iteration   420 | Loss 1.853795 | Acc 68.96% | WER 85.66%
epoch  11 | iteration   440 | Loss 1.749916 | Acc 72.71% | WER 77.34%
epoch  11 | iteration   460 | Loss 1.674083 | Acc 73.12% | WER 76.71%
epoch  11 | iteration   480 | Loss 1.456524 | Acc 77.50% | WER 69.83%
epoch  11 | iteration   500 | Loss 1.486863 | Acc 77.50% | WER 71.96%
epoch  11 | iteration   520 | Loss 1.794191 | Acc 71.67% | WER 77.53%
epoch  11 | iteration   540 | Loss 1.768857 | Acc 73.75% | WER 76.30%
epoch  11 | iteration   560 | Loss 1.828386 | Acc 72.29% | WER 74.35%
epoch  11 | iteration   580 | Loss 1.683464 | Acc 75.83% | WER 71.85%
epoch  11 | iteration   600 | Loss 1.500893 | Acc 75.42% | WER 75.51%
epoch  11 | iteration   620 | Loss 1.965295 | Acc 70.00% | WER 73.54%
epoch  11 | iteration   640 | Loss 1.777428 | Acc 71.25% | WER 75.96%
epoch  11 | iteration   660 | Loss 2.013909 | Acc 70.83% | WER 74.25%
epoch  11 | iteration   680 | Loss 1.820467 | Acc 73.12% | WER 78.28%
epoch  11 | iteration   700 | Loss 1.737807 | Acc 72.08% | WER 74.99%
epoch  11 | iteration   720 | Loss 1.673191 | Acc 74.58% | WER 71.29%
epoch  11 | iteration   740 | Loss 1.601805 | Acc 74.38% | WER 73.87%
epoch  11 | iteration   760 | Loss 1.920391 | Acc 72.71% | WER 72.58%
epoch  11 | iteration   780 | Loss 1.569825 | Acc 76.25% | WER 70.74%
epoch  11 | iteration   800 | Loss 1.479385 | Acc 75.42% | WER 72.50%
epoch  11 | iteration   820 | Loss 1.733812 | Acc 73.54% | WER 77.67%
epoch  11 | iteration   840 | Loss 1.559369 | Acc 76.04% | WER 74.79%
epoch  11 | iteration   860 | Loss 1.594473 | Acc 75.62% | WER 76.17%
epoch  11 | iteration   880 | Loss 1.544141 | Acc 76.04% | WER 75.68%
epoch  11 | iteration   900 | Loss 1.532836 | Acc 76.25% | WER 70.55%
epoch  11 | iteration   920 | Loss 1.776950 | Acc 73.75% | WER 76.27%
epoch  11 | iteration   940 | Loss 1.900768 | Acc 68.96% | WER 78.84%
epoch  11 | iteration   960 | Loss 1.463582 | Acc 76.67% | WER 67.40%
epoch  11 | iteration   980 | Loss 1.708791 | Acc 74.58% | WER 69.76%
epoch  11 | iteration  1000 | Loss 1.794791 | Acc 73.33% | WER 76.35%
epoch  11 | iteration  1020 | Loss 1.848642 | Acc 73.33% | WER 76.96%
epoch  11 | iteration  1040 | Loss 1.766054 | Acc 72.08% | WER 76.18%
epoch  11 | iteration  1060 | Loss 2.175594 | Acc 66.04% | WER 76.91%
epoch  11 | iteration  1080 | Loss 1.740555 | Acc 73.96% | WER 73.77%
epoch  11 | iteration  1100 | Loss 1.585496 | Acc 73.33% | WER 76.94%
epoch  11 | iteration  1120 | Loss 1.677585 | Acc 75.83% | WER 72.79%
epoch  11 | iteration  1140 | Loss 1.536806 | Acc 77.71% | WER 72.51%
Average Training Loss of Epoch 11: 1.690839 | Acc: 73.69% | WER 74.87%
Average Validation Loss of Epoch 11: 2.407028 | Acc: 76.57% | WER: 117.75% | BLEU-4: 0.00
Average test Loss of Epoch 11: 4.686783 | Acc: 61.23% | WER: 98.68% | BLEU-4: 0.00
####################Epoch 11 Model Saved####################
epoch  12 | iteration    20 | Loss 1.463063 | Acc 76.46% | WER 70.57%
epoch  12 | iteration    40 | Loss 1.889286 | Acc 71.46% | WER 74.33%
epoch  12 | iteration    60 | Loss 1.529492 | Acc 77.92% | WER 72.31%
epoch  12 | iteration    80 | Loss 1.359856 | Acc 76.46% | WER 74.45%
epoch  12 | iteration   100 | Loss 1.334269 | Acc 76.88% | WER 73.15%
epoch  12 | iteration   120 | Loss 1.472468 | Acc 75.83% | WER 75.38%
epoch  12 | iteration   140 | Loss 1.766319 | Acc 73.12% | WER 74.10%
epoch  12 | iteration   160 | Loss 1.745979 | Acc 72.71% | WER 75.50%
epoch  12 | iteration   180 | Loss 1.696447 | Acc 73.54% | WER 71.71%
epoch  12 | iteration   200 | Loss 1.446896 | Acc 76.67% | WER 67.71%
epoch  12 | iteration   220 | Loss 1.349242 | Acc 77.71% | WER 72.84%
epoch  12 | iteration   240 | Loss 1.539514 | Acc 75.83% | WER 77.39%
epoch  12 | iteration   260 | Loss 1.988207 | Acc 71.46% | WER 77.21%
epoch  12 | iteration   280 | Loss 1.822938 | Acc 70.83% | WER 80.92%
epoch  12 | iteration   300 | Loss 1.422449 | Acc 76.88% | WER 70.92%
epoch  12 | iteration   320 | Loss 1.758066 | Acc 73.12% | WER 74.28%
epoch  12 | iteration   340 | Loss 1.787001 | Acc 72.29% | WER 75.10%
epoch  12 | iteration   360 | Loss 1.494811 | Acc 74.38% | WER 75.10%
epoch  12 | iteration   380 | Loss 1.358816 | Acc 77.71% | WER 74.19%
epoch  12 | iteration   400 | Loss 1.631258 | Acc 74.17% | WER 77.75%
epoch  12 | iteration   420 | Loss 1.498782 | Acc 75.83% | WER 73.10%
epoch  12 | iteration   440 | Loss 1.527007 | Acc 77.92% | WER 70.61%
epoch  12 | iteration   460 | Loss 1.526869 | Acc 76.88% | WER 73.42%
epoch  12 | iteration   480 | Loss 1.607246 | Acc 75.83% | WER 74.34%
epoch  12 | iteration   500 | Loss 1.602184 | Acc 74.79% | WER 71.90%
epoch  12 | iteration   520 | Loss 1.870286 | Acc 71.04% | WER 80.25%
epoch  12 | iteration   540 | Loss 1.689039 | Acc 72.71% | WER 77.84%
epoch  12 | iteration   560 | Loss 1.750790 | Acc 75.00% | WER 72.17%
epoch  12 | iteration   580 | Loss 1.710908 | Acc 72.50% | WER 72.95%
epoch  12 | iteration   600 | Loss 1.531111 | Acc 75.62% | WER 70.70%
epoch  12 | iteration   620 | Loss 1.942060 | Acc 68.96% | WER 72.44%
epoch  12 | iteration   640 | Loss 1.722028 | Acc 71.46% | WER 74.81%
epoch  12 | iteration   660 | Loss 1.771950 | Acc 70.83% | WER 73.70%
epoch  12 | iteration   680 | Loss 1.645599 | Acc 75.42% | WER 71.03%
epoch  12 | iteration   700 | Loss 1.358192 | Acc 76.67% | WER 72.65%
epoch  12 | iteration   720 | Loss 1.479421 | Acc 76.67% | WER 72.16%
epoch  12 | iteration   740 | Loss 1.674489 | Acc 74.58% | WER 71.83%
epoch  12 | iteration   760 | Loss 1.680241 | Acc 72.92% | WER 74.82%
epoch  12 | iteration   780 | Loss 1.453876 | Acc 75.83% | WER 71.54%
epoch  12 | iteration   800 | Loss 1.526620 | Acc 75.42% | WER 76.17%
epoch  12 | iteration   820 | Loss 1.697824 | Acc 72.71% | WER 78.85%
epoch  12 | iteration   840 | Loss 1.878752 | Acc 70.42% | WER 73.10%
epoch  12 | iteration   860 | Loss 1.865151 | Acc 72.50% | WER 72.40%
epoch  12 | iteration   880 | Loss 1.666724 | Acc 72.92% | WER 73.40%
epoch  12 | iteration   900 | Loss 2.085010 | Acc 66.46% | WER 74.61%
epoch  12 | iteration   920 | Loss 1.381746 | Acc 78.54% | WER 74.89%
epoch  12 | iteration   940 | Loss 1.849320 | Acc 71.04% | WER 77.29%
epoch  12 | iteration   960 | Loss 2.139924 | Acc 68.54% | WER 77.36%
epoch  12 | iteration   980 | Loss 1.868747 | Acc 67.29% | WER 79.26%
epoch  12 | iteration  1000 | Loss 1.615599 | Acc 73.75% | WER 73.02%
epoch  12 | iteration  1020 | Loss 1.758049 | Acc 72.08% | WER 76.38%
epoch  12 | iteration  1040 | Loss 1.665174 | Acc 75.21% | WER 68.49%
epoch  12 | iteration  1060 | Loss 1.689747 | Acc 75.21% | WER 73.39%
epoch  12 | iteration  1080 | Loss 1.709029 | Acc 73.33% | WER 72.75%
epoch  12 | iteration  1100 | Loss 1.581191 | Acc 75.83% | WER 77.94%
epoch  12 | iteration  1120 | Loss 1.600572 | Acc 75.42% | WER 76.12%
epoch  12 | iteration  1140 | Loss 1.592835 | Acc 73.12% | WER 73.82%
Average Training Loss of Epoch 12: 1.644461 | Acc: 74.15% | WER 73.59%
Average Validation Loss of Epoch 12: 2.425467 | Acc: 76.23% | WER: 119.88% | BLEU-4: 0.10
Average test Loss of Epoch 12: 5.235682 | Acc: 62.43% | WER: 98.50% | BLEU-4: 0.00
####################Epoch 12 Model Saved####################
epoch  13 | iteration    20 | Loss 1.810892 | Acc 72.29% | WER 68.72%
epoch  13 | iteration    40 | Loss 1.583977 | Acc 73.54% | WER 76.05%
epoch  13 | iteration    60 | Loss 1.658418 | Acc 75.62% | WER 74.90%
epoch  13 | iteration    80 | Loss 1.621479 | Acc 76.25% | WER 68.59%
epoch  13 | iteration   100 | Loss 1.344245 | Acc 76.46% | WER 71.51%
epoch  13 | iteration   120 | Loss 1.665427 | Acc 75.62% | WER 68.22%
epoch  13 | iteration   140 | Loss 1.363568 | Acc 78.75% | WER 70.45%
epoch  13 | iteration   160 | Loss 1.661438 | Acc 75.21% | WER 66.33%
epoch  13 | iteration   180 | Loss 1.478133 | Acc 75.21% | WER 74.30%
epoch  13 | iteration   200 | Loss 1.496810 | Acc 76.46% | WER 69.21%
epoch  13 | iteration   220 | Loss 1.852251 | Acc 72.08% | WER 72.38%
epoch  13 | iteration   240 | Loss 1.785503 | Acc 73.12% | WER 70.00%
epoch  13 | iteration   260 | Loss 1.939776 | Acc 71.46% | WER 75.26%
epoch  13 | iteration   280 | Loss 1.637037 | Acc 74.79% | WER 68.23%
epoch  13 | iteration   300 | Loss 1.657283 | Acc 72.08% | WER 73.90%
epoch  13 | iteration   320 | Loss 1.404203 | Acc 76.46% | WER 73.98%
epoch  13 | iteration   340 | Loss 1.393261 | Acc 77.50% | WER 73.20%
epoch  13 | iteration   360 | Loss 1.558963 | Acc 75.62% | WER 69.90%
epoch  13 | iteration   380 | Loss 1.574955 | Acc 75.83% | WER 73.45%
epoch  13 | iteration   400 | Loss 1.742531 | Acc 72.50% | WER 74.52%
epoch  13 | iteration   420 | Loss 1.689293 | Acc 73.12% | WER 74.87%
epoch  13 | iteration   440 | Loss 1.502266 | Acc 77.92% | WER 74.86%
epoch  13 | iteration   460 | Loss 1.812146 | Acc 71.46% | WER 68.49%
epoch  13 | iteration   480 | Loss 1.225971 | Acc 79.79% | WER 72.31%
epoch  13 | iteration   500 | Loss 1.620206 | Acc 75.42% | WER 69.19%
epoch  13 | iteration   520 | Loss 1.720626 | Acc 72.92% | WER 70.31%
epoch  13 | iteration   540 | Loss 1.784276 | Acc 71.04% | WER 79.33%
epoch  13 | iteration   560 | Loss 1.773933 | Acc 72.92% | WER 74.63%
epoch  13 | iteration   580 | Loss 1.635842 | Acc 73.75% | WER 73.19%
epoch  13 | iteration   600 | Loss 1.356528 | Acc 78.12% | WER 75.31%
epoch  13 | iteration   620 | Loss 1.589190 | Acc 73.75% | WER 77.68%
epoch  13 | iteration   640 | Loss 1.540934 | Acc 75.62% | WER 73.19%
epoch  13 | iteration   660 | Loss 1.669280 | Acc 74.17% | WER 76.51%
epoch  13 | iteration   680 | Loss 1.630756 | Acc 73.96% | WER 73.55%
epoch  13 | iteration   700 | Loss 1.406662 | Acc 77.08% | WER 74.71%
epoch  13 | iteration   720 | Loss 1.623966 | Acc 73.75% | WER 70.28%
epoch  13 | iteration   740 | Loss 1.539247 | Acc 74.58% | WER 70.37%
epoch  13 | iteration   760 | Loss 1.628259 | Acc 73.75% | WER 72.44%
epoch  13 | iteration   780 | Loss 1.739786 | Acc 73.54% | WER 72.95%
epoch  13 | iteration   800 | Loss 1.612879 | Acc 75.00% | WER 70.06%
epoch  13 | iteration   820 | Loss 1.327700 | Acc 78.75% | WER 68.53%
epoch  13 | iteration   840 | Loss 1.551785 | Acc 73.96% | WER 73.37%
epoch  13 | iteration   860 | Loss 1.637691 | Acc 71.88% | WER 74.79%
epoch  13 | iteration   880 | Loss 1.570129 | Acc 75.21% | WER 72.19%
epoch  13 | iteration   900 | Loss 1.646421 | Acc 73.54% | WER 73.69%
epoch  13 | iteration   920 | Loss 1.381814 | Acc 77.50% | WER 69.64%
epoch  13 | iteration   940 | Loss 1.656593 | Acc 73.96% | WER 75.23%
epoch  13 | iteration   960 | Loss 1.175533 | Acc 79.79% | WER 70.56%
epoch  13 | iteration   980 | Loss 1.502817 | Acc 75.83% | WER 69.32%
epoch  13 | iteration  1000 | Loss 1.574515 | Acc 75.21% | WER 67.91%
epoch  13 | iteration  1020 | Loss 1.649765 | Acc 74.58% | WER 71.53%
epoch  13 | iteration  1040 | Loss 1.581049 | Acc 73.75% | WER 69.27%
epoch  13 | iteration  1060 | Loss 1.467790 | Acc 76.67% | WER 69.10%
epoch  13 | iteration  1080 | Loss 1.742766 | Acc 71.25% | WER 76.38%
epoch  13 | iteration  1100 | Loss 1.510564 | Acc 76.25% | WER 68.90%
epoch  13 | iteration  1120 | Loss 1.269986 | Acc 79.17% | WER 69.85%
epoch  13 | iteration  1140 | Loss 1.682771 | Acc 72.71% | WER 71.61%
Average Training Loss of Epoch 13: 1.600679 | Acc: 74.59% | WER 72.38%
Average Validation Loss of Epoch 13: 2.688867 | Acc: 74.00% | WER: 136.38% | BLEU-4: 0.00
Average test Loss of Epoch 13: 5.440088 | Acc: 60.97% | WER: 101.38% | BLEU-4: 0.00
####################Epoch 13 Model Saved####################
epoch  14 | iteration    20 | Loss 1.450339 | Acc 75.62% | WER 64.88%
epoch  14 | iteration    40 | Loss 1.509214 | Acc 75.00% | WER 78.41%
epoch  14 | iteration    60 | Loss 1.327976 | Acc 78.33% | WER 72.61%
epoch  14 | iteration    80 | Loss 1.278006 | Acc 78.33% | WER 66.35%
epoch  14 | iteration   100 | Loss 1.750297 | Acc 72.92% | WER 71.54%
epoch  14 | iteration   120 | Loss 1.447745 | Acc 76.25% | WER 70.97%
epoch  14 | iteration   140 | Loss 1.502292 | Acc 75.83% | WER 74.43%
epoch  14 | iteration   160 | Loss 1.301046 | Acc 77.29% | WER 69.83%
epoch  14 | iteration   180 | Loss 1.666844 | Acc 72.50% | WER 71.36%
epoch  14 | iteration   200 | Loss 1.639866 | Acc 72.50% | WER 73.65%
epoch  14 | iteration   220 | Loss 1.460005 | Acc 76.67% | WER 72.58%
epoch  14 | iteration   240 | Loss 1.516850 | Acc 75.42% | WER 71.04%
epoch  14 | iteration   260 | Loss 1.381119 | Acc 78.12% | WER 67.61%
epoch  14 | iteration   280 | Loss 1.543642 | Acc 76.25% | WER 71.53%
epoch  14 | iteration   300 | Loss 1.423451 | Acc 77.92% | WER 67.22%
epoch  14 | iteration   320 | Loss 1.580849 | Acc 72.71% | WER 74.78%
epoch  14 | iteration   340 | Loss 1.679749 | Acc 72.92% | WER 69.32%
epoch  14 | iteration   360 | Loss 1.388431 | Acc 76.46% | WER 74.49%
epoch  14 | iteration   380 | Loss 1.508900 | Acc 74.79% | WER 72.61%
epoch  14 | iteration   400 | Loss 1.562858 | Acc 76.67% | WER 71.78%
epoch  14 | iteration   420 | Loss 1.442436 | Acc 76.46% | WER 65.28%
epoch  14 | iteration   440 | Loss 1.365457 | Acc 78.54% | WER 67.10%
epoch  14 | iteration   460 | Loss 1.574283 | Acc 73.12% | WER 77.47%
epoch  14 | iteration   480 | Loss 1.545137 | Acc 73.33% | WER 69.57%
epoch  14 | iteration   500 | Loss 1.695325 | Acc 74.58% | WER 68.29%
epoch  14 | iteration   520 | Loss 1.790515 | Acc 71.67% | WER 73.52%
epoch  14 | iteration   540 | Loss 1.522838 | Acc 76.25% | WER 67.80%
epoch  14 | iteration   560 | Loss 1.253836 | Acc 79.17% | WER 66.26%
epoch  14 | iteration   580 | Loss 1.333579 | Acc 77.92% | WER 70.40%
epoch  14 | iteration   600 | Loss 1.425751 | Acc 75.21% | WER 68.84%
epoch  14 | iteration   620 | Loss 1.770160 | Acc 72.92% | WER 69.68%
epoch  14 | iteration   640 | Loss 1.605918 | Acc 71.25% | WER 71.86%
epoch  14 | iteration   660 | Loss 1.786304 | Acc 72.08% | WER 71.76%
epoch  14 | iteration   680 | Loss 1.411467 | Acc 76.88% | WER 72.24%
epoch  14 | iteration   700 | Loss 1.427680 | Acc 77.08% | WER 67.87%
epoch  14 | iteration   720 | Loss 1.585298 | Acc 74.17% | WER 67.25%
epoch  14 | iteration   740 | Loss 1.376354 | Acc 76.46% | WER 68.65%
epoch  14 | iteration   760 | Loss 1.507534 | Acc 75.21% | WER 70.16%
epoch  14 | iteration   780 | Loss 1.296636 | Acc 79.38% | WER 66.05%
epoch  14 | iteration   800 | Loss 1.568608 | Acc 74.58% | WER 74.51%
epoch  14 | iteration   820 | Loss 1.386899 | Acc 77.50% | WER 67.91%
epoch  14 | iteration   840 | Loss 1.425558 | Acc 77.08% | WER 70.82%
epoch  14 | iteration   860 | Loss 1.503299 | Acc 74.58% | WER 69.45%
epoch  14 | iteration   880 | Loss 1.792218 | Acc 71.88% | WER 76.57%
epoch  14 | iteration   900 | Loss 1.486564 | Acc 75.42% | WER 69.44%
epoch  14 | iteration   920 | Loss 1.630917 | Acc 73.54% | WER 67.67%
epoch  14 | iteration   940 | Loss 1.549819 | Acc 76.88% | WER 71.35%
epoch  14 | iteration   960 | Loss 1.313682 | Acc 78.96% | WER 74.07%
epoch  14 | iteration   980 | Loss 1.498900 | Acc 74.58% | WER 77.10%
epoch  14 | iteration  1000 | Loss 1.367372 | Acc 77.08% | WER 74.71%
epoch  14 | iteration  1020 | Loss 1.794491 | Acc 71.88% | WER 73.57%
epoch  14 | iteration  1040 | Loss 1.746021 | Acc 72.29% | WER 71.75%
epoch  14 | iteration  1060 | Loss 1.537002 | Acc 73.33% | WER 68.31%
epoch  14 | iteration  1080 | Loss 1.336423 | Acc 76.67% | WER 77.35%
epoch  14 | iteration  1100 | Loss 1.534525 | Acc 76.46% | WER 74.20%
epoch  14 | iteration  1120 | Loss 1.602022 | Acc 74.58% | WER 69.44%
epoch  14 | iteration  1140 | Loss 1.878471 | Acc 69.79% | WER 72.42%
Average Training Loss of Epoch 14: 1.553896 | Acc: 75.04% | WER 71.09%
Average Validation Loss of Epoch 14: 2.387910 | Acc: 76.82% | WER: 116.46% | BLEU-4: 0.00
Average test Loss of Epoch 14: 5.316583 | Acc: 63.35% | WER: 96.60% | BLEU-4: 0.00
####################Epoch 14 Model Saved####################
epoch  15 | iteration    20 | Loss 1.768863 | Acc 72.08% | WER 69.03%
epoch  15 | iteration    40 | Loss 1.358445 | Acc 77.92% | WER 64.24%
epoch  15 | iteration    60 | Loss 1.386705 | Acc 79.58% | WER 60.14%
epoch  15 | iteration    80 | Loss 1.127535 | Acc 81.88% | WER 64.94%
epoch  15 | iteration   100 | Loss 1.532835 | Acc 75.62% | WER 79.32%
epoch  15 | iteration   120 | Loss 1.528737 | Acc 76.46% | WER 70.20%
epoch  15 | iteration   140 | Loss 1.393182 | Acc 78.54% | WER 61.20%
epoch  15 | iteration   160 | Loss 1.284320 | Acc 79.38% | WER 66.28%
epoch  15 | iteration   180 | Loss 1.336793 | Acc 78.54% | WER 58.46%
epoch  15 | iteration   200 | Loss 1.561221 | Acc 76.25% | WER 67.18%
epoch  15 | iteration   220 | Loss 1.747238 | Acc 71.88% | WER 72.41%
epoch  15 | iteration   240 | Loss 1.555287 | Acc 74.79% | WER 67.49%
epoch  15 | iteration   260 | Loss 1.757143 | Acc 72.08% | WER 73.58%
epoch  15 | iteration   280 | Loss 1.488543 | Acc 75.83% | WER 67.47%
epoch  15 | iteration   300 | Loss 1.499884 | Acc 75.83% | WER 69.86%
epoch  15 | iteration   320 | Loss 1.244081 | Acc 81.04% | WER 63.47%
epoch  15 | iteration   340 | Loss 1.667641 | Acc 73.75% | WER 71.68%
epoch  15 | iteration   360 | Loss 1.368801 | Acc 77.71% | WER 67.99%
epoch  15 | iteration   380 | Loss 1.382678 | Acc 78.54% | WER 63.07%
epoch  15 | iteration   400 | Loss 1.306913 | Acc 78.96% | WER 65.88%
epoch  15 | iteration   420 | Loss 1.685181 | Acc 74.38% | WER 66.20%
epoch  15 | iteration   440 | Loss 1.538063 | Acc 75.62% | WER 65.80%
epoch  15 | iteration   460 | Loss 1.734155 | Acc 73.12% | WER 69.76%
epoch  15 | iteration   480 | Loss 1.371372 | Acc 78.12% | WER 68.75%
epoch  15 | iteration   500 | Loss 1.524536 | Acc 75.62% | WER 67.82%
epoch  15 | iteration   520 | Loss 1.554880 | Acc 76.46% | WER 69.40%
epoch  15 | iteration   540 | Loss 1.413588 | Acc 77.08% | WER 68.05%
epoch  15 | iteration   560 | Loss 1.595903 | Acc 74.79% | WER 71.92%
epoch  15 | iteration   580 | Loss 1.322985 | Acc 78.54% | WER 64.97%
epoch  15 | iteration   600 | Loss 1.526546 | Acc 74.17% | WER 71.15%
epoch  15 | iteration   620 | Loss 1.500766 | Acc 75.00% | WER 70.19%
epoch  15 | iteration   640 | Loss 1.658945 | Acc 74.38% | WER 68.75%
epoch  15 | iteration   660 | Loss 1.559569 | Acc 74.79% | WER 67.54%
epoch  15 | iteration   680 | Loss 1.356610 | Acc 77.29% | WER 63.60%
epoch  15 | iteration   700 | Loss 1.529152 | Acc 73.96% | WER 66.96%
epoch  15 | iteration   720 | Loss 1.433870 | Acc 76.67% | WER 69.57%
epoch  15 | iteration   740 | Loss 1.261480 | Acc 78.33% | WER 71.57%
epoch  15 | iteration   760 | Loss 1.550089 | Acc 76.25% | WER 72.86%
epoch  15 | iteration   780 | Loss 1.239963 | Acc 80.42% | WER 58.76%
epoch  15 | iteration   800 | Loss 1.565685 | Acc 75.83% | WER 66.99%
epoch  15 | iteration   820 | Loss 1.604120 | Acc 73.96% | WER 66.70%
epoch  15 | iteration   840 | Loss 1.726527 | Acc 71.88% | WER 75.13%
epoch  15 | iteration   860 | Loss 1.311249 | Acc 79.38% | WER 63.81%
epoch  15 | iteration   880 | Loss 1.617141 | Acc 73.75% | WER 70.36%
epoch  15 | iteration   900 | Loss 1.462244 | Acc 74.17% | WER 70.44%
epoch  15 | iteration   920 | Loss 1.443903 | Acc 76.25% | WER 71.16%
epoch  15 | iteration   940 | Loss 1.461338 | Acc 78.75% | WER 66.93%
epoch  15 | iteration   960 | Loss 1.752596 | Acc 70.42% | WER 68.23%
epoch  15 | iteration   980 | Loss 1.414883 | Acc 74.38% | WER 73.02%
epoch  15 | iteration  1000 | Loss 1.634235 | Acc 73.33% | WER 66.47%
epoch  15 | iteration  1020 | Loss 1.331269 | Acc 77.08% | WER 64.79%
epoch  15 | iteration  1040 | Loss 1.544180 | Acc 75.00% | WER 71.08%
epoch  15 | iteration  1060 | Loss 1.334731 | Acc 78.12% | WER 65.06%
epoch  15 | iteration  1080 | Loss 1.244582 | Acc 78.12% | WER 71.36%
epoch  15 | iteration  1100 | Loss 1.430190 | Acc 76.25% | WER 70.50%
epoch  15 | iteration  1120 | Loss 1.490057 | Acc 75.21% | WER 65.15%
epoch  15 | iteration  1140 | Loss 1.423919 | Acc 77.29% | WER 68.35%
Average Training Loss of Epoch 15: 1.504792 | Acc: 75.60% | WER 69.55%
Average Validation Loss of Epoch 15: 2.309587 | Acc: 76.87% | WER: 116.06% | BLEU-4: 0.00
Average test Loss of Epoch 15: 6.129964 | Acc: 62.68% | WER: 92.12% | BLEU-4: 0.00
####################Epoch 15 Model Saved####################
epoch  16 | iteration    20 | Loss 1.593180 | Acc 76.46% | WER 64.85%
epoch  16 | iteration    40 | Loss 1.328890 | Acc 77.29% | WER 73.79%
epoch  16 | iteration    60 | Loss 1.663586 | Acc 72.08% | WER 71.76%
epoch  16 | iteration    80 | Loss 1.513570 | Acc 75.42% | WER 66.42%
epoch  16 | iteration   100 | Loss 1.469781 | Acc 76.25% | WER 67.48%
epoch  16 | iteration   120 | Loss 1.444870 | Acc 77.08% | WER 71.05%
epoch  16 | iteration   140 | Loss 1.336714 | Acc 77.92% | WER 74.52%
epoch  16 | iteration   160 | Loss 1.728825 | Acc 72.92% | WER 68.87%
epoch  16 | iteration   180 | Loss 1.361313 | Acc 78.33% | WER 68.79%
epoch  16 | iteration   200 | Loss 1.326180 | Acc 76.88% | WER 69.24%
epoch  16 | iteration   220 | Loss 1.384265 | Acc 76.67% | WER 67.59%
epoch  16 | iteration   240 | Loss 1.372213 | Acc 76.88% | WER 65.89%
epoch  16 | iteration   260 | Loss 1.334686 | Acc 78.75% | WER 66.23%
epoch  16 | iteration   280 | Loss 1.518516 | Acc 73.96% | WER 70.66%
epoch  16 | iteration   300 | Loss 1.475225 | Acc 73.96% | WER 70.71%
epoch  16 | iteration   320 | Loss 1.238718 | Acc 78.33% | WER 67.33%
epoch  16 | iteration   340 | Loss 1.417225 | Acc 76.25% | WER 71.26%
epoch  16 | iteration   360 | Loss 1.479768 | Acc 73.75% | WER 73.93%
epoch  16 | iteration   380 | Loss 1.476066 | Acc 76.88% | WER 69.53%
epoch  16 | iteration   400 | Loss 1.432882 | Acc 74.79% | WER 68.95%
epoch  16 | iteration   420 | Loss 1.441090 | Acc 75.83% | WER 72.22%
epoch  16 | iteration   440 | Loss 1.561163 | Acc 74.17% | WER 72.67%
epoch  16 | iteration   460 | Loss 1.459947 | Acc 76.46% | WER 68.44%
epoch  16 | iteration   480 | Loss 1.590860 | Acc 74.79% | WER 69.92%
epoch  16 | iteration   500 | Loss 1.449591 | Acc 76.46% | WER 67.84%
epoch  16 | iteration   520 | Loss 1.604185 | Acc 74.38% | WER 62.55%
epoch  16 | iteration   540 | Loss 1.294331 | Acc 79.17% | WER 61.15%
epoch  16 | iteration   560 | Loss 1.601673 | Acc 73.12% | WER 71.56%
epoch  16 | iteration   580 | Loss 1.565465 | Acc 74.58% | WER 69.60%
epoch  16 | iteration   600 | Loss 1.464000 | Acc 76.46% | WER 68.01%
epoch  16 | iteration   620 | Loss 1.763438 | Acc 71.04% | WER 75.77%
epoch  16 | iteration   640 | Loss 1.516029 | Acc 76.67% | WER 67.76%
epoch  16 | iteration   660 | Loss 1.433409 | Acc 76.46% | WER 64.59%
epoch  16 | iteration   680 | Loss 1.110656 | Acc 79.79% | WER 67.20%
epoch  16 | iteration   700 | Loss 1.592269 | Acc 73.75% | WER 69.74%
epoch  16 | iteration   720 | Loss 1.676788 | Acc 72.92% | WER 67.12%
epoch  16 | iteration   740 | Loss 1.339789 | Acc 77.50% | WER 62.97%
epoch  16 | iteration   760 | Loss 1.529103 | Acc 73.12% | WER 70.74%
epoch  16 | iteration   780 | Loss 1.625311 | Acc 72.50% | WER 72.78%
epoch  16 | iteration   800 | Loss 1.551345 | Acc 76.46% | WER 66.80%
epoch  16 | iteration   820 | Loss 1.385400 | Acc 77.08% | WER 70.22%
epoch  16 | iteration   840 | Loss 1.547973 | Acc 76.67% | WER 66.35%
epoch  16 | iteration   860 | Loss 1.477630 | Acc 78.54% | WER 64.15%
epoch  16 | iteration   880 | Loss 1.424023 | Acc 76.04% | WER 63.59%
epoch  16 | iteration   900 | Loss 1.439216 | Acc 77.08% | WER 66.65%
epoch  16 | iteration   920 | Loss 1.543587 | Acc 76.25% | WER 69.07%
epoch  16 | iteration   940 | Loss 1.423050 | Acc 77.92% | WER 67.72%
epoch  16 | iteration   960 | Loss 1.321122 | Acc 78.54% | WER 69.37%
epoch  16 | iteration   980 | Loss 1.402909 | Acc 77.92% | WER 68.44%
epoch  16 | iteration  1000 | Loss 1.364730 | Acc 76.46% | WER 68.22%
epoch  16 | iteration  1020 | Loss 1.492311 | Acc 74.79% | WER 71.45%
epoch  16 | iteration  1040 | Loss 1.329653 | Acc 77.29% | WER 66.25%
epoch  16 | iteration  1060 | Loss 1.377602 | Acc 76.25% | WER 70.39%
epoch  16 | iteration  1080 | Loss 1.385353 | Acc 76.67% | WER 66.32%
epoch  16 | iteration  1100 | Loss 1.512446 | Acc 75.62% | WER 66.39%
epoch  16 | iteration  1120 | Loss 1.587741 | Acc 75.42% | WER 64.17%
epoch  16 | iteration  1140 | Loss 1.128440 | Acc 80.21% | WER 68.65%
Average Training Loss of Epoch 16: 1.460122 | Acc: 76.10% | WER 68.17%
Average Validation Loss of Epoch 16: 2.480282 | Acc: 76.63% | WER: 117.68% | BLEU-4: 0.00
Average test Loss of Epoch 16: 5.474361 | Acc: 63.23% | WER: 98.31% | BLEU-4: 0.00
####################Epoch 16 Model Saved####################
epoch  17 | iteration    20 | Loss 1.275107 | Acc 78.75% | WER 64.59%
epoch  17 | iteration    40 | Loss 1.219411 | Acc 79.17% | WER 65.53%
epoch  17 | iteration    60 | Loss 1.195608 | Acc 80.00% | WER 59.36%
epoch  17 | iteration    80 | Loss 1.407135 | Acc 77.29% | WER 64.54%
epoch  17 | iteration   100 | Loss 1.357531 | Acc 78.33% | WER 65.52%
epoch  17 | iteration   120 | Loss 1.513700 | Acc 77.29% | WER 64.67%
epoch  17 | iteration   140 | Loss 1.495099 | Acc 75.21% | WER 63.79%
epoch  17 | iteration   160 | Loss 1.319815 | Acc 77.92% | WER 64.53%
epoch  17 | iteration   180 | Loss 1.429192 | Acc 74.79% | WER 68.22%
epoch  17 | iteration   200 | Loss 1.484516 | Acc 75.21% | WER 66.33%
epoch  17 | iteration   220 | Loss 1.375399 | Acc 77.71% | WER 65.58%
epoch  17 | iteration   240 | Loss 1.441959 | Acc 76.67% | WER 66.66%
epoch  17 | iteration   260 | Loss 1.532327 | Acc 76.46% | WER 67.15%
epoch  17 | iteration   280 | Loss 1.457350 | Acc 76.04% | WER 67.03%
epoch  17 | iteration   300 | Loss 1.429486 | Acc 77.71% | WER 64.57%
epoch  17 | iteration   320 | Loss 1.493411 | Acc 74.79% | WER 71.73%
epoch  17 | iteration   340 | Loss 1.308341 | Acc 77.29% | WER 64.67%
epoch  17 | iteration   360 | Loss 1.426241 | Acc 75.00% | WER 66.60%
epoch  17 | iteration   380 | Loss 1.338760 | Acc 76.04% | WER 70.33%
epoch  17 | iteration   400 | Loss 1.637899 | Acc 72.29% | WER 68.93%
epoch  17 | iteration   420 | Loss 1.425037 | Acc 77.29% | WER 69.03%
epoch  17 | iteration   440 | Loss 1.340984 | Acc 78.12% | WER 63.62%
epoch  17 | iteration   460 | Loss 1.486790 | Acc 75.00% | WER 67.06%
epoch  17 | iteration   480 | Loss 1.285855 | Acc 77.71% | WER 73.95%
epoch  17 | iteration   500 | Loss 1.325823 | Acc 77.71% | WER 68.11%
epoch  17 | iteration   520 | Loss 1.507532 | Acc 75.83% | WER 65.04%
epoch  17 | iteration   540 | Loss 1.138623 | Acc 80.00% | WER 75.12%
epoch  17 | iteration   560 | Loss 1.436125 | Acc 75.62% | WER 66.58%
epoch  17 | iteration   580 | Loss 1.433158 | Acc 76.88% | WER 64.90%
epoch  17 | iteration   600 | Loss 1.380168 | Acc 77.29% | WER 64.15%
epoch  17 | iteration   620 | Loss 1.688179 | Acc 74.79% | WER 61.36%
epoch  17 | iteration   640 | Loss 1.451001 | Acc 77.71% | WER 62.50%
epoch  17 | iteration   660 | Loss 1.372982 | Acc 76.04% | WER 67.31%
epoch  17 | iteration   680 | Loss 1.379596 | Acc 77.50% | WER 63.88%
epoch  17 | iteration   700 | Loss 1.653813 | Acc 72.08% | WER 68.54%
epoch  17 | iteration   720 | Loss 1.428031 | Acc 77.29% | WER 65.74%
epoch  17 | iteration   740 | Loss 1.700709 | Acc 73.96% | WER 66.71%
epoch  17 | iteration   760 | Loss 1.601243 | Acc 74.58% | WER 67.10%
epoch  17 | iteration   780 | Loss 1.313998 | Acc 78.33% | WER 68.10%
epoch  17 | iteration   800 | Loss 1.319061 | Acc 77.71% | WER 61.78%
epoch  17 | iteration   820 | Loss 1.500987 | Acc 74.58% | WER 66.07%
epoch  17 | iteration   840 | Loss 1.552912 | Acc 75.42% | WER 62.68%
epoch  17 | iteration   860 | Loss 1.502266 | Acc 75.83% | WER 63.31%
epoch  17 | iteration   880 | Loss 1.794502 | Acc 70.21% | WER 69.38%
epoch  17 | iteration   900 | Loss 1.346067 | Acc 78.54% | WER 64.43%
epoch  17 | iteration   920 | Loss 1.379243 | Acc 76.88% | WER 67.34%
epoch  17 | iteration   940 | Loss 1.123350 | Acc 80.62% | WER 61.96%
epoch  17 | iteration   960 | Loss 1.386481 | Acc 75.00% | WER 72.00%
epoch  17 | iteration   980 | Loss 1.241311 | Acc 77.92% | WER 65.33%
epoch  17 | iteration  1000 | Loss 1.248857 | Acc 78.75% | WER 66.70%
epoch  17 | iteration  1020 | Loss 1.362410 | Acc 76.67% | WER 69.23%
epoch  17 | iteration  1040 | Loss 1.473166 | Acc 76.67% | WER 63.59%
epoch  17 | iteration  1060 | Loss 1.562533 | Acc 74.79% | WER 64.81%
epoch  17 | iteration  1080 | Loss 1.585928 | Acc 73.75% | WER 63.28%
epoch  17 | iteration  1100 | Loss 1.288643 | Acc 78.12% | WER 65.64%
epoch  17 | iteration  1120 | Loss 1.568054 | Acc 72.92% | WER 69.17%
epoch  17 | iteration  1140 | Loss 1.496897 | Acc 76.04% | WER 61.75%
Average Training Loss of Epoch 17: 1.410669 | Acc: 76.71% | WER 66.46%
Average Validation Loss of Epoch 17: 4.698243 | Acc: 62.60% | WER: 195.36% | BLEU-4: 0.00
Average test Loss of Epoch 17: 5.609110 | Acc: 62.73% | WER: 91.27% | BLEU-4: 0.00
####################Epoch 17 Model Saved####################
epoch  18 | iteration    20 | Loss 1.601572 | Acc 73.33% | WER 64.16%
epoch  18 | iteration    40 | Loss 1.308203 | Acc 77.29% | WER 72.41%
epoch  18 | iteration    60 | Loss 1.175814 | Acc 78.96% | WER 68.99%
epoch  18 | iteration    80 | Loss 1.328305 | Acc 76.46% | WER 65.87%
epoch  18 | iteration   100 | Loss 1.238886 | Acc 79.58% | WER 64.41%
epoch  18 | iteration   120 | Loss 1.237417 | Acc 79.17% | WER 70.92%
epoch  18 | iteration   140 | Loss 1.336760 | Acc 77.92% | WER 65.02%
epoch  18 | iteration   160 | Loss 1.421217 | Acc 76.25% | WER 72.34%
epoch  18 | iteration   180 | Loss 1.456402 | Acc 77.29% | WER 65.72%
epoch  18 | iteration   200 | Loss 1.408826 | Acc 76.46% | WER 65.87%
epoch  18 | iteration   220 | Loss 1.271698 | Acc 78.75% | WER 65.38%
epoch  18 | iteration   240 | Loss 1.320409 | Acc 77.71% | WER 70.55%
epoch  18 | iteration   260 | Loss 1.798717 | Acc 70.62% | WER 67.42%
epoch  18 | iteration   280 | Loss 1.278712 | Acc 79.38% | WER 65.97%
epoch  18 | iteration   300 | Loss 1.393295 | Acc 75.42% | WER 66.22%
epoch  18 | iteration   320 | Loss 1.503981 | Acc 77.29% | WER 61.47%
epoch  18 | iteration   340 | Loss 1.180660 | Acc 78.54% | WER 66.88%
epoch  18 | iteration   360 | Loss 1.461530 | Acc 77.50% | WER 64.54%
epoch  18 | iteration   380 | Loss 1.480769 | Acc 74.58% | WER 65.05%
epoch  18 | iteration   400 | Loss 1.088297 | Acc 81.04% | WER 64.75%
epoch  18 | iteration   420 | Loss 1.311166 | Acc 78.33% | WER 69.09%
epoch  18 | iteration   440 | Loss 1.400851 | Acc 76.04% | WER 66.99%
epoch  18 | iteration   460 | Loss 1.270422 | Acc 78.54% | WER 62.84%
epoch  18 | iteration   480 | Loss 1.464914 | Acc 74.38% | WER 67.09%
epoch  18 | iteration   500 | Loss 1.406246 | Acc 77.29% | WER 62.00%
epoch  18 | iteration   520 | Loss 1.347306 | Acc 77.71% | WER 61.82%
epoch  18 | iteration   540 | Loss 1.653895 | Acc 71.88% | WER 70.74%
epoch  18 | iteration   560 | Loss 1.393951 | Acc 75.83% | WER 69.99%
epoch  18 | iteration   580 | Loss 1.477410 | Acc 75.00% | WER 65.71%
epoch  18 | iteration   600 | Loss 1.444979 | Acc 77.92% | WER 61.98%
epoch  18 | iteration   620 | Loss 1.458205 | Acc 75.00% | WER 69.41%
epoch  18 | iteration   640 | Loss 1.339894 | Acc 77.08% | WER 64.80%
epoch  18 | iteration   660 | Loss 1.718765 | Acc 72.50% | WER 72.53%
epoch  18 | iteration   680 | Loss 1.335182 | Acc 77.50% | WER 57.20%
epoch  18 | iteration   700 | Loss 1.347268 | Acc 76.88% | WER 66.23%
epoch  18 | iteration   720 | Loss 1.429710 | Acc 77.08% | WER 67.16%
epoch  18 | iteration   740 | Loss 1.203614 | Acc 79.79% | WER 62.98%
epoch  18 | iteration   760 | Loss 1.396945 | Acc 76.04% | WER 64.21%
epoch  18 | iteration   780 | Loss 1.334429 | Acc 77.08% | WER 65.45%
epoch  18 | iteration   800 | Loss 1.199174 | Acc 79.38% | WER 61.84%
epoch  18 | iteration   820 | Loss 1.443211 | Acc 75.83% | WER 68.45%
epoch  18 | iteration   840 | Loss 1.103911 | Acc 80.62% | WER 64.70%
epoch  18 | iteration   860 | Loss 1.470032 | Acc 76.04% | WER 66.55%
epoch  18 | iteration   880 | Loss 1.456919 | Acc 74.38% | WER 70.45%
epoch  18 | iteration   900 | Loss 1.496380 | Acc 75.42% | WER 70.95%
epoch  18 | iteration   920 | Loss 1.186115 | Acc 80.21% | WER 66.25%
epoch  18 | iteration   940 | Loss 1.300511 | Acc 78.54% | WER 66.58%
epoch  18 | iteration   960 | Loss 1.311266 | Acc 77.50% | WER 68.86%
epoch  18 | iteration   980 | Loss 1.218472 | Acc 78.75% | WER 64.08%
epoch  18 | iteration  1000 | Loss 1.296427 | Acc 78.75% | WER 65.57%
epoch  18 | iteration  1020 | Loss 1.215578 | Acc 80.42% | WER 63.21%
epoch  18 | iteration  1040 | Loss 1.293249 | Acc 78.75% | WER 66.20%
epoch  18 | iteration  1060 | Loss 1.392756 | Acc 75.62% | WER 66.24%
epoch  18 | iteration  1080 | Loss 1.353789 | Acc 78.33% | WER 67.28%
epoch  18 | iteration  1100 | Loss 1.423005 | Acc 77.29% | WER 64.15%
epoch  18 | iteration  1120 | Loss 1.311874 | Acc 78.33% | WER 65.34%
epoch  18 | iteration  1140 | Loss 1.331489 | Acc 77.71% | WER 64.05%
Average Training Loss of Epoch 18: 1.366286 | Acc: 77.24% | WER 65.02%
Average Validation Loss of Epoch 18: 3.237233 | Acc: 70.97% | WER: 145.50% | BLEU-4: 0.00
Average test Loss of Epoch 18: 5.493919 | Acc: 62.42% | WER: 93.78% | BLEU-4: 0.00
####################Epoch 18 Model Saved####################
epoch  19 | iteration    20 | Loss 1.310491 | Acc 78.54% | WER 70.43%
epoch  19 | iteration    40 | Loss 1.362321 | Acc 76.46% | WER 65.32%
epoch  19 | iteration    60 | Loss 1.232119 | Acc 80.21% | WER 61.76%
epoch  19 | iteration    80 | Loss 1.267296 | Acc 77.71% | WER 61.82%
epoch  19 | iteration   100 | Loss 1.412373 | Acc 78.33% | WER 60.58%
epoch  19 | iteration   120 | Loss 1.303388 | Acc 77.50% | WER 60.56%
epoch  19 | iteration   140 | Loss 1.400823 | Acc 76.88% | WER 62.02%
epoch  19 | iteration   160 | Loss 1.240931 | Acc 79.17% | WER 60.07%
epoch  19 | iteration   180 | Loss 1.359116 | Acc 78.33% | WER 58.84%
epoch  19 | iteration   200 | Loss 1.288943 | Acc 78.96% | WER 60.69%
epoch  19 | iteration   220 | Loss 1.191193 | Acc 78.96% | WER 57.70%
epoch  19 | iteration   240 | Loss 1.262362 | Acc 78.54% | WER 64.78%
epoch  19 | iteration   260 | Loss 1.498964 | Acc 76.67% | WER 62.10%
epoch  19 | iteration   280 | Loss 1.488657 | Acc 72.71% | WER 67.16%
epoch  19 | iteration   300 | Loss 1.093125 | Acc 82.29% | WER 65.09%
epoch  19 | iteration   320 | Loss 1.256289 | Acc 77.50% | WER 65.04%
epoch  19 | iteration   340 | Loss 1.435998 | Acc 75.42% | WER 66.37%
epoch  19 | iteration   360 | Loss 1.409060 | Acc 78.33% | WER 63.50%
epoch  19 | iteration   380 | Loss 1.178807 | Acc 81.25% | WER 57.07%
epoch  19 | iteration   400 | Loss 1.485762 | Acc 77.08% | WER 64.80%
epoch  19 | iteration   420 | Loss 0.914480 | Acc 84.38% | WER 58.56%
epoch  19 | iteration   440 | Loss 1.397384 | Acc 75.42% | WER 62.84%
epoch  19 | iteration   460 | Loss 1.525953 | Acc 74.38% | WER 62.53%
epoch  19 | iteration   480 | Loss 1.118212 | Acc 81.46% | WER 63.45%
epoch  19 | iteration   500 | Loss 1.228388 | Acc 78.54% | WER 68.71%
epoch  19 | iteration   520 | Loss 1.343774 | Acc 77.92% | WER 63.30%
epoch  19 | iteration   540 | Loss 1.363968 | Acc 77.71% | WER 62.47%
epoch  19 | iteration   560 | Loss 1.367308 | Acc 75.83% | WER 64.92%
epoch  19 | iteration   580 | Loss 1.225873 | Acc 77.92% | WER 61.23%
epoch  19 | iteration   600 | Loss 1.430182 | Acc 76.67% | WER 61.74%
epoch  19 | iteration   620 | Loss 1.303200 | Acc 78.33% | WER 65.70%
epoch  19 | iteration   640 | Loss 1.349096 | Acc 77.71% | WER 61.36%
epoch  19 | iteration   660 | Loss 1.394012 | Acc 77.50% | WER 62.21%
epoch  19 | iteration   680 | Loss 1.586991 | Acc 73.75% | WER 66.41%
epoch  19 | iteration   700 | Loss 1.444172 | Acc 75.21% | WER 60.34%
epoch  19 | iteration   720 | Loss 1.387769 | Acc 76.46% | WER 62.19%
epoch  19 | iteration   740 | Loss 1.462211 | Acc 76.46% | WER 65.19%
epoch  19 | iteration   760 | Loss 1.418032 | Acc 76.88% | WER 64.53%
epoch  19 | iteration   780 | Loss 1.181860 | Acc 80.21% | WER 57.60%
epoch  19 | iteration   800 | Loss 1.247350 | Acc 79.79% | WER 59.51%
epoch  19 | iteration   820 | Loss 1.252396 | Acc 78.75% | WER 60.86%
epoch  19 | iteration   840 | Loss 1.287500 | Acc 77.08% | WER 64.64%
epoch  19 | iteration   860 | Loss 1.370974 | Acc 76.88% | WER 66.58%
epoch  19 | iteration   880 | Loss 1.016530 | Acc 81.88% | WER 62.76%
epoch  19 | iteration   900 | Loss 1.381350 | Acc 77.29% | WER 60.52%
epoch  19 | iteration   920 | Loss 1.282701 | Acc 78.54% | WER 63.30%
epoch  19 | iteration   940 | Loss 1.472174 | Acc 76.04% | WER 61.99%
epoch  19 | iteration   960 | Loss 1.601916 | Acc 72.92% | WER 69.56%
epoch  19 | iteration   980 | Loss 1.212319 | Acc 79.58% | WER 65.53%
epoch  19 | iteration  1000 | Loss 1.055004 | Acc 81.04% | WER 60.39%
epoch  19 | iteration  1020 | Loss 1.458462 | Acc 74.79% | WER 65.94%
epoch  19 | iteration  1040 | Loss 1.320326 | Acc 78.33% | WER 65.03%
epoch  19 | iteration  1060 | Loss 1.334341 | Acc 78.54% | WER 57.48%
epoch  19 | iteration  1080 | Loss 1.569013 | Acc 74.58% | WER 64.12%
epoch  19 | iteration  1100 | Loss 1.269037 | Acc 76.67% | WER 69.59%
epoch  19 | iteration  1120 | Loss 1.380194 | Acc 76.88% | WER 63.84%
epoch  19 | iteration  1140 | Loss 1.109751 | Acc 79.79% | WER 62.67%
Average Training Loss of Epoch 19: 1.317090 | Acc: 77.86% | WER 63.30%
Average Validation Loss of Epoch 19: 3.377098 | Acc: 72.22% | WER: 144.44% | BLEU-4: 0.00
Average test Loss of Epoch 19: 5.708454 | Acc: 62.50% | WER: 92.20% | BLEU-4: 0.00
####################Epoch 19 Model Saved####################
epoch  20 | iteration    20 | Loss 1.101462 | Acc 81.67% | WER 57.97%
epoch  20 | iteration    40 | Loss 1.146950 | Acc 78.12% | WER 63.48%
epoch  20 | iteration    60 | Loss 1.275944 | Acc 76.88% | WER 58.98%
epoch  20 | iteration    80 | Loss 1.321120 | Acc 76.25% | WER 68.26%
epoch  20 | iteration   100 | Loss 1.112371 | Acc 80.83% | WER 57.81%
epoch  20 | iteration   120 | Loss 1.357646 | Acc 77.71% | WER 63.36%
epoch  20 | iteration   140 | Loss 1.088309 | Acc 82.29% | WER 57.30%
epoch  20 | iteration   160 | Loss 1.227673 | Acc 80.21% | WER 57.36%
epoch  20 | iteration   180 | Loss 1.269416 | Acc 78.33% | WER 61.74%
epoch  20 | iteration   200 | Loss 1.265908 | Acc 77.71% | WER 64.11%
epoch  20 | iteration   220 | Loss 1.218521 | Acc 81.04% | WER 54.55%
epoch  20 | iteration   240 | Loss 1.278173 | Acc 78.96% | WER 59.89%
epoch  20 | iteration   260 | Loss 1.139342 | Acc 79.79% | WER 61.90%
epoch  20 | iteration   280 | Loss 1.448281 | Acc 76.46% | WER 63.64%
epoch  20 | iteration   300 | Loss 1.259388 | Acc 78.33% | WER 63.41%
epoch  20 | iteration   320 | Loss 1.251196 | Acc 79.38% | WER 60.65%
epoch  20 | iteration   340 | Loss 1.297217 | Acc 77.92% | WER 64.28%
epoch  20 | iteration   360 | Loss 1.362433 | Acc 78.12% | WER 62.88%
epoch  20 | iteration   380 | Loss 0.968924 | Acc 83.54% | WER 56.80%
epoch  20 | iteration   400 | Loss 1.203967 | Acc 80.42% | WER 62.99%
epoch  20 | iteration   420 | Loss 1.577526 | Acc 71.67% | WER 68.64%
epoch  20 | iteration   440 | Loss 0.949832 | Acc 84.79% | WER 58.99%
epoch  20 | iteration   460 | Loss 1.284855 | Acc 78.54% | WER 59.01%
epoch  20 | iteration   480 | Loss 1.165659 | Acc 79.58% | WER 63.37%
epoch  20 | iteration   500 | Loss 1.377128 | Acc 77.92% | WER 65.63%
epoch  20 | iteration   520 | Loss 1.233278 | Acc 78.96% | WER 65.02%
epoch  20 | iteration   540 | Loss 1.403385 | Acc 75.21% | WER 64.20%
epoch  20 | iteration   560 | Loss 1.358574 | Acc 77.08% | WER 62.70%
epoch  20 | iteration   580 | Loss 1.244526 | Acc 78.12% | WER 59.70%
epoch  20 | iteration   600 | Loss 1.250599 | Acc 79.79% | WER 56.31%
epoch  20 | iteration   620 | Loss 1.157577 | Acc 82.08% | WER 59.34%
epoch  20 | iteration   640 | Loss 1.128277 | Acc 81.88% | WER 59.85%
epoch  20 | iteration   660 | Loss 1.116666 | Acc 81.88% | WER 55.01%
epoch  20 | iteration   680 | Loss 1.051834 | Acc 82.50% | WER 54.65%
epoch  20 | iteration   700 | Loss 1.250889 | Acc 77.71% | WER 61.36%
epoch  20 | iteration   720 | Loss 1.235076 | Acc 80.42% | WER 58.61%
epoch  20 | iteration   740 | Loss 1.343780 | Acc 77.29% | WER 62.00%
epoch  20 | iteration   760 | Loss 1.190302 | Acc 80.42% | WER 63.89%
epoch  20 | iteration   780 | Loss 1.314047 | Acc 76.88% | WER 62.93%
epoch  20 | iteration   800 | Loss 1.312777 | Acc 77.71% | WER 67.59%
epoch  20 | iteration   820 | Loss 1.316676 | Acc 77.71% | WER 61.56%
epoch  20 | iteration   840 | Loss 1.082612 | Acc 81.04% | WER 53.19%
epoch  20 | iteration   860 | Loss 1.414427 | Acc 77.08% | WER 56.23%
epoch  20 | iteration   880 | Loss 1.199383 | Acc 78.54% | WER 63.69%
epoch  20 | iteration   900 | Loss 1.377842 | Acc 78.12% | WER 57.27%
epoch  20 | iteration   920 | Loss 1.277332 | Acc 78.12% | WER 63.77%
epoch  20 | iteration   940 | Loss 1.371980 | Acc 77.29% | WER 62.58%
epoch  20 | iteration   960 | Loss 1.365352 | Acc 76.88% | WER 60.99%
epoch  20 | iteration   980 | Loss 1.365929 | Acc 77.92% | WER 64.75%
epoch  20 | iteration  1000 | Loss 1.079771 | Acc 83.33% | WER 52.35%
epoch  20 | iteration  1020 | Loss 1.562190 | Acc 73.96% | WER 65.80%
epoch  20 | iteration  1040 | Loss 1.537454 | Acc 74.58% | WER 64.13%
epoch  20 | iteration  1060 | Loss 1.199359 | Acc 79.17% | WER 58.73%
epoch  20 | iteration  1080 | Loss 1.207474 | Acc 79.17% | WER 64.45%
epoch  20 | iteration  1100 | Loss 1.241770 | Acc 77.29% | WER 61.61%
epoch  20 | iteration  1120 | Loss 1.281307 | Acc 77.71% | WER 61.28%
epoch  20 | iteration  1140 | Loss 1.077158 | Acc 80.42% | WER 61.41%
Average Training Loss of Epoch 20: 1.274829 | Acc: 78.38% | WER 61.89%
Average Validation Loss of Epoch 20: 3.311675 | Acc: 69.38% | WER: 166.91% | BLEU-4: 0.00
Average test Loss of Epoch 20: 5.179627 | Acc: 61.23% | WER: 101.23% | BLEU-4: 0.00
####################Epoch 20 Model Saved####################
epoch  21 | iteration    20 | Loss 1.172448 | Acc 80.21% | WER 63.95%
epoch  21 | iteration    40 | Loss 1.091136 | Acc 80.21% | WER 56.79%
epoch  21 | iteration    60 | Loss 1.143546 | Acc 80.21% | WER 58.63%
epoch  21 | iteration    80 | Loss 1.280896 | Acc 77.08% | WER 61.96%
epoch  21 | iteration   100 | Loss 1.167322 | Acc 79.17% | WER 61.49%
epoch  21 | iteration   120 | Loss 1.025568 | Acc 82.08% | WER 54.48%
epoch  21 | iteration   140 | Loss 1.308992 | Acc 75.62% | WER 71.29%
epoch  21 | iteration   160 | Loss 1.146099 | Acc 81.04% | WER 56.91%
epoch  21 | iteration   180 | Loss 1.280685 | Acc 77.50% | WER 60.75%
epoch  21 | iteration   200 | Loss 1.449897 | Acc 76.67% | WER 65.46%
epoch  21 | iteration   220 | Loss 0.997167 | Acc 83.96% | WER 60.40%
epoch  21 | iteration   240 | Loss 1.159590 | Acc 79.17% | WER 62.73%
epoch  21 | iteration   260 | Loss 1.217250 | Acc 78.96% | WER 58.00%
epoch  21 | iteration   280 | Loss 1.351554 | Acc 76.88% | WER 62.80%
epoch  21 | iteration   300 | Loss 1.533162 | Acc 73.75% | WER 64.51%
epoch  21 | iteration   320 | Loss 1.315360 | Acc 79.79% | WER 53.78%
epoch  21 | iteration   340 | Loss 1.232775 | Acc 77.92% | WER 65.12%
epoch  21 | iteration   360 | Loss 1.127029 | Acc 80.62% | WER 62.02%
epoch  21 | iteration   380 | Loss 1.186374 | Acc 77.92% | WER 64.00%
epoch  21 | iteration   400 | Loss 1.137787 | Acc 79.79% | WER 69.84%
epoch  21 | iteration   420 | Loss 1.118683 | Acc 81.04% | WER 56.65%
epoch  21 | iteration   440 | Loss 1.046323 | Acc 82.08% | WER 59.91%
epoch  21 | iteration   460 | Loss 1.105733 | Acc 81.46% | WER 61.54%
epoch  21 | iteration   480 | Loss 1.222253 | Acc 79.38% | WER 59.29%
epoch  21 | iteration   500 | Loss 1.283171 | Acc 79.38% | WER 61.89%
epoch  21 | iteration   520 | Loss 1.229115 | Acc 79.58% | WER 58.69%
epoch  21 | iteration   540 | Loss 1.221606 | Acc 79.58% | WER 59.28%
epoch  21 | iteration   560 | Loss 1.529786 | Acc 73.75% | WER 61.88%
epoch  21 | iteration   580 | Loss 1.255607 | Acc 78.96% | WER 64.21%
epoch  21 | iteration   600 | Loss 1.289889 | Acc 78.75% | WER 58.93%
epoch  21 | iteration   620 | Loss 1.195350 | Acc 79.17% | WER 63.38%
epoch  21 | iteration   640 | Loss 1.370335 | Acc 75.62% | WER 61.11%
epoch  21 | iteration   660 | Loss 1.427343 | Acc 76.04% | WER 63.26%
epoch  21 | iteration   680 | Loss 1.100540 | Acc 79.38% | WER 63.95%
epoch  21 | iteration   700 | Loss 1.233841 | Acc 80.21% | WER 61.56%
epoch  21 | iteration   720 | Loss 1.314009 | Acc 78.54% | WER 61.97%
epoch  21 | iteration   740 | Loss 1.243334 | Acc 80.00% | WER 57.64%
epoch  21 | iteration   760 | Loss 1.344012 | Acc 77.08% | WER 57.73%
epoch  21 | iteration   780 | Loss 1.135543 | Acc 81.04% | WER 53.51%
epoch  21 | iteration   800 | Loss 1.239629 | Acc 78.33% | WER 58.19%
epoch  21 | iteration   820 | Loss 1.013146 | Acc 81.67% | WER 62.26%
epoch  21 | iteration   840 | Loss 1.040892 | Acc 82.29% | WER 55.31%
epoch  21 | iteration   860 | Loss 1.423205 | Acc 76.88% | WER 58.59%
epoch  21 | iteration   880 | Loss 1.089698 | Acc 80.83% | WER 60.96%
epoch  21 | iteration   900 | Loss 1.435643 | Acc 75.83% | WER 59.81%
epoch  21 | iteration   920 | Loss 1.221213 | Acc 80.42% | WER 57.74%
epoch  21 | iteration   940 | Loss 1.466811 | Acc 76.46% | WER 58.44%
epoch  21 | iteration   960 | Loss 1.207901 | Acc 80.42% | WER 58.89%
epoch  21 | iteration   980 | Loss 1.337111 | Acc 77.92% | WER 62.59%
epoch  21 | iteration  1000 | Loss 1.233432 | Acc 77.92% | WER 61.67%
epoch  21 | iteration  1020 | Loss 1.274912 | Acc 78.75% | WER 64.57%
epoch  21 | iteration  1040 | Loss 1.261654 | Acc 79.58% | WER 56.78%
epoch  21 | iteration  1060 | Loss 1.120542 | Acc 80.62% | WER 60.27%
epoch  21 | iteration  1080 | Loss 1.319708 | Acc 77.08% | WER 59.52%
epoch  21 | iteration  1100 | Loss 1.248798 | Acc 77.50% | WER 59.12%
epoch  21 | iteration  1120 | Loss 1.240969 | Acc 78.12% | WER 61.80%
epoch  21 | iteration  1140 | Loss 1.206358 | Acc 78.75% | WER 63.14%
Average Training Loss of Epoch 21: 1.229396 | Acc: 78.99% | WER 60.24%
Average Validation Loss of Epoch 21: 3.054823 | Acc: 73.03% | WER: 138.33% | BLEU-4: 0.00
Average test Loss of Epoch 21: 5.859419 | Acc: 63.02% | WER: 90.54% | BLEU-4: 0.00
####################Epoch 21 Model Saved####################
epoch  22 | iteration    20 | Loss 1.094026 | Acc 80.83% | WER 57.65%
epoch  22 | iteration    40 | Loss 1.297091 | Acc 78.33% | WER 61.14%
epoch  22 | iteration    60 | Loss 1.310507 | Acc 76.25% | WER 57.45%
epoch  22 | iteration    80 | Loss 0.856718 | Acc 84.17% | WER 54.91%
epoch  22 | iteration   100 | Loss 1.129048 | Acc 80.42% | WER 61.93%
epoch  22 | iteration   120 | Loss 1.265688 | Acc 78.96% | WER 58.17%
epoch  22 | iteration   140 | Loss 1.292195 | Acc 80.42% | WER 60.33%
epoch  22 | iteration   160 | Loss 1.126453 | Acc 82.92% | WER 54.91%
epoch  22 | iteration   180 | Loss 1.025788 | Acc 82.08% | WER 62.34%
epoch  22 | iteration   200 | Loss 1.172023 | Acc 80.62% | WER 57.77%
epoch  22 | iteration   220 | Loss 1.112235 | Acc 80.42% | WER 61.68%
epoch  22 | iteration   240 | Loss 1.171818 | Acc 78.54% | WER 58.58%
epoch  22 | iteration   260 | Loss 1.142664 | Acc 79.58% | WER 64.34%
epoch  22 | iteration   280 | Loss 0.906171 | Acc 82.71% | WER 57.98%
epoch  22 | iteration   300 | Loss 1.095133 | Acc 81.04% | WER 60.45%
epoch  22 | iteration   320 | Loss 1.267796 | Acc 77.08% | WER 72.21%
epoch  22 | iteration   340 | Loss 1.110695 | Acc 80.62% | WER 54.58%
epoch  22 | iteration   360 | Loss 0.940024 | Acc 82.71% | WER 60.13%
epoch  22 | iteration   380 | Loss 1.089037 | Acc 79.38% | WER 65.34%
epoch  22 | iteration   400 | Loss 1.133251 | Acc 81.25% | WER 55.49%
epoch  22 | iteration   420 | Loss 1.119841 | Acc 80.00% | WER 61.65%
epoch  22 | iteration   440 | Loss 1.192997 | Acc 78.54% | WER 55.01%
epoch  22 | iteration   460 | Loss 1.277811 | Acc 78.96% | WER 57.74%
epoch  22 | iteration   480 | Loss 1.077671 | Acc 80.83% | WER 65.22%
epoch  22 | iteration   500 | Loss 1.461342 | Acc 73.96% | WER 61.23%
epoch  22 | iteration   520 | Loss 1.315354 | Acc 77.92% | WER 57.71%
epoch  22 | iteration   540 | Loss 1.166685 | Acc 80.42% | WER 59.48%
epoch  22 | iteration   560 | Loss 1.225112 | Acc 80.42% | WER 59.38%
epoch  22 | iteration   580 | Loss 1.308124 | Acc 78.54% | WER 60.41%
epoch  22 | iteration   600 | Loss 1.212063 | Acc 79.58% | WER 57.20%
epoch  22 | iteration   620 | Loss 1.197170 | Acc 78.33% | WER 62.29%
epoch  22 | iteration   640 | Loss 1.203644 | Acc 79.79% | WER 60.69%
epoch  22 | iteration   660 | Loss 1.338682 | Acc 78.12% | WER 61.14%
epoch  22 | iteration   680 | Loss 1.247759 | Acc 77.08% | WER 60.68%
epoch  22 | iteration   700 | Loss 1.347030 | Acc 76.46% | WER 62.61%
epoch  22 | iteration   720 | Loss 1.249438 | Acc 80.00% | WER 60.72%
epoch  22 | iteration   740 | Loss 1.130276 | Acc 81.25% | WER 60.15%
epoch  22 | iteration   760 | Loss 1.010775 | Acc 82.50% | WER 53.35%
epoch  22 | iteration   780 | Loss 1.073589 | Acc 81.04% | WER 52.86%
epoch  22 | iteration   800 | Loss 1.101671 | Acc 79.79% | WER 58.53%
epoch  22 | iteration   820 | Loss 1.326892 | Acc 77.50% | WER 57.56%
epoch  22 | iteration   840 | Loss 1.351970 | Acc 75.83% | WER 55.37%
epoch  22 | iteration   860 | Loss 1.004938 | Acc 82.50% | WER 52.39%
epoch  22 | iteration   880 | Loss 1.154771 | Acc 80.62% | WER 53.43%
epoch  22 | iteration   900 | Loss 1.436621 | Acc 74.17% | WER 57.81%
epoch  22 | iteration   920 | Loss 1.215498 | Acc 79.38% | WER 59.81%
epoch  22 | iteration   940 | Loss 1.294901 | Acc 78.75% | WER 55.40%
epoch  22 | iteration   960 | Loss 0.983240 | Acc 83.33% | WER 55.37%
epoch  22 | iteration   980 | Loss 1.181005 | Acc 79.58% | WER 60.48%
epoch  22 | iteration  1000 | Loss 1.393772 | Acc 77.50% | WER 65.02%
epoch  22 | iteration  1020 | Loss 1.393872 | Acc 76.25% | WER 57.44%
epoch  22 | iteration  1040 | Loss 1.273983 | Acc 76.88% | WER 61.89%
epoch  22 | iteration  1060 | Loss 1.338198 | Acc 77.71% | WER 54.49%
epoch  22 | iteration  1080 | Loss 1.098214 | Acc 81.88% | WER 64.85%
epoch  22 | iteration  1100 | Loss 1.263079 | Acc 77.71% | WER 59.05%
epoch  22 | iteration  1120 | Loss 1.182279 | Acc 79.79% | WER 53.77%
epoch  22 | iteration  1140 | Loss 1.112954 | Acc 80.83% | WER 58.47%
Average Training Loss of Epoch 22: 1.186361 | Acc: 79.51% | WER 58.79%
Average Validation Loss of Epoch 22: 3.372178 | Acc: 71.28% | WER: 143.97% | BLEU-4: 0.00
Average test Loss of Epoch 22: 5.328646 | Acc: 59.83% | WER: 105.19% | BLEU-4: 0.00
####################Epoch 22 Model Saved####################
epoch  23 | iteration    20 | Loss 1.152889 | Acc 78.96% | WER 58.90%
epoch  23 | iteration    40 | Loss 1.014926 | Acc 81.67% | WER 57.94%
epoch  23 | iteration    60 | Loss 1.090072 | Acc 80.42% | WER 58.53%
epoch  23 | iteration    80 | Loss 1.338586 | Acc 77.29% | WER 59.93%
epoch  23 | iteration   100 | Loss 1.174502 | Acc 80.21% | WER 57.69%
epoch  23 | iteration   120 | Loss 1.171778 | Acc 78.12% | WER 58.34%
epoch  23 | iteration   140 | Loss 1.052919 | Acc 80.83% | WER 57.56%
epoch  23 | iteration   160 | Loss 1.192888 | Acc 79.17% | WER 61.51%
epoch  23 | iteration   180 | Loss 1.149075 | Acc 80.21% | WER 58.69%
epoch  23 | iteration   200 | Loss 1.010074 | Acc 83.12% | WER 52.57%
epoch  23 | iteration   220 | Loss 1.085036 | Acc 81.04% | WER 49.33%
epoch  23 | iteration   240 | Loss 1.095987 | Acc 80.42% | WER 56.13%
epoch  23 | iteration   260 | Loss 1.068953 | Acc 80.00% | WER 56.52%
epoch  23 | iteration   280 | Loss 1.121456 | Acc 81.04% | WER 55.31%
epoch  23 | iteration   300 | Loss 1.189131 | Acc 78.75% | WER 56.93%
epoch  23 | iteration   320 | Loss 1.216836 | Acc 80.00% | WER 53.60%
epoch  23 | iteration   340 | Loss 1.158416 | Acc 80.00% | WER 58.58%
epoch  23 | iteration   360 | Loss 1.273168 | Acc 77.50% | WER 61.37%
epoch  23 | iteration   380 | Loss 1.115505 | Acc 80.00% | WER 57.11%
epoch  23 | iteration   400 | Loss 1.233658 | Acc 79.79% | WER 60.63%
