Logging to file...
Dataset samples: 18800
######################Training Started######################
epoch   1 | iteration    40 | Loss 2.462501 | Acc 66.25% | WER 91.19%
epoch   1 | iteration    80 | Loss 2.385501 | Acc 68.33% | WER 88.79%
epoch   1 | iteration   120 | Loss 2.357208 | Acc 69.38% | WER 88.50%
epoch   1 | iteration   160 | Loss 2.522853 | Acc 66.04% | WER 85.13%
epoch   1 | iteration   200 | Loss 2.530209 | Acc 66.04% | WER 86.88%
epoch   1 | iteration   240 | Loss 2.325767 | Acc 68.75% | WER 87.25%
epoch   1 | iteration   280 | Loss 2.425646 | Acc 68.33% | WER 84.82%
epoch   1 | iteration   320 | Loss 2.039431 | Acc 69.79% | WER 93.35%
epoch   1 | iteration   360 | Loss 1.976909 | Acc 72.92% | WER 91.00%
epoch   1 | iteration   400 | Loss 2.186123 | Acc 69.38% | WER 87.02%
epoch   1 | iteration   440 | Loss 2.542135 | Acc 65.62% | WER 89.02%
epoch   1 | iteration   480 | Loss 2.011813 | Acc 72.29% | WER 84.47%
epoch   1 | iteration   520 | Loss 1.947294 | Acc 72.29% | WER 88.65%
epoch   1 | iteration   560 | Loss 2.247283 | Acc 68.96% | WER 88.10%
epoch   1 | iteration   600 | Loss 2.150944 | Acc 69.79% | WER 85.74%
epoch   1 | iteration   640 | Loss 1.838689 | Acc 75.00% | WER 85.30%
epoch   1 | iteration   680 | Loss 2.182642 | Acc 71.46% | WER 84.84%
epoch   1 | iteration   720 | Loss 2.145128 | Acc 70.83% | WER 83.98%
epoch   1 | iteration   760 | Loss 2.333043 | Acc 67.29% | WER 85.64%
epoch   1 | iteration   800 | Loss 2.287943 | Acc 66.88% | WER 89.79%
epoch   1 | iteration   840 | Loss 2.292945 | Acc 68.75% | WER 85.61%
epoch   1 | iteration   880 | Loss 2.361078 | Acc 66.67% | WER 88.26%
epoch   1 | iteration   920 | Loss 2.109441 | Acc 69.79% | WER 89.58%
epoch   1 | iteration   960 | Loss 2.216362 | Acc 69.17% | WER 91.76%
epoch   1 | iteration  1000 | Loss 2.252507 | Acc 67.92% | WER 87.26%
epoch   1 | iteration  1040 | Loss 2.162780 | Acc 68.96% | WER 87.66%
epoch   1 | iteration  1080 | Loss 2.409912 | Acc 65.42% | WER 88.02%
epoch   1 | iteration  1120 | Loss 2.452558 | Acc 65.83% | WER 88.01%
Average Training Loss of Epoch 1: 2.281988 | Acc: 69.06% | WER 88.00%
####################Epoch 1 Model Saved#####################
epoch   2 | iteration    40 | Loss 2.407321 | Acc 64.38% | WER 92.31%
epoch   2 | iteration    80 | Loss 1.840434 | Acc 73.54% | WER 84.18%
epoch   2 | iteration   120 | Loss 2.332880 | Acc 67.29% | WER 86.92%
epoch   2 | iteration   160 | Loss 2.110022 | Acc 68.96% | WER 82.41%
epoch   2 | iteration   200 | Loss 2.027569 | Acc 70.83% | WER 85.72%
epoch   2 | iteration   240 | Loss 2.001550 | Acc 70.83% | WER 87.29%
epoch   2 | iteration   280 | Loss 2.090015 | Acc 70.42% | WER 86.69%
epoch   2 | iteration   320 | Loss 2.136225 | Acc 70.83% | WER 81.89%
epoch   2 | iteration   360 | Loss 1.905720 | Acc 72.71% | WER 88.97%
epoch   2 | iteration   400 | Loss 2.062129 | Acc 71.46% | WER 83.76%
epoch   2 | iteration   440 | Loss 1.801597 | Acc 72.92% | WER 86.17%
epoch   2 | iteration   480 | Loss 2.125207 | Acc 70.00% | WER 85.88%
epoch   2 | iteration   520 | Loss 2.167528 | Acc 69.17% | WER 85.76%
epoch   2 | iteration   560 | Loss 2.057736 | Acc 69.58% | WER 85.26%
epoch   2 | iteration   600 | Loss 2.231105 | Acc 71.46% | WER 81.10%
epoch   2 | iteration   640 | Loss 2.674796 | Acc 62.50% | WER 85.25%
epoch   2 | iteration   680 | Loss 2.067876 | Acc 70.62% | WER 85.28%
epoch   2 | iteration   720 | Loss 1.620394 | Acc 74.79% | WER 85.78%
epoch   2 | iteration   760 | Loss 2.172171 | Acc 68.12% | WER 84.00%
epoch   2 | iteration   800 | Loss 2.391900 | Acc 66.04% | WER 83.30%
epoch   2 | iteration   840 | Loss 1.731593 | Acc 73.54% | WER 81.72%
epoch   2 | iteration   880 | Loss 2.067528 | Acc 71.25% | WER 87.67%
epoch   2 | iteration   920 | Loss 1.930892 | Acc 70.83% | WER 83.01%
epoch   2 | iteration   960 | Loss 2.094471 | Acc 67.50% | WER 86.35%
epoch   2 | iteration  1000 | Loss 1.868358 | Acc 72.71% | WER 80.71%
epoch   2 | iteration  1040 | Loss 1.991398 | Acc 72.29% | WER 83.30%
epoch   2 | iteration  1080 | Loss 1.725864 | Acc 73.54% | WER 87.78%
epoch   2 | iteration  1120 | Loss 1.931470 | Acc 71.46% | WER 83.41%
Average Training Loss of Epoch 2: 2.081066 | Acc: 70.29% | WER 84.92%
####################Epoch 2 Model Saved#####################
epoch   3 | iteration    40 | Loss 1.659003 | Acc 76.67% | WER 81.39%
epoch   3 | iteration    80 | Loss 1.604878 | Acc 75.83% | WER 84.88%
epoch   3 | iteration   120 | Loss 1.851384 | Acc 72.08% | WER 81.62%
epoch   3 | iteration   160 | Loss 1.700536 | Acc 75.00% | WER 83.74%
epoch   3 | iteration   200 | Loss 1.838893 | Acc 72.08% | WER 81.79%
epoch   3 | iteration   240 | Loss 1.757806 | Acc 74.38% | WER 78.85%
epoch   3 | iteration   280 | Loss 1.991474 | Acc 68.54% | WER 85.65%
epoch   3 | iteration   320 | Loss 1.985823 | Acc 72.92% | WER 81.50%
epoch   3 | iteration   360 | Loss 1.801370 | Acc 74.17% | WER 80.02%
epoch   3 | iteration   400 | Loss 1.802796 | Acc 74.17% | WER 79.30%
epoch   3 | iteration   440 | Loss 2.382356 | Acc 66.46% | WER 79.76%
epoch   3 | iteration   480 | Loss 1.888404 | Acc 72.29% | WER 80.22%
epoch   3 | iteration   520 | Loss 2.060887 | Acc 70.21% | WER 80.84%
epoch   3 | iteration   560 | Loss 2.021477 | Acc 69.79% | WER 80.82%
epoch   3 | iteration   600 | Loss 2.105831 | Acc 67.50% | WER 81.72%
epoch   3 | iteration   640 | Loss 2.066788 | Acc 68.54% | WER 86.49%
epoch   3 | iteration   680 | Loss 1.735463 | Acc 75.21% | WER 79.49%
epoch   3 | iteration   720 | Loss 2.127858 | Acc 68.33% | WER 87.24%
epoch   3 | iteration   760 | Loss 2.335051 | Acc 66.88% | WER 84.11%
epoch   3 | iteration   800 | Loss 2.026966 | Acc 70.21% | WER 76.05%
epoch   3 | iteration   840 | Loss 1.921478 | Acc 71.46% | WER 82.83%
epoch   3 | iteration   880 | Loss 1.955597 | Acc 72.08% | WER 80.70%
epoch   3 | iteration   920 | Loss 1.746069 | Acc 72.29% | WER 83.95%
epoch   3 | iteration   960 | Loss 1.908070 | Acc 71.67% | WER 78.23%
epoch   3 | iteration  1000 | Loss 1.953836 | Acc 69.58% | WER 83.91%
epoch   3 | iteration  1040 | Loss 2.106744 | Acc 67.50% | WER 81.90%
epoch   3 | iteration  1080 | Loss 1.595825 | Acc 74.58% | WER 81.07%
epoch   3 | iteration  1120 | Loss 1.943972 | Acc 71.46% | WER 83.49%
Average Training Loss of Epoch 3: 1.950072 | Acc: 71.29% | WER 82.00%
####################Epoch 3 Model Saved#####################
epoch   4 | iteration    40 | Loss 2.080365 | Acc 69.79% | WER 76.91%
epoch   4 | iteration    80 | Loss 2.211816 | Acc 68.33% | WER 81.44%
epoch   4 | iteration   120 | Loss 1.750569 | Acc 74.17% | WER 79.23%
epoch   4 | iteration   160 | Loss 1.664801 | Acc 72.92% | WER 79.58%
epoch   4 | iteration   200 | Loss 1.996006 | Acc 70.83% | WER 80.96%
epoch   4 | iteration   240 | Loss 1.750019 | Acc 73.75% | WER 80.20%
epoch   4 | iteration   280 | Loss 1.632474 | Acc 74.79% | WER 75.34%
epoch   4 | iteration   320 | Loss 1.614127 | Acc 76.25% | WER 76.61%
epoch   4 | iteration   360 | Loss 1.568810 | Acc 76.04% | WER 76.20%
epoch   4 | iteration   400 | Loss 1.963941 | Acc 70.21% | WER 80.27%
epoch   4 | iteration   440 | Loss 2.048291 | Acc 69.38% | WER 78.79%
epoch   4 | iteration   480 | Loss 1.687998 | Acc 75.00% | WER 76.40%
epoch   4 | iteration   520 | Loss 1.742975 | Acc 74.79% | WER 81.59%
epoch   4 | iteration   560 | Loss 1.887961 | Acc 73.12% | WER 72.92%
epoch   4 | iteration   600 | Loss 1.884838 | Acc 70.62% | WER 77.98%
epoch   4 | iteration   640 | Loss 1.798420 | Acc 72.29% | WER 79.40%
epoch   4 | iteration   680 | Loss 1.919443 | Acc 70.62% | WER 82.11%
epoch   4 | iteration   720 | Loss 1.672231 | Acc 74.17% | WER 76.46%
epoch   4 | iteration   760 | Loss 1.547904 | Acc 75.83% | WER 77.91%
epoch   4 | iteration   800 | Loss 1.729631 | Acc 75.00% | WER 82.14%
epoch   4 | iteration   840 | Loss 2.039477 | Acc 71.04% | WER 79.87%
epoch   4 | iteration   880 | Loss 1.811705 | Acc 73.33% | WER 77.33%
epoch   4 | iteration   920 | Loss 1.519051 | Acc 76.88% | WER 76.61%
epoch   4 | iteration   960 | Loss 1.757057 | Acc 72.50% | WER 76.71%
epoch   4 | iteration  1000 | Loss 1.695101 | Acc 72.71% | WER 78.99%
epoch   4 | iteration  1040 | Loss 1.687234 | Acc 75.21% | WER 72.80%
epoch   4 | iteration  1080 | Loss 1.671728 | Acc 74.17% | WER 76.94%
epoch   4 | iteration  1120 | Loss 1.600948 | Acc 75.62% | WER 73.75%
Average Training Loss of Epoch 4: 1.824790 | Acc: 72.39% | WER 78.82%
####################Epoch 4 Model Saved#####################
epoch   5 | iteration    40 | Loss 1.639953 | Acc 71.46% | WER 80.80%
epoch   5 | iteration    80 | Loss 1.396582 | Acc 76.25% | WER 74.52%
epoch   5 | iteration   120 | Loss 1.353261 | Acc 78.12% | WER 73.10%
epoch   5 | iteration   160 | Loss 1.447234 | Acc 77.08% | WER 73.74%
epoch   5 | iteration   200 | Loss 1.634974 | Acc 75.21% | WER 78.34%
epoch   5 | iteration   240 | Loss 1.783327 | Acc 71.88% | WER 78.92%
epoch   5 | iteration   280 | Loss 1.613685 | Acc 72.71% | WER 76.17%
epoch   5 | iteration   320 | Loss 1.954584 | Acc 70.42% | WER 74.50%
epoch   5 | iteration   360 | Loss 1.630304 | Acc 73.33% | WER 74.16%
epoch   5 | iteration   400 | Loss 1.876623 | Acc 71.04% | WER 79.41%
epoch   5 | iteration   440 | Loss 1.828397 | Acc 71.67% | WER 75.45%
epoch   5 | iteration   480 | Loss 1.853643 | Acc 70.21% | WER 80.99%
epoch   5 | iteration   520 | Loss 1.396422 | Acc 76.88% | WER 72.70%
epoch   5 | iteration   560 | Loss 1.889555 | Acc 72.29% | WER 73.50%
epoch   5 | iteration   600 | Loss 1.623970 | Acc 76.25% | WER 71.67%
epoch   5 | iteration   640 | Loss 1.610886 | Acc 76.25% | WER 73.43%
epoch   5 | iteration   680 | Loss 1.735821 | Acc 73.12% | WER 79.74%
epoch   5 | iteration   720 | Loss 2.002015 | Acc 68.12% | WER 76.16%
epoch   5 | iteration   760 | Loss 1.686469 | Acc 74.38% | WER 72.22%
epoch   5 | iteration   800 | Loss 1.489389 | Acc 76.46% | WER 72.80%
epoch   5 | iteration   840 | Loss 1.607938 | Acc 75.42% | WER 74.59%
epoch   5 | iteration   880 | Loss 1.755664 | Acc 71.67% | WER 76.29%
epoch   5 | iteration   920 | Loss 1.430655 | Acc 76.25% | WER 77.88%
epoch   5 | iteration   960 | Loss 1.620014 | Acc 75.42% | WER 72.25%
epoch   5 | iteration  1000 | Loss 1.605042 | Acc 75.83% | WER 70.32%
epoch   5 | iteration  1040 | Loss 1.657231 | Acc 75.00% | WER 75.48%
epoch   5 | iteration  1080 | Loss 1.699328 | Acc 72.29% | WER 79.87%
epoch   5 | iteration  1120 | Loss 1.647501 | Acc 74.58% | WER 74.46%
Average Training Loss of Epoch 5: 1.702529 | Acc: 73.45% | WER 75.74%
####################Epoch 5 Model Saved#####################
epoch   6 | iteration    40 | Loss 1.587502 | Acc 73.33% | WER 74.88%
epoch   6 | iteration    80 | Loss 1.666087 | Acc 71.88% | WER 78.03%
epoch   6 | iteration   120 | Loss 1.599030 | Acc 75.42% | WER 71.06%
epoch   6 | iteration   160 | Loss 1.519625 | Acc 76.67% | WER 69.53%
epoch   6 | iteration   200 | Loss 1.542545 | Acc 74.17% | WER 73.40%
epoch   6 | iteration   240 | Loss 1.443929 | Acc 75.21% | WER 71.71%
epoch   6 | iteration   280 | Loss 1.684118 | Acc 73.96% | WER 77.91%
epoch   6 | iteration   320 | Loss 1.876133 | Acc 70.00% | WER 72.66%
epoch   6 | iteration   360 | Loss 1.807484 | Acc 71.04% | WER 73.47%
epoch   6 | iteration   400 | Loss 1.587521 | Acc 74.17% | WER 72.44%
epoch   6 | iteration   440 | Loss 1.633763 | Acc 73.54% | WER 76.74%
epoch   6 | iteration   480 | Loss 1.524788 | Acc 76.46% | WER 70.61%
epoch   6 | iteration   520 | Loss 1.575056 | Acc 75.21% | WER 73.33%
epoch   6 | iteration   560 | Loss 1.758613 | Acc 72.50% | WER 74.44%
epoch   6 | iteration   600 | Loss 1.606526 | Acc 74.58% | WER 74.06%
epoch   6 | iteration   640 | Loss 1.578754 | Acc 75.83% | WER 70.24%
epoch   6 | iteration   680 | Loss 1.637005 | Acc 73.75% | WER 74.02%
epoch   6 | iteration   720 | Loss 1.729489 | Acc 72.50% | WER 69.94%
epoch   6 | iteration   760 | Loss 1.803731 | Acc 70.00% | WER 72.99%
epoch   6 | iteration   800 | Loss 1.607924 | Acc 74.17% | WER 75.21%
epoch   6 | iteration   840 | Loss 1.461798 | Acc 77.71% | WER 75.82%
epoch   6 | iteration   880 | Loss 1.731613 | Acc 72.29% | WER 73.01%
epoch   6 | iteration   920 | Loss 1.497188 | Acc 75.62% | WER 70.40%
epoch   6 | iteration   960 | Loss 1.766475 | Acc 73.12% | WER 71.07%
epoch   6 | iteration  1000 | Loss 1.360327 | Acc 76.46% | WER 72.63%
epoch   6 | iteration  1040 | Loss 1.659466 | Acc 71.67% | WER 76.16%
epoch   6 | iteration  1080 | Loss 1.420255 | Acc 77.08% | WER 71.37%
epoch   6 | iteration  1120 | Loss 1.421868 | Acc 75.21% | WER 71.72%
Average Training Loss of Epoch 6: 1.576106 | Acc: 74.52% | WER 72.72%
####################Epoch 6 Model Saved#####################
epoch   7 | iteration    40 | Loss 1.545473 | Acc 72.92% | WER 71.34%
epoch   7 | iteration    80 | Loss 1.418325 | Acc 77.71% | WER 67.35%
epoch   7 | iteration   120 | Loss 1.422060 | Acc 76.04% | WER 67.83%
epoch   7 | iteration   160 | Loss 1.683168 | Acc 72.08% | WER 68.13%
epoch   7 | iteration   200 | Loss 1.298154 | Acc 77.92% | WER 66.83%
epoch   7 | iteration   240 | Loss 1.567700 | Acc 74.79% | WER 67.09%
epoch   7 | iteration   280 | Loss 1.544250 | Acc 73.75% | WER 72.59%
epoch   7 | iteration   320 | Loss 1.607830 | Acc 72.92% | WER 73.87%
epoch   7 | iteration   360 | Loss 1.621151 | Acc 72.71% | WER 70.31%
epoch   7 | iteration   400 | Loss 1.595488 | Acc 73.75% | WER 68.19%
epoch   7 | iteration   440 | Loss 1.302176 | Acc 78.75% | WER 67.98%
epoch   7 | iteration   480 | Loss 1.320069 | Acc 76.46% | WER 71.92%
epoch   7 | iteration   520 | Loss 1.544350 | Acc 75.62% | WER 71.58%
epoch   7 | iteration   560 | Loss 1.340095 | Acc 76.25% | WER 71.88%
epoch   7 | iteration   600 | Loss 1.123372 | Acc 80.83% | WER 68.57%
epoch   7 | iteration   640 | Loss 1.288984 | Acc 77.50% | WER 66.99%
epoch   7 | iteration   680 | Loss 1.588910 | Acc 72.92% | WER 72.51%
epoch   7 | iteration   720 | Loss 1.766733 | Acc 70.83% | WER 72.16%
epoch   7 | iteration   760 | Loss 1.394642 | Acc 75.21% | WER 69.46%
epoch   7 | iteration   800 | Loss 1.280277 | Acc 78.33% | WER 70.95%
epoch   7 | iteration   840 | Loss 1.282927 | Acc 78.33% | WER 68.00%
epoch   7 | iteration   880 | Loss 1.256454 | Acc 79.58% | WER 70.87%
epoch   7 | iteration   920 | Loss 1.290201 | Acc 77.29% | WER 65.39%
epoch   7 | iteration   960 | Loss 1.324419 | Acc 75.42% | WER 68.07%
epoch   7 | iteration  1000 | Loss 1.279521 | Acc 77.50% | WER 64.37%
epoch   7 | iteration  1040 | Loss 1.254546 | Acc 78.54% | WER 70.66%
epoch   7 | iteration  1080 | Loss 1.731581 | Acc 70.21% | WER 73.84%
epoch   7 | iteration  1120 | Loss 1.448368 | Acc 75.00% | WER 69.60%
Average Training Loss of Epoch 7: 1.443367 | Acc: 75.73% | WER 69.31%
####################Epoch 7 Model Saved#####################
epoch   8 | iteration    40 | Loss 1.317423 | Acc 75.62% | WER 69.71%
epoch   8 | iteration    80 | Loss 1.324155 | Acc 77.29% | WER 64.73%
epoch   8 | iteration   120 | Loss 1.272104 | Acc 78.54% | WER 59.75%
epoch   8 | iteration   160 | Loss 1.559722 | Acc 72.08% | WER 70.07%
epoch   8 | iteration   200 | Loss 1.200429 | Acc 78.54% | WER 66.40%
epoch   8 | iteration   240 | Loss 1.258594 | Acc 77.50% | WER 67.95%
epoch   8 | iteration   280 | Loss 1.227045 | Acc 80.00% | WER 60.34%
epoch   8 | iteration   320 | Loss 1.230036 | Acc 79.58% | WER 59.24%
epoch   8 | iteration   360 | Loss 1.318613 | Acc 77.71% | WER 57.99%
epoch   8 | iteration   400 | Loss 1.403071 | Acc 76.46% | WER 65.41%
epoch   8 | iteration   440 | Loss 1.544694 | Acc 72.71% | WER 68.60%
epoch   8 | iteration   480 | Loss 1.511548 | Acc 74.38% | WER 70.09%
epoch   8 | iteration   520 | Loss 1.389161 | Acc 77.92% | WER 65.67%
epoch   8 | iteration   560 | Loss 1.384712 | Acc 75.00% | WER 70.01%
epoch   8 | iteration   600 | Loss 1.291009 | Acc 77.50% | WER 61.26%
epoch   8 | iteration   640 | Loss 1.331963 | Acc 75.42% | WER 71.66%
epoch   8 | iteration   680 | Loss 1.105859 | Acc 80.00% | WER 60.93%
epoch   8 | iteration   720 | Loss 1.376493 | Acc 74.79% | WER 63.49%
epoch   8 | iteration   760 | Loss 1.260659 | Acc 77.29% | WER 67.29%
epoch   8 | iteration   800 | Loss 1.324044 | Acc 76.25% | WER 61.55%
epoch   8 | iteration   840 | Loss 1.287395 | Acc 78.33% | WER 61.19%
epoch   8 | iteration   880 | Loss 1.152185 | Acc 78.96% | WER 66.05%
epoch   8 | iteration   920 | Loss 1.052262 | Acc 81.04% | WER 60.41%
epoch   8 | iteration   960 | Loss 1.396893 | Acc 73.75% | WER 66.52%
epoch   8 | iteration  1000 | Loss 1.449675 | Acc 77.29% | WER 64.73%
epoch   8 | iteration  1040 | Loss 1.220655 | Acc 78.33% | WER 64.78%
epoch   8 | iteration  1080 | Loss 1.134668 | Acc 79.58% | WER 63.22%
epoch   8 | iteration  1120 | Loss 1.368732 | Acc 76.46% | WER 65.18%
Average Training Loss of Epoch 8: 1.293787 | Acc: 77.30% | WER 64.88%
####################Epoch 8 Model Saved#####################
epoch   9 | iteration    40 | Loss 0.991320 | Acc 81.46% | WER 54.69%
epoch   9 | iteration    80 | Loss 1.151257 | Acc 79.79% | WER 58.29%
epoch   9 | iteration   120 | Loss 1.096482 | Acc 80.83% | WER 56.18%
epoch   9 | iteration   160 | Loss 1.189111 | Acc 78.54% | WER 61.35%
epoch   9 | iteration   200 | Loss 1.046341 | Acc 81.04% | WER 57.89%
epoch   9 | iteration   240 | Loss 1.030373 | Acc 80.83% | WER 60.42%
epoch   9 | iteration   280 | Loss 1.230338 | Acc 76.67% | WER 62.89%
epoch   9 | iteration   320 | Loss 1.232672 | Acc 78.54% | WER 59.17%
epoch   9 | iteration   360 | Loss 1.149929 | Acc 78.33% | WER 62.42%
epoch   9 | iteration   400 | Loss 1.057256 | Acc 81.88% | WER 54.82%
epoch   9 | iteration   440 | Loss 1.137203 | Acc 79.38% | WER 56.64%
epoch   9 | iteration   480 | Loss 1.071719 | Acc 79.79% | WER 58.50%
epoch   9 | iteration   520 | Loss 0.953484 | Acc 82.71% | WER 53.01%
epoch   9 | iteration   560 | Loss 1.129142 | Acc 78.96% | WER 59.59%
epoch   9 | iteration   600 | Loss 1.235243 | Acc 78.33% | WER 57.33%
epoch   9 | iteration   640 | Loss 1.004375 | Acc 81.04% | WER 56.80%
epoch   9 | iteration   680 | Loss 1.095846 | Acc 80.00% | WER 58.81%
epoch   9 | iteration   720 | Loss 1.015944 | Acc 80.83% | WER 60.74%
epoch   9 | iteration   760 | Loss 1.056246 | Acc 81.25% | WER 57.19%
epoch   9 | iteration   800 | Loss 0.914248 | Acc 82.92% | WER 51.89%
epoch   9 | iteration   840 | Loss 1.180570 | Acc 79.17% | WER 63.01%
epoch   9 | iteration   880 | Loss 1.164776 | Acc 81.25% | WER 54.43%
epoch   9 | iteration   920 | Loss 1.021924 | Acc 81.46% | WER 60.33%
epoch   9 | iteration   960 | Loss 0.844761 | Acc 83.54% | WER 53.65%
epoch   9 | iteration  1000 | Loss 0.883166 | Acc 82.71% | WER 55.15%
epoch   9 | iteration  1040 | Loss 0.840658 | Acc 82.92% | WER 58.25%
epoch   9 | iteration  1080 | Loss 1.078557 | Acc 79.58% | WER 54.90%
epoch   9 | iteration  1120 | Loss 1.011716 | Acc 81.46% | WER 61.55%
Average Training Loss of Epoch 9: 1.131972 | Acc: 79.32% | WER 59.23%
####################Epoch 9 Model Saved#####################
epoch  10 | iteration    40 | Loss 1.080410 | Acc 80.00% | WER 54.74%
epoch  10 | iteration    80 | Loss 0.981433 | Acc 81.88% | WER 54.08%
epoch  10 | iteration   120 | Loss 0.994210 | Acc 81.25% | WER 54.24%
epoch  10 | iteration   160 | Loss 0.964779 | Acc 82.50% | WER 53.18%
epoch  10 | iteration   200 | Loss 1.036362 | Acc 81.67% | WER 48.76%
epoch  10 | iteration   240 | Loss 0.930197 | Acc 82.50% | WER 50.71%
epoch  10 | iteration   280 | Loss 0.875458 | Acc 84.17% | WER 43.68%
epoch  10 | iteration   320 | Loss 1.013335 | Acc 81.88% | WER 50.20%
epoch  10 | iteration   360 | Loss 1.072384 | Acc 80.42% | WER 52.09%
epoch  10 | iteration   400 | Loss 0.933410 | Acc 81.67% | WER 58.17%
epoch  10 | iteration   440 | Loss 1.001053 | Acc 82.08% | WER 53.86%
epoch  10 | iteration   480 | Loss 0.953369 | Acc 82.29% | WER 53.46%
epoch  10 | iteration   520 | Loss 0.946643 | Acc 84.58% | WER 47.38%
epoch  10 | iteration   560 | Loss 0.938188 | Acc 82.50% | WER 50.73%
epoch  10 | iteration   600 | Loss 1.111486 | Acc 80.00% | WER 54.78%
epoch  10 | iteration   640 | Loss 1.104991 | Acc 80.21% | WER 55.85%
epoch  10 | iteration   680 | Loss 1.054770 | Acc 81.25% | WER 49.26%
epoch  10 | iteration   720 | Loss 0.958987 | Acc 81.88% | WER 46.37%
epoch  10 | iteration   760 | Loss 1.112512 | Acc 79.17% | WER 49.59%
epoch  10 | iteration   800 | Loss 0.911018 | Acc 82.08% | WER 53.29%
epoch  10 | iteration   840 | Loss 1.027842 | Acc 80.00% | WER 50.33%
epoch  10 | iteration   880 | Loss 0.858047 | Acc 83.12% | WER 54.27%
epoch  10 | iteration   920 | Loss 0.986832 | Acc 82.29% | WER 48.88%
epoch  10 | iteration   960 | Loss 1.049464 | Acc 80.83% | WER 56.39%
epoch  10 | iteration  1000 | Loss 0.937826 | Acc 83.54% | WER 42.80%
epoch  10 | iteration  1040 | Loss 1.030186 | Acc 80.21% | WER 54.97%
epoch  10 | iteration  1080 | Loss 0.917797 | Acc 83.33% | WER 51.66%
epoch  10 | iteration  1120 | Loss 0.898023 | Acc 83.33% | WER 51.44%
Average Training Loss of Epoch 10: 0.969051 | Acc: 81.88% | WER 52.19%
####################Epoch 10 Model Saved####################
epoch  11 | iteration    40 | Loss 0.844988 | Acc 84.17% | WER 48.87%
epoch  11 | iteration    80 | Loss 0.853518 | Acc 83.75% | WER 48.20%
epoch  11 | iteration   120 | Loss 0.991921 | Acc 81.04% | WER 52.11%
epoch  11 | iteration   160 | Loss 0.833908 | Acc 86.04% | WER 41.77%
epoch  11 | iteration   200 | Loss 0.780519 | Acc 83.96% | WER 43.50%
epoch  11 | iteration   240 | Loss 0.787642 | Acc 84.38% | WER 50.16%
epoch  11 | iteration   280 | Loss 0.780574 | Acc 86.88% | WER 42.55%
epoch  11 | iteration   320 | Loss 0.898008 | Acc 84.17% | WER 43.75%
epoch  11 | iteration   360 | Loss 0.709463 | Acc 86.67% | WER 43.22%
epoch  11 | iteration   400 | Loss 0.701714 | Acc 85.42% | WER 43.64%
epoch  11 | iteration   440 | Loss 0.869823 | Acc 83.75% | WER 41.72%
epoch  11 | iteration   480 | Loss 0.774461 | Acc 86.25% | WER 45.56%
epoch  11 | iteration   520 | Loss 0.767915 | Acc 85.83% | WER 39.99%
epoch  11 | iteration   560 | Loss 0.801009 | Acc 85.42% | WER 40.81%
epoch  11 | iteration   600 | Loss 0.907077 | Acc 82.92% | WER 45.96%
epoch  11 | iteration   640 | Loss 0.926208 | Acc 84.79% | WER 38.22%
epoch  11 | iteration   680 | Loss 0.837691 | Acc 83.75% | WER 47.29%
epoch  11 | iteration   720 | Loss 0.773532 | Acc 85.00% | WER 42.21%
epoch  11 | iteration   760 | Loss 0.759011 | Acc 83.54% | WER 43.89%
epoch  11 | iteration   800 | Loss 1.082379 | Acc 80.42% | WER 45.74%
epoch  11 | iteration   840 | Loss 0.852043 | Acc 83.96% | WER 42.77%
epoch  11 | iteration   880 | Loss 0.677126 | Acc 86.88% | WER 39.90%
epoch  11 | iteration   920 | Loss 0.779901 | Acc 86.04% | WER 40.37%
epoch  11 | iteration   960 | Loss 0.862627 | Acc 83.96% | WER 47.67%
epoch  11 | iteration  1000 | Loss 0.745528 | Acc 85.83% | WER 43.18%
epoch  11 | iteration  1040 | Loss 0.740874 | Acc 86.46% | WER 40.79%
epoch  11 | iteration  1080 | Loss 0.711817 | Acc 88.12% | WER 42.36%
epoch  11 | iteration  1120 | Loss 0.636472 | Acc 88.54% | WER 38.96%
Average Training Loss of Epoch 11: 0.811192 | Acc: 84.71% | WER 44.46%
####################Epoch 11 Model Saved####################
epoch  12 | iteration    40 | Loss 0.733630 | Acc 87.29% | WER 37.60%
epoch  12 | iteration    80 | Loss 0.705139 | Acc 87.71% | WER 31.82%
epoch  12 | iteration   120 | Loss 0.767756 | Acc 84.38% | WER 45.53%
epoch  12 | iteration   160 | Loss 0.657181 | Acc 88.96% | WER 30.75%
epoch  12 | iteration   200 | Loss 0.710756 | Acc 86.46% | WER 38.03%
epoch  12 | iteration   240 | Loss 0.787749 | Acc 84.58% | WER 45.38%
epoch  12 | iteration   280 | Loss 0.678350 | Acc 86.88% | WER 35.29%
epoch  12 | iteration   320 | Loss 0.539082 | Acc 90.21% | WER 33.44%
epoch  12 | iteration   360 | Loss 0.700307 | Acc 87.92% | WER 35.77%
epoch  12 | iteration   400 | Loss 0.668727 | Acc 86.25% | WER 43.80%
epoch  12 | iteration   440 | Loss 0.676366 | Acc 86.88% | WER 40.71%
epoch  12 | iteration   480 | Loss 0.639902 | Acc 89.17% | WER 34.60%
epoch  12 | iteration   520 | Loss 0.699752 | Acc 87.71% | WER 34.94%
epoch  12 | iteration   560 | Loss 0.746927 | Acc 85.42% | WER 43.92%
epoch  12 | iteration   600 | Loss 0.707514 | Acc 87.29% | WER 37.94%
epoch  12 | iteration   640 | Loss 0.628683 | Acc 88.54% | WER 31.72%
epoch  12 | iteration   680 | Loss 0.697036 | Acc 87.92% | WER 36.29%
epoch  12 | iteration   720 | Loss 0.685778 | Acc 86.88% | WER 38.35%
epoch  12 | iteration   760 | Loss 0.487929 | Acc 91.46% | WER 27.71%
epoch  12 | iteration   800 | Loss 0.696093 | Acc 86.04% | WER 37.78%
epoch  12 | iteration   840 | Loss 0.711991 | Acc 87.08% | WER 34.63%
epoch  12 | iteration   880 | Loss 0.674587 | Acc 87.71% | WER 33.47%
epoch  12 | iteration   920 | Loss 0.549404 | Acc 90.62% | WER 29.84%
epoch  12 | iteration   960 | Loss 0.785368 | Acc 85.42% | WER 41.47%
epoch  12 | iteration  1000 | Loss 0.715313 | Acc 86.25% | WER 40.08%
epoch  12 | iteration  1040 | Loss 0.759028 | Acc 85.00% | WER 32.92%
epoch  12 | iteration  1080 | Loss 0.594553 | Acc 89.17% | WER 35.77%
epoch  12 | iteration  1120 | Loss 0.696309 | Acc 86.67% | WER 32.74%
Average Training Loss of Epoch 12: 0.676400 | Acc: 87.36% | WER 37.36%
####################Epoch 12 Model Saved####################
epoch  13 | iteration    40 | Loss 0.604187 | Acc 89.38% | WER 34.97%
epoch  13 | iteration    80 | Loss 0.555008 | Acc 89.79% | WER 27.49%
epoch  13 | iteration   120 | Loss 0.545324 | Acc 90.42% | WER 31.11%
epoch  13 | iteration   160 | Loss 0.465708 | Acc 90.62% | WER 30.20%
epoch  13 | iteration   200 | Loss 0.605478 | Acc 88.12% | WER 31.07%
epoch  13 | iteration   240 | Loss 0.558686 | Acc 89.58% | WER 30.54%
epoch  13 | iteration   280 | Loss 0.671201 | Acc 86.67% | WER 38.64%
epoch  13 | iteration   320 | Loss 0.513965 | Acc 90.21% | WER 32.89%
epoch  13 | iteration   360 | Loss 0.532220 | Acc 90.62% | WER 27.79%
epoch  13 | iteration   400 | Loss 0.556808 | Acc 90.42% | WER 25.83%
epoch  13 | iteration   440 | Loss 0.498871 | Acc 90.42% | WER 31.82%
epoch  13 | iteration   480 | Loss 0.582171 | Acc 89.17% | WER 33.69%
epoch  13 | iteration   520 | Loss 0.739747 | Acc 87.29% | WER 33.01%
epoch  13 | iteration   560 | Loss 0.520408 | Acc 89.79% | WER 31.67%
epoch  13 | iteration   600 | Loss 0.643545 | Acc 88.96% | WER 32.23%
epoch  13 | iteration   640 | Loss 0.574385 | Acc 90.00% | WER 27.59%
epoch  13 | iteration   680 | Loss 0.556014 | Acc 89.38% | WER 31.24%
epoch  13 | iteration   720 | Loss 0.645511 | Acc 88.12% | WER 32.17%
epoch  13 | iteration   760 | Loss 0.505470 | Acc 91.25% | WER 29.38%
epoch  13 | iteration   800 | Loss 0.558530 | Acc 90.42% | WER 28.77%
epoch  13 | iteration   840 | Loss 0.566504 | Acc 89.17% | WER 31.80%
epoch  13 | iteration   880 | Loss 0.551815 | Acc 89.79% | WER 33.55%
epoch  13 | iteration   920 | Loss 0.648184 | Acc 86.88% | WER 36.74%
epoch  13 | iteration   960 | Loss 0.558290 | Acc 90.83% | WER 23.53%
epoch  13 | iteration  1000 | Loss 0.585816 | Acc 88.54% | WER 31.97%
epoch  13 | iteration  1040 | Loss 0.554227 | Acc 89.38% | WER 32.09%
epoch  13 | iteration  1080 | Loss 0.572709 | Acc 88.75% | WER 29.75%
epoch  13 | iteration  1120 | Loss 0.498520 | Acc 90.42% | WER 32.02%
Average Training Loss of Epoch 13: 0.573013 | Acc: 89.31% | WER 32.09%
####################Epoch 13 Model Saved####################
epoch  14 | iteration    40 | Loss 0.467990 | Acc 91.04% | WER 30.18%
epoch  14 | iteration    80 | Loss 0.498998 | Acc 90.21% | WER 31.78%
epoch  14 | iteration   120 | Loss 0.455261 | Acc 90.83% | WER 26.31%
epoch  14 | iteration   160 | Loss 0.465418 | Acc 91.25% | WER 25.22%
epoch  14 | iteration   200 | Loss 0.451867 | Acc 91.25% | WER 26.13%
epoch  14 | iteration   240 | Loss 0.498214 | Acc 89.79% | WER 28.67%
epoch  14 | iteration   280 | Loss 0.478177 | Acc 91.46% | WER 27.47%
epoch  14 | iteration   320 | Loss 0.538800 | Acc 89.79% | WER 30.93%
epoch  14 | iteration   360 | Loss 0.460267 | Acc 91.88% | WER 26.45%
epoch  14 | iteration   400 | Loss 0.505968 | Acc 90.83% | WER 26.46%
epoch  14 | iteration   440 | Loss 0.492066 | Acc 91.25% | WER 26.76%
epoch  14 | iteration   480 | Loss 0.482577 | Acc 90.00% | WER 25.23%
epoch  14 | iteration   520 | Loss 0.492144 | Acc 90.00% | WER 31.39%
epoch  14 | iteration   560 | Loss 0.485790 | Acc 91.46% | WER 24.64%
epoch  14 | iteration   600 | Loss 0.479010 | Acc 91.25% | WER 30.53%
epoch  14 | iteration   640 | Loss 0.458784 | Acc 91.67% | WER 25.97%
epoch  14 | iteration   680 | Loss 0.576055 | Acc 88.96% | WER 31.95%
epoch  14 | iteration   720 | Loss 0.468180 | Acc 91.25% | WER 32.62%
epoch  14 | iteration   760 | Loss 0.448631 | Acc 91.67% | WER 25.69%
epoch  14 | iteration   800 | Loss 0.496644 | Acc 90.62% | WER 26.80%
epoch  14 | iteration   840 | Loss 0.623758 | Acc 87.50% | WER 39.00%
epoch  14 | iteration   880 | Loss 0.529756 | Acc 91.04% | WER 24.46%
epoch  14 | iteration   920 | Loss 0.500760 | Acc 91.46% | WER 25.84%
epoch  14 | iteration   960 | Loss 0.522285 | Acc 89.17% | WER 30.31%
epoch  14 | iteration  1000 | Loss 0.494564 | Acc 89.79% | WER 30.69%
epoch  14 | iteration  1040 | Loss 0.502799 | Acc 90.62% | WER 28.55%
epoch  14 | iteration  1080 | Loss 0.529684 | Acc 90.42% | WER 25.48%
epoch  14 | iteration  1120 | Loss 0.466393 | Acc 92.50% | WER 20.49%
Average Training Loss of Epoch 14: 0.499111 | Acc: 90.63% | WER 28.48%
####################Epoch 14 Model Saved####################
epoch  15 | iteration    40 | Loss 0.405458 | Acc 93.12% | WER 17.97%
epoch  15 | iteration    80 | Loss 0.424515 | Acc 92.08% | WER 23.23%
epoch  15 | iteration   120 | Loss 0.458084 | Acc 92.29% | WER 18.38%
epoch  15 | iteration   160 | Loss 0.386753 | Acc 93.33% | WER 21.54%
epoch  15 | iteration   200 | Loss 0.474340 | Acc 90.83% | WER 27.62%
epoch  15 | iteration   240 | Loss 0.416775 | Acc 91.88% | WER 26.50%
epoch  15 | iteration   280 | Loss 0.502568 | Acc 90.21% | WER 27.41%
epoch  15 | iteration   320 | Loss 0.541082 | Acc 89.38% | WER 25.69%
epoch  15 | iteration   360 | Loss 0.491075 | Acc 90.62% | WER 25.52%
epoch  15 | iteration   400 | Loss 0.471345 | Acc 91.25% | WER 28.41%
epoch  15 | iteration   440 | Loss 0.444102 | Acc 92.29% | WER 23.05%
epoch  15 | iteration   480 | Loss 0.423900 | Acc 92.08% | WER 23.66%
epoch  15 | iteration   520 | Loss 0.488762 | Acc 91.25% | WER 22.92%
epoch  15 | iteration   560 | Loss 0.378972 | Acc 93.12% | WER 25.29%
epoch  15 | iteration   600 | Loss 0.449564 | Acc 92.08% | WER 24.61%
epoch  15 | iteration   640 | Loss 0.460162 | Acc 91.25% | WER 26.40%
epoch  15 | iteration   680 | Loss 0.443460 | Acc 91.88% | WER 24.92%
epoch  15 | iteration   720 | Loss 0.466785 | Acc 92.29% | WER 21.20%
epoch  15 | iteration   760 | Loss 0.416650 | Acc 93.12% | WER 19.27%
epoch  15 | iteration   800 | Loss 0.441609 | Acc 90.83% | WER 27.86%
epoch  15 | iteration   840 | Loss 0.382487 | Acc 92.29% | WER 25.57%
epoch  15 | iteration   880 | Loss 0.521751 | Acc 89.38% | WER 29.94%
epoch  15 | iteration   920 | Loss 0.459774 | Acc 91.88% | WER 27.65%
epoch  15 | iteration   960 | Loss 0.425098 | Acc 92.50% | WER 27.07%
epoch  15 | iteration  1000 | Loss 0.394484 | Acc 94.38% | WER 15.62%
epoch  15 | iteration  1040 | Loss 0.496604 | Acc 91.25% | WER 25.37%
epoch  15 | iteration  1080 | Loss 0.439809 | Acc 92.50% | WER 23.48%
epoch  15 | iteration  1120 | Loss 0.413662 | Acc 91.46% | WER 26.74%
Average Training Loss of Epoch 15: 0.450019 | Acc: 91.51% | WER 26.01%
####################Epoch 15 Model Saved####################
epoch  16 | iteration    40 | Loss 0.429323 | Acc 91.88% | WER 22.16%
epoch  16 | iteration    80 | Loss 0.415066 | Acc 92.71% | WER 21.84%
epoch  16 | iteration   120 | Loss 0.424203 | Acc 92.92% | WER 16.44%
epoch  16 | iteration   160 | Loss 0.361584 | Acc 93.33% | WER 21.18%
epoch  16 | iteration   200 | Loss 0.433992 | Acc 91.04% | WER 23.89%
epoch  16 | iteration   240 | Loss 0.455859 | Acc 89.58% | WER 27.23%
epoch  16 | iteration   280 | Loss 0.405490 | Acc 91.04% | WER 24.88%
epoch  16 | iteration   320 | Loss 0.385053 | Acc 92.50% | WER 22.84%
epoch  16 | iteration   360 | Loss 0.425325 | Acc 90.62% | WER 32.59%
epoch  16 | iteration   400 | Loss 0.459075 | Acc 91.46% | WER 21.63%
epoch  16 | iteration   440 | Loss 0.478285 | Acc 88.75% | WER 34.98%
epoch  16 | iteration   480 | Loss 0.423483 | Acc 91.67% | WER 25.38%
epoch  16 | iteration   520 | Loss 0.475011 | Acc 89.58% | WER 28.52%
epoch  16 | iteration   560 | Loss 0.454450 | Acc 91.67% | WER 26.39%
epoch  16 | iteration   600 | Loss 0.396554 | Acc 91.88% | WER 25.43%
epoch  16 | iteration   640 | Loss 0.415366 | Acc 92.08% | WER 24.84%
epoch  16 | iteration   680 | Loss 0.359424 | Acc 92.50% | WER 26.48%
epoch  16 | iteration   720 | Loss 0.410697 | Acc 91.04% | WER 29.99%
epoch  16 | iteration   760 | Loss 0.416503 | Acc 92.29% | WER 22.92%
epoch  16 | iteration   800 | Loss 0.465057 | Acc 91.04% | WER 24.91%
epoch  16 | iteration   840 | Loss 0.418835 | Acc 93.12% | WER 18.02%
epoch  16 | iteration   880 | Loss 0.394360 | Acc 92.50% | WER 22.58%
epoch  16 | iteration   920 | Loss 0.388933 | Acc 93.54% | WER 20.32%
epoch  16 | iteration   960 | Loss 0.433273 | Acc 92.08% | WER 26.48%
epoch  16 | iteration  1000 | Loss 0.413630 | Acc 93.33% | WER 23.04%
epoch  16 | iteration  1040 | Loss 0.366612 | Acc 92.92% | WER 23.90%
epoch  16 | iteration  1080 | Loss 0.348292 | Acc 93.75% | WER 22.38%
epoch  16 | iteration  1120 | Loss 0.422457 | Acc 92.71% | WER 22.52%
Average Training Loss of Epoch 16: 0.416703 | Acc: 92.00% | WER 24.69%
####################Epoch 16 Model Saved####################
epoch  17 | iteration    40 | Loss 0.367016 | Acc 93.12% | WER 20.00%
epoch  17 | iteration    80 | Loss 0.460410 | Acc 91.46% | WER 25.66%
epoch  17 | iteration   120 | Loss 0.341136 | Acc 93.12% | WER 20.54%
epoch  17 | iteration   160 | Loss 0.375206 | Acc 92.92% | WER 23.74%
epoch  17 | iteration   200 | Loss 0.415639 | Acc 92.08% | WER 24.83%
epoch  17 | iteration   240 | Loss 0.341989 | Acc 93.54% | WER 21.76%
epoch  17 | iteration   280 | Loss 0.393041 | Acc 91.46% | WER 24.09%
epoch  17 | iteration   320 | Loss 0.423041 | Acc 92.50% | WER 21.26%
epoch  17 | iteration   360 | Loss 0.339283 | Acc 93.33% | WER 22.13%
epoch  17 | iteration   400 | Loss 0.336090 | Acc 93.12% | WER 22.21%
epoch  17 | iteration   440 | Loss 0.369085 | Acc 93.54% | WER 21.71%
epoch  17 | iteration   480 | Loss 0.411623 | Acc 92.50% | WER 20.47%
epoch  17 | iteration   520 | Loss 0.360648 | Acc 92.92% | WER 24.99%
epoch  17 | iteration   560 | Loss 0.427453 | Acc 91.88% | WER 27.55%
epoch  17 | iteration   600 | Loss 0.397172 | Acc 92.50% | WER 25.61%
epoch  17 | iteration   640 | Loss 0.474215 | Acc 91.67% | WER 22.12%
epoch  17 | iteration   680 | Loss 0.396854 | Acc 93.12% | WER 19.32%
epoch  17 | iteration   720 | Loss 0.373059 | Acc 93.54% | WER 19.33%
epoch  17 | iteration   760 | Loss 0.395942 | Acc 92.29% | WER 24.90%
epoch  17 | iteration   800 | Loss 0.446994 | Acc 90.62% | WER 27.25%
epoch  17 | iteration   840 | Loss 0.435070 | Acc 90.83% | WER 28.41%
epoch  17 | iteration   880 | Loss 0.389985 | Acc 92.50% | WER 21.19%
epoch  17 | iteration   920 | Loss 0.347584 | Acc 93.12% | WER 23.63%
epoch  17 | iteration   960 | Loss 0.404596 | Acc 92.29% | WER 25.93%
epoch  17 | iteration  1000 | Loss 0.419611 | Acc 90.62% | WER 26.24%
epoch  17 | iteration  1040 | Loss 0.424171 | Acc 91.88% | WER 21.44%
epoch  17 | iteration  1080 | Loss 0.406731 | Acc 90.83% | WER 29.50%
epoch  17 | iteration  1120 | Loss 0.395329 | Acc 92.08% | WER 22.43%
Average Training Loss of Epoch 17: 0.392936 | Acc: 92.33% | WER 23.72%
####################Epoch 17 Model Saved####################
epoch  18 | iteration    40 | Loss 0.366496 | Acc 93.12% | WER 24.07%
epoch  18 | iteration    80 | Loss 0.380361 | Acc 93.12% | WER 21.52%
epoch  18 | iteration   120 | Loss 0.332540 | Acc 93.54% | WER 20.18%
epoch  18 | iteration   160 | Loss 0.425097 | Acc 91.88% | WER 23.16%
epoch  18 | iteration   200 | Loss 0.380715 | Acc 91.67% | WER 24.20%
epoch  18 | iteration   240 | Loss 0.368768 | Acc 93.12% | WER 21.68%
epoch  18 | iteration   280 | Loss 0.381994 | Acc 92.29% | WER 23.75%
epoch  18 | iteration   320 | Loss 0.337784 | Acc 94.58% | WER 17.61%
epoch  18 | iteration   360 | Loss 0.352100 | Acc 93.96% | WER 21.66%
epoch  18 | iteration   400 | Loss 0.363318 | Acc 93.54% | WER 16.49%
epoch  18 | iteration   440 | Loss 0.358557 | Acc 92.08% | WER 23.03%
epoch  18 | iteration   480 | Loss 0.414643 | Acc 92.50% | WER 19.05%
epoch  18 | iteration   520 | Loss 0.355750 | Acc 93.75% | WER 19.54%
epoch  18 | iteration   560 | Loss 0.408184 | Acc 92.50% | WER 21.77%
epoch  18 | iteration   600 | Loss 0.387635 | Acc 93.33% | WER 24.38%
epoch  18 | iteration   640 | Loss 0.387174 | Acc 92.29% | WER 24.82%
epoch  18 | iteration   680 | Loss 0.366606 | Acc 92.92% | WER 23.04%
epoch  18 | iteration   720 | Loss 0.389422 | Acc 92.71% | WER 21.38%
epoch  18 | iteration   760 | Loss 0.377907 | Acc 92.29% | WER 24.51%
epoch  18 | iteration   800 | Loss 0.396594 | Acc 92.29% | WER 22.49%
epoch  18 | iteration   840 | Loss 0.319042 | Acc 94.17% | WER 19.01%
epoch  18 | iteration   880 | Loss 0.313982 | Acc 93.75% | WER 18.64%
epoch  18 | iteration   920 | Loss 0.353460 | Acc 93.12% | WER 23.26%
epoch  18 | iteration   960 | Loss 0.432359 | Acc 91.04% | WER 24.37%
epoch  18 | iteration  1000 | Loss 0.418386 | Acc 92.92% | WER 19.72%
epoch  18 | iteration  1040 | Loss 0.500130 | Acc 89.79% | WER 28.50%
epoch  18 | iteration  1080 | Loss 0.342143 | Acc 94.17% | WER 20.28%
epoch  18 | iteration  1120 | Loss 0.371921 | Acc 91.46% | WER 24.76%
Average Training Loss of Epoch 18: 0.374912 | Acc: 92.61% | WER 22.95%
####################Epoch 18 Model Saved####################
epoch  19 | iteration    40 | Loss 0.353071 | Acc 92.71% | WER 24.26%
epoch  19 | iteration    80 | Loss 0.355574 | Acc 93.12% | WER 22.23%
epoch  19 | iteration   120 | Loss 0.379599 | Acc 92.71% | WER 22.67%
epoch  19 | iteration   160 | Loss 0.358908 | Acc 92.29% | WER 23.06%
epoch  19 | iteration   200 | Loss 0.342165 | Acc 92.92% | WER 21.13%
epoch  19 | iteration   240 | Loss 0.359989 | Acc 93.12% | WER 20.40%
epoch  19 | iteration   280 | Loss 0.388663 | Acc 93.12% | WER 18.03%
epoch  19 | iteration   320 | Loss 0.332851 | Acc 93.33% | WER 21.12%
epoch  19 | iteration   360 | Loss 0.361383 | Acc 92.71% | WER 24.51%
epoch  19 | iteration   400 | Loss 0.342985 | Acc 92.92% | WER 23.89%
epoch  19 | iteration   440 | Loss 0.369529 | Acc 91.46% | WER 27.87%
epoch  19 | iteration   480 | Loss 0.338422 | Acc 94.17% | WER 18.71%
epoch  19 | iteration   520 | Loss 0.377101 | Acc 91.88% | WER 25.59%
epoch  19 | iteration   560 | Loss 0.367943 | Acc 92.29% | WER 19.43%
epoch  19 | iteration   600 | Loss 0.366117 | Acc 93.33% | WER 23.80%
epoch  19 | iteration   640 | Loss 0.391927 | Acc 91.04% | WER 26.03%
epoch  19 | iteration   680 | Loss 0.351955 | Acc 92.92% | WER 20.70%
epoch  19 | iteration   720 | Loss 0.411327 | Acc 92.71% | WER 18.20%
epoch  19 | iteration   760 | Loss 0.393343 | Acc 92.92% | WER 24.78%
epoch  19 | iteration   800 | Loss 0.341360 | Acc 92.71% | WER 20.14%
epoch  19 | iteration   840 | Loss 0.354984 | Acc 92.92% | WER 21.45%
epoch  19 | iteration   880 | Loss 0.344236 | Acc 92.71% | WER 23.29%
epoch  19 | iteration   920 | Loss 0.371427 | Acc 93.33% | WER 23.69%
epoch  19 | iteration   960 | Loss 0.327370 | Acc 94.38% | WER 18.60%
epoch  19 | iteration  1000 | Loss 0.338408 | Acc 94.17% | WER 18.73%
epoch  19 | iteration  1040 | Loss 0.378442 | Acc 91.04% | WER 24.50%
epoch  19 | iteration  1080 | Loss 0.325756 | Acc 93.75% | WER 21.22%
epoch  19 | iteration  1120 | Loss 0.327678 | Acc 93.54% | WER 21.25%
Average Training Loss of Epoch 19: 0.359633 | Acc: 92.86% | WER 22.12%
####################Epoch 19 Model Saved####################
epoch  20 | iteration    40 | Loss 0.322499 | Acc 93.75% | WER 17.44%
epoch  20 | iteration    80 | Loss 0.354753 | Acc 93.12% | WER 18.02%
epoch  20 | iteration   120 | Loss 0.359812 | Acc 92.71% | WER 21.18%
epoch  20 | iteration   160 | Loss 0.358961 | Acc 92.92% | WER 21.02%
epoch  20 | iteration   200 | Loss 0.345110 | Acc 93.33% | WER 18.97%
epoch  20 | iteration   240 | Loss 0.358831 | Acc 93.96% | WER 19.98%
epoch  20 | iteration   280 | Loss 0.397091 | Acc 91.88% | WER 24.15%
epoch  20 | iteration   320 | Loss 0.357743 | Acc 92.29% | WER 23.67%
epoch  20 | iteration   360 | Loss 0.345256 | Acc 92.29% | WER 20.38%
epoch  20 | iteration   400 | Loss 0.355493 | Acc 93.75% | WER 18.53%
epoch  20 | iteration   440 | Loss 0.341608 | Acc 93.75% | WER 17.26%
epoch  20 | iteration   480 | Loss 0.379679 | Acc 92.50% | WER 21.79%
epoch  20 | iteration   520 | Loss 0.331658 | Acc 92.92% | WER 26.92%
epoch  20 | iteration   560 | Loss 0.314159 | Acc 93.33% | WER 24.87%
epoch  20 | iteration   600 | Loss 0.338642 | Acc 92.92% | WER 22.27%
epoch  20 | iteration   640 | Loss 0.341681 | Acc 93.75% | WER 24.24%
epoch  20 | iteration   680 | Loss 0.347607 | Acc 91.04% | WER 24.98%
epoch  20 | iteration   720 | Loss 0.377047 | Acc 92.50% | WER 24.33%
epoch  20 | iteration   760 | Loss 0.311351 | Acc 92.92% | WER 22.32%
epoch  20 | iteration   800 | Loss 0.348151 | Acc 93.54% | WER 24.17%
epoch  20 | iteration   840 | Loss 0.416089 | Acc 92.08% | WER 23.12%
epoch  20 | iteration   880 | Loss 0.330472 | Acc 92.71% | WER 22.35%
epoch  20 | iteration   920 | Loss 0.349976 | Acc 92.71% | WER 21.05%
epoch  20 | iteration   960 | Loss 0.345825 | Acc 92.92% | WER 23.21%
epoch  20 | iteration  1000 | Loss 0.438633 | Acc 90.83% | WER 22.83%
epoch  20 | iteration  1040 | Loss 0.311107 | Acc 93.75% | WER 19.78%
epoch  20 | iteration  1080 | Loss 0.376975 | Acc 93.12% | WER 20.82%
epoch  20 | iteration  1120 | Loss 0.336019 | Acc 92.92% | WER 18.36%
Average Training Loss of Epoch 20: 0.346603 | Acc: 93.02% | WER 21.70%
####################Epoch 20 Model Saved####################
epoch  21 | iteration    40 | Loss 0.285693 | Acc 93.96% | WER 19.67%
epoch  21 | iteration    80 | Loss 0.311577 | Acc 93.96% | WER 18.47%
epoch  21 | iteration   120 | Loss 0.322065 | Acc 92.92% | WER 19.78%
epoch  21 | iteration   160 | Loss 0.263473 | Acc 94.79% | WER 16.55%
epoch  21 | iteration   200 | Loss 0.396448 | Acc 91.04% | WER 23.15%
epoch  21 | iteration   240 | Loss 0.306021 | Acc 92.92% | WER 23.82%
epoch  21 | iteration   280 | Loss 0.341285 | Acc 92.71% | WER 23.34%
epoch  21 | iteration   320 | Loss 0.306654 | Acc 93.75% | WER 17.94%
epoch  21 | iteration   360 | Loss 0.333183 | Acc 92.92% | WER 21.80%
epoch  21 | iteration   400 | Loss 0.346163 | Acc 93.96% | WER 16.72%
epoch  21 | iteration   440 | Loss 0.364643 | Acc 93.33% | WER 20.29%
epoch  21 | iteration   480 | Loss 0.324300 | Acc 92.92% | WER 25.98%
epoch  21 | iteration   520 | Loss 0.365294 | Acc 92.50% | WER 23.42%
epoch  21 | iteration   560 | Loss 0.332297 | Acc 92.92% | WER 20.27%
epoch  21 | iteration   600 | Loss 0.326492 | Acc 93.75% | WER 21.16%
epoch  21 | iteration   640 | Loss 0.348998 | Acc 93.12% | WER 21.34%
epoch  21 | iteration   680 | Loss 0.341545 | Acc 93.12% | WER 21.36%
epoch  21 | iteration   720 | Loss 0.345734 | Acc 93.54% | WER 20.33%
epoch  21 | iteration   760 | Loss 0.383102 | Acc 93.12% | WER 23.76%
epoch  21 | iteration   800 | Loss 0.344754 | Acc 92.92% | WER 21.58%
epoch  21 | iteration   840 | Loss 0.415480 | Acc 91.46% | WER 20.91%
epoch  21 | iteration   880 | Loss 0.360662 | Acc 92.92% | WER 21.19%
epoch  21 | iteration   920 | Loss 0.328851 | Acc 93.12% | WER 24.42%
epoch  21 | iteration   960 | Loss 0.307406 | Acc 93.96% | WER 20.84%
epoch  21 | iteration  1000 | Loss 0.343121 | Acc 94.58% | WER 17.81%
epoch  21 | iteration  1040 | Loss 0.314180 | Acc 92.08% | WER 23.17%
epoch  21 | iteration  1080 | Loss 0.317795 | Acc 93.75% | WER 20.75%
epoch  21 | iteration  1120 | Loss 0.361251 | Acc 93.33% | WER 18.69%
Average Training Loss of Epoch 21: 0.334779 | Acc: 93.18% | WER 21.21%
Average Validation Loss of Epoch 21: 6.089950 | Acc: 63.02% | WER: 100.27% | BLEU-4: 0.00
Average test Loss of Epoch 21: 5.958898 | Acc: 62.68% | WER: 98.89% | BLEU-4: 0.00
####################Epoch 21 Model Saved####################
epoch  22 | iteration    40 | Loss 0.312497 | Acc 94.38% | WER 16.84%
epoch  22 | iteration    80 | Loss 0.311992 | Acc 93.12% | WER 26.64%
epoch  22 | iteration   120 | Loss 0.349625 | Acc 92.92% | WER 18.82%
epoch  22 | iteration   160 | Loss 0.370801 | Acc 92.71% | WER 22.93%
epoch  22 | iteration   200 | Loss 0.377958 | Acc 92.71% | WER 19.65%
epoch  22 | iteration   240 | Loss 0.279760 | Acc 93.75% | WER 19.01%
epoch  22 | iteration   280 | Loss 0.295599 | Acc 93.54% | WER 20.41%
epoch  22 | iteration   320 | Loss 0.305539 | Acc 93.12% | WER 21.43%
epoch  22 | iteration   360 | Loss 0.332798 | Acc 92.92% | WER 21.76%
epoch  22 | iteration   400 | Loss 0.303430 | Acc 93.54% | WER 16.59%
epoch  22 | iteration   440 | Loss 0.261437 | Acc 93.75% | WER 22.13%
epoch  22 | iteration   480 | Loss 0.311143 | Acc 93.75% | WER 16.54%
epoch  22 | iteration   520 | Loss 0.341011 | Acc 92.92% | WER 21.89%
epoch  22 | iteration   560 | Loss 0.331543 | Acc 93.96% | WER 18.67%
epoch  22 | iteration   600 | Loss 0.335378 | Acc 92.71% | WER 26.47%
epoch  22 | iteration   640 | Loss 0.347610 | Acc 91.88% | WER 26.08%
epoch  22 | iteration   680 | Loss 0.335207 | Acc 93.54% | WER 18.31%
epoch  22 | iteration   720 | Loss 0.338752 | Acc 92.50% | WER 22.96%
epoch  22 | iteration   760 | Loss 0.331199 | Acc 92.92% | WER 23.32%
epoch  22 | iteration   800 | Loss 0.315049 | Acc 94.17% | WER 19.08%
epoch  22 | iteration   840 | Loss 0.316232 | Acc 92.29% | WER 22.78%
epoch  22 | iteration   880 | Loss 0.346759 | Acc 93.54% | WER 19.40%
epoch  22 | iteration   920 | Loss 0.287128 | Acc 93.54% | WER 19.46%
epoch  22 | iteration   960 | Loss 0.345172 | Acc 92.92% | WER 21.39%
epoch  22 | iteration  1000 | Loss 0.318742 | Acc 93.54% | WER 20.51%
epoch  22 | iteration  1040 | Loss 0.377725 | Acc 92.50% | WER 21.25%
epoch  22 | iteration  1080 | Loss 0.301190 | Acc 93.75% | WER 21.87%
epoch  22 | iteration  1120 | Loss 0.310138 | Acc 93.54% | WER 16.99%
Average Training Loss of Epoch 22: 0.324147 | Acc: 93.32% | WER 20.76%
Average Validation Loss of Epoch 22: 6.374971 | Acc: 63.90% | WER: 94.59% | BLEU-4: 0.19
Average test Loss of Epoch 22: 6.448731 | Acc: 63.33% | WER: 96.07% | BLEU-4: 0.08
####################Epoch 22 Model Saved####################
epoch  23 | iteration    40 | Loss 0.263670 | Acc 94.38% | WER 18.97%
epoch  23 | iteration    80 | Loss 0.278051 | Acc 93.12% | WER 22.11%
epoch  23 | iteration   120 | Loss 0.320626 | Acc 93.12% | WER 26.06%
epoch  23 | iteration   160 | Loss 0.273738 | Acc 95.42% | WER 16.91%
epoch  23 | iteration   200 | Loss 0.307830 | Acc 93.54% | WER 21.08%
epoch  23 | iteration   240 | Loss 0.333133 | Acc 94.38% | WER 16.26%
epoch  23 | iteration   280 | Loss 0.309636 | Acc 93.33% | WER 19.35%
epoch  23 | iteration   320 | Loss 0.308178 | Acc 93.54% | WER 18.61%
epoch  23 | iteration   360 | Loss 0.311285 | Acc 92.71% | WER 22.54%
epoch  23 | iteration   400 | Loss 0.243342 | Acc 95.21% | WER 18.52%
epoch  23 | iteration   440 | Loss 0.291779 | Acc 94.38% | WER 16.59%
epoch  23 | iteration   480 | Loss 0.345504 | Acc 93.54% | WER 19.97%
epoch  23 | iteration   520 | Loss 0.354602 | Acc 92.29% | WER 26.91%
epoch  23 | iteration   560 | Loss 0.330578 | Acc 93.96% | WER 21.17%
epoch  23 | iteration   600 | Loss 0.331265 | Acc 93.33% | WER 20.94%
epoch  23 | iteration   640 | Loss 0.303089 | Acc 94.58% | WER 16.29%
epoch  23 | iteration   680 | Loss 0.312963 | Acc 92.50% | WER 24.74%
epoch  23 | iteration   720 | Loss 0.362671 | Acc 93.12% | WER 21.33%
epoch  23 | iteration   760 | Loss 0.300408 | Acc 93.12% | WER 21.23%
epoch  23 | iteration   800 | Loss 0.282675 | Acc 93.75% | WER 25.41%
epoch  23 | iteration   840 | Loss 0.322849 | Acc 94.17% | WER 16.08%
epoch  23 | iteration   880 | Loss 0.315671 | Acc 93.54% | WER 19.21%
epoch  23 | iteration   920 | Loss 0.321278 | Acc 93.75% | WER 17.60%
epoch  23 | iteration   960 | Loss 0.283964 | Acc 92.29% | WER 21.93%
epoch  23 | iteration  1000 | Loss 0.367049 | Acc 92.50% | WER 19.65%
epoch  23 | iteration  1040 | Loss 0.345991 | Acc 92.71% | WER 21.72%
epoch  23 | iteration  1080 | Loss 0.328755 | Acc 93.96% | WER 20.11%
epoch  23 | iteration  1120 | Loss 0.323915 | Acc 92.71% | WER 19.91%
Average Training Loss of Epoch 23: 0.313695 | Acc: 93.50% | WER 20.20%
Average Validation Loss of Epoch 23: 6.480855 | Acc: 62.88% | WER: 98.02% | BLEU-4: 0.06
Average test Loss of Epoch 23: 6.652491 | Acc: 62.25% | WER: 98.27% | BLEU-4: 0.11
####################Epoch 23 Model Saved####################
epoch  24 | iteration    40 | Loss 0.273021 | Acc 94.58% | WER 17.79%
epoch  24 | iteration    80 | Loss 0.288884 | Acc 93.54% | WER 18.57%
epoch  24 | iteration   120 | Loss 0.312209 | Acc 93.33% | WER 20.87%
epoch  24 | iteration   160 | Loss 0.283207 | Acc 94.38% | WER 20.37%
epoch  24 | iteration   200 | Loss 0.253565 | Acc 93.54% | WER 23.37%
epoch  24 | iteration   240 | Loss 0.314080 | Acc 94.38% | WER 17.34%
epoch  24 | iteration   280 | Loss 0.276699 | Acc 94.58% | WER 16.38%
epoch  24 | iteration   320 | Loss 0.280940 | Acc 94.17% | WER 18.27%
epoch  24 | iteration   360 | Loss 0.305347 | Acc 93.75% | WER 20.14%
epoch  24 | iteration   400 | Loss 0.295873 | Acc 93.75% | WER 17.86%
epoch  24 | iteration   440 | Loss 0.329992 | Acc 93.33% | WER 19.39%
epoch  24 | iteration   480 | Loss 0.327468 | Acc 92.29% | WER 24.43%
epoch  24 | iteration   520 | Loss 0.297410 | Acc 94.58% | WER 17.52%
epoch  24 | iteration   560 | Loss 0.320472 | Acc 93.33% | WER 22.86%
epoch  24 | iteration   600 | Loss 0.313629 | Acc 93.75% | WER 15.89%
epoch  24 | iteration   640 | Loss 0.321981 | Acc 92.71% | WER 22.26%
epoch  24 | iteration   680 | Loss 0.355899 | Acc 92.92% | WER 20.18%
epoch  24 | iteration   720 | Loss 0.291500 | Acc 94.17% | WER 16.99%
epoch  24 | iteration   760 | Loss 0.308944 | Acc 93.54% | WER 19.83%
epoch  24 | iteration   800 | Loss 0.308480 | Acc 93.96% | WER 20.46%
epoch  24 | iteration   840 | Loss 0.289944 | Acc 95.00% | WER 16.09%
epoch  24 | iteration   880 | Loss 0.281526 | Acc 94.58% | WER 19.95%
epoch  24 | iteration   920 | Loss 0.277740 | Acc 94.38% | WER 21.32%
epoch  24 | iteration   960 | Loss 0.322768 | Acc 93.54% | WER 20.51%
epoch  24 | iteration  1000 | Loss 0.409635 | Acc 91.04% | WER 22.71%
epoch  24 | iteration  1040 | Loss 0.303980 | Acc 93.96% | WER 15.88%
epoch  24 | iteration  1080 | Loss 0.317034 | Acc 93.12% | WER 21.54%
epoch  24 | iteration  1120 | Loss 0.322258 | Acc 94.17% | WER 18.10%
Average Training Loss of Epoch 24: 0.302061 | Acc: 93.68% | WER 19.65%
Average Validation Loss of Epoch 24: 6.547255 | Acc: 63.03% | WER: 98.46% | BLEU-4: 0.00
Average test Loss of Epoch 24: 6.669216 | Acc: 62.07% | WER: 99.43% | BLEU-4: 0.05
####################Epoch 24 Model Saved####################
epoch  25 | iteration    40 | Loss 0.273369 | Acc 95.21% | WER 15.85%
epoch  25 | iteration    80 | Loss 0.280552 | Acc 94.58% | WER 16.14%
epoch  25 | iteration   120 | Loss 0.278382 | Acc 93.75% | WER 21.11%
epoch  25 | iteration   160 | Loss 0.289552 | Acc 94.38% | WER 17.38%
epoch  25 | iteration   200 | Loss 0.314025 | Acc 94.38% | WER 23.84%
epoch  25 | iteration   240 | Loss 0.264315 | Acc 93.12% | WER 19.85%
epoch  25 | iteration   280 | Loss 0.270581 | Acc 94.38% | WER 16.80%
epoch  25 | iteration   320 | Loss 0.327610 | Acc 93.75% | WER 17.49%
epoch  25 | iteration   360 | Loss 0.292332 | Acc 93.54% | WER 20.22%
epoch  25 | iteration   400 | Loss 0.272053 | Acc 94.17% | WER 18.05%
epoch  25 | iteration   440 | Loss 0.282998 | Acc 93.96% | WER 21.59%
epoch  25 | iteration   480 | Loss 0.270207 | Acc 94.17% | WER 18.10%
epoch  25 | iteration   520 | Loss 0.296755 | Acc 93.75% | WER 18.21%
epoch  25 | iteration   560 | Loss 0.288539 | Acc 94.79% | WER 17.38%
epoch  25 | iteration   600 | Loss 0.313342 | Acc 92.08% | WER 22.62%
epoch  25 | iteration   640 | Loss 0.322566 | Acc 92.92% | WER 24.81%
epoch  25 | iteration   680 | Loss 0.303839 | Acc 92.29% | WER 24.66%
epoch  25 | iteration   720 | Loss 0.302490 | Acc 93.75% | WER 20.22%
epoch  25 | iteration   760 | Loss 0.315247 | Acc 94.38% | WER 13.27%
epoch  25 | iteration   800 | Loss 0.274573 | Acc 94.38% | WER 16.78%
epoch  25 | iteration   840 | Loss 0.269883 | Acc 94.79% | WER 17.04%
epoch  25 | iteration   880 | Loss 0.284778 | Acc 93.96% | WER 18.52%
epoch  25 | iteration   920 | Loss 0.292745 | Acc 94.17% | WER 16.50%
epoch  25 | iteration   960 | Loss 0.297081 | Acc 93.75% | WER 19.49%
epoch  25 | iteration  1000 | Loss 0.277165 | Acc 95.00% | WER 14.70%
epoch  25 | iteration  1040 | Loss 0.279294 | Acc 93.75% | WER 17.13%
epoch  25 | iteration  1080 | Loss 0.288554 | Acc 94.17% | WER 16.67%
epoch  25 | iteration  1120 | Loss 0.225335 | Acc 95.42% | WER 15.62%
Average Training Loss of Epoch 25: 0.293487 | Acc: 93.79% | WER 19.23%
Average Validation Loss of Epoch 25: 6.558616 | Acc: 62.15% | WER: 100.43% | BLEU-4: 0.08
Average test Loss of Epoch 25: 6.590563 | Acc: 62.33% | WER: 97.63% | BLEU-4: 0.00
####################Epoch 25 Model Saved####################
epoch  26 | iteration    40 | Loss 0.259337 | Acc 94.17% | WER 16.78%
epoch  26 | iteration    80 | Loss 0.265258 | Acc 95.00% | WER 13.55%
epoch  26 | iteration   120 | Loss 0.269121 | Acc 94.79% | WER 14.71%
epoch  26 | iteration   160 | Loss 0.277866 | Acc 93.96% | WER 20.55%
epoch  26 | iteration   200 | Loss 0.260094 | Acc 94.17% | WER 16.91%
epoch  26 | iteration   240 | Loss 0.279735 | Acc 93.75% | WER 21.14%
epoch  26 | iteration   280 | Loss 0.264273 | Acc 94.58% | WER 16.54%
epoch  26 | iteration   320 | Loss 0.300664 | Acc 94.79% | WER 15.35%
epoch  26 | iteration   360 | Loss 0.268232 | Acc 94.58% | WER 17.66%
epoch  26 | iteration   400 | Loss 0.318123 | Acc 91.46% | WER 23.58%
epoch  26 | iteration   440 | Loss 0.232127 | Acc 94.79% | WER 17.93%
epoch  26 | iteration   480 | Loss 0.318326 | Acc 93.54% | WER 17.29%
epoch  26 | iteration   520 | Loss 0.254030 | Acc 94.58% | WER 17.27%
epoch  26 | iteration   560 | Loss 0.289455 | Acc 93.33% | WER 21.49%
epoch  26 | iteration   600 | Loss 0.308441 | Acc 93.96% | WER 17.86%
epoch  26 | iteration   640 | Loss 0.307695 | Acc 92.29% | WER 24.07%
epoch  26 | iteration   680 | Loss 0.301685 | Acc 93.96% | WER 18.43%
epoch  26 | iteration   720 | Loss 0.255375 | Acc 93.96% | WER 17.46%
epoch  26 | iteration   760 | Loss 0.262791 | Acc 93.54% | WER 21.77%
epoch  26 | iteration   800 | Loss 0.268947 | Acc 94.58% | WER 16.14%
epoch  26 | iteration   840 | Loss 0.270421 | Acc 94.58% | WER 19.59%
epoch  26 | iteration   880 | Loss 0.298974 | Acc 94.38% | WER 17.13%
epoch  26 | iteration   920 | Loss 0.273804 | Acc 93.96% | WER 19.78%
epoch  26 | iteration   960 | Loss 0.283069 | Acc 93.96% | WER 20.16%
epoch  26 | iteration  1000 | Loss 0.291259 | Acc 93.12% | WER 22.79%
epoch  26 | iteration  1040 | Loss 0.306404 | Acc 93.33% | WER 19.71%
epoch  26 | iteration  1080 | Loss 0.298792 | Acc 93.54% | WER 18.69%
epoch  26 | iteration  1120 | Loss 0.289678 | Acc 93.75% | WER 19.88%
Average Training Loss of Epoch 26: 0.282816 | Acc: 93.92% | WER 18.87%
Average Validation Loss of Epoch 26: 6.475042 | Acc: 62.88% | WER: 98.23% | BLEU-4: 0.08
Average test Loss of Epoch 26: 6.563525 | Acc: 62.52% | WER: 96.26% | BLEU-4: 0.10
####################Epoch 26 Model Saved####################
epoch  27 | iteration    40 | Loss 0.265769 | Acc 94.38% | WER 22.24%
epoch  27 | iteration    80 | Loss 0.246187 | Acc 93.75% | WER 23.72%
epoch  27 | iteration   120 | Loss 0.248428 | Acc 94.79% | WER 15.31%
epoch  27 | iteration   160 | Loss 0.240847 | Acc 94.79% | WER 15.35%
epoch  27 | iteration   200 | Loss 0.299256 | Acc 93.12% | WER 21.78%
