Logging to file...
Dataset samples: 18601
######################Training Started######################
epoch   1 | iteration    20 | Loss 8.495386 | Acc 2.29% | WER 140.93%
epoch   1 | iteration    40 | Loss 7.845099 | Acc 3.33% | WER 90.04%
epoch   1 | iteration    60 | Loss 7.592290 | Acc 3.12% | WER 231.52%
epoch   1 | iteration    80 | Loss 7.270905 | Acc 3.12% | WER 175.16%
epoch   1 | iteration   100 | Loss 6.855096 | Acc 2.50% | WER 196.95%
epoch   1 | iteration   120 | Loss 7.529409 | Acc 2.71% | WER 128.27%
epoch   1 | iteration   140 | Loss 6.603546 | Acc 2.92% | WER 268.36%
epoch   1 | iteration   160 | Loss 6.629742 | Acc 3.54% | WER 113.94%
epoch   1 | iteration   180 | Loss 6.727638 | Acc 2.71% | WER 196.85%
epoch   1 | iteration   200 | Loss 6.869215 | Acc 2.50% | WER 178.72%
epoch   1 | iteration   220 | Loss 6.610247 | Acc 1.88% | WER 125.38%
epoch   1 | iteration   240 | Loss 6.556678 | Acc 2.92% | WER 160.99%
epoch   1 | iteration   260 | Loss 6.643486 | Acc 1.67% | WER 169.31%
epoch   1 | iteration   280 | Loss 6.585524 | Acc 3.33% | WER 143.08%
epoch   1 | iteration   300 | Loss 6.667535 | Acc 4.58% | WER 122.78%
epoch   1 | iteration   320 | Loss 6.670871 | Acc 3.75% | WER 163.81%
epoch   1 | iteration   340 | Loss 6.264901 | Acc 5.00% | WER 152.98%
epoch   1 | iteration   360 | Loss 6.523914 | Acc 5.21% | WER 116.50%
epoch   1 | iteration   380 | Loss 6.502590 | Acc 6.04% | WER 255.45%
epoch   1 | iteration   400 | Loss 6.362364 | Acc 6.25% | WER 316.90%
epoch   1 | iteration   420 | Loss 6.028858 | Acc 7.08% | WER 249.96%
epoch   1 | iteration   440 | Loss 6.285935 | Acc 6.88% | WER 304.56%
epoch   1 | iteration   460 | Loss 6.337527 | Acc 6.67% | WER 221.00%
epoch   1 | iteration   480 | Loss 6.217244 | Acc 5.83% | WER 284.55%
epoch   1 | iteration   500 | Loss 6.011366 | Acc 6.04% | WER 298.86%
epoch   1 | iteration   520 | Loss 5.856870 | Acc 8.12% | WER 262.86%
epoch   1 | iteration   540 | Loss 6.151507 | Acc 7.08% | WER 280.38%
epoch   1 | iteration   560 | Loss 6.075284 | Acc 7.92% | WER 272.51%
epoch   1 | iteration   580 | Loss 6.032403 | Acc 7.92% | WER 279.49%
epoch   1 | iteration   600 | Loss 6.024744 | Acc 6.67% | WER 280.76%
epoch   1 | iteration   620 | Loss 5.897707 | Acc 6.88% | WER 296.18%
epoch   1 | iteration   640 | Loss 6.077097 | Acc 6.67% | WER 284.63%
epoch   1 | iteration   660 | Loss 6.045023 | Acc 8.96% | WER 223.35%
epoch   1 | iteration   680 | Loss 5.857581 | Acc 8.12% | WER 234.66%
epoch   1 | iteration   700 | Loss 6.085414 | Acc 7.29% | WER 302.45%
epoch   1 | iteration   720 | Loss 6.149595 | Acc 6.46% | WER 266.02%
epoch   1 | iteration   740 | Loss 5.623955 | Acc 7.50% | WER 330.18%
epoch   1 | iteration   760 | Loss 6.112634 | Acc 7.92% | WER 270.83%
epoch   1 | iteration   780 | Loss 5.865435 | Acc 7.08% | WER 274.32%
epoch   1 | iteration   800 | Loss 5.685575 | Acc 5.83% | WER 332.16%
epoch   1 | iteration   820 | Loss 6.073038 | Acc 8.54% | WER 288.44%
epoch   1 | iteration   840 | Loss 5.763048 | Acc 7.08% | WER 330.33%
epoch   1 | iteration   860 | Loss 5.907287 | Acc 7.50% | WER 290.59%
epoch   1 | iteration   880 | Loss 5.547005 | Acc 7.71% | WER 322.53%
epoch   1 | iteration   900 | Loss 5.802731 | Acc 7.71% | WER 295.48%
epoch   1 | iteration   920 | Loss 5.740148 | Acc 7.29% | WER 322.42%
epoch   1 | iteration   940 | Loss 5.969895 | Acc 7.29% | WER 291.30%
epoch   1 | iteration   960 | Loss 5.871427 | Acc 6.88% | WER 299.56%
epoch   1 | iteration   980 | Loss 5.549351 | Acc 7.71% | WER 309.72%
epoch   1 | iteration  1000 | Loss 6.260263 | Acc 7.50% | WER 276.27%
epoch   1 | iteration  1020 | Loss 5.517328 | Acc 8.12% | WER 318.83%
epoch   1 | iteration  1040 | Loss 5.626263 | Acc 8.54% | WER 274.63%
epoch   1 | iteration  1060 | Loss 5.963332 | Acc 7.08% | WER 288.79%
epoch   1 | iteration  1080 | Loss 5.741377 | Acc 6.25% | WER 343.46%
epoch   1 | iteration  1100 | Loss 6.084386 | Acc 7.71% | WER 321.55%
epoch   1 | iteration  1120 | Loss 5.897674 | Acc 7.92% | WER 292.86%
epoch   1 | iteration  1140 | Loss 5.903399 | Acc 7.50% | WER 299.98%
Average Training Loss of Epoch 1: 6.332541 | Acc: 6.00% | WER 249.48%
Average Validation Loss of Epoch 1: 7.520555 | Acc: 2.20% | WER: 385.03% | BLEU-4: 0.00
Average test Loss of Epoch 1: 8.036382 | Acc: 2.87% | WER: 188.87% | BLEU-4: 0.00
####################Epoch 1 Model Saved#####################
epoch   2 | iteration    20 | Loss 5.854975 | Acc 5.83% | WER 301.52%
epoch   2 | iteration    40 | Loss 5.888439 | Acc 7.92% | WER 307.84%
epoch   2 | iteration    60 | Loss 5.988349 | Acc 7.92% | WER 284.12%
epoch   2 | iteration    80 | Loss 5.407423 | Acc 7.08% | WER 358.56%
epoch   2 | iteration   100 | Loss 5.783768 | Acc 7.08% | WER 294.97%
epoch   2 | iteration   120 | Loss 5.804723 | Acc 8.54% | WER 268.58%
epoch   2 | iteration   140 | Loss 5.627624 | Acc 8.75% | WER 276.50%
epoch   2 | iteration   160 | Loss 5.691584 | Acc 7.29% | WER 277.17%
epoch   2 | iteration   180 | Loss 6.110174 | Acc 7.92% | WER 299.35%
epoch   2 | iteration   200 | Loss 5.666389 | Acc 9.17% | WER 240.06%
epoch   2 | iteration   220 | Loss 5.769502 | Acc 7.71% | WER 298.00%
epoch   2 | iteration   240 | Loss 5.755266 | Acc 7.71% | WER 291.01%
epoch   2 | iteration   260 | Loss 5.481739 | Acc 8.33% | WER 316.79%
epoch   2 | iteration   280 | Loss 5.812957 | Acc 8.33% | WER 313.06%
epoch   2 | iteration   300 | Loss 5.762619 | Acc 7.71% | WER 329.28%
epoch   2 | iteration   320 | Loss 5.968200 | Acc 8.75% | WER 270.13%
epoch   2 | iteration   340 | Loss 5.797262 | Acc 7.92% | WER 311.47%
epoch   2 | iteration   360 | Loss 6.105316 | Acc 7.92% | WER 255.59%
epoch   2 | iteration   380 | Loss 5.999712 | Acc 7.29% | WER 259.64%
epoch   2 | iteration   400 | Loss 5.208437 | Acc 7.92% | WER 330.91%
epoch   2 | iteration   420 | Loss 5.618012 | Acc 8.12% | WER 316.99%
epoch   2 | iteration   440 | Loss 5.560388 | Acc 10.00% | WER 263.16%
epoch   2 | iteration   460 | Loss 5.948510 | Acc 8.12% | WER 287.18%
epoch   2 | iteration   480 | Loss 5.936988 | Acc 7.92% | WER 313.88%
epoch   2 | iteration   500 | Loss 5.791218 | Acc 7.50% | WER 300.72%
epoch   2 | iteration   520 | Loss 5.749199 | Acc 8.75% | WER 268.05%
epoch   2 | iteration   540 | Loss 5.605689 | Acc 9.17% | WER 276.19%
epoch   2 | iteration   560 | Loss 5.751274 | Acc 9.38% | WER 256.74%
epoch   2 | iteration   580 | Loss 5.860721 | Acc 6.88% | WER 294.70%
epoch   2 | iteration   600 | Loss 5.656004 | Acc 9.17% | WER 260.97%
epoch   2 | iteration   620 | Loss 6.292493 | Acc 7.50% | WER 274.68%
epoch   2 | iteration   640 | Loss 5.858682 | Acc 7.08% | WER 267.75%
epoch   2 | iteration   660 | Loss 5.870056 | Acc 8.75% | WER 275.80%
epoch   2 | iteration   680 | Loss 5.341833 | Acc 8.12% | WER 361.37%
epoch   2 | iteration   700 | Loss 5.993392 | Acc 8.75% | WER 246.91%
epoch   2 | iteration   720 | Loss 5.491158 | Acc 7.92% | WER 305.22%
epoch   2 | iteration   740 | Loss 5.691924 | Acc 7.92% | WER 306.94%
epoch   2 | iteration   760 | Loss 5.492456 | Acc 8.54% | WER 316.16%
epoch   2 | iteration   780 | Loss 5.684683 | Acc 7.50% | WER 361.82%
epoch   2 | iteration   800 | Loss 5.595947 | Acc 8.96% | WER 274.69%
epoch   2 | iteration   820 | Loss 5.766943 | Acc 7.92% | WER 259.50%
epoch   2 | iteration   840 | Loss 5.926353 | Acc 7.92% | WER 264.35%
epoch   2 | iteration   860 | Loss 5.638251 | Acc 8.75% | WER 243.22%
epoch   2 | iteration   880 | Loss 5.571100 | Acc 8.75% | WER 251.12%
epoch   2 | iteration   900 | Loss 5.926079 | Acc 7.92% | WER 279.96%
epoch   2 | iteration   920 | Loss 5.645301 | Acc 8.96% | WER 246.85%
epoch   2 | iteration   940 | Loss 5.492183 | Acc 7.71% | WER 309.71%
epoch   2 | iteration   960 | Loss 5.607754 | Acc 9.79% | WER 260.59%
epoch   2 | iteration   980 | Loss 5.678751 | Acc 9.38% | WER 239.75%
epoch   2 | iteration  1000 | Loss 5.348677 | Acc 8.96% | WER 279.74%
epoch   2 | iteration  1020 | Loss 5.548515 | Acc 9.17% | WER 249.98%
epoch   2 | iteration  1040 | Loss 5.760071 | Acc 8.54% | WER 263.72%
epoch   2 | iteration  1060 | Loss 5.546558 | Acc 8.33% | WER 317.94%
epoch   2 | iteration  1080 | Loss 5.420593 | Acc 8.75% | WER 271.62%
epoch   2 | iteration  1100 | Loss 5.460165 | Acc 8.12% | WER 288.01%
epoch   2 | iteration  1120 | Loss 5.672492 | Acc 8.12% | WER 271.83%
epoch   2 | iteration  1140 | Loss 5.662011 | Acc 8.12% | WER 304.53%
Average Training Loss of Epoch 2: 5.741248 | Acc: 8.13% | WER 289.76%
Average Validation Loss of Epoch 2: 7.793042 | Acc: 0.90% | WER: 502.39% | BLEU-4: 0.00
Average test Loss of Epoch 2: 7.877270 | Acc: 1.20% | WER: 242.04% | BLEU-4: 0.00
####################Epoch 2 Model Saved#####################
epoch   3 | iteration    20 | Loss 5.702961 | Acc 9.17% | WER 282.59%
epoch   3 | iteration    40 | Loss 5.508087 | Acc 9.17% | WER 262.72%
epoch   3 | iteration    60 | Loss 5.815717 | Acc 7.92% | WER 285.46%
epoch   3 | iteration    80 | Loss 5.564944 | Acc 8.33% | WER 299.06%
epoch   3 | iteration   100 | Loss 5.753770 | Acc 8.54% | WER 281.72%
epoch   3 | iteration   120 | Loss 5.697609 | Acc 8.54% | WER 286.84%
epoch   3 | iteration   140 | Loss 5.579026 | Acc 9.38% | WER 251.51%
epoch   3 | iteration   160 | Loss 5.138752 | Acc 9.79% | WER 269.16%
epoch   3 | iteration   180 | Loss 5.223709 | Acc 7.08% | WER 335.73%
epoch   3 | iteration   200 | Loss 5.085801 | Acc 7.71% | WER 333.48%
epoch   3 | iteration   220 | Loss 5.446289 | Acc 9.17% | WER 242.69%
epoch   3 | iteration   240 | Loss 5.473368 | Acc 8.12% | WER 316.35%
epoch   3 | iteration   260 | Loss 5.488354 | Acc 7.29% | WER 307.44%
epoch   3 | iteration   280 | Loss 5.296371 | Acc 8.96% | WER 303.46%
epoch   3 | iteration   300 | Loss 5.354185 | Acc 7.71% | WER 288.77%
epoch   3 | iteration   320 | Loss 5.608529 | Acc 8.12% | WER 280.29%
epoch   3 | iteration   340 | Loss 5.435635 | Acc 8.75% | WER 289.37%
epoch   3 | iteration   360 | Loss 5.708009 | Acc 8.75% | WER 308.11%
epoch   3 | iteration   380 | Loss 5.415830 | Acc 10.00% | WER 269.16%
epoch   3 | iteration   400 | Loss 5.343583 | Acc 8.75% | WER 299.73%
epoch   3 | iteration   420 | Loss 5.538771 | Acc 9.58% | WER 289.38%
epoch   3 | iteration   440 | Loss 5.715971 | Acc 8.12% | WER 278.50%
epoch   3 | iteration   460 | Loss 5.436496 | Acc 8.33% | WER 301.47%
epoch   3 | iteration   480 | Loss 5.418774 | Acc 8.75% | WER 278.26%
epoch   3 | iteration   500 | Loss 5.573738 | Acc 7.92% | WER 333.85%
epoch   3 | iteration   520 | Loss 5.291310 | Acc 9.58% | WER 272.31%
epoch   3 | iteration   540 | Loss 5.257840 | Acc 8.96% | WER 299.42%
epoch   3 | iteration   560 | Loss 5.614234 | Acc 10.21% | WER 276.27%
epoch   3 | iteration   580 | Loss 5.486540 | Acc 8.96% | WER 296.07%
epoch   3 | iteration   600 | Loss 5.453675 | Acc 8.75% | WER 270.87%
epoch   3 | iteration   620 | Loss 5.914856 | Acc 8.33% | WER 278.98%
epoch   3 | iteration   640 | Loss 6.124116 | Acc 7.92% | WER 293.84%
epoch   3 | iteration   660 | Loss 4.885464 | Acc 10.00% | WER 312.69%
epoch   3 | iteration   680 | Loss 5.623154 | Acc 8.75% | WER 329.22%
epoch   3 | iteration   700 | Loss 5.396857 | Acc 7.92% | WER 319.32%
epoch   3 | iteration   720 | Loss 5.614192 | Acc 8.54% | WER 304.48%
epoch   3 | iteration   740 | Loss 5.416034 | Acc 9.17% | WER 257.02%
epoch   3 | iteration   760 | Loss 5.385009 | Acc 10.62% | WER 243.66%
epoch   3 | iteration   780 | Loss 5.785176 | Acc 9.38% | WER 258.90%
epoch   3 | iteration   800 | Loss 5.484658 | Acc 10.00% | WER 266.81%
epoch   3 | iteration   820 | Loss 5.534920 | Acc 9.38% | WER 266.70%
epoch   3 | iteration   840 | Loss 5.592617 | Acc 8.75% | WER 290.68%
epoch   3 | iteration   860 | Loss 5.102599 | Acc 10.00% | WER 270.74%
epoch   3 | iteration   880 | Loss 5.687671 | Acc 7.92% | WER 289.73%
epoch   3 | iteration   900 | Loss 5.434377 | Acc 8.96% | WER 331.07%
epoch   3 | iteration   920 | Loss 5.188901 | Acc 8.96% | WER 292.63%
epoch   3 | iteration   940 | Loss 5.425468 | Acc 9.58% | WER 293.89%
epoch   3 | iteration   960 | Loss 5.706532 | Acc 9.58% | WER 227.58%
epoch   3 | iteration   980 | Loss 5.890501 | Acc 9.17% | WER 247.44%
epoch   3 | iteration  1000 | Loss 5.373097 | Acc 8.96% | WER 276.39%
epoch   3 | iteration  1020 | Loss 5.392483 | Acc 8.54% | WER 308.89%
epoch   3 | iteration  1040 | Loss 5.604739 | Acc 7.92% | WER 282.87%
epoch   3 | iteration  1060 | Loss 5.564695 | Acc 7.92% | WER 304.75%
epoch   3 | iteration  1080 | Loss 5.495971 | Acc 10.62% | WER 280.78%
epoch   3 | iteration  1100 | Loss 5.438154 | Acc 9.79% | WER 251.02%
epoch   3 | iteration  1120 | Loss 5.558503 | Acc 8.75% | WER 288.03%
epoch   3 | iteration  1140 | Loss 5.692761 | Acc 8.12% | WER 349.03%
Average Training Loss of Epoch 3: 5.544199 | Acc: 8.69% | WER 289.10%
Average Validation Loss of Epoch 3: 7.869831 | Acc: 0.83% | WER: 441.62% | BLEU-4: 0.00
Average test Loss of Epoch 3: 7.729314 | Acc: 2.30% | WER: 216.98% | BLEU-4: 0.00
####################Epoch 3 Model Saved#####################
epoch   4 | iteration    20 | Loss 4.893890 | Acc 9.79% | WER 308.00%
epoch   4 | iteration    40 | Loss 5.619627 | Acc 8.33% | WER 286.79%
epoch   4 | iteration    60 | Loss 5.372628 | Acc 9.17% | WER 306.06%
epoch   4 | iteration    80 | Loss 5.549119 | Acc 9.38% | WER 249.32%
epoch   4 | iteration   100 | Loss 5.107104 | Acc 8.54% | WER 272.26%
epoch   4 | iteration   120 | Loss 5.347333 | Acc 10.00% | WER 273.62%
epoch   4 | iteration   140 | Loss 5.187587 | Acc 9.38% | WER 306.32%
epoch   4 | iteration   160 | Loss 5.316613 | Acc 8.54% | WER 308.87%
epoch   4 | iteration   180 | Loss 5.171935 | Acc 9.58% | WER 278.69%
epoch   4 | iteration   200 | Loss 5.814564 | Acc 8.33% | WER 315.95%
epoch   4 | iteration   220 | Loss 5.501409 | Acc 8.75% | WER 293.04%
epoch   4 | iteration   240 | Loss 5.553060 | Acc 8.33% | WER 287.61%
epoch   4 | iteration   260 | Loss 5.571639 | Acc 8.75% | WER 319.39%
epoch   4 | iteration   280 | Loss 5.590569 | Acc 9.58% | WER 279.94%
epoch   4 | iteration   300 | Loss 5.056098 | Acc 9.38% | WER 278.31%
epoch   4 | iteration   320 | Loss 5.485910 | Acc 8.96% | WER 275.35%
epoch   4 | iteration   340 | Loss 5.249147 | Acc 8.75% | WER 306.02%
epoch   4 | iteration   360 | Loss 5.219051 | Acc 9.17% | WER 281.71%
epoch   4 | iteration   380 | Loss 5.537659 | Acc 9.38% | WER 272.43%
epoch   4 | iteration   400 | Loss 4.933647 | Acc 8.96% | WER 297.45%
epoch   4 | iteration   420 | Loss 5.744181 | Acc 7.92% | WER 283.57%
epoch   4 | iteration   440 | Loss 5.231815 | Acc 8.33% | WER 339.01%
epoch   4 | iteration   460 | Loss 5.355636 | Acc 8.75% | WER 320.58%
epoch   4 | iteration   480 | Loss 5.363743 | Acc 8.75% | WER 277.66%
epoch   4 | iteration   500 | Loss 5.216284 | Acc 11.25% | WER 251.76%
epoch   4 | iteration   520 | Loss 5.051027 | Acc 9.79% | WER 285.45%
epoch   4 | iteration   540 | Loss 5.362404 | Acc 8.54% | WER 336.74%
epoch   4 | iteration   560 | Loss 5.148514 | Acc 8.75% | WER 314.59%
epoch   4 | iteration   580 | Loss 4.935265 | Acc 10.42% | WER 254.62%
epoch   4 | iteration   600 | Loss 5.028980 | Acc 8.54% | WER 310.70%
epoch   4 | iteration   620 | Loss 5.017074 | Acc 9.79% | WER 297.76%
epoch   4 | iteration   640 | Loss 5.671507 | Acc 8.54% | WER 307.78%
epoch   4 | iteration   660 | Loss 5.478741 | Acc 8.54% | WER 283.81%
epoch   4 | iteration   680 | Loss 5.655614 | Acc 8.12% | WER 240.19%
epoch   4 | iteration   700 | Loss 4.981009 | Acc 7.71% | WER 417.34%
epoch   4 | iteration   720 | Loss 5.533528 | Acc 9.17% | WER 261.13%
epoch   4 | iteration   740 | Loss 5.417056 | Acc 8.33% | WER 291.98%
epoch   4 | iteration   760 | Loss 5.620290 | Acc 8.75% | WER 309.69%
epoch   4 | iteration   780 | Loss 5.382544 | Acc 8.54% | WER 323.59%
epoch   4 | iteration   800 | Loss 5.394379 | Acc 9.58% | WER 268.05%
epoch   4 | iteration   820 | Loss 5.255796 | Acc 9.58% | WER 298.45%
epoch   4 | iteration   840 | Loss 5.702923 | Acc 10.62% | WER 239.96%
epoch   4 | iteration   860 | Loss 5.148985 | Acc 9.17% | WER 312.02%
epoch   4 | iteration   880 | Loss 5.487267 | Acc 8.12% | WER 260.70%
epoch   4 | iteration   900 | Loss 5.181986 | Acc 8.75% | WER 284.05%
epoch   4 | iteration   920 | Loss 5.273041 | Acc 8.33% | WER 275.51%
epoch   4 | iteration   940 | Loss 5.344951 | Acc 8.54% | WER 342.13%
epoch   4 | iteration   960 | Loss 5.514911 | Acc 8.12% | WER 247.01%
epoch   4 | iteration   980 | Loss 5.346033 | Acc 9.38% | WER 367.64%
epoch   4 | iteration  1000 | Loss 5.679216 | Acc 10.00% | WER 257.35%
epoch   4 | iteration  1020 | Loss 5.451387 | Acc 8.12% | WER 298.76%
epoch   4 | iteration  1040 | Loss 5.039749 | Acc 11.46% | WER 260.80%
epoch   4 | iteration  1060 | Loss 5.269816 | Acc 10.00% | WER 222.69%
epoch   4 | iteration  1080 | Loss 5.316387 | Acc 9.58% | WER 251.88%
epoch   4 | iteration  1100 | Loss 5.224905 | Acc 9.38% | WER 327.40%
epoch   4 | iteration  1120 | Loss 5.042021 | Acc 10.21% | WER 263.49%
epoch   4 | iteration  1140 | Loss 5.098451 | Acc 10.62% | WER 261.61%
Average Training Loss of Epoch 4: 5.369164 | Acc: 9.16% | WER 287.69%
Average Validation Loss of Epoch 4: 7.657882 | Acc: 0.73% | WER: 432.25% | BLEU-4: 0.00
Average test Loss of Epoch 4: 7.858471 | Acc: 2.53% | WER: 212.53% | BLEU-4: 0.00
####################Epoch 4 Model Saved#####################
epoch   5 | iteration    20 | Loss 5.363415 | Acc 10.42% | WER 250.02%
epoch   5 | iteration    40 | Loss 5.162019 | Acc 9.58% | WER 314.99%
epoch   5 | iteration    60 | Loss 5.412246 | Acc 12.71% | WER 224.78%
epoch   5 | iteration    80 | Loss 5.395833 | Acc 9.17% | WER 241.29%
epoch   5 | iteration   100 | Loss 4.811457 | Acc 9.17% | WER 284.24%
epoch   5 | iteration   120 | Loss 5.507481 | Acc 8.75% | WER 288.44%
epoch   5 | iteration   140 | Loss 5.465904 | Acc 8.33% | WER 319.26%
epoch   5 | iteration   160 | Loss 4.962054 | Acc 10.21% | WER 298.58%
epoch   5 | iteration   180 | Loss 5.111950 | Acc 9.38% | WER 253.36%
epoch   5 | iteration   200 | Loss 5.344233 | Acc 10.42% | WER 270.49%
epoch   5 | iteration   220 | Loss 5.526608 | Acc 8.96% | WER 316.87%
epoch   5 | iteration   240 | Loss 5.531776 | Acc 7.92% | WER 296.18%
epoch   5 | iteration   260 | Loss 5.448277 | Acc 8.75% | WER 291.04%
epoch   5 | iteration   280 | Loss 4.956569 | Acc 10.62% | WER 281.97%
epoch   5 | iteration   300 | Loss 5.100717 | Acc 9.17% | WER 291.37%
epoch   5 | iteration   320 | Loss 5.176023 | Acc 11.04% | WER 282.25%
epoch   5 | iteration   340 | Loss 5.276962 | Acc 8.75% | WER 314.15%
epoch   5 | iteration   360 | Loss 4.864338 | Acc 10.83% | WER 258.19%
epoch   5 | iteration   380 | Loss 5.619061 | Acc 7.92% | WER 295.26%
epoch   5 | iteration   400 | Loss 4.987006 | Acc 8.96% | WER 274.40%
epoch   5 | iteration   420 | Loss 5.324693 | Acc 8.75% | WER 298.04%
epoch   5 | iteration   440 | Loss 5.464806 | Acc 8.96% | WER 264.67%
epoch   5 | iteration   460 | Loss 5.439508 | Acc 10.21% | WER 232.08%
epoch   5 | iteration   480 | Loss 5.425396 | Acc 10.83% | WER 284.14%
epoch   5 | iteration   500 | Loss 5.214934 | Acc 8.33% | WER 326.07%
epoch   5 | iteration   520 | Loss 5.109266 | Acc 9.38% | WER 302.14%
epoch   5 | iteration   540 | Loss 5.386411 | Acc 8.12% | WER 332.29%
epoch   5 | iteration   560 | Loss 4.947285 | Acc 8.54% | WER 322.76%
epoch   5 | iteration   580 | Loss 5.513165 | Acc 8.33% | WER 293.05%
epoch   5 | iteration   600 | Loss 4.984525 | Acc 12.50% | WER 250.16%
epoch   5 | iteration   620 | Loss 5.181523 | Acc 9.17% | WER 278.78%
epoch   5 | iteration   640 | Loss 4.810543 | Acc 11.04% | WER 249.22%
epoch   5 | iteration   660 | Loss 5.110568 | Acc 10.00% | WER 272.78%
epoch   5 | iteration   680 | Loss 5.510380 | Acc 10.00% | WER 248.96%
epoch   5 | iteration   700 | Loss 5.132091 | Acc 8.33% | WER 305.34%
epoch   5 | iteration   720 | Loss 4.995237 | Acc 9.79% | WER 292.44%
epoch   5 | iteration   740 | Loss 5.325686 | Acc 8.96% | WER 307.06%
epoch   5 | iteration   760 | Loss 5.496210 | Acc 9.38% | WER 327.30%
epoch   5 | iteration   780 | Loss 5.250525 | Acc 8.33% | WER 307.49%
epoch   5 | iteration   800 | Loss 5.277755 | Acc 8.75% | WER 341.79%
epoch   5 | iteration   820 | Loss 4.748267 | Acc 13.33% | WER 228.87%
epoch   5 | iteration   840 | Loss 5.100434 | Acc 10.83% | WER 274.35%
epoch   5 | iteration   860 | Loss 5.417229 | Acc 8.96% | WER 339.86%
epoch   5 | iteration   880 | Loss 5.103205 | Acc 11.46% | WER 269.74%
epoch   5 | iteration   900 | Loss 5.338922 | Acc 9.17% | WER 284.27%
epoch   5 | iteration   920 | Loss 5.217261 | Acc 9.17% | WER 254.55%
epoch   5 | iteration   940 | Loss 5.024524 | Acc 10.83% | WER 257.78%
epoch   5 | iteration   960 | Loss 4.938555 | Acc 10.00% | WER 330.84%
epoch   5 | iteration   980 | Loss 5.301830 | Acc 8.54% | WER 315.84%
epoch   5 | iteration  1000 | Loss 5.102880 | Acc 9.38% | WER 273.85%
epoch   5 | iteration  1020 | Loss 5.347254 | Acc 8.54% | WER 296.73%
epoch   5 | iteration  1040 | Loss 4.869328 | Acc 11.88% | WER 250.90%
epoch   5 | iteration  1060 | Loss 4.923377 | Acc 9.79% | WER 288.75%
epoch   5 | iteration  1080 | Loss 5.428265 | Acc 9.58% | WER 280.97%
epoch   5 | iteration  1100 | Loss 5.241179 | Acc 9.79% | WER 266.45%
epoch   5 | iteration  1120 | Loss 5.182853 | Acc 9.79% | WER 274.83%
epoch   5 | iteration  1140 | Loss 5.069582 | Acc 9.38% | WER 309.87%
Average Training Loss of Epoch 5: 5.202468 | Acc: 9.62% | WER 286.69%
Average Validation Loss of Epoch 5: 6.169939 | Acc: 1.77% | WER: 395.48% | BLEU-4: 0.00
Average test Loss of Epoch 5: 7.866154 | Acc: 3.23% | WER: 206.70% | BLEU-4: 0.00
####################Epoch 5 Model Saved#####################
epoch   6 | iteration    20 | Loss 5.012879 | Acc 8.33% | WER 303.76%
epoch   6 | iteration    40 | Loss 4.892931 | Acc 11.88% | WER 269.41%
epoch   6 | iteration    60 | Loss 4.694518 | Acc 10.62% | WER 260.78%
epoch   6 | iteration    80 | Loss 5.680675 | Acc 8.96% | WER 253.59%
epoch   6 | iteration   100 | Loss 4.831281 | Acc 10.21% | WER 271.91%
epoch   6 | iteration   120 | Loss 5.037104 | Acc 10.62% | WER 256.00%
epoch   6 | iteration   140 | Loss 5.392893 | Acc 9.58% | WER 310.43%
epoch   6 | iteration   160 | Loss 5.018284 | Acc 8.12% | WER 271.23%
epoch   6 | iteration   180 | Loss 5.248698 | Acc 9.17% | WER 276.75%
epoch   6 | iteration   200 | Loss 5.110149 | Acc 8.96% | WER 285.19%
epoch   6 | iteration   220 | Loss 5.127332 | Acc 11.67% | WER 234.31%
epoch   6 | iteration   240 | Loss 5.448076 | Acc 10.42% | WER 251.42%
epoch   6 | iteration   260 | Loss 5.154529 | Acc 8.33% | WER 357.41%
epoch   6 | iteration   280 | Loss 5.260259 | Acc 9.38% | WER 292.28%
epoch   6 | iteration   300 | Loss 5.128726 | Acc 11.04% | WER 260.99%
epoch   6 | iteration   320 | Loss 5.078077 | Acc 10.83% | WER 285.32%
epoch   6 | iteration   340 | Loss 5.046078 | Acc 10.83% | WER 236.68%
epoch   6 | iteration   360 | Loss 4.720009 | Acc 8.54% | WER 394.65%
epoch   6 | iteration   380 | Loss 4.990783 | Acc 9.79% | WER 269.41%
epoch   6 | iteration   400 | Loss 5.185017 | Acc 11.25% | WER 254.43%
epoch   6 | iteration   420 | Loss 5.145718 | Acc 9.17% | WER 320.19%
epoch   6 | iteration   440 | Loss 5.026262 | Acc 11.04% | WER 266.20%
epoch   6 | iteration   460 | Loss 5.297090 | Acc 8.75% | WER 297.56%
epoch   6 | iteration   480 | Loss 4.755591 | Acc 10.00% | WER 317.94%
epoch   6 | iteration   500 | Loss 5.404021 | Acc 9.38% | WER 306.08%
epoch   6 | iteration   520 | Loss 4.987208 | Acc 10.42% | WER 310.51%
epoch   6 | iteration   540 | Loss 5.568039 | Acc 9.79% | WER 269.28%
epoch   6 | iteration   560 | Loss 5.040286 | Acc 11.25% | WER 294.11%
epoch   6 | iteration   580 | Loss 5.463846 | Acc 8.96% | WER 285.41%
epoch   6 | iteration   600 | Loss 4.948265 | Acc 8.33% | WER 285.78%
epoch   6 | iteration   620 | Loss 5.826135 | Acc 8.12% | WER 299.06%
epoch   6 | iteration   640 | Loss 4.611752 | Acc 11.04% | WER 317.04%
epoch   6 | iteration   660 | Loss 4.452427 | Acc 11.04% | WER 298.26%
epoch   6 | iteration   680 | Loss 5.419908 | Acc 9.38% | WER 248.77%
epoch   6 | iteration   700 | Loss 5.624555 | Acc 9.38% | WER 281.27%
epoch   6 | iteration   720 | Loss 5.300412 | Acc 9.58% | WER 298.60%
epoch   6 | iteration   740 | Loss 4.932806 | Acc 10.21% | WER 349.30%
epoch   6 | iteration   760 | Loss 4.746750 | Acc 12.08% | WER 261.90%
epoch   6 | iteration   780 | Loss 5.234521 | Acc 9.79% | WER 305.42%
epoch   6 | iteration   800 | Loss 5.052448 | Acc 9.79% | WER 319.71%
epoch   6 | iteration   820 | Loss 5.000564 | Acc 10.83% | WER 281.08%
epoch   6 | iteration   840 | Loss 5.121779 | Acc 10.21% | WER 275.02%
epoch   6 | iteration   860 | Loss 4.799014 | Acc 9.58% | WER 302.64%
epoch   6 | iteration   880 | Loss 5.325001 | Acc 8.33% | WER 304.14%
epoch   6 | iteration   900 | Loss 5.125327 | Acc 8.75% | WER 281.92%
epoch   6 | iteration   920 | Loss 5.128705 | Acc 9.79% | WER 279.57%
epoch   6 | iteration   940 | Loss 5.098989 | Acc 10.00% | WER 282.60%
epoch   6 | iteration   960 | Loss 4.723891 | Acc 11.04% | WER 288.73%
epoch   6 | iteration   980 | Loss 5.043105 | Acc 9.79% | WER 296.17%
epoch   6 | iteration  1000 | Loss 5.021317 | Acc 11.67% | WER 266.05%
epoch   6 | iteration  1020 | Loss 5.031753 | Acc 10.83% | WER 309.09%
epoch   6 | iteration  1040 | Loss 4.594952 | Acc 12.50% | WER 262.10%
epoch   6 | iteration  1060 | Loss 4.878603 | Acc 11.04% | WER 259.34%
epoch   6 | iteration  1080 | Loss 4.846034 | Acc 9.79% | WER 293.80%
epoch   6 | iteration  1100 | Loss 5.041308 | Acc 10.00% | WER 276.16%
epoch   6 | iteration  1120 | Loss 5.244342 | Acc 9.17% | WER 292.52%
epoch   6 | iteration  1140 | Loss 4.934204 | Acc 10.62% | WER 269.30%
Average Training Loss of Epoch 6: 5.053866 | Acc: 10.02% | WER 285.70%
Average Validation Loss of Epoch 6: 7.427845 | Acc: 0.97% | WER: 481.49% | BLEU-4: 0.00
Average test Loss of Epoch 6: 8.188479 | Acc: 1.93% | WER: 257.68% | BLEU-4: 0.00
####################Epoch 6 Model Saved#####################
epoch   7 | iteration    20 | Loss 4.859441 | Acc 11.46% | WER 246.38%
epoch   7 | iteration    40 | Loss 4.627420 | Acc 11.88% | WER 278.91%
epoch   7 | iteration    60 | Loss 5.096079 | Acc 10.00% | WER 284.40%
epoch   7 | iteration    80 | Loss 5.091063 | Acc 9.79% | WER 262.84%
epoch   7 | iteration   100 | Loss 4.838270 | Acc 10.42% | WER 267.73%
epoch   7 | iteration   120 | Loss 4.779300 | Acc 10.00% | WER 255.64%
epoch   7 | iteration   140 | Loss 5.053476 | Acc 10.00% | WER 287.63%
epoch   7 | iteration   160 | Loss 5.046038 | Acc 11.04% | WER 275.26%
epoch   7 | iteration   180 | Loss 4.586214 | Acc 10.83% | WER 287.57%
epoch   7 | iteration   200 | Loss 4.984211 | Acc 11.25% | WER 352.48%
epoch   7 | iteration   220 | Loss 5.025572 | Acc 10.00% | WER 361.78%
epoch   7 | iteration   240 | Loss 5.228590 | Acc 9.79% | WER 317.27%
epoch   7 | iteration   260 | Loss 5.001801 | Acc 10.21% | WER 260.15%
epoch   7 | iteration   280 | Loss 5.045503 | Acc 10.00% | WER 332.97%
epoch   7 | iteration   300 | Loss 5.179593 | Acc 10.21% | WER 320.91%
epoch   7 | iteration   320 | Loss 4.580803 | Acc 10.62% | WER 313.55%
epoch   7 | iteration   340 | Loss 4.416318 | Acc 11.67% | WER 274.35%
epoch   7 | iteration   360 | Loss 5.059639 | Acc 12.08% | WER 276.91%
epoch   7 | iteration   380 | Loss 4.901121 | Acc 10.62% | WER 289.92%
epoch   7 | iteration   400 | Loss 5.320774 | Acc 8.96% | WER 265.51%
epoch   7 | iteration   420 | Loss 5.159109 | Acc 10.21% | WER 281.69%
epoch   7 | iteration   440 | Loss 4.817055 | Acc 10.42% | WER 297.26%
epoch   7 | iteration   460 | Loss 4.943030 | Acc 10.00% | WER 260.09%
epoch   7 | iteration   480 | Loss 4.761492 | Acc 10.62% | WER 279.16%
epoch   7 | iteration   500 | Loss 4.952046 | Acc 11.04% | WER 279.86%
epoch   7 | iteration   520 | Loss 4.711055 | Acc 11.04% | WER 314.76%
epoch   7 | iteration   540 | Loss 4.648800 | Acc 11.67% | WER 291.99%
epoch   7 | iteration   560 | Loss 4.779526 | Acc 8.54% | WER 322.40%
epoch   7 | iteration   580 | Loss 5.120337 | Acc 10.42% | WER 244.64%
epoch   7 | iteration   600 | Loss 5.286223 | Acc 9.38% | WER 295.83%
epoch   7 | iteration   620 | Loss 4.888303 | Acc 11.25% | WER 267.74%
epoch   7 | iteration   640 | Loss 4.864359 | Acc 11.25% | WER 250.45%
epoch   7 | iteration   660 | Loss 5.213213 | Acc 11.46% | WER 270.45%
epoch   7 | iteration   680 | Loss 4.933109 | Acc 9.58% | WER 300.56%
epoch   7 | iteration   700 | Loss 5.024355 | Acc 10.83% | WER 257.86%
epoch   7 | iteration   720 | Loss 4.818465 | Acc 9.17% | WER 330.88%
epoch   7 | iteration   740 | Loss 4.694924 | Acc 11.88% | WER 255.19%
epoch   7 | iteration   760 | Loss 4.902142 | Acc 8.96% | WER 286.95%
epoch   7 | iteration   780 | Loss 4.310296 | Acc 11.46% | WER 268.46%
epoch   7 | iteration   800 | Loss 4.973820 | Acc 9.17% | WER 350.87%
epoch   7 | iteration   820 | Loss 4.948664 | Acc 11.88% | WER 250.23%
epoch   7 | iteration   840 | Loss 4.755152 | Acc 11.46% | WER 267.49%
epoch   7 | iteration   860 | Loss 4.593654 | Acc 11.46% | WER 291.49%
epoch   7 | iteration   880 | Loss 4.764094 | Acc 9.79% | WER 259.71%
epoch   7 | iteration   900 | Loss 5.234839 | Acc 10.00% | WER 244.70%
epoch   7 | iteration   920 | Loss 4.773010 | Acc 10.83% | WER 315.42%
epoch   7 | iteration   940 | Loss 5.362130 | Acc 11.25% | WER 249.58%
epoch   7 | iteration   960 | Loss 5.176144 | Acc 9.79% | WER 295.09%
epoch   7 | iteration   980 | Loss 4.441435 | Acc 9.58% | WER 312.97%
epoch   7 | iteration  1000 | Loss 5.360520 | Acc 9.17% | WER 311.28%
epoch   7 | iteration  1020 | Loss 4.897619 | Acc 11.88% | WER 268.44%
epoch   7 | iteration  1040 | Loss 5.015286 | Acc 10.62% | WER 285.00%
epoch   7 | iteration  1060 | Loss 5.341226 | Acc 9.58% | WER 305.40%
epoch   7 | iteration  1080 | Loss 4.757109 | Acc 11.88% | WER 275.30%
epoch   7 | iteration  1100 | Loss 4.057151 | Acc 10.83% | WER 338.52%
epoch   7 | iteration  1120 | Loss 4.777059 | Acc 8.33% | WER 343.30%
epoch   7 | iteration  1140 | Loss 4.820381 | Acc 10.62% | WER 328.63%
Average Training Loss of Epoch 7: 4.912969 | Acc: 10.45% | WER 284.78%
Average Validation Loss of Epoch 7: 7.179551 | Acc: 1.23% | WER: 465.97% | BLEU-4: 0.00
Average test Loss of Epoch 7: 8.043999 | Acc: 1.67% | WER: 252.49% | BLEU-4: 0.00
####################Epoch 7 Model Saved#####################
epoch   8 | iteration    20 | Loss 4.619807 | Acc 12.29% | WER 280.70%
epoch   8 | iteration    40 | Loss 4.828163 | Acc 9.58% | WER 283.12%
epoch   8 | iteration    60 | Loss 4.598280 | Acc 11.04% | WER 277.72%
epoch   8 | iteration    80 | Loss 4.699794 | Acc 11.04% | WER 331.07%
epoch   8 | iteration   100 | Loss 4.807318 | Acc 12.08% | WER 224.10%
epoch   8 | iteration   120 | Loss 4.996991 | Acc 10.62% | WER 264.02%
epoch   8 | iteration   140 | Loss 4.554808 | Acc 11.46% | WER 291.87%
epoch   8 | iteration   160 | Loss 4.374089 | Acc 11.88% | WER 281.34%
epoch   8 | iteration   180 | Loss 4.717594 | Acc 11.25% | WER 297.89%
epoch   8 | iteration   200 | Loss 4.719601 | Acc 10.00% | WER 311.23%
epoch   8 | iteration   220 | Loss 5.006032 | Acc 11.25% | WER 249.54%
epoch   8 | iteration   240 | Loss 4.585397 | Acc 11.67% | WER 258.14%
epoch   8 | iteration   260 | Loss 4.763750 | Acc 11.67% | WER 286.10%
epoch   8 | iteration   280 | Loss 4.824471 | Acc 8.75% | WER 362.40%
epoch   8 | iteration   300 | Loss 4.431626 | Acc 9.58% | WER 321.08%
epoch   8 | iteration   320 | Loss 4.349638 | Acc 11.04% | WER 308.24%
epoch   8 | iteration   340 | Loss 4.527892 | Acc 11.46% | WER 293.14%
epoch   8 | iteration   360 | Loss 4.767556 | Acc 10.62% | WER 312.01%
epoch   8 | iteration   380 | Loss 4.826097 | Acc 11.67% | WER 291.33%
epoch   8 | iteration   400 | Loss 4.704100 | Acc 9.17% | WER 328.78%
epoch   8 | iteration   420 | Loss 4.508486 | Acc 10.00% | WER 315.16%
epoch   8 | iteration   440 | Loss 4.803103 | Acc 9.79% | WER 285.53%
epoch   8 | iteration   460 | Loss 4.386425 | Acc 12.71% | WER 272.26%
epoch   8 | iteration   480 | Loss 5.077885 | Acc 11.46% | WER 234.32%
epoch   8 | iteration   500 | Loss 4.683044 | Acc 11.04% | WER 295.68%
epoch   8 | iteration   520 | Loss 5.241869 | Acc 9.38% | WER 277.61%
epoch   8 | iteration   540 | Loss 4.736879 | Acc 12.08% | WER 269.94%
epoch   8 | iteration   560 | Loss 4.922515 | Acc 10.62% | WER 293.79%
epoch   8 | iteration   580 | Loss 4.305116 | Acc 11.04% | WER 358.38%
epoch   8 | iteration   600 | Loss 4.308773 | Acc 8.54% | WER 340.96%
epoch   8 | iteration   620 | Loss 4.829983 | Acc 12.71% | WER 249.20%
epoch   8 | iteration   640 | Loss 4.927213 | Acc 10.21% | WER 301.95%
epoch   8 | iteration   660 | Loss 4.881447 | Acc 11.46% | WER 281.00%
epoch   8 | iteration   680 | Loss 4.572397 | Acc 10.42% | WER 273.59%
epoch   8 | iteration   700 | Loss 4.664994 | Acc 11.88% | WER 263.06%
epoch   8 | iteration   720 | Loss 4.780972 | Acc 10.62% | WER 258.32%
epoch   8 | iteration   740 | Loss 4.490641 | Acc 13.12% | WER 247.86%
epoch   8 | iteration   760 | Loss 4.744044 | Acc 11.67% | WER 319.17%
epoch   8 | iteration   780 | Loss 4.483671 | Acc 11.67% | WER 267.58%
epoch   8 | iteration   800 | Loss 4.386744 | Acc 12.92% | WER 272.42%
epoch   8 | iteration   820 | Loss 5.329769 | Acc 11.88% | WER 230.75%
epoch   8 | iteration   840 | Loss 5.080317 | Acc 9.38% | WER 288.33%
epoch   8 | iteration   860 | Loss 4.950513 | Acc 10.62% | WER 301.19%
epoch   8 | iteration   880 | Loss 4.703826 | Acc 12.50% | WER 278.11%
epoch   8 | iteration   900 | Loss 4.892431 | Acc 10.42% | WER 280.12%
epoch   8 | iteration   920 | Loss 4.648068 | Acc 10.62% | WER 280.32%
epoch   8 | iteration   940 | Loss 4.707656 | Acc 10.21% | WER 303.22%
epoch   8 | iteration   960 | Loss 4.410180 | Acc 12.08% | WER 284.43%
epoch   8 | iteration   980 | Loss 4.597146 | Acc 12.71% | WER 261.81%
epoch   8 | iteration  1000 | Loss 4.671187 | Acc 12.71% | WER 241.88%
epoch   8 | iteration  1020 | Loss 4.866578 | Acc 8.54% | WER 315.68%
epoch   8 | iteration  1040 | Loss 5.064878 | Acc 9.58% | WER 265.25%
epoch   8 | iteration  1060 | Loss 4.645916 | Acc 13.33% | WER 233.69%
epoch   8 | iteration  1080 | Loss 4.963314 | Acc 11.88% | WER 242.38%
epoch   8 | iteration  1100 | Loss 4.711041 | Acc 10.00% | WER 306.62%
epoch   8 | iteration  1120 | Loss 4.721216 | Acc 10.42% | WER 290.77%
epoch   8 | iteration  1140 | Loss 4.897974 | Acc 10.83% | WER 295.89%
Average Training Loss of Epoch 8: 4.770705 | Acc: 10.87% | WER 283.73%
Average Validation Loss of Epoch 8: 7.590162 | Acc: 1.33% | WER: 513.87% | BLEU-4: 0.00
Average test Loss of Epoch 8: 7.969062 | Acc: 2.50% | WER: 254.30% | BLEU-4: 0.00
####################Epoch 8 Model Saved#####################
epoch   9 | iteration    20 | Loss 4.744153 | Acc 10.21% | WER 276.25%
epoch   9 | iteration    40 | Loss 5.144211 | Acc 11.67% | WER 216.24%
epoch   9 | iteration    60 | Loss 4.405432 | Acc 13.33% | WER 256.04%
epoch   9 | iteration    80 | Loss 4.540977 | Acc 11.88% | WER 310.02%
epoch   9 | iteration   100 | Loss 4.780746 | Acc 10.42% | WER 281.37%
epoch   9 | iteration   120 | Loss 4.497347 | Acc 10.00% | WER 328.61%
epoch   9 | iteration   140 | Loss 4.650351 | Acc 10.42% | WER 291.45%
epoch   9 | iteration   160 | Loss 4.644028 | Acc 12.50% | WER 251.80%
epoch   9 | iteration   180 | Loss 4.476544 | Acc 11.46% | WER 288.49%
epoch   9 | iteration   200 | Loss 4.279214 | Acc 11.67% | WER 310.86%
epoch   9 | iteration   220 | Loss 4.349718 | Acc 12.50% | WER 268.61%
epoch   9 | iteration   240 | Loss 4.969211 | Acc 9.38% | WER 315.85%
epoch   9 | iteration   260 | Loss 4.831190 | Acc 11.25% | WER 275.53%
epoch   9 | iteration   280 | Loss 4.505830 | Acc 11.67% | WER 318.08%
epoch   9 | iteration   300 | Loss 4.673752 | Acc 10.42% | WER 307.39%
epoch   9 | iteration   320 | Loss 4.558877 | Acc 11.46% | WER 273.30%
epoch   9 | iteration   340 | Loss 4.873845 | Acc 8.75% | WER 344.82%
epoch   9 | iteration   360 | Loss 4.893370 | Acc 12.08% | WER 279.32%
epoch   9 | iteration   380 | Loss 4.616394 | Acc 10.83% | WER 254.97%
epoch   9 | iteration   400 | Loss 4.491854 | Acc 12.08% | WER 232.43%
epoch   9 | iteration   420 | Loss 4.733980 | Acc 10.42% | WER 303.25%
epoch   9 | iteration   440 | Loss 4.614567 | Acc 11.25% | WER 281.59%
epoch   9 | iteration   460 | Loss 4.772230 | Acc 10.42% | WER 294.38%
epoch   9 | iteration   480 | Loss 4.666025 | Acc 12.08% | WER 246.61%
epoch   9 | iteration   500 | Loss 4.371022 | Acc 12.29% | WER 276.45%
epoch   9 | iteration   520 | Loss 4.530116 | Acc 11.25% | WER 294.38%
epoch   9 | iteration   540 | Loss 4.322918 | Acc 11.88% | WER 275.19%
epoch   9 | iteration   560 | Loss 4.864271 | Acc 9.79% | WER 328.31%
epoch   9 | iteration   580 | Loss 4.711373 | Acc 11.67% | WER 284.06%
epoch   9 | iteration   600 | Loss 4.605019 | Acc 11.88% | WER 272.27%
epoch   9 | iteration   620 | Loss 4.745201 | Acc 9.79% | WER 279.48%
epoch   9 | iteration   640 | Loss 5.177456 | Acc 9.79% | WER 292.12%
epoch   9 | iteration   660 | Loss 4.356274 | Acc 13.12% | WER 254.09%
epoch   9 | iteration   680 | Loss 4.799770 | Acc 10.42% | WER 278.16%
epoch   9 | iteration   700 | Loss 4.696180 | Acc 11.88% | WER 277.94%
epoch   9 | iteration   720 | Loss 4.563887 | Acc 10.62% | WER 299.05%
epoch   9 | iteration   740 | Loss 4.425611 | Acc 12.08% | WER 289.40%
epoch   9 | iteration   760 | Loss 4.738649 | Acc 11.67% | WER 256.31%
epoch   9 | iteration   780 | Loss 4.884948 | Acc 11.67% | WER 253.00%
epoch   9 | iteration   800 | Loss 4.520940 | Acc 10.42% | WER 299.30%
epoch   9 | iteration   820 | Loss 4.679533 | Acc 11.04% | WER 286.65%
epoch   9 | iteration   840 | Loss 4.566948 | Acc 11.67% | WER 298.75%
epoch   9 | iteration   860 | Loss 4.207513 | Acc 11.88% | WER 287.65%
epoch   9 | iteration   880 | Loss 4.592942 | Acc 11.46% | WER 285.61%
epoch   9 | iteration   900 | Loss 4.509176 | Acc 10.21% | WER 310.94%
epoch   9 | iteration   920 | Loss 4.305326 | Acc 12.08% | WER 304.95%
epoch   9 | iteration   940 | Loss 4.644876 | Acc 10.42% | WER 282.00%
epoch   9 | iteration   960 | Loss 4.323604 | Acc 12.71% | WER 273.83%
epoch   9 | iteration   980 | Loss 4.471714 | Acc 10.62% | WER 328.61%
epoch   9 | iteration  1000 | Loss 5.012928 | Acc 8.75% | WER 318.73%
epoch   9 | iteration  1020 | Loss 4.428337 | Acc 11.04% | WER 329.81%
epoch   9 | iteration  1040 | Loss 4.387521 | Acc 11.46% | WER 288.53%
epoch   9 | iteration  1060 | Loss 4.370843 | Acc 11.25% | WER 301.06%
epoch   9 | iteration  1080 | Loss 4.327027 | Acc 11.67% | WER 325.40%
epoch   9 | iteration  1100 | Loss 4.869570 | Acc 11.67% | WER 300.66%
epoch   9 | iteration  1120 | Loss 4.475814 | Acc 11.67% | WER 254.56%
epoch   9 | iteration  1140 | Loss 4.847834 | Acc 12.29% | WER 251.41%
Average Training Loss of Epoch 9: 4.643013 | Acc: 11.24% | WER 282.79%
Average Validation Loss of Epoch 9: 8.454685 | Acc: 1.13% | WER: 514.62% | BLEU-4: 0.00
Average test Loss of Epoch 9: 8.738967 | Acc: 1.73% | WER: 253.58% | BLEU-4: 0.00
####################Epoch 9 Model Saved#####################
epoch  10 | iteration    20 | Loss 4.856729 | Acc 10.83% | WER 271.93%
epoch  10 | iteration    40 | Loss 4.337893 | Acc 11.88% | WER 278.58%
epoch  10 | iteration    60 | Loss 4.661566 | Acc 10.21% | WER 267.61%
epoch  10 | iteration    80 | Loss 4.814216 | Acc 11.25% | WER 259.89%
epoch  10 | iteration   100 | Loss 4.721109 | Acc 10.42% | WER 278.91%
epoch  10 | iteration   120 | Loss 4.793692 | Acc 10.00% | WER 278.61%
epoch  10 | iteration   140 | Loss 4.170809 | Acc 12.08% | WER 332.64%
epoch  10 | iteration   160 | Loss 4.200060 | Acc 14.37% | WER 254.35%
epoch  10 | iteration   180 | Loss 4.542842 | Acc 12.29% | WER 272.20%
epoch  10 | iteration   200 | Loss 4.581031 | Acc 10.83% | WER 251.66%
epoch  10 | iteration   220 | Loss 4.438832 | Acc 11.46% | WER 258.15%
epoch  10 | iteration   240 | Loss 4.811988 | Acc 10.42% | WER 290.31%
epoch  10 | iteration   260 | Loss 4.484338 | Acc 12.71% | WER 257.10%
epoch  10 | iteration   280 | Loss 4.924568 | Acc 10.83% | WER 258.10%
epoch  10 | iteration   300 | Loss 4.909298 | Acc 10.83% | WER 266.43%
epoch  10 | iteration   320 | Loss 4.681675 | Acc 11.46% | WER 289.92%
epoch  10 | iteration   340 | Loss 4.721121 | Acc 10.42% | WER 312.05%
epoch  10 | iteration   360 | Loss 4.576155 | Acc 11.04% | WER 279.53%
epoch  10 | iteration   380 | Loss 4.555653 | Acc 11.25% | WER 305.20%
epoch  10 | iteration   400 | Loss 4.380935 | Acc 13.12% | WER 281.02%
epoch  10 | iteration   420 | Loss 4.358056 | Acc 10.00% | WER 318.06%
epoch  10 | iteration   440 | Loss 4.878142 | Acc 10.42% | WER 264.48%
epoch  10 | iteration   460 | Loss 4.687866 | Acc 13.33% | WER 264.81%
epoch  10 | iteration   480 | Loss 4.715250 | Acc 10.62% | WER 266.22%
epoch  10 | iteration   500 | Loss 4.726119 | Acc 10.21% | WER 315.55%
epoch  10 | iteration   520 | Loss 4.897918 | Acc 10.42% | WER 283.55%
epoch  10 | iteration   540 | Loss 4.603770 | Acc 11.25% | WER 284.79%
epoch  10 | iteration   560 | Loss 4.435299 | Acc 10.83% | WER 304.64%
epoch  10 | iteration   580 | Loss 4.221692 | Acc 12.92% | WER 272.26%
epoch  10 | iteration   600 | Loss 4.656113 | Acc 13.12% | WER 264.06%
epoch  10 | iteration   620 | Loss 4.351301 | Acc 11.46% | WER 325.43%
epoch  10 | iteration   640 | Loss 4.468004 | Acc 12.50% | WER 270.50%
epoch  10 | iteration   660 | Loss 4.453784 | Acc 11.04% | WER 343.56%
epoch  10 | iteration   680 | Loss 4.105710 | Acc 14.17% | WER 276.99%
epoch  10 | iteration   700 | Loss 4.529675 | Acc 13.54% | WER 263.43%
epoch  10 | iteration   720 | Loss 4.418008 | Acc 10.42% | WER 303.99%
epoch  10 | iteration   740 | Loss 5.060935 | Acc 10.00% | WER 299.37%
epoch  10 | iteration   760 | Loss 4.346052 | Acc 12.08% | WER 296.66%
epoch  10 | iteration   780 | Loss 3.742460 | Acc 11.25% | WER 361.89%
epoch  10 | iteration   800 | Loss 4.506100 | Acc 11.46% | WER 277.13%
epoch  10 | iteration   820 | Loss 4.484476 | Acc 11.67% | WER 268.47%
epoch  10 | iteration   840 | Loss 4.280615 | Acc 13.33% | WER 235.95%
epoch  10 | iteration   860 | Loss 3.844170 | Acc 11.25% | WER 384.72%
epoch  10 | iteration   880 | Loss 4.647712 | Acc 12.50% | WER 232.99%
epoch  10 | iteration   900 | Loss 4.545002 | Acc 11.88% | WER 276.61%
epoch  10 | iteration   920 | Loss 4.644158 | Acc 11.25% | WER 270.09%
epoch  10 | iteration   940 | Loss 4.384685 | Acc 12.50% | WER 283.20%
epoch  10 | iteration   960 | Loss 4.244867 | Acc 11.25% | WER 297.29%
epoch  10 | iteration   980 | Loss 3.801480 | Acc 13.12% | WER 279.49%
epoch  10 | iteration  1000 | Loss 4.872988 | Acc 11.25% | WER 253.19%
epoch  10 | iteration  1020 | Loss 3.974455 | Acc 12.50% | WER 282.93%
epoch  10 | iteration  1040 | Loss 4.146975 | Acc 12.08% | WER 280.13%
epoch  10 | iteration  1060 | Loss 4.607004 | Acc 11.04% | WER 253.27%
epoch  10 | iteration  1080 | Loss 4.545568 | Acc 12.92% | WER 293.79%
epoch  10 | iteration  1100 | Loss 3.925674 | Acc 11.88% | WER 303.04%
epoch  10 | iteration  1120 | Loss 4.248932 | Acc 11.25% | WER 285.02%
epoch  10 | iteration  1140 | Loss 4.755360 | Acc 12.08% | WER 298.84%
Average Training Loss of Epoch 10: 4.507607 | Acc: 11.74% | WER 281.55%
Average Validation Loss of Epoch 10: 7.980462 | Acc: 1.17% | WER: 499.49% | BLEU-4: 0.00
Average test Loss of Epoch 10: 8.675007 | Acc: 2.20% | WER: 242.86% | BLEU-4: 0.00
####################Epoch 10 Model Saved####################
epoch  11 | iteration    20 | Loss 4.049598 | Acc 13.96% | WER 266.31%
epoch  11 | iteration    40 | Loss 4.464286 | Acc 10.42% | WER 291.42%
epoch  11 | iteration    60 | Loss 4.363284 | Acc 11.46% | WER 251.46%
epoch  11 | iteration    80 | Loss 4.236789 | Acc 12.29% | WER 294.29%
epoch  11 | iteration   100 | Loss 5.063454 | Acc 10.83% | WER 311.74%
epoch  11 | iteration   120 | Loss 4.792727 | Acc 13.12% | WER 290.27%
epoch  11 | iteration   140 | Loss 4.501180 | Acc 14.79% | WER 224.08%
epoch  11 | iteration   160 | Loss 4.197423 | Acc 10.00% | WER 339.02%
epoch  11 | iteration   180 | Loss 4.697953 | Acc 11.04% | WER 288.32%
epoch  11 | iteration   200 | Loss 4.651157 | Acc 13.54% | WER 243.38%
epoch  11 | iteration   220 | Loss 3.969054 | Acc 14.37% | WER 271.05%
epoch  11 | iteration   240 | Loss 4.320043 | Acc 11.04% | WER 331.10%
epoch  11 | iteration   260 | Loss 4.505250 | Acc 10.42% | WER 295.58%
epoch  11 | iteration   280 | Loss 4.336022 | Acc 11.46% | WER 284.63%
epoch  11 | iteration   300 | Loss 4.201550 | Acc 10.83% | WER 319.36%
epoch  11 | iteration   320 | Loss 4.679159 | Acc 11.67% | WER 298.58%
epoch  11 | iteration   340 | Loss 4.472984 | Acc 11.46% | WER 291.13%
epoch  11 | iteration   360 | Loss 4.059216 | Acc 11.04% | WER 324.63%
epoch  11 | iteration   380 | Loss 4.552333 | Acc 11.46% | WER 245.01%
epoch  11 | iteration   400 | Loss 4.036076 | Acc 10.83% | WER 308.20%
epoch  11 | iteration   420 | Loss 4.352768 | Acc 11.46% | WER 284.68%
epoch  11 | iteration   440 | Loss 4.195412 | Acc 10.00% | WER 295.50%
epoch  11 | iteration   460 | Loss 4.367543 | Acc 12.50% | WER 297.33%
epoch  11 | iteration   480 | Loss 4.165722 | Acc 13.54% | WER 248.75%
epoch  11 | iteration   500 | Loss 4.548587 | Acc 11.46% | WER 328.22%
epoch  11 | iteration   520 | Loss 4.058851 | Acc 12.50% | WER 258.27%
epoch  11 | iteration   540 | Loss 4.495321 | Acc 13.75% | WER 255.88%
epoch  11 | iteration   560 | Loss 4.266329 | Acc 10.21% | WER 344.25%
epoch  11 | iteration   580 | Loss 4.543555 | Acc 11.25% | WER 292.40%
epoch  11 | iteration   600 | Loss 4.858891 | Acc 9.17% | WER 320.55%
epoch  11 | iteration   620 | Loss 4.256590 | Acc 11.25% | WER 263.42%
epoch  11 | iteration   640 | Loss 4.270932 | Acc 14.58% | WER 238.49%
epoch  11 | iteration   660 | Loss 4.433635 | Acc 12.08% | WER 267.88%
epoch  11 | iteration   680 | Loss 4.085988 | Acc 14.37% | WER 254.63%
epoch  11 | iteration   700 | Loss 4.429550 | Acc 13.96% | WER 255.37%
epoch  11 | iteration   720 | Loss 4.495294 | Acc 13.54% | WER 248.01%
epoch  11 | iteration   740 | Loss 4.894434 | Acc 11.04% | WER 267.65%
epoch  11 | iteration   760 | Loss 4.161903 | Acc 12.92% | WER 249.67%
epoch  11 | iteration   780 | Loss 4.386225 | Acc 12.92% | WER 244.11%
epoch  11 | iteration   800 | Loss 4.441922 | Acc 13.33% | WER 269.17%
epoch  11 | iteration   820 | Loss 4.256913 | Acc 12.71% | WER 257.01%
epoch  11 | iteration   840 | Loss 4.624465 | Acc 11.88% | WER 237.25%
epoch  11 | iteration   860 | Loss 4.673480 | Acc 11.25% | WER 282.43%
epoch  11 | iteration   880 | Loss 4.794553 | Acc 11.88% | WER 253.72%
epoch  11 | iteration   900 | Loss 4.105067 | Acc 13.54% | WER 260.54%
epoch  11 | iteration   920 | Loss 4.235796 | Acc 13.54% | WER 249.78%
epoch  11 | iteration   940 | Loss 4.125571 | Acc 11.46% | WER 285.75%
epoch  11 | iteration   960 | Loss 4.278841 | Acc 13.12% | WER 279.81%
epoch  11 | iteration   980 | Loss 4.713806 | Acc 11.04% | WER 252.73%
epoch  11 | iteration  1000 | Loss 4.235453 | Acc 12.29% | WER 270.17%
epoch  11 | iteration  1020 | Loss 4.274281 | Acc 11.04% | WER 348.45%
epoch  11 | iteration  1040 | Loss 4.073477 | Acc 13.33% | WER 250.85%
epoch  11 | iteration  1060 | Loss 4.383299 | Acc 13.33% | WER 240.07%
epoch  11 | iteration  1080 | Loss 4.107192 | Acc 12.29% | WER 262.26%
epoch  11 | iteration  1100 | Loss 4.423478 | Acc 11.04% | WER 296.56%
epoch  11 | iteration  1120 | Loss 4.040058 | Acc 11.46% | WER 346.26%
epoch  11 | iteration  1140 | Loss 3.980047 | Acc 12.71% | WER 281.32%
Average Training Loss of Epoch 11: 4.373730 | Acc: 12.19% | WER 280.50%
