Logging to file...
Dataset samples: 19003
######################Training Started######################
epoch   1 | iteration    20 | Loss 3.488661 | Acc 58.54% | WER 100.00%
epoch   1 | iteration    40 | Loss 2.622277 | Acc 64.79% | WER 90.41%
epoch   1 | iteration    60 | Loss 2.493838 | Acc 68.54% | WER 91.54%
epoch   1 | iteration    80 | Loss 2.214416 | Acc 72.08% | WER 88.79%
epoch   1 | iteration   100 | Loss 2.617731 | Acc 66.67% | WER 85.99%
epoch   1 | iteration   120 | Loss 2.468033 | Acc 67.29% | WER 87.84%
epoch   1 | iteration   140 | Loss 2.734669 | Acc 64.79% | WER 89.13%
epoch   1 | iteration   160 | Loss 2.543975 | Acc 65.42% | WER 91.28%
epoch   1 | iteration   180 | Loss 2.773701 | Acc 64.58% | WER 91.23%
epoch   1 | iteration   200 | Loss 2.391979 | Acc 69.38% | WER 89.69%
epoch   1 | iteration   220 | Loss 2.188171 | Acc 70.00% | WER 87.71%
epoch   1 | iteration   240 | Loss 2.613508 | Acc 66.88% | WER 88.60%
epoch   1 | iteration   260 | Loss 2.522281 | Acc 65.62% | WER 88.42%
epoch   1 | iteration   280 | Loss 2.398069 | Acc 68.54% | WER 86.40%
epoch   1 | iteration   300 | Loss 2.366147 | Acc 68.96% | WER 84.71%
epoch   1 | iteration   320 | Loss 2.433435 | Acc 67.50% | WER 88.00%
epoch   1 | iteration   340 | Loss 2.051316 | Acc 72.29% | WER 89.15%
epoch   1 | iteration   360 | Loss 2.216567 | Acc 70.00% | WER 86.71%
epoch   1 | iteration   380 | Loss 2.593328 | Acc 65.83% | WER 88.61%
epoch   1 | iteration   400 | Loss 2.472518 | Acc 66.67% | WER 87.59%
epoch   1 | iteration   420 | Loss 2.325761 | Acc 68.75% | WER 88.49%
epoch   1 | iteration   440 | Loss 2.421286 | Acc 67.08% | WER 89.22%
epoch   1 | iteration   460 | Loss 2.523464 | Acc 67.92% | WER 82.39%
epoch   1 | iteration   480 | Loss 2.283607 | Acc 67.71% | WER 87.34%
epoch   1 | iteration   500 | Loss 2.304483 | Acc 68.96% | WER 86.89%
epoch   1 | iteration   520 | Loss 2.706960 | Acc 63.54% | WER 88.14%
epoch   1 | iteration   540 | Loss 2.087502 | Acc 70.62% | WER 89.90%
epoch   1 | iteration   560 | Loss 2.140819 | Acc 70.62% | WER 89.92%
epoch   1 | iteration   580 | Loss 2.593827 | Acc 64.79% | WER 92.03%
epoch   1 | iteration   600 | Loss 1.971908 | Acc 73.33% | WER 89.37%
epoch   1 | iteration   620 | Loss 2.233015 | Acc 69.38% | WER 86.75%
epoch   1 | iteration   640 | Loss 2.635619 | Acc 65.42% | WER 86.16%
epoch   1 | iteration   660 | Loss 2.523832 | Acc 67.71% | WER 86.06%
epoch   1 | iteration   680 | Loss 2.160987 | Acc 71.88% | WER 85.98%
epoch   1 | iteration   700 | Loss 2.524509 | Acc 66.88% | WER 81.67%
epoch   1 | iteration   720 | Loss 2.400391 | Acc 67.92% | WER 87.21%
epoch   1 | iteration   740 | Loss 2.218152 | Acc 71.46% | WER 85.50%
epoch   1 | iteration   760 | Loss 2.176553 | Acc 71.67% | WER 83.64%
epoch   1 | iteration   780 | Loss 2.133798 | Acc 71.46% | WER 83.42%
epoch   1 | iteration   800 | Loss 2.106220 | Acc 70.21% | WER 89.05%
epoch   1 | iteration   820 | Loss 1.927831 | Acc 73.33% | WER 86.72%
epoch   1 | iteration   840 | Loss 2.297113 | Acc 70.83% | WER 87.21%
epoch   1 | iteration   860 | Loss 2.547244 | Acc 66.88% | WER 83.93%
epoch   1 | iteration   880 | Loss 2.263564 | Acc 68.12% | WER 86.34%
epoch   1 | iteration   900 | Loss 2.332419 | Acc 67.29% | WER 87.38%
epoch   1 | iteration   920 | Loss 1.939602 | Acc 72.71% | WER 88.68%
epoch   1 | iteration   940 | Loss 2.355438 | Acc 66.88% | WER 86.59%
epoch   1 | iteration   960 | Loss 2.062284 | Acc 70.21% | WER 88.24%
epoch   1 | iteration   980 | Loss 2.047885 | Acc 71.25% | WER 86.33%
epoch   1 | iteration  1000 | Loss 2.244452 | Acc 66.67% | WER 90.86%
epoch   1 | iteration  1020 | Loss 2.040143 | Acc 71.88% | WER 86.12%
epoch   1 | iteration  1040 | Loss 2.129932 | Acc 71.67% | WER 83.18%
epoch   1 | iteration  1060 | Loss 2.225824 | Acc 68.54% | WER 88.99%
epoch   1 | iteration  1080 | Loss 1.904270 | Acc 73.96% | WER 83.54%
epoch   1 | iteration  1100 | Loss 1.970830 | Acc 71.88% | WER 87.95%
epoch   1 | iteration  1120 | Loss 2.047534 | Acc 71.04% | WER 85.84%
epoch   1 | iteration  1140 | Loss 1.862892 | Acc 75.00% | WER 83.48%
epoch   1 | iteration  1160 | Loss 1.977499 | Acc 71.04% | WER 87.52%
Average Training Loss of Epoch 1: 2.370420 | Acc: 68.41% | WER 87.98%
Average Validation Loss of Epoch 1: 7.132672 | Acc: 4.87% | WER: 591.85% | BLEU-4: 0.00
Average test Loss of Epoch 1: 7.538584 | Acc: 4.50% | WER: 313.87% | BLEU-4: 0.00
####################Epoch 1 Model Saved#####################
epoch   2 | iteration    20 | Loss 2.269696 | Acc 67.71% | WER 85.34%
epoch   2 | iteration    40 | Loss 2.109869 | Acc 70.83% | WER 86.11%
epoch   2 | iteration    60 | Loss 2.368140 | Acc 66.46% | WER 87.98%
epoch   2 | iteration    80 | Loss 2.323475 | Acc 67.92% | WER 81.86%
epoch   2 | iteration   100 | Loss 1.917411 | Acc 73.75% | WER 82.72%
epoch   2 | iteration   120 | Loss 2.179835 | Acc 70.00% | WER 81.75%
epoch   2 | iteration   140 | Loss 2.094796 | Acc 71.46% | WER 84.56%
epoch   2 | iteration   160 | Loss 2.023824 | Acc 72.08% | WER 80.06%
epoch   2 | iteration   180 | Loss 2.269635 | Acc 67.29% | WER 86.87%
epoch   2 | iteration   200 | Loss 2.071953 | Acc 71.88% | WER 84.10%
epoch   2 | iteration   220 | Loss 2.202659 | Acc 70.83% | WER 87.59%
epoch   2 | iteration   240 | Loss 2.381089 | Acc 66.88% | WER 82.10%
epoch   2 | iteration   260 | Loss 2.406793 | Acc 66.25% | WER 83.29%
epoch   2 | iteration   280 | Loss 1.947758 | Acc 71.67% | WER 83.51%
epoch   2 | iteration   300 | Loss 1.910707 | Acc 73.12% | WER 85.64%
epoch   2 | iteration   320 | Loss 2.253200 | Acc 69.58% | WER 86.76%
epoch   2 | iteration   340 | Loss 2.246728 | Acc 68.12% | WER 84.12%
epoch   2 | iteration   360 | Loss 2.102151 | Acc 71.67% | WER 85.13%
epoch   2 | iteration   380 | Loss 1.929981 | Acc 73.12% | WER 84.64%
epoch   2 | iteration   400 | Loss 2.148819 | Acc 70.83% | WER 83.73%
epoch   2 | iteration   420 | Loss 2.214763 | Acc 68.33% | WER 83.24%
epoch   2 | iteration   440 | Loss 1.835957 | Acc 73.75% | WER 86.27%
epoch   2 | iteration   460 | Loss 2.402647 | Acc 66.04% | WER 82.98%
epoch   2 | iteration   480 | Loss 2.333088 | Acc 67.92% | WER 83.93%
epoch   2 | iteration   500 | Loss 2.285884 | Acc 68.12% | WER 84.93%
epoch   2 | iteration   520 | Loss 2.018363 | Acc 71.25% | WER 84.37%
epoch   2 | iteration   540 | Loss 2.855077 | Acc 59.79% | WER 84.18%
epoch   2 | iteration   560 | Loss 1.997267 | Acc 71.25% | WER 85.54%
epoch   2 | iteration   580 | Loss 2.346455 | Acc 67.71% | WER 84.40%
epoch   2 | iteration   600 | Loss 1.957793 | Acc 71.46% | WER 88.53%
epoch   2 | iteration   620 | Loss 2.227940 | Acc 68.75% | WER 87.78%
epoch   2 | iteration   640 | Loss 2.119597 | Acc 70.42% | WER 82.81%
epoch   2 | iteration   660 | Loss 2.087883 | Acc 71.04% | WER 84.03%
epoch   2 | iteration   680 | Loss 2.305466 | Acc 68.12% | WER 82.12%
epoch   2 | iteration   700 | Loss 2.195938 | Acc 69.38% | WER 86.50%
epoch   2 | iteration   720 | Loss 2.135554 | Acc 69.79% | WER 82.04%
epoch   2 | iteration   740 | Loss 1.770533 | Acc 74.58% | WER 80.90%
epoch   2 | iteration   760 | Loss 1.803675 | Acc 74.38% | WER 81.76%
epoch   2 | iteration   780 | Loss 2.212311 | Acc 68.96% | WER 78.93%
epoch   2 | iteration   800 | Loss 1.997451 | Acc 70.00% | WER 80.03%
epoch   2 | iteration   820 | Loss 2.405131 | Acc 65.62% | WER 83.87%
epoch   2 | iteration   840 | Loss 2.277108 | Acc 69.38% | WER 79.33%
epoch   2 | iteration   860 | Loss 1.935752 | Acc 72.71% | WER 80.40%
epoch   2 | iteration   880 | Loss 2.129005 | Acc 68.54% | WER 84.65%
epoch   2 | iteration   900 | Loss 1.951508 | Acc 71.04% | WER 82.29%
epoch   2 | iteration   920 | Loss 1.608775 | Acc 75.83% | WER 80.12%
epoch   2 | iteration   940 | Loss 2.026652 | Acc 71.04% | WER 81.43%
epoch   2 | iteration   960 | Loss 2.077879 | Acc 70.21% | WER 84.01%
epoch   2 | iteration   980 | Loss 2.141359 | Acc 69.38% | WER 85.67%
epoch   2 | iteration  1000 | Loss 2.002414 | Acc 71.88% | WER 82.98%
epoch   2 | iteration  1020 | Loss 2.286949 | Acc 67.50% | WER 81.03%
epoch   2 | iteration  1040 | Loss 2.420644 | Acc 67.08% | WER 83.12%
epoch   2 | iteration  1060 | Loss 1.823364 | Acc 74.38% | WER 78.37%
epoch   2 | iteration  1080 | Loss 1.690286 | Acc 75.42% | WER 81.31%
epoch   2 | iteration  1100 | Loss 1.882566 | Acc 72.92% | WER 86.77%
epoch   2 | iteration  1120 | Loss 1.783710 | Acc 74.38% | WER 79.46%
epoch   2 | iteration  1140 | Loss 2.240452 | Acc 68.33% | WER 80.70%
epoch   2 | iteration  1160 | Loss 1.989772 | Acc 71.88% | WER 78.02%
Average Training Loss of Epoch 2: 2.107284 | Acc: 70.33% | WER 83.03%
Average Validation Loss of Epoch 2: 2.148025 | Acc: 74.02% | WER: 132.64% | BLEU-4: 0.00
Average test Loss of Epoch 2: 4.316750 | Acc: 62.90% | WER: 88.89% | BLEU-4: 0.00
####################Epoch 2 Model Saved#####################
epoch   3 | iteration    20 | Loss 2.095024 | Acc 69.17% | WER 82.96%
epoch   3 | iteration    40 | Loss 2.042913 | Acc 69.58% | WER 82.43%
epoch   3 | iteration    60 | Loss 2.226388 | Acc 68.54% | WER 77.20%
epoch   3 | iteration    80 | Loss 2.192029 | Acc 68.12% | WER 83.07%
epoch   3 | iteration   100 | Loss 2.293304 | Acc 68.54% | WER 76.27%
epoch   3 | iteration   120 | Loss 1.816311 | Acc 73.54% | WER 79.52%
epoch   3 | iteration   140 | Loss 1.997377 | Acc 71.04% | WER 77.66%
epoch   3 | iteration   160 | Loss 2.078530 | Acc 68.75% | WER 77.30%
epoch   3 | iteration   180 | Loss 2.176951 | Acc 68.96% | WER 78.56%
epoch   3 | iteration   200 | Loss 1.996243 | Acc 68.96% | WER 82.78%
epoch   3 | iteration   220 | Loss 1.748994 | Acc 74.58% | WER 79.08%
epoch   3 | iteration   240 | Loss 2.019232 | Acc 69.79% | WER 79.14%
epoch   3 | iteration   260 | Loss 1.980440 | Acc 70.00% | WER 81.38%
epoch   3 | iteration   280 | Loss 1.749488 | Acc 73.75% | WER 78.11%
epoch   3 | iteration   300 | Loss 1.992598 | Acc 71.67% | WER 76.13%
epoch   3 | iteration   320 | Loss 1.895202 | Acc 72.08% | WER 77.52%
epoch   3 | iteration   340 | Loss 2.006824 | Acc 70.83% | WER 79.40%
epoch   3 | iteration   360 | Loss 2.174575 | Acc 68.54% | WER 81.46%
epoch   3 | iteration   380 | Loss 1.815305 | Acc 75.00% | WER 74.63%
epoch   3 | iteration   400 | Loss 1.755964 | Acc 74.58% | WER 78.89%
epoch   3 | iteration   420 | Loss 2.085875 | Acc 68.96% | WER 77.04%
epoch   3 | iteration   440 | Loss 1.771000 | Acc 71.46% | WER 83.41%
epoch   3 | iteration   460 | Loss 1.566980 | Acc 78.33% | WER 75.61%
epoch   3 | iteration   480 | Loss 1.747943 | Acc 71.88% | WER 74.73%
epoch   3 | iteration   500 | Loss 1.666733 | Acc 74.17% | WER 76.50%
epoch   3 | iteration   520 | Loss 1.845101 | Acc 69.79% | WER 84.74%
epoch   3 | iteration   540 | Loss 1.936871 | Acc 71.25% | WER 75.48%
epoch   3 | iteration   560 | Loss 1.846675 | Acc 73.33% | WER 84.74%
epoch   3 | iteration   580 | Loss 1.804822 | Acc 72.92% | WER 78.50%
epoch   3 | iteration   600 | Loss 1.941486 | Acc 71.25% | WER 73.72%
epoch   3 | iteration   620 | Loss 1.759506 | Acc 72.71% | WER 76.70%
epoch   3 | iteration   640 | Loss 1.656688 | Acc 74.58% | WER 78.05%
epoch   3 | iteration   660 | Loss 2.069291 | Acc 69.38% | WER 80.36%
epoch   3 | iteration   680 | Loss 1.899611 | Acc 73.54% | WER 76.59%
epoch   3 | iteration   700 | Loss 1.876173 | Acc 72.29% | WER 72.95%
epoch   3 | iteration   720 | Loss 1.956654 | Acc 72.08% | WER 83.41%
epoch   3 | iteration   740 | Loss 1.542299 | Acc 77.92% | WER 79.08%
epoch   3 | iteration   760 | Loss 1.617788 | Acc 76.04% | WER 76.02%
epoch   3 | iteration   780 | Loss 1.880792 | Acc 72.92% | WER 73.79%
epoch   3 | iteration   800 | Loss 1.787781 | Acc 73.33% | WER 77.54%
epoch   3 | iteration   820 | Loss 1.681578 | Acc 74.58% | WER 77.95%
epoch   3 | iteration   840 | Loss 1.621180 | Acc 75.42% | WER 78.67%
epoch   3 | iteration   860 | Loss 2.024052 | Acc 69.58% | WER 78.05%
epoch   3 | iteration   880 | Loss 1.589953 | Acc 75.21% | WER 76.04%
epoch   3 | iteration   900 | Loss 1.782018 | Acc 71.67% | WER 78.59%
epoch   3 | iteration   920 | Loss 1.940355 | Acc 69.58% | WER 79.46%
epoch   3 | iteration   940 | Loss 1.770837 | Acc 73.12% | WER 78.68%
epoch   3 | iteration   960 | Loss 2.186313 | Acc 67.08% | WER 78.70%
epoch   3 | iteration   980 | Loss 1.879297 | Acc 72.29% | WER 73.77%
epoch   3 | iteration  1000 | Loss 1.885233 | Acc 72.71% | WER 74.14%
epoch   3 | iteration  1020 | Loss 1.562317 | Acc 77.08% | WER 74.60%
epoch   3 | iteration  1040 | Loss 1.713188 | Acc 72.50% | WER 75.13%
epoch   3 | iteration  1060 | Loss 2.088891 | Acc 68.96% | WER 76.83%
epoch   3 | iteration  1080 | Loss 2.098541 | Acc 67.50% | WER 78.93%
epoch   3 | iteration  1100 | Loss 1.987496 | Acc 70.00% | WER 73.69%
epoch   3 | iteration  1120 | Loss 1.756394 | Acc 71.88% | WER 80.82%
epoch   3 | iteration  1140 | Loss 1.730702 | Acc 74.79% | WER 71.02%
epoch   3 | iteration  1160 | Loss 1.692064 | Acc 73.96% | WER 77.75%
Average Training Loss of Epoch 3: 1.870172 | Acc: 72.36% | WER 77.43%
Average Validation Loss of Epoch 3: 2.284951 | Acc: 72.62% | WER: 135.91% | BLEU-4: 0.00
Average test Loss of Epoch 3: 7.924877 | Acc: 20.77% | WER: 233.26% | BLEU-4: 0.00
####################Epoch 3 Model Saved#####################
epoch   4 | iteration    20 | Loss 1.902315 | Acc 69.58% | WER 74.33%
epoch   4 | iteration    40 | Loss 1.783599 | Acc 72.29% | WER 72.16%
epoch   4 | iteration    60 | Loss 1.681085 | Acc 74.17% | WER 72.46%
epoch   4 | iteration    80 | Loss 1.658677 | Acc 73.96% | WER 73.22%
epoch   4 | iteration   100 | Loss 1.855210 | Acc 71.46% | WER 73.49%
epoch   4 | iteration   120 | Loss 1.758068 | Acc 72.50% | WER 81.85%
epoch   4 | iteration   140 | Loss 1.615775 | Acc 73.54% | WER 73.09%
epoch   4 | iteration   160 | Loss 1.523023 | Acc 73.54% | WER 72.41%
epoch   4 | iteration   180 | Loss 1.657767 | Acc 73.96% | WER 75.25%
epoch   4 | iteration   200 | Loss 1.647725 | Acc 74.38% | WER 70.81%
epoch   4 | iteration   220 | Loss 1.953384 | Acc 70.00% | WER 74.91%
epoch   4 | iteration   240 | Loss 1.447413 | Acc 76.46% | WER 73.18%
epoch   4 | iteration   260 | Loss 1.516313 | Acc 76.25% | WER 72.66%
epoch   4 | iteration   280 | Loss 1.588935 | Acc 72.71% | WER 73.48%
epoch   4 | iteration   300 | Loss 2.006537 | Acc 69.58% | WER 75.40%
epoch   4 | iteration   320 | Loss 1.364634 | Acc 79.17% | WER 73.11%
epoch   4 | iteration   340 | Loss 1.531002 | Acc 75.83% | WER 67.12%
epoch   4 | iteration   360 | Loss 1.728383 | Acc 72.71% | WER 72.57%
epoch   4 | iteration   380 | Loss 1.731637 | Acc 72.08% | WER 71.73%
epoch   4 | iteration   400 | Loss 1.635535 | Acc 74.17% | WER 75.32%
epoch   4 | iteration   420 | Loss 1.660084 | Acc 73.75% | WER 74.57%
epoch   4 | iteration   440 | Loss 1.592815 | Acc 72.50% | WER 73.27%
epoch   4 | iteration   460 | Loss 1.679542 | Acc 74.38% | WER 71.99%
epoch   4 | iteration   480 | Loss 1.362836 | Acc 77.08% | WER 71.24%
epoch   4 | iteration   500 | Loss 1.457976 | Acc 76.67% | WER 68.68%
epoch   4 | iteration   520 | Loss 1.789160 | Acc 72.92% | WER 70.71%
epoch   4 | iteration   540 | Loss 1.361821 | Acc 78.54% | WER 66.72%
epoch   4 | iteration   560 | Loss 1.675019 | Acc 73.75% | WER 70.80%
epoch   4 | iteration   580 | Loss 1.404841 | Acc 76.88% | WER 70.82%
epoch   4 | iteration   600 | Loss 1.667804 | Acc 74.58% | WER 68.03%
epoch   4 | iteration   620 | Loss 1.788034 | Acc 71.67% | WER 70.57%
epoch   4 | iteration   640 | Loss 1.346644 | Acc 77.08% | WER 70.83%
epoch   4 | iteration   660 | Loss 1.460929 | Acc 77.50% | WER 70.77%
epoch   4 | iteration   680 | Loss 1.636654 | Acc 73.33% | WER 76.17%
epoch   4 | iteration   700 | Loss 1.414126 | Acc 76.46% | WER 70.00%
epoch   4 | iteration   720 | Loss 1.537575 | Acc 75.21% | WER 72.36%
epoch   4 | iteration   740 | Loss 1.529629 | Acc 76.04% | WER 74.27%
epoch   4 | iteration   760 | Loss 1.821241 | Acc 71.04% | WER 68.88%
epoch   4 | iteration   780 | Loss 1.539760 | Acc 75.00% | WER 64.84%
epoch   4 | iteration   800 | Loss 1.466788 | Acc 76.46% | WER 74.50%
epoch   4 | iteration   820 | Loss 1.643548 | Acc 74.58% | WER 67.02%
epoch   4 | iteration   840 | Loss 1.650901 | Acc 74.38% | WER 69.58%
epoch   4 | iteration   860 | Loss 1.512000 | Acc 75.00% | WER 73.59%
epoch   4 | iteration   880 | Loss 1.439870 | Acc 77.71% | WER 65.50%
epoch   4 | iteration   900 | Loss 1.335372 | Acc 78.96% | WER 65.75%
epoch   4 | iteration   920 | Loss 1.432278 | Acc 74.17% | WER 71.77%
epoch   4 | iteration   940 | Loss 1.345553 | Acc 78.33% | WER 64.00%
epoch   4 | iteration   960 | Loss 1.463274 | Acc 76.67% | WER 65.38%
epoch   4 | iteration   980 | Loss 1.480773 | Acc 76.46% | WER 68.50%
epoch   4 | iteration  1000 | Loss 1.447171 | Acc 76.04% | WER 72.28%
epoch   4 | iteration  1020 | Loss 1.305021 | Acc 78.33% | WER 66.86%
epoch   4 | iteration  1040 | Loss 1.646893 | Acc 73.96% | WER 67.35%
epoch   4 | iteration  1060 | Loss 1.418442 | Acc 76.67% | WER 68.12%
epoch   4 | iteration  1080 | Loss 1.619951 | Acc 75.42% | WER 65.81%
epoch   4 | iteration  1100 | Loss 1.092579 | Acc 83.12% | WER 55.91%
epoch   4 | iteration  1120 | Loss 1.415486 | Acc 75.83% | WER 68.86%
epoch   4 | iteration  1140 | Loss 1.478263 | Acc 77.71% | WER 60.04%
epoch   4 | iteration  1160 | Loss 1.686215 | Acc 73.12% | WER 68.01%
Average Training Loss of Epoch 4: 1.577611 | Acc: 75.09% | WER 69.87%
Average Validation Loss of Epoch 4: 2.934054 | Acc: 67.92% | WER: 166.24% | BLEU-4: 0.00
Average test Loss of Epoch 4: 4.401134 | Acc: 62.38% | WER: 101.00% | BLEU-4: 0.00
####################Epoch 4 Model Saved#####################
epoch   5 | iteration    20 | Loss 1.585974 | Acc 73.96% | WER 64.13%
epoch   5 | iteration    40 | Loss 1.027795 | Acc 82.92% | WER 59.53%
epoch   5 | iteration    60 | Loss 1.323618 | Acc 77.92% | WER 57.05%
epoch   5 | iteration    80 | Loss 0.965869 | Acc 83.75% | WER 49.01%
epoch   5 | iteration   100 | Loss 1.115942 | Acc 83.12% | WER 55.13%
epoch   5 | iteration   120 | Loss 1.153512 | Acc 80.83% | WER 59.55%
epoch   5 | iteration   140 | Loss 1.072946 | Acc 82.71% | WER 57.73%
epoch   5 | iteration   160 | Loss 0.955501 | Acc 84.38% | WER 60.04%
epoch   5 | iteration   180 | Loss 1.232492 | Acc 78.12% | WER 59.40%
epoch   5 | iteration   200 | Loss 1.269887 | Acc 79.58% | WER 57.79%
epoch   5 | iteration   220 | Loss 1.274760 | Acc 79.17% | WER 58.12%
epoch   5 | iteration   240 | Loss 1.500020 | Acc 77.50% | WER 56.20%
epoch   5 | iteration   260 | Loss 1.118991 | Acc 81.88% | WER 51.06%
epoch   5 | iteration   280 | Loss 1.232692 | Acc 78.33% | WER 65.76%
epoch   5 | iteration   300 | Loss 1.255542 | Acc 79.38% | WER 57.71%
epoch   5 | iteration   320 | Loss 1.181279 | Acc 82.50% | WER 52.34%
epoch   5 | iteration   340 | Loss 1.310811 | Acc 78.96% | WER 53.55%
epoch   5 | iteration   360 | Loss 1.398716 | Acc 77.71% | WER 61.84%
epoch   5 | iteration   380 | Loss 1.154751 | Acc 82.50% | WER 46.77%
epoch   5 | iteration   400 | Loss 1.414020 | Acc 79.38% | WER 50.65%
epoch   5 | iteration   420 | Loss 1.062774 | Acc 83.54% | WER 49.32%
epoch   5 | iteration   440 | Loss 1.098053 | Acc 81.67% | WER 52.76%
epoch   5 | iteration   460 | Loss 1.050859 | Acc 83.54% | WER 46.60%
epoch   5 | iteration   480 | Loss 1.273013 | Acc 79.38% | WER 62.47%
epoch   5 | iteration   500 | Loss 1.160635 | Acc 79.79% | WER 59.11%
epoch   5 | iteration   520 | Loss 1.124223 | Acc 82.29% | WER 57.36%
epoch   5 | iteration   540 | Loss 1.251058 | Acc 79.38% | WER 58.75%
epoch   5 | iteration   560 | Loss 1.524592 | Acc 77.71% | WER 54.93%
epoch   5 | iteration   580 | Loss 1.243287 | Acc 79.58% | WER 52.83%
epoch   5 | iteration   600 | Loss 1.305661 | Acc 78.54% | WER 55.89%
epoch   5 | iteration   620 | Loss 1.273400 | Acc 81.04% | WER 52.27%
epoch   5 | iteration   640 | Loss 1.385757 | Acc 77.71% | WER 64.44%
epoch   5 | iteration   660 | Loss 1.314219 | Acc 78.12% | WER 56.76%
epoch   5 | iteration   680 | Loss 1.263564 | Acc 80.21% | WER 50.06%
epoch   5 | iteration   700 | Loss 1.172848 | Acc 81.88% | WER 51.59%
epoch   5 | iteration   720 | Loss 1.034376 | Acc 84.17% | WER 48.71%
epoch   5 | iteration   740 | Loss 1.149292 | Acc 82.71% | WER 51.14%
epoch   5 | iteration   760 | Loss 1.201768 | Acc 82.50% | WER 51.36%
epoch   5 | iteration   780 | Loss 0.887642 | Acc 85.21% | WER 47.02%
epoch   5 | iteration   800 | Loss 1.125316 | Acc 82.29% | WER 57.42%
epoch   5 | iteration   820 | Loss 1.168007 | Acc 81.88% | WER 47.84%
epoch   5 | iteration   840 | Loss 1.286011 | Acc 81.67% | WER 44.87%
epoch   5 | iteration   860 | Loss 1.422676 | Acc 78.33% | WER 58.75%
epoch   5 | iteration   880 | Loss 1.126212 | Acc 81.88% | WER 50.25%
epoch   5 | iteration   900 | Loss 1.049990 | Acc 82.08% | WER 52.00%
epoch   5 | iteration   920 | Loss 1.286572 | Acc 79.58% | WER 53.61%
epoch   5 | iteration   940 | Loss 0.947230 | Acc 85.42% | WER 46.31%
epoch   5 | iteration   960 | Loss 1.278044 | Acc 80.62% | WER 50.36%
epoch   5 | iteration   980 | Loss 1.273431 | Acc 79.38% | WER 55.95%
epoch   5 | iteration  1000 | Loss 1.150454 | Acc 80.62% | WER 53.86%
epoch   5 | iteration  1020 | Loss 1.058077 | Acc 83.33% | WER 55.70%
epoch   5 | iteration  1040 | Loss 0.926324 | Acc 86.67% | WER 41.93%
epoch   5 | iteration  1060 | Loss 1.147917 | Acc 83.12% | WER 49.61%
epoch   5 | iteration  1080 | Loss 1.111832 | Acc 83.12% | WER 44.69%
epoch   5 | iteration  1100 | Loss 1.219284 | Acc 80.00% | WER 58.32%
epoch   5 | iteration  1120 | Loss 1.334340 | Acc 77.71% | WER 64.10%
epoch   5 | iteration  1140 | Loss 1.180437 | Acc 82.92% | WER 51.73%
epoch   5 | iteration  1160 | Loss 1.062117 | Acc 83.33% | WER 47.42%
Average Training Loss of Epoch 5: 1.212583 | Acc: 80.91% | WER 53.88%
Average Validation Loss of Epoch 5: 2.235610 | Acc: 75.12% | WER: 122.80% | BLEU-4: 0.00
Average test Loss of Epoch 5: 5.264676 | Acc: 50.78% | WER: 133.45% | BLEU-4: 0.00
####################Epoch 5 Model Saved#####################
epoch   6 | iteration    20 | Loss 0.835247 | Acc 86.04% | WER 40.26%
epoch   6 | iteration    40 | Loss 0.931402 | Acc 84.38% | WER 45.65%
epoch   6 | iteration    60 | Loss 1.032226 | Acc 84.17% | WER 41.05%
epoch   6 | iteration    80 | Loss 1.080793 | Acc 83.75% | WER 43.99%
epoch   6 | iteration   100 | Loss 0.880884 | Acc 86.25% | WER 43.33%
epoch   6 | iteration   120 | Loss 0.996093 | Acc 85.42% | WER 34.85%
epoch   6 | iteration   140 | Loss 0.870091 | Acc 86.88% | WER 38.88%
epoch   6 | iteration   160 | Loss 1.093522 | Acc 81.25% | WER 47.80%
epoch   6 | iteration   180 | Loss 0.895419 | Acc 85.21% | WER 41.76%
epoch   6 | iteration   200 | Loss 1.151557 | Acc 81.25% | WER 52.56%
epoch   6 | iteration   220 | Loss 0.741676 | Acc 90.00% | WER 32.38%
epoch   6 | iteration   240 | Loss 0.848237 | Acc 86.67% | WER 38.81%
epoch   6 | iteration   260 | Loss 1.199518 | Acc 80.62% | WER 53.06%
epoch   6 | iteration   280 | Loss 0.850653 | Acc 87.08% | WER 38.63%
epoch   6 | iteration   300 | Loss 0.946975 | Acc 85.00% | WER 42.83%
epoch   6 | iteration   320 | Loss 0.891745 | Acc 86.25% | WER 42.17%
epoch   6 | iteration   340 | Loss 0.580015 | Acc 92.50% | WER 22.83%
epoch   6 | iteration   360 | Loss 0.890992 | Acc 86.25% | WER 38.04%
epoch   6 | iteration   380 | Loss 0.899646 | Acc 87.29% | WER 39.81%
epoch   6 | iteration   400 | Loss 0.963340 | Acc 85.00% | WER 45.73%
epoch   6 | iteration   420 | Loss 0.903794 | Acc 85.00% | WER 39.84%
epoch   6 | iteration   440 | Loss 0.851211 | Acc 87.29% | WER 36.59%
epoch   6 | iteration   460 | Loss 0.777027 | Acc 88.75% | WER 31.80%
epoch   6 | iteration   480 | Loss 0.863659 | Acc 85.00% | WER 43.60%
epoch   6 | iteration   500 | Loss 0.900516 | Acc 84.17% | WER 45.03%
epoch   6 | iteration   520 | Loss 0.874327 | Acc 86.25% | WER 38.20%
epoch   6 | iteration   540 | Loss 0.748964 | Acc 87.71% | WER 35.72%
epoch   6 | iteration   560 | Loss 0.881658 | Acc 85.42% | WER 41.62%
epoch   6 | iteration   580 | Loss 0.954605 | Acc 83.75% | WER 45.49%
epoch   6 | iteration   600 | Loss 0.948097 | Acc 86.25% | WER 39.37%
epoch   6 | iteration   620 | Loss 0.755021 | Acc 88.75% | WER 39.68%
epoch   6 | iteration   640 | Loss 1.051378 | Acc 83.75% | WER 39.03%
epoch   6 | iteration   660 | Loss 0.886795 | Acc 86.25% | WER 39.34%
epoch   6 | iteration   680 | Loss 0.978764 | Acc 84.17% | WER 50.30%
epoch   6 | iteration   700 | Loss 0.619224 | Acc 91.25% | WER 28.31%
epoch   6 | iteration   720 | Loss 0.724014 | Acc 89.17% | WER 34.78%
epoch   6 | iteration   740 | Loss 0.854364 | Acc 86.67% | WER 40.65%
epoch   6 | iteration   760 | Loss 0.826693 | Acc 87.08% | WER 34.37%
epoch   6 | iteration   780 | Loss 0.685863 | Acc 90.62% | WER 24.81%
epoch   6 | iteration   800 | Loss 0.726739 | Acc 87.29% | WER 38.41%
epoch   6 | iteration   820 | Loss 0.919301 | Acc 86.04% | WER 36.93%
epoch   6 | iteration   840 | Loss 0.692549 | Acc 89.58% | WER 33.85%
epoch   6 | iteration   860 | Loss 0.937540 | Acc 85.21% | WER 44.07%
epoch   6 | iteration   880 | Loss 0.995171 | Acc 83.54% | WER 44.75%
epoch   6 | iteration   900 | Loss 0.878483 | Acc 87.50% | WER 32.53%
epoch   6 | iteration   920 | Loss 0.856890 | Acc 86.46% | WER 37.02%
epoch   6 | iteration   940 | Loss 0.721617 | Acc 88.54% | WER 42.88%
epoch   6 | iteration   960 | Loss 0.708781 | Acc 88.33% | WER 35.86%
epoch   6 | iteration   980 | Loss 0.621386 | Acc 90.62% | WER 26.03%
epoch   6 | iteration  1000 | Loss 0.864415 | Acc 86.25% | WER 40.69%
epoch   6 | iteration  1020 | Loss 1.146870 | Acc 81.04% | WER 51.32%
epoch   6 | iteration  1040 | Loss 0.655523 | Acc 90.21% | WER 28.55%
epoch   6 | iteration  1060 | Loss 0.794232 | Acc 86.67% | WER 36.88%
epoch   6 | iteration  1080 | Loss 0.791212 | Acc 86.88% | WER 42.08%
epoch   6 | iteration  1100 | Loss 0.899260 | Acc 85.62% | WER 37.33%
epoch   6 | iteration  1120 | Loss 0.629300 | Acc 90.62% | WER 30.84%
epoch   6 | iteration  1140 | Loss 0.818359 | Acc 87.29% | WER 37.93%
epoch   6 | iteration  1160 | Loss 0.837542 | Acc 87.29% | WER 38.51%
Average Training Loss of Epoch 6: 0.893180 | Acc: 86.15% | WER 39.67%
Average Validation Loss of Epoch 6: 3.411449 | Acc: 68.98% | WER: 163.19% | BLEU-4: 0.00
Average test Loss of Epoch 6: 4.842549 | Acc: 59.08% | WER: 108.86% | BLEU-4: 0.00
####################Epoch 6 Model Saved#####################
epoch   7 | iteration    20 | Loss 0.704073 | Acc 88.96% | WER 29.25%
epoch   7 | iteration    40 | Loss 0.905174 | Acc 84.17% | WER 44.35%
epoch   7 | iteration    60 | Loss 0.837363 | Acc 86.25% | WER 43.48%
epoch   7 | iteration    80 | Loss 0.670041 | Acc 88.96% | WER 40.20%
epoch   7 | iteration   100 | Loss 0.925710 | Acc 85.00% | WER 38.18%
epoch   7 | iteration   120 | Loss 0.659196 | Acc 89.17% | WER 38.50%
epoch   7 | iteration   140 | Loss 0.845509 | Acc 85.42% | WER 44.36%
epoch   7 | iteration   160 | Loss 0.609985 | Acc 90.42% | WER 29.72%
epoch   7 | iteration   180 | Loss 0.634062 | Acc 90.62% | WER 32.28%
epoch   7 | iteration   200 | Loss 0.862645 | Acc 86.46% | WER 38.11%
epoch   7 | iteration   220 | Loss 0.733436 | Acc 87.50% | WER 32.73%
epoch   7 | iteration   240 | Loss 0.745106 | Acc 87.50% | WER 34.14%
epoch   7 | iteration   260 | Loss 0.508029 | Acc 92.29% | WER 22.58%
epoch   7 | iteration   280 | Loss 0.549665 | Acc 91.25% | WER 24.29%
epoch   7 | iteration   300 | Loss 0.773509 | Acc 86.46% | WER 34.11%
epoch   7 | iteration   320 | Loss 0.619068 | Acc 91.25% | WER 24.02%
epoch   7 | iteration   340 | Loss 0.500824 | Acc 92.29% | WER 20.93%
epoch   7 | iteration   360 | Loss 0.654558 | Acc 90.62% | WER 25.36%
epoch   7 | iteration   380 | Loss 0.607287 | Acc 90.21% | WER 27.49%
epoch   7 | iteration   400 | Loss 0.628238 | Acc 89.79% | WER 33.06%
epoch   7 | iteration   420 | Loss 0.630121 | Acc 90.00% | WER 31.57%
epoch   7 | iteration   440 | Loss 0.684000 | Acc 89.79% | WER 32.58%
epoch   7 | iteration   460 | Loss 0.986977 | Acc 84.58% | WER 39.44%
epoch   7 | iteration   480 | Loss 0.509380 | Acc 93.12% | WER 22.74%
epoch   7 | iteration   500 | Loss 0.710708 | Acc 89.38% | WER 31.11%
epoch   7 | iteration   520 | Loss 0.819176 | Acc 86.04% | WER 40.66%
epoch   7 | iteration   540 | Loss 0.718369 | Acc 88.54% | WER 33.31%
epoch   7 | iteration   560 | Loss 0.871863 | Acc 85.21% | WER 40.81%
epoch   7 | iteration   580 | Loss 0.624050 | Acc 89.58% | WER 32.26%
epoch   7 | iteration   600 | Loss 0.639107 | Acc 90.42% | WER 31.74%
epoch   7 | iteration   620 | Loss 0.629938 | Acc 89.38% | WER 29.29%
epoch   7 | iteration   640 | Loss 0.728850 | Acc 88.54% | WER 31.78%
epoch   7 | iteration   660 | Loss 0.684801 | Acc 89.79% | WER 28.17%
epoch   7 | iteration   680 | Loss 0.696956 | Acc 87.71% | WER 39.88%
epoch   7 | iteration   700 | Loss 0.633674 | Acc 89.17% | WER 33.33%
epoch   7 | iteration   720 | Loss 0.733492 | Acc 87.08% | WER 37.87%
epoch   7 | iteration   740 | Loss 0.580068 | Acc 91.46% | WER 36.16%
epoch   7 | iteration   760 | Loss 0.537660 | Acc 92.50% | WER 21.43%
epoch   7 | iteration   780 | Loss 0.600784 | Acc 90.83% | WER 27.02%
epoch   7 | iteration   800 | Loss 0.514229 | Acc 91.88% | WER 26.02%
epoch   7 | iteration   820 | Loss 0.632795 | Acc 89.38% | WER 30.85%
epoch   7 | iteration   840 | Loss 0.830035 | Acc 86.46% | WER 35.09%
epoch   7 | iteration   860 | Loss 0.687145 | Acc 87.50% | WER 35.34%
epoch   7 | iteration   880 | Loss 0.567537 | Acc 90.42% | WER 27.07%
epoch   7 | iteration   900 | Loss 0.769786 | Acc 87.29% | WER 33.31%
epoch   7 | iteration   920 | Loss 0.534860 | Acc 91.67% | WER 29.91%
epoch   7 | iteration   940 | Loss 0.857101 | Acc 85.42% | WER 40.68%
epoch   7 | iteration   960 | Loss 0.545759 | Acc 90.42% | WER 35.98%
epoch   7 | iteration   980 | Loss 0.428537 | Acc 94.38% | WER 19.81%
epoch   7 | iteration  1000 | Loss 0.687355 | Acc 88.54% | WER 32.39%
epoch   7 | iteration  1020 | Loss 0.828922 | Acc 85.62% | WER 40.44%
epoch   7 | iteration  1040 | Loss 0.678962 | Acc 89.58% | WER 28.75%
epoch   7 | iteration  1060 | Loss 0.568941 | Acc 90.62% | WER 26.13%
epoch   7 | iteration  1080 | Loss 0.939220 | Acc 83.33% | WER 44.89%
epoch   7 | iteration  1100 | Loss 0.557132 | Acc 91.25% | WER 24.40%
epoch   7 | iteration  1120 | Loss 0.713507 | Acc 88.96% | WER 30.78%
epoch   7 | iteration  1140 | Loss 0.538143 | Acc 92.08% | WER 28.90%
epoch   7 | iteration  1160 | Loss 0.576684 | Acc 91.88% | WER 25.01%
Average Training Loss of Epoch 7: 0.690801 | Acc: 88.88% | WER 32.26%
Average Validation Loss of Epoch 7: 3.225084 | Acc: 70.37% | WER: 145.09% | BLEU-4: 0.00
Average test Loss of Epoch 7: 5.747531 | Acc: 59.83% | WER: 105.80% | BLEU-4: 0.00
####################Epoch 7 Model Saved#####################
epoch   8 | iteration    20 | Loss 0.690084 | Acc 87.92% | WER 30.55%
epoch   8 | iteration    40 | Loss 0.569483 | Acc 91.46% | WER 26.21%
epoch   8 | iteration    60 | Loss 0.566037 | Acc 90.00% | WER 29.84%
epoch   8 | iteration    80 | Loss 0.582917 | Acc 90.42% | WER 28.55%
epoch   8 | iteration   100 | Loss 0.557517 | Acc 91.67% | WER 20.88%
epoch   8 | iteration   120 | Loss 0.627997 | Acc 89.79% | WER 34.56%
epoch   8 | iteration   140 | Loss 0.634403 | Acc 89.17% | WER 31.92%
epoch   8 | iteration   160 | Loss 0.450117 | Acc 92.71% | WER 20.32%
epoch   8 | iteration   180 | Loss 0.468739 | Acc 91.88% | WER 25.44%
epoch   8 | iteration   200 | Loss 0.742275 | Acc 87.08% | WER 32.80%
epoch   8 | iteration   220 | Loss 0.587407 | Acc 91.88% | WER 22.46%
epoch   8 | iteration   240 | Loss 0.636782 | Acc 90.83% | WER 24.79%
epoch   8 | iteration   260 | Loss 0.563552 | Acc 91.04% | WER 29.38%
epoch   8 | iteration   280 | Loss 0.473131 | Acc 92.71% | WER 20.59%
epoch   8 | iteration   300 | Loss 0.667740 | Acc 87.08% | WER 34.02%
epoch   8 | iteration   320 | Loss 0.470931 | Acc 93.54% | WER 20.98%
epoch   8 | iteration   340 | Loss 0.576054 | Acc 91.46% | WER 22.19%
epoch   8 | iteration   360 | Loss 0.523396 | Acc 92.08% | WER 24.95%
epoch   8 | iteration   380 | Loss 0.621042 | Acc 89.17% | WER 32.49%
epoch   8 | iteration   400 | Loss 0.508813 | Acc 92.08% | WER 23.31%
epoch   8 | iteration   420 | Loss 0.555672 | Acc 91.25% | WER 24.22%
epoch   8 | iteration   440 | Loss 0.459015 | Acc 93.75% | WER 18.36%
epoch   8 | iteration   460 | Loss 0.506700 | Acc 92.29% | WER 23.80%
epoch   8 | iteration   480 | Loss 0.561229 | Acc 91.25% | WER 23.35%
epoch   8 | iteration   500 | Loss 0.507249 | Acc 90.62% | WER 27.06%
epoch   8 | iteration   520 | Loss 0.530496 | Acc 91.04% | WER 30.18%
epoch   8 | iteration   540 | Loss 0.607983 | Acc 91.04% | WER 25.26%
epoch   8 | iteration   560 | Loss 0.404952 | Acc 93.12% | WER 23.15%
epoch   8 | iteration   580 | Loss 0.586052 | Acc 90.21% | WER 28.39%
epoch   8 | iteration   600 | Loss 0.496361 | Acc 91.04% | WER 31.40%
epoch   8 | iteration   620 | Loss 0.503902 | Acc 92.08% | WER 26.09%
epoch   8 | iteration   640 | Loss 0.442916 | Acc 93.33% | WER 25.69%
epoch   8 | iteration   660 | Loss 0.579068 | Acc 91.46% | WER 25.32%
epoch   8 | iteration   680 | Loss 0.566639 | Acc 91.25% | WER 29.65%
epoch   8 | iteration   700 | Loss 0.539934 | Acc 90.42% | WER 25.14%
epoch   8 | iteration   720 | Loss 0.548676 | Acc 91.04% | WER 27.61%
epoch   8 | iteration   740 | Loss 0.487812 | Acc 91.88% | WER 24.22%
epoch   8 | iteration   760 | Loss 0.422427 | Acc 93.75% | WER 19.01%
epoch   8 | iteration   780 | Loss 0.550116 | Acc 91.04% | WER 22.54%
epoch   8 | iteration   800 | Loss 0.550353 | Acc 90.21% | WER 27.98%
epoch   8 | iteration   820 | Loss 0.450351 | Acc 93.33% | WER 18.42%
epoch   8 | iteration   840 | Loss 0.587081 | Acc 89.79% | WER 27.62%
epoch   8 | iteration   860 | Loss 0.579692 | Acc 90.83% | WER 27.14%
epoch   8 | iteration   880 | Loss 0.713379 | Acc 87.92% | WER 33.18%
epoch   8 | iteration   900 | Loss 0.520834 | Acc 90.21% | WER 27.65%
epoch   8 | iteration   920 | Loss 0.722374 | Acc 86.25% | WER 39.93%
epoch   8 | iteration   940 | Loss 0.479782 | Acc 92.71% | WER 20.56%
epoch   8 | iteration   960 | Loss 0.521645 | Acc 91.46% | WER 28.63%
epoch   8 | iteration   980 | Loss 0.460158 | Acc 92.29% | WER 28.73%
epoch   8 | iteration  1000 | Loss 0.434713 | Acc 92.71% | WER 23.85%
epoch   8 | iteration  1020 | Loss 0.571844 | Acc 90.62% | WER 25.11%
epoch   8 | iteration  1040 | Loss 0.625191 | Acc 89.38% | WER 33.18%
epoch   8 | iteration  1060 | Loss 0.648268 | Acc 88.75% | WER 29.70%
epoch   8 | iteration  1080 | Loss 0.551118 | Acc 90.83% | WER 21.84%
epoch   8 | iteration  1100 | Loss 0.480327 | Acc 92.71% | WER 24.71%
epoch   8 | iteration  1120 | Loss 0.589648 | Acc 90.42% | WER 25.40%
epoch   8 | iteration  1140 | Loss 0.506606 | Acc 91.67% | WER 22.66%
epoch   8 | iteration  1160 | Loss 0.390629 | Acc 93.96% | WER 20.33%
Average Training Loss of Epoch 8: 0.562708 | Acc: 90.81% | WER 27.15%
Average Validation Loss of Epoch 8: 3.075351 | Acc: 71.50% | WER: 140.63% | BLEU-4: 0.00
Average test Loss of Epoch 8: 6.133114 | Acc: 59.48% | WER: 107.84% | BLEU-4: 0.00
####################Epoch 8 Model Saved#####################
epoch   9 | iteration    20 | Loss 0.407934 | Acc 93.12% | WER 22.78%
epoch   9 | iteration    40 | Loss 0.539574 | Acc 92.08% | WER 21.19%
epoch   9 | iteration    60 | Loss 0.474811 | Acc 92.92% | WER 22.71%
epoch   9 | iteration    80 | Loss 0.559718 | Acc 90.42% | WER 31.08%
epoch   9 | iteration   100 | Loss 0.489669 | Acc 91.04% | WER 27.28%
epoch   9 | iteration   120 | Loss 0.632639 | Acc 89.17% | WER 30.41%
epoch   9 | iteration   140 | Loss 0.453736 | Acc 92.29% | WER 26.61%
epoch   9 | iteration   160 | Loss 0.503184 | Acc 90.21% | WER 30.36%
epoch   9 | iteration   180 | Loss 0.592535 | Acc 88.96% | WER 33.88%
epoch   9 | iteration   200 | Loss 0.463345 | Acc 92.08% | WER 26.20%
epoch   9 | iteration   220 | Loss 0.513506 | Acc 90.62% | WER 26.94%
epoch   9 | iteration   240 | Loss 0.451771 | Acc 92.71% | WER 23.26%
epoch   9 | iteration   260 | Loss 0.507890 | Acc 90.62% | WER 28.80%
epoch   9 | iteration   280 | Loss 0.652978 | Acc 90.00% | WER 25.72%
epoch   9 | iteration   300 | Loss 0.516654 | Acc 91.88% | WER 27.00%
epoch   9 | iteration   320 | Loss 0.466632 | Acc 92.29% | WER 26.89%
epoch   9 | iteration   340 | Loss 0.577780 | Acc 90.21% | WER 26.03%
epoch   9 | iteration   360 | Loss 0.424374 | Acc 93.33% | WER 21.14%
epoch   9 | iteration   380 | Loss 0.635049 | Acc 89.38% | WER 29.89%
epoch   9 | iteration   400 | Loss 0.666923 | Acc 87.92% | WER 32.94%
epoch   9 | iteration   420 | Loss 0.383281 | Acc 94.38% | WER 18.24%
epoch   9 | iteration   440 | Loss 0.431615 | Acc 92.50% | WER 24.53%
epoch   9 | iteration   460 | Loss 0.468454 | Acc 92.50% | WER 25.58%
epoch   9 | iteration   480 | Loss 0.543466 | Acc 90.21% | WER 28.49%
epoch   9 | iteration   500 | Loss 0.425168 | Acc 93.12% | WER 22.61%
epoch   9 | iteration   520 | Loss 0.639360 | Acc 91.46% | WER 22.02%
epoch   9 | iteration   540 | Loss 0.464175 | Acc 93.33% | WER 17.84%
epoch   9 | iteration   560 | Loss 0.360888 | Acc 93.96% | WER 18.41%
epoch   9 | iteration   580 | Loss 0.453209 | Acc 91.46% | WER 25.94%
epoch   9 | iteration   600 | Loss 0.533208 | Acc 91.46% | WER 28.27%
epoch   9 | iteration   620 | Loss 0.326261 | Acc 95.00% | WER 16.56%
epoch   9 | iteration   640 | Loss 0.530932 | Acc 90.62% | WER 25.92%
epoch   9 | iteration   660 | Loss 0.521036 | Acc 91.04% | WER 27.12%
epoch   9 | iteration   680 | Loss 0.440481 | Acc 92.92% | WER 23.16%
epoch   9 | iteration   700 | Loss 0.310086 | Acc 95.21% | WER 14.21%
epoch   9 | iteration   720 | Loss 0.343598 | Acc 93.96% | WER 19.64%
epoch   9 | iteration   740 | Loss 0.434669 | Acc 93.12% | WER 20.96%
epoch   9 | iteration   760 | Loss 0.531360 | Acc 91.04% | WER 27.66%
epoch   9 | iteration   780 | Loss 0.725564 | Acc 88.54% | WER 25.07%
epoch   9 | iteration   800 | Loss 0.510436 | Acc 90.83% | WER 26.04%
epoch   9 | iteration   820 | Loss 0.384135 | Acc 93.12% | WER 27.93%
epoch   9 | iteration   840 | Loss 0.425263 | Acc 92.71% | WER 19.40%
epoch   9 | iteration   860 | Loss 0.433179 | Acc 92.08% | WER 23.87%
epoch   9 | iteration   880 | Loss 0.512159 | Acc 91.25% | WER 26.26%
epoch   9 | iteration   900 | Loss 0.419312 | Acc 92.50% | WER 20.06%
epoch   9 | iteration   920 | Loss 0.538012 | Acc 90.42% | WER 26.36%
epoch   9 | iteration   940 | Loss 0.385861 | Acc 93.12% | WER 21.27%
epoch   9 | iteration   960 | Loss 0.599089 | Acc 90.62% | WER 28.66%
epoch   9 | iteration   980 | Loss 0.457467 | Acc 92.71% | WER 24.05%
epoch   9 | iteration  1000 | Loss 0.532963 | Acc 91.04% | WER 25.83%
epoch   9 | iteration  1020 | Loss 0.518586 | Acc 90.62% | WER 28.21%
epoch   9 | iteration  1040 | Loss 0.434670 | Acc 92.08% | WER 29.00%
epoch   9 | iteration  1060 | Loss 0.476852 | Acc 91.25% | WER 23.69%
epoch   9 | iteration  1080 | Loss 0.455937 | Acc 92.29% | WER 22.18%
epoch   9 | iteration  1100 | Loss 0.536083 | Acc 91.46% | WER 26.85%
epoch   9 | iteration  1120 | Loss 0.344108 | Acc 93.54% | WER 26.02%
epoch   9 | iteration  1140 | Loss 0.693661 | Acc 89.38% | WER 33.27%
epoch   9 | iteration  1160 | Loss 0.427378 | Acc 92.29% | WER 28.71%
Average Training Loss of Epoch 9: 0.474978 | Acc: 92.14% | WER 23.57%
Average Validation Loss of Epoch 9: 4.224886 | Acc: 67.10% | WER: 174.90% | BLEU-4: 0.00
Average test Loss of Epoch 9: 7.438595 | Acc: 52.33% | WER: 128.87% | BLEU-4: 0.00
####################Epoch 9 Model Saved#####################
epoch  10 | iteration    20 | Loss 0.470652 | Acc 92.71% | WER 21.97%
epoch  10 | iteration    40 | Loss 0.332271 | Acc 93.96% | WER 23.76%
epoch  10 | iteration    60 | Loss 0.456650 | Acc 92.29% | WER 24.86%
epoch  10 | iteration    80 | Loss 0.389374 | Acc 94.38% | WER 15.98%
epoch  10 | iteration   100 | Loss 0.453334 | Acc 92.08% | WER 24.41%
epoch  10 | iteration   120 | Loss 0.453957 | Acc 92.08% | WER 24.65%
epoch  10 | iteration   140 | Loss 0.470567 | Acc 91.46% | WER 25.18%
epoch  10 | iteration   160 | Loss 0.488055 | Acc 91.25% | WER 27.85%
epoch  10 | iteration   180 | Loss 0.453490 | Acc 91.88% | WER 22.92%
epoch  10 | iteration   200 | Loss 0.456515 | Acc 91.25% | WER 25.71%
epoch  10 | iteration   220 | Loss 0.358713 | Acc 93.96% | WER 18.09%
epoch  10 | iteration   240 | Loss 0.394457 | Acc 93.54% | WER 18.46%
epoch  10 | iteration   260 | Loss 0.382587 | Acc 93.12% | WER 19.82%
epoch  10 | iteration   280 | Loss 0.445384 | Acc 92.50% | WER 21.69%
epoch  10 | iteration   300 | Loss 0.398776 | Acc 92.08% | WER 27.19%
epoch  10 | iteration   320 | Loss 0.356364 | Acc 93.96% | WER 17.98%
epoch  10 | iteration   340 | Loss 0.380571 | Acc 93.54% | WER 18.10%
epoch  10 | iteration   360 | Loss 0.388492 | Acc 94.58% | WER 15.81%
epoch  10 | iteration   380 | Loss 0.416384 | Acc 92.71% | WER 20.97%
epoch  10 | iteration   400 | Loss 0.424948 | Acc 92.92% | WER 25.25%
epoch  10 | iteration   420 | Loss 0.407645 | Acc 93.75% | WER 17.23%
epoch  10 | iteration   440 | Loss 0.505670 | Acc 90.62% | WER 31.49%
epoch  10 | iteration   460 | Loss 0.428224 | Acc 93.54% | WER 17.71%
epoch  10 | iteration   480 | Loss 0.386302 | Acc 93.96% | WER 18.22%
epoch  10 | iteration   500 | Loss 0.352210 | Acc 94.79% | WER 16.52%
epoch  10 | iteration   520 | Loss 0.450446 | Acc 91.67% | WER 25.41%
epoch  10 | iteration   540 | Loss 0.518057 | Acc 90.83% | WER 25.63%
epoch  10 | iteration   560 | Loss 0.491606 | Acc 92.71% | WER 24.91%
epoch  10 | iteration   580 | Loss 0.390556 | Acc 93.75% | WER 17.40%
epoch  10 | iteration   600 | Loss 0.435667 | Acc 92.50% | WER 18.44%
epoch  10 | iteration   620 | Loss 0.486056 | Acc 91.88% | WER 23.32%
epoch  10 | iteration   640 | Loss 0.446579 | Acc 92.08% | WER 26.21%
epoch  10 | iteration   660 | Loss 0.374532 | Acc 93.75% | WER 23.01%
epoch  10 | iteration   680 | Loss 0.392304 | Acc 93.75% | WER 20.63%
epoch  10 | iteration   700 | Loss 0.445963 | Acc 93.12% | WER 23.09%
epoch  10 | iteration   720 | Loss 0.490376 | Acc 90.62% | WER 29.49%
epoch  10 | iteration   740 | Loss 0.379710 | Acc 93.54% | WER 18.86%
epoch  10 | iteration   760 | Loss 0.439073 | Acc 92.92% | WER 19.50%
epoch  10 | iteration   780 | Loss 0.393168 | Acc 92.71% | WER 23.50%
epoch  10 | iteration   800 | Loss 0.388638 | Acc 94.17% | WER 15.95%
epoch  10 | iteration   820 | Loss 0.387228 | Acc 93.33% | WER 21.65%
epoch  10 | iteration   840 | Loss 0.392406 | Acc 94.58% | WER 17.77%
epoch  10 | iteration   860 | Loss 0.354540 | Acc 93.33% | WER 22.45%
epoch  10 | iteration   880 | Loss 0.398815 | Acc 94.38% | WER 17.87%
epoch  10 | iteration   900 | Loss 0.337918 | Acc 94.58% | WER 15.93%
epoch  10 | iteration   920 | Loss 0.337626 | Acc 94.38% | WER 17.12%
epoch  10 | iteration   940 | Loss 0.583682 | Acc 91.25% | WER 24.33%
epoch  10 | iteration   960 | Loss 0.451886 | Acc 92.92% | WER 23.00%
epoch  10 | iteration   980 | Loss 0.457696 | Acc 91.46% | WER 23.42%
epoch  10 | iteration  1000 | Loss 0.478003 | Acc 91.25% | WER 23.46%
epoch  10 | iteration  1020 | Loss 0.384517 | Acc 93.12% | WER 19.37%
epoch  10 | iteration  1040 | Loss 0.375463 | Acc 93.96% | WER 23.08%
epoch  10 | iteration  1060 | Loss 0.304244 | Acc 95.21% | WER 14.68%
epoch  10 | iteration  1080 | Loss 0.399680 | Acc 93.33% | WER 25.16%
epoch  10 | iteration  1100 | Loss 0.381605 | Acc 93.96% | WER 22.56%
epoch  10 | iteration  1120 | Loss 0.379892 | Acc 92.71% | WER 26.84%
epoch  10 | iteration  1140 | Loss 0.456986 | Acc 92.08% | WER 18.16%
epoch  10 | iteration  1160 | Loss 0.413428 | Acc 92.92% | WER 18.71%
Average Training Loss of Epoch 10: 0.419775 | Acc: 92.92% | WER 21.48%
Average Validation Loss of Epoch 10: 3.572356 | Acc: 71.00% | WER: 152.73% | BLEU-4: 0.00
Average test Loss of Epoch 10: 7.154258 | Acc: 55.05% | WER: 121.29% | BLEU-4: 0.00
####################Epoch 10 Model Saved####################
epoch  11 | iteration    20 | Loss 0.310866 | Acc 94.79% | WER 16.48%
epoch  11 | iteration    40 | Loss 0.408484 | Acc 92.71% | WER 23.48%
epoch  11 | iteration    60 | Loss 0.358383 | Acc 93.96% | WER 16.12%
epoch  11 | iteration    80 | Loss 0.372125 | Acc 94.17% | WER 15.87%
epoch  11 | iteration   100 | Loss 0.375279 | Acc 94.38% | WER 16.80%
epoch  11 | iteration   120 | Loss 0.472393 | Acc 91.88% | WER 24.94%
epoch  11 | iteration   140 | Loss 0.391497 | Acc 93.33% | WER 19.97%
epoch  11 | iteration   160 | Loss 0.426314 | Acc 92.71% | WER 22.59%
epoch  11 | iteration   180 | Loss 0.371047 | Acc 93.96% | WER 17.72%
epoch  11 | iteration   200 | Loss 0.377023 | Acc 93.33% | WER 20.28%
epoch  11 | iteration   220 | Loss 0.518723 | Acc 90.62% | WER 26.98%
epoch  11 | iteration   240 | Loss 0.285183 | Acc 95.42% | WER 15.79%
epoch  11 | iteration   260 | Loss 0.342668 | Acc 93.96% | WER 17.09%
epoch  11 | iteration   280 | Loss 0.381726 | Acc 93.96% | WER 15.99%
epoch  11 | iteration   300 | Loss 0.315815 | Acc 94.79% | WER 17.33%
epoch  11 | iteration   320 | Loss 0.369985 | Acc 94.38% | WER 18.20%
epoch  11 | iteration   340 | Loss 0.448580 | Acc 92.29% | WER 19.39%
epoch  11 | iteration   360 | Loss 0.453932 | Acc 91.88% | WER 19.56%
epoch  11 | iteration   380 | Loss 0.355361 | Acc 93.54% | WER 19.01%
epoch  11 | iteration   400 | Loss 0.317897 | Acc 95.00% | WER 15.83%
epoch  11 | iteration   420 | Loss 0.262599 | Acc 95.83% | WER 14.38%
epoch  11 | iteration   440 | Loss 0.283919 | Acc 94.58% | WER 21.42%
epoch  11 | iteration   460 | Loss 0.319715 | Acc 94.38% | WER 16.44%
epoch  11 | iteration   480 | Loss 0.377221 | Acc 93.96% | WER 16.79%
epoch  11 | iteration   500 | Loss 0.424722 | Acc 92.08% | WER 24.71%
epoch  11 | iteration   520 | Loss 0.357416 | Acc 94.38% | WER 18.47%
epoch  11 | iteration   540 | Loss 0.305307 | Acc 95.21% | WER 15.40%
epoch  11 | iteration   560 | Loss 0.297940 | Acc 95.00% | WER 17.65%
epoch  11 | iteration   580 | Loss 0.503301 | Acc 91.67% | WER 22.90%
epoch  11 | iteration   600 | Loss 0.380044 | Acc 93.96% | WER 19.85%
epoch  11 | iteration   620 | Loss 0.518445 | Acc 91.25% | WER 26.16%
epoch  11 | iteration   640 | Loss 0.403353 | Acc 91.67% | WER 22.43%
epoch  11 | iteration   660 | Loss 0.298647 | Acc 95.42% | WER 17.04%
epoch  11 | iteration   680 | Loss 0.296318 | Acc 95.42% | WER 12.43%
epoch  11 | iteration   700 | Loss 0.334120 | Acc 93.96% | WER 17.52%
epoch  11 | iteration   720 | Loss 0.490353 | Acc 91.46% | WER 29.13%
epoch  11 | iteration   740 | Loss 0.329663 | Acc 93.96% | WER 22.22%
epoch  11 | iteration   760 | Loss 0.338568 | Acc 94.58% | WER 19.41%
epoch  11 | iteration   780 | Loss 0.401363 | Acc 92.71% | WER 21.16%
epoch  11 | iteration   800 | Loss 0.388148 | Acc 92.50% | WER 24.95%
epoch  11 | iteration   820 | Loss 0.387482 | Acc 93.33% | WER 22.64%
epoch  11 | iteration   840 | Loss 0.427319 | Acc 92.08% | WER 22.10%
epoch  11 | iteration   860 | Loss 0.419660 | Acc 92.50% | WER 20.21%
epoch  11 | iteration   880 | Loss 0.389033 | Acc 92.92% | WER 22.39%
epoch  11 | iteration   900 | Loss 0.389675 | Acc 92.92% | WER 20.03%
epoch  11 | iteration   920 | Loss 0.360931 | Acc 93.75% | WER 16.69%
epoch  11 | iteration   940 | Loss 0.362417 | Acc 93.33% | WER 22.39%
epoch  11 | iteration   960 | Loss 0.382315 | Acc 92.71% | WER 23.27%
epoch  11 | iteration   980 | Loss 0.290853 | Acc 95.21% | WER 17.43%
epoch  11 | iteration  1000 | Loss 0.270968 | Acc 95.62% | WER 14.48%
epoch  11 | iteration  1020 | Loss 0.422205 | Acc 92.71% | WER 22.45%
epoch  11 | iteration  1040 | Loss 0.498364 | Acc 91.67% | WER 23.38%
epoch  11 | iteration  1060 | Loss 0.338968 | Acc 94.17% | WER 16.20%
epoch  11 | iteration  1080 | Loss 0.409095 | Acc 92.50% | WER 27.07%
epoch  11 | iteration  1100 | Loss 0.362707 | Acc 93.75% | WER 20.03%
epoch  11 | iteration  1120 | Loss 0.411249 | Acc 93.54% | WER 16.01%
epoch  11 | iteration  1140 | Loss 0.280927 | Acc 94.17% | WER 18.79%
epoch  11 | iteration  1160 | Loss 0.361972 | Acc 94.38% | WER 15.25%
Average Training Loss of Epoch 11: 0.381119 | Acc: 93.43% | WER 20.07%
Average Validation Loss of Epoch 11: 3.427071 | Acc: 72.47% | WER: 137.38% | BLEU-4: 0.00
Average test Loss of Epoch 11: 7.047964 | Acc: 58.60% | WER: 107.75% | BLEU-4: 0.00
####################Epoch 11 Model Saved####################
epoch  12 | iteration    20 | Loss 0.311773 | Acc 93.54% | WER 22.40%
epoch  12 | iteration    40 | Loss 0.374355 | Acc 92.50% | WER 25.06%
epoch  12 | iteration    60 | Loss 0.470560 | Acc 91.88% | WER 26.50%
epoch  12 | iteration    80 | Loss 0.339682 | Acc 93.96% | WER 17.82%
epoch  12 | iteration   100 | Loss 0.240235 | Acc 96.25% | WER 12.03%
epoch  12 | iteration   120 | Loss 0.338706 | Acc 94.58% | WER 16.63%
epoch  12 | iteration   140 | Loss 0.361467 | Acc 93.75% | WER 23.60%
epoch  12 | iteration   160 | Loss 0.349962 | Acc 93.54% | WER 15.78%
epoch  12 | iteration   180 | Loss 0.379914 | Acc 93.33% | WER 17.66%
epoch  12 | iteration   200 | Loss 0.380993 | Acc 93.96% | WER 19.06%
epoch  12 | iteration   220 | Loss 0.349963 | Acc 93.96% | WER 16.95%
epoch  12 | iteration   240 | Loss 0.291299 | Acc 94.79% | WER 19.14%
epoch  12 | iteration   260 | Loss 0.348555 | Acc 93.33% | WER 21.37%
epoch  12 | iteration   280 | Loss 0.466626 | Acc 92.29% | WER 20.08%
epoch  12 | iteration   300 | Loss 0.408274 | Acc 92.92% | WER 24.25%
epoch  12 | iteration   320 | Loss 0.334474 | Acc 94.38% | WER 15.06%
epoch  12 | iteration   340 | Loss 0.287349 | Acc 95.00% | WER 15.20%
epoch  12 | iteration   360 | Loss 0.337300 | Acc 92.92% | WER 19.74%
epoch  12 | iteration   380 | Loss 0.267330 | Acc 95.83% | WER 11.28%
epoch  12 | iteration   400 | Loss 0.371957 | Acc 93.33% | WER 22.62%
epoch  12 | iteration   420 | Loss 0.390328 | Acc 93.33% | WER 17.32%
epoch  12 | iteration   440 | Loss 0.489841 | Acc 90.83% | WER 27.68%
epoch  12 | iteration   460 | Loss 0.394723 | Acc 92.92% | WER 23.22%
epoch  12 | iteration   480 | Loss 0.418727 | Acc 92.08% | WER 22.43%
epoch  12 | iteration   500 | Loss 0.379522 | Acc 93.54% | WER 17.75%
epoch  12 | iteration   520 | Loss 0.341919 | Acc 93.75% | WER 18.90%
epoch  12 | iteration   540 | Loss 0.339408 | Acc 94.58% | WER 18.02%
epoch  12 | iteration   560 | Loss 0.310805 | Acc 94.17% | WER 22.32%
epoch  12 | iteration   580 | Loss 0.277061 | Acc 94.79% | WER 14.14%
epoch  12 | iteration   600 | Loss 0.338383 | Acc 93.54% | WER 18.94%
epoch  12 | iteration   620 | Loss 0.405770 | Acc 93.12% | WER 20.83%
epoch  12 | iteration   640 | Loss 0.326014 | Acc 93.54% | WER 18.14%
epoch  12 | iteration   660 | Loss 0.351083 | Acc 93.75% | WER 18.67%
epoch  12 | iteration   680 | Loss 0.440772 | Acc 91.04% | WER 28.27%
epoch  12 | iteration   700 | Loss 0.344658 | Acc 93.33% | WER 22.78%
epoch  12 | iteration   720 | Loss 0.435351 | Acc 91.88% | WER 25.14%
epoch  12 | iteration   740 | Loss 0.312474 | Acc 95.21% | WER 19.48%
epoch  12 | iteration   760 | Loss 0.334161 | Acc 93.96% | WER 19.02%
epoch  12 | iteration   780 | Loss 0.417445 | Acc 92.92% | WER 21.59%
epoch  12 | iteration   800 | Loss 0.390711 | Acc 92.92% | WER 23.49%
epoch  12 | iteration   820 | Loss 0.320221 | Acc 93.75% | WER 18.89%
epoch  12 | iteration   840 | Loss 0.315346 | Acc 93.96% | WER 19.74%
epoch  12 | iteration   860 | Loss 0.332977 | Acc 93.96% | WER 18.99%
epoch  12 | iteration   880 | Loss 0.378088 | Acc 93.33% | WER 19.89%
epoch  12 | iteration   900 | Loss 0.421511 | Acc 92.29% | WER 25.53%
epoch  12 | iteration   920 | Loss 0.491867 | Acc 91.04% | WER 27.23%
epoch  12 | iteration   940 | Loss 0.384148 | Acc 93.12% | WER 21.09%
epoch  12 | iteration   960 | Loss 0.343333 | Acc 94.17% | WER 18.52%
epoch  12 | iteration   980 | Loss 0.366063 | Acc 92.92% | WER 23.70%
epoch  12 | iteration  1000 | Loss 0.532682 | Acc 90.62% | WER 25.61%
epoch  12 | iteration  1020 | Loss 0.300434 | Acc 95.00% | WER 14.71%
epoch  12 | iteration  1040 | Loss 0.395931 | Acc 91.25% | WER 25.17%
epoch  12 | iteration  1060 | Loss 0.434617 | Acc 92.29% | WER 22.75%
epoch  12 | iteration  1080 | Loss 0.296490 | Acc 94.58% | WER 14.56%
epoch  12 | iteration  1100 | Loss 0.325537 | Acc 94.58% | WER 16.79%
epoch  12 | iteration  1120 | Loss 0.386861 | Acc 92.71% | WER 22.65%
epoch  12 | iteration  1140 | Loss 0.452863 | Acc 92.29% | WER 20.74%
epoch  12 | iteration  1160 | Loss 0.314034 | Acc 94.79% | WER 16.09%
Average Training Loss of Epoch 12: 0.354350 | Acc: 93.71% | WER 19.25%
Average Validation Loss of Epoch 12: 3.338502 | Acc: 76.75% | WER: 111.94% | BLEU-4: 0.50
Average test Loss of Epoch 12: 7.273324 | Acc: 58.92% | WER: 108.94% | BLEU-4: 0.00
####################Epoch 12 Model Saved####################
epoch  13 | iteration    20 | Loss 0.319989 | Acc 94.38% | WER 16.67%
epoch  13 | iteration    40 | Loss 0.336647 | Acc 93.12% | WER 21.41%
epoch  13 | iteration    60 | Loss 0.257209 | Acc 94.79% | WER 16.93%
epoch  13 | iteration    80 | Loss 0.328730 | Acc 94.17% | WER 16.27%
epoch  13 | iteration   100 | Loss 0.366457 | Acc 92.92% | WER 24.81%
epoch  13 | iteration   120 | Loss 0.353582 | Acc 92.92% | WER 20.18%
epoch  13 | iteration   140 | Loss 0.316479 | Acc 94.17% | WER 18.41%
epoch  13 | iteration   160 | Loss 0.414935 | Acc 93.54% | WER 18.69%
epoch  13 | iteration   180 | Loss 0.366043 | Acc 93.33% | WER 23.13%
epoch  13 | iteration   200 | Loss 0.281206 | Acc 95.42% | WER 14.93%
epoch  13 | iteration   220 | Loss 0.361257 | Acc 92.92% | WER 22.56%
epoch  13 | iteration   240 | Loss 0.416265 | Acc 92.29% | WER 23.38%
epoch  13 | iteration   260 | Loss 0.246006 | Acc 95.42% | WER 14.51%
epoch  13 | iteration   280 | Loss 0.395468 | Acc 92.71% | WER 19.20%
epoch  13 | iteration   300 | Loss 0.398779 | Acc 92.92% | WER 20.38%
epoch  13 | iteration   320 | Loss 0.301759 | Acc 94.58% | WER 14.65%
epoch  13 | iteration   340 | Loss 0.327747 | Acc 94.17% | WER 20.22%
epoch  13 | iteration   360 | Loss 0.297383 | Acc 95.21% | WER 21.35%
epoch  13 | iteration   380 | Loss 0.365525 | Acc 92.92% | WER 21.36%
epoch  13 | iteration   400 | Loss 0.442825 | Acc 91.88% | WER 22.21%
epoch  13 | iteration   420 | Loss 0.373877 | Acc 93.54% | WER 22.13%
epoch  13 | iteration   440 | Loss 0.242727 | Acc 95.62% | WER 12.39%
epoch  13 | iteration   460 | Loss 0.340344 | Acc 93.54% | WER 18.30%
epoch  13 | iteration   480 | Loss 0.301895 | Acc 94.58% | WER 16.71%
epoch  13 | iteration   500 | Loss 0.352133 | Acc 93.33% | WER 16.65%
epoch  13 | iteration   520 | Loss 0.300257 | Acc 94.17% | WER 24.20%
epoch  13 | iteration   540 | Loss 0.313230 | Acc 94.38% | WER 17.09%
epoch  13 | iteration   560 | Loss 0.354770 | Acc 93.33% | WER 19.53%
epoch  13 | iteration   580 | Loss 0.326419 | Acc 94.79% | WER 16.10%
epoch  13 | iteration   600 | Loss 0.334414 | Acc 93.75% | WER 22.48%
epoch  13 | iteration   620 | Loss 0.372161 | Acc 92.71% | WER 23.12%
epoch  13 | iteration   640 | Loss 0.323391 | Acc 94.17% | WER 16.91%
epoch  13 | iteration   660 | Loss 0.361235 | Acc 92.92% | WER 29.23%
epoch  13 | iteration   680 | Loss 0.385858 | Acc 93.33% | WER 17.56%
epoch  13 | iteration   700 | Loss 0.324289 | Acc 93.54% | WER 19.33%
epoch  13 | iteration   720 | Loss 0.226238 | Acc 95.83% | WER 12.22%
epoch  13 | iteration   740 | Loss 0.338859 | Acc 94.17% | WER 15.93%
epoch  13 | iteration   760 | Loss 0.341016 | Acc 93.54% | WER 18.45%
epoch  13 | iteration   780 | Loss 0.346714 | Acc 92.92% | WER 23.75%
epoch  13 | iteration   800 | Loss 0.325515 | Acc 94.17% | WER 20.35%
epoch  13 | iteration   820 | Loss 0.320965 | Acc 94.17% | WER 20.77%
epoch  13 | iteration   840 | Loss 0.372678 | Acc 92.92% | WER 22.76%
epoch  13 | iteration   860 | Loss 0.320486 | Acc 93.96% | WER 16.04%
epoch  13 | iteration   880 | Loss 0.309556 | Acc 94.17% | WER 17.05%
epoch  13 | iteration   900 | Loss 0.401498 | Acc 92.71% | WER 19.59%
epoch  13 | iteration   920 | Loss 0.266326 | Acc 94.79% | WER 15.20%
epoch  13 | iteration   940 | Loss 0.365585 | Acc 93.33% | WER 20.86%
epoch  13 | iteration   960 | Loss 0.318758 | Acc 94.17% | WER 17.04%
epoch  13 | iteration   980 | Loss 0.332709 | Acc 93.75% | WER 19.65%
epoch  13 | iteration  1000 | Loss 0.356955 | Acc 93.12% | WER 20.84%
epoch  13 | iteration  1020 | Loss 0.272112 | Acc 94.17% | WER 18.76%
epoch  13 | iteration  1040 | Loss 0.504410 | Acc 90.21% | WER 30.76%
epoch  13 | iteration  1060 | Loss 0.306094 | Acc 95.00% | WER 17.18%
epoch  13 | iteration  1080 | Loss 0.399741 | Acc 92.92% | WER 19.43%
epoch  13 | iteration  1100 | Loss 0.283166 | Acc 94.79% | WER 16.66%
epoch  13 | iteration  1120 | Loss 0.257625 | Acc 95.00% | WER 15.13%
epoch  13 | iteration  1140 | Loss 0.291527 | Acc 93.96% | WER 19.58%
epoch  13 | iteration  1160 | Loss 0.361774 | Acc 93.75% | WER 21.07%
Average Training Loss of Epoch 13: 0.333013 | Acc: 93.92% | WER 18.63%
Average Validation Loss of Epoch 13: 5.593449 | Acc: 62.32% | WER: 207.46% | BLEU-4: 1.00
Average test Loss of Epoch 13: 7.819365 | Acc: 56.60% | WER: 115.52% | BLEU-4: 0.00
