Logging to file...
Dataset samples: 19003
######################Training Started######################
epoch   1 | iteration    20 | Loss 3.610340 | Acc 60.83% | WER 100.00%
epoch   1 | iteration    40 | Loss 2.787147 | Acc 64.17% | WER 91.41%
epoch   1 | iteration    60 | Loss 2.254680 | Acc 70.00% | WER 93.09%
epoch   1 | iteration    80 | Loss 2.437401 | Acc 67.92% | WER 88.53%
epoch   1 | iteration   100 | Loss 2.116678 | Acc 70.83% | WER 93.65%
epoch   1 | iteration   120 | Loss 2.734974 | Acc 61.04% | WER 91.56%
epoch   1 | iteration   140 | Loss 2.042678 | Acc 71.88% | WER 89.53%
epoch   1 | iteration   160 | Loss 2.659545 | Acc 65.62% | WER 88.26%
epoch   1 | iteration   180 | Loss 2.398808 | Acc 66.67% | WER 91.14%
epoch   1 | iteration   200 | Loss 2.759964 | Acc 62.71% | WER 89.30%
epoch   1 | iteration   220 | Loss 2.500352 | Acc 66.67% | WER 88.03%
epoch   1 | iteration   240 | Loss 2.403649 | Acc 69.17% | WER 88.92%
epoch   1 | iteration   260 | Loss 2.464641 | Acc 67.08% | WER 89.10%
epoch   1 | iteration   280 | Loss 2.502000 | Acc 68.12% | WER 86.42%
epoch   1 | iteration   300 | Loss 2.292568 | Acc 69.58% | WER 85.55%
epoch   1 | iteration   320 | Loss 2.166782 | Acc 71.67% | WER 86.40%
epoch   1 | iteration   340 | Loss 2.231780 | Acc 68.12% | WER 87.87%
epoch   1 | iteration   360 | Loss 2.196987 | Acc 69.58% | WER 89.40%
epoch   1 | iteration   380 | Loss 2.072278 | Acc 70.62% | WER 87.85%
epoch   1 | iteration   400 | Loss 2.248952 | Acc 68.75% | WER 86.11%
epoch   1 | iteration   420 | Loss 2.096025 | Acc 71.04% | WER 84.61%
epoch   1 | iteration   440 | Loss 2.815578 | Acc 61.46% | WER 90.70%
epoch   1 | iteration   460 | Loss 2.450964 | Acc 66.88% | WER 88.49%
epoch   1 | iteration   480 | Loss 2.515649 | Acc 66.88% | WER 88.40%
epoch   1 | iteration   500 | Loss 1.881930 | Acc 73.54% | WER 87.30%
epoch   1 | iteration   520 | Loss 2.287365 | Acc 68.75% | WER 84.03%
epoch   1 | iteration   540 | Loss 1.886555 | Acc 73.12% | WER 79.27%
epoch   1 | iteration   560 | Loss 2.698534 | Acc 62.29% | WER 86.89%
epoch   1 | iteration   580 | Loss 2.140411 | Acc 71.67% | WER 84.67%
epoch   1 | iteration   600 | Loss 2.154598 | Acc 71.04% | WER 86.47%
epoch   1 | iteration   620 | Loss 2.400096 | Acc 67.71% | WER 86.47%
epoch   1 | iteration   640 | Loss 2.027473 | Acc 70.21% | WER 85.53%
epoch   1 | iteration   660 | Loss 2.354089 | Acc 65.83% | WER 85.65%
epoch   1 | iteration   680 | Loss 2.021798 | Acc 71.88% | WER 81.34%
epoch   1 | iteration   700 | Loss 2.168567 | Acc 68.96% | WER 81.51%
epoch   1 | iteration   720 | Loss 2.087348 | Acc 71.25% | WER 85.75%
epoch   1 | iteration   740 | Loss 2.208443 | Acc 70.21% | WER 85.76%
epoch   1 | iteration   760 | Loss 1.926453 | Acc 73.54% | WER 82.75%
epoch   1 | iteration   780 | Loss 2.151454 | Acc 69.38% | WER 88.06%
epoch   1 | iteration   800 | Loss 2.333552 | Acc 67.29% | WER 87.15%
epoch   1 | iteration   820 | Loss 2.426037 | Acc 65.62% | WER 86.41%
epoch   1 | iteration   840 | Loss 1.983292 | Acc 71.46% | WER 83.10%
epoch   1 | iteration   860 | Loss 2.003567 | Acc 71.67% | WER 80.34%
epoch   1 | iteration   880 | Loss 2.396028 | Acc 67.08% | WER 81.63%
epoch   1 | iteration   900 | Loss 2.405595 | Acc 64.38% | WER 87.64%
epoch   1 | iteration   920 | Loss 1.880125 | Acc 72.50% | WER 81.76%
epoch   1 | iteration   940 | Loss 1.820395 | Acc 73.54% | WER 81.94%
epoch   1 | iteration   960 | Loss 2.247735 | Acc 67.71% | WER 79.69%
epoch   1 | iteration   980 | Loss 2.129962 | Acc 69.79% | WER 83.81%
epoch   1 | iteration  1000 | Loss 2.202369 | Acc 68.96% | WER 82.51%
epoch   1 | iteration  1020 | Loss 1.890377 | Acc 73.33% | WER 82.90%
epoch   1 | iteration  1040 | Loss 2.275713 | Acc 66.88% | WER 83.97%
epoch   1 | iteration  1060 | Loss 1.736240 | Acc 75.83% | WER 73.54%
epoch   1 | iteration  1080 | Loss 2.421301 | Acc 66.88% | WER 81.25%
epoch   1 | iteration  1100 | Loss 1.773005 | Acc 74.38% | WER 83.21%
epoch   1 | iteration  1120 | Loss 2.053422 | Acc 70.42% | WER 79.58%
epoch   1 | iteration  1140 | Loss 1.925275 | Acc 73.12% | WER 79.11%
epoch   1 | iteration  1160 | Loss 2.311171 | Acc 66.88% | WER 83.73%
Average Training Loss of Epoch 1: 2.251529 | Acc: 69.29% | WER 85.77%
Average Validation Loss of Epoch 1: 2.351651 | Acc: 67.10% | WER: 171.33% | BLEU-4: 0.00
Average test Loss of Epoch 1: 3.906127 | Acc: 56.48% | WER: 119.57% | BLEU-4: 0.00
####################Epoch 1 Model Saved#####################
epoch   2 | iteration    20 | Loss 1.662639 | Acc 75.42% | WER 77.97%
epoch   2 | iteration    40 | Loss 2.046088 | Acc 69.79% | WER 79.87%
epoch   2 | iteration    60 | Loss 1.877313 | Acc 71.88% | WER 79.28%
epoch   2 | iteration    80 | Loss 1.886873 | Acc 71.88% | WER 77.34%
epoch   2 | iteration   100 | Loss 1.882301 | Acc 71.67% | WER 75.77%
epoch   2 | iteration   120 | Loss 2.076401 | Acc 69.17% | WER 79.66%
epoch   2 | iteration   140 | Loss 1.773637 | Acc 74.17% | WER 74.24%
epoch   2 | iteration   160 | Loss 1.643750 | Acc 76.67% | WER 75.42%
epoch   2 | iteration   180 | Loss 1.727816 | Acc 73.96% | WER 75.94%
epoch   2 | iteration   200 | Loss 2.289666 | Acc 67.08% | WER 80.17%
epoch   2 | iteration   220 | Loss 1.646330 | Acc 74.17% | WER 76.32%
epoch   2 | iteration   240 | Loss 2.105335 | Acc 69.38% | WER 77.67%
epoch   2 | iteration   260 | Loss 2.103374 | Acc 67.71% | WER 76.95%
epoch   2 | iteration   280 | Loss 2.174194 | Acc 66.46% | WER 77.17%
epoch   2 | iteration   300 | Loss 1.478977 | Acc 77.50% | WER 76.85%
epoch   2 | iteration   320 | Loss 1.615274 | Acc 74.79% | WER 73.46%
epoch   2 | iteration   340 | Loss 1.510360 | Acc 77.71% | WER 75.63%
epoch   2 | iteration   360 | Loss 1.988249 | Acc 69.38% | WER 75.45%
epoch   2 | iteration   380 | Loss 1.375370 | Acc 79.58% | WER 69.78%
epoch   2 | iteration   400 | Loss 1.779599 | Acc 73.75% | WER 78.64%
epoch   2 | iteration   420 | Loss 1.726337 | Acc 74.17% | WER 75.55%
epoch   2 | iteration   440 | Loss 2.248927 | Acc 66.46% | WER 77.12%
epoch   2 | iteration   460 | Loss 1.642162 | Acc 74.79% | WER 73.44%
epoch   2 | iteration   480 | Loss 1.626850 | Acc 74.38% | WER 77.45%
epoch   2 | iteration   500 | Loss 1.678634 | Acc 74.17% | WER 75.69%
epoch   2 | iteration   520 | Loss 1.793522 | Acc 71.67% | WER 72.25%
epoch   2 | iteration   540 | Loss 1.756708 | Acc 71.67% | WER 77.34%
epoch   2 | iteration   560 | Loss 1.742096 | Acc 74.38% | WER 75.39%
epoch   2 | iteration   580 | Loss 1.964310 | Acc 70.62% | WER 75.52%
epoch   2 | iteration   600 | Loss 1.612210 | Acc 75.83% | WER 71.22%
epoch   2 | iteration   620 | Loss 1.694384 | Acc 72.92% | WER 75.89%
epoch   2 | iteration   640 | Loss 1.497313 | Acc 77.92% | WER 66.37%
epoch   2 | iteration   660 | Loss 1.872210 | Acc 72.50% | WER 72.78%
epoch   2 | iteration   680 | Loss 1.955805 | Acc 68.96% | WER 77.57%
epoch   2 | iteration   700 | Loss 1.489396 | Acc 76.46% | WER 73.67%
epoch   2 | iteration   720 | Loss 1.544490 | Acc 76.04% | WER 71.21%
epoch   2 | iteration   740 | Loss 1.579984 | Acc 77.29% | WER 70.10%
epoch   2 | iteration   760 | Loss 1.603546 | Acc 75.83% | WER 74.31%
epoch   2 | iteration   780 | Loss 1.616788 | Acc 73.96% | WER 67.98%
epoch   2 | iteration   800 | Loss 1.404727 | Acc 78.54% | WER 68.56%
epoch   2 | iteration   820 | Loss 1.685031 | Acc 75.00% | WER 69.97%
epoch   2 | iteration   840 | Loss 1.530873 | Acc 76.25% | WER 67.31%
epoch   2 | iteration   860 | Loss 1.727400 | Acc 72.50% | WER 74.17%
epoch   2 | iteration   880 | Loss 1.615950 | Acc 74.79% | WER 71.32%
epoch   2 | iteration   900 | Loss 1.847560 | Acc 72.50% | WER 74.72%
epoch   2 | iteration   920 | Loss 1.285140 | Acc 79.58% | WER 62.46%
epoch   2 | iteration   940 | Loss 1.340869 | Acc 79.17% | WER 66.94%
epoch   2 | iteration   960 | Loss 1.854905 | Acc 70.62% | WER 81.12%
epoch   2 | iteration   980 | Loss 1.533360 | Acc 75.83% | WER 73.49%
epoch   2 | iteration  1000 | Loss 1.877520 | Acc 71.46% | WER 70.10%
epoch   2 | iteration  1020 | Loss 1.764816 | Acc 72.71% | WER 66.65%
epoch   2 | iteration  1040 | Loss 1.584583 | Acc 73.75% | WER 64.90%
epoch   2 | iteration  1060 | Loss 1.700388 | Acc 73.33% | WER 68.25%
epoch   2 | iteration  1080 | Loss 1.357243 | Acc 77.50% | WER 74.92%
epoch   2 | iteration  1100 | Loss 1.420314 | Acc 75.42% | WER 63.77%
epoch   2 | iteration  1120 | Loss 1.659043 | Acc 75.83% | WER 67.97%
epoch   2 | iteration  1140 | Loss 1.495138 | Acc 77.29% | WER 67.10%
epoch   2 | iteration  1160 | Loss 1.247613 | Acc 78.96% | WER 66.49%
Average Training Loss of Epoch 2: 1.707291 | Acc: 73.99% | WER 72.92%
Average Validation Loss of Epoch 2: 3.532228 | Acc: 52.47% | WER: 245.07% | BLEU-4: 0.00
Average test Loss of Epoch 2: 6.267824 | Acc: 19.55% | WER: 233.28% | BLEU-4: 0.00
####################Epoch 2 Model Saved#####################
epoch   3 | iteration    20 | Loss 1.317950 | Acc 79.17% | WER 59.05%
epoch   3 | iteration    40 | Loss 1.417625 | Acc 79.38% | WER 58.47%
epoch   3 | iteration    60 | Loss 1.374665 | Acc 77.29% | WER 65.51%
epoch   3 | iteration    80 | Loss 1.234956 | Acc 78.96% | WER 58.80%
epoch   3 | iteration   100 | Loss 1.669782 | Acc 74.38% | WER 56.86%
epoch   3 | iteration   120 | Loss 1.327197 | Acc 77.29% | WER 62.49%
epoch   3 | iteration   140 | Loss 1.363624 | Acc 77.92% | WER 62.78%
epoch   3 | iteration   160 | Loss 1.632362 | Acc 73.54% | WER 67.16%
epoch   3 | iteration   180 | Loss 1.528086 | Acc 76.04% | WER 66.27%
epoch   3 | iteration   200 | Loss 1.365952 | Acc 79.38% | WER 54.56%
epoch   3 | iteration   220 | Loss 1.073469 | Acc 83.54% | WER 51.16%
epoch   3 | iteration   240 | Loss 1.484736 | Acc 75.42% | WER 59.24%
epoch   3 | iteration   260 | Loss 1.213876 | Acc 80.21% | WER 56.95%
epoch   3 | iteration   280 | Loss 1.255625 | Acc 79.58% | WER 52.66%
epoch   3 | iteration   300 | Loss 1.120995 | Acc 82.92% | WER 48.84%
epoch   3 | iteration   320 | Loss 1.162679 | Acc 82.71% | WER 44.77%
epoch   3 | iteration   340 | Loss 1.622455 | Acc 75.62% | WER 62.98%
epoch   3 | iteration   360 | Loss 1.145271 | Acc 82.29% | WER 51.79%
epoch   3 | iteration   380 | Loss 1.451771 | Acc 78.33% | WER 53.82%
epoch   3 | iteration   400 | Loss 1.496159 | Acc 77.29% | WER 59.78%
epoch   3 | iteration   420 | Loss 1.439520 | Acc 77.50% | WER 56.85%
epoch   3 | iteration   440 | Loss 1.454257 | Acc 78.54% | WER 61.91%
epoch   3 | iteration   460 | Loss 1.326663 | Acc 79.58% | WER 57.66%
epoch   3 | iteration   480 | Loss 1.208468 | Acc 81.67% | WER 60.03%
epoch   3 | iteration   500 | Loss 1.441544 | Acc 78.54% | WER 59.28%
epoch   3 | iteration   520 | Loss 1.338189 | Acc 78.75% | WER 63.87%
epoch   3 | iteration   540 | Loss 1.132055 | Acc 84.79% | WER 44.47%
epoch   3 | iteration   560 | Loss 1.119381 | Acc 82.92% | WER 45.14%
epoch   3 | iteration   580 | Loss 1.057193 | Acc 83.54% | WER 55.04%
epoch   3 | iteration   600 | Loss 1.237133 | Acc 82.29% | WER 48.03%
epoch   3 | iteration   620 | Loss 1.010260 | Acc 85.00% | WER 51.21%
epoch   3 | iteration   640 | Loss 1.351281 | Acc 79.79% | WER 54.52%
epoch   3 | iteration   660 | Loss 1.028330 | Acc 84.38% | WER 49.37%
epoch   3 | iteration   680 | Loss 1.232730 | Acc 80.42% | WER 47.77%
epoch   3 | iteration   700 | Loss 1.302090 | Acc 78.12% | WER 67.02%
epoch   3 | iteration   720 | Loss 1.153620 | Acc 82.29% | WER 42.71%
epoch   3 | iteration   740 | Loss 1.310883 | Acc 79.58% | WER 57.17%
epoch   3 | iteration   760 | Loss 1.185364 | Acc 82.08% | WER 50.16%
epoch   3 | iteration   780 | Loss 0.914794 | Acc 87.71% | WER 38.78%
epoch   3 | iteration   800 | Loss 1.185780 | Acc 80.62% | WER 54.69%
epoch   3 | iteration   820 | Loss 1.044842 | Acc 84.38% | WER 47.86%
epoch   3 | iteration   840 | Loss 0.849092 | Acc 87.92% | WER 36.03%
epoch   3 | iteration   860 | Loss 1.543270 | Acc 75.83% | WER 59.26%
epoch   3 | iteration   880 | Loss 1.056248 | Acc 83.75% | WER 49.12%
epoch   3 | iteration   900 | Loss 1.214797 | Acc 82.71% | WER 42.95%
epoch   3 | iteration   920 | Loss 1.021344 | Acc 85.83% | WER 42.91%
epoch   3 | iteration   940 | Loss 1.055814 | Acc 83.12% | WER 50.65%
epoch   3 | iteration   960 | Loss 1.364891 | Acc 80.42% | WER 53.54%
epoch   3 | iteration   980 | Loss 1.422768 | Acc 79.17% | WER 53.95%
epoch   3 | iteration  1000 | Loss 1.067575 | Acc 85.62% | WER 42.60%
epoch   3 | iteration  1020 | Loss 1.252210 | Acc 80.21% | WER 62.30%
epoch   3 | iteration  1040 | Loss 1.132195 | Acc 82.08% | WER 53.29%
epoch   3 | iteration  1060 | Loss 1.289807 | Acc 79.79% | WER 54.89%
epoch   3 | iteration  1080 | Loss 1.044535 | Acc 84.58% | WER 39.73%
epoch   3 | iteration  1100 | Loss 0.858790 | Acc 85.42% | WER 46.81%
epoch   3 | iteration  1120 | Loss 1.137470 | Acc 81.88% | WER 47.17%
epoch   3 | iteration  1140 | Loss 0.860959 | Acc 88.33% | WER 39.16%
epoch   3 | iteration  1160 | Loss 1.063769 | Acc 83.75% | WER 45.79%
Average Training Loss of Epoch 3: 1.226372 | Acc: 81.05% | WER 53.59%
Average Validation Loss of Epoch 3: 2.881520 | Acc: 67.80% | WER: 157.48% | BLEU-4: 0.00
Average test Loss of Epoch 3: 4.597413 | Acc: 57.32% | WER: 113.90% | BLEU-4: 0.00
####################Epoch 3 Model Saved#####################
epoch   4 | iteration    20 | Loss 0.700476 | Acc 90.42% | WER 30.82%
epoch   4 | iteration    40 | Loss 1.064462 | Acc 83.75% | WER 38.71%
epoch   4 | iteration    60 | Loss 0.833385 | Acc 88.54% | WER 30.23%
epoch   4 | iteration    80 | Loss 1.193073 | Acc 79.79% | WER 67.07%
epoch   4 | iteration   100 | Loss 1.004685 | Acc 84.58% | WER 48.98%
epoch   4 | iteration   120 | Loss 1.023395 | Acc 85.83% | WER 37.90%
epoch   4 | iteration   140 | Loss 1.203301 | Acc 79.58% | WER 55.66%
epoch   4 | iteration   160 | Loss 0.798867 | Acc 87.50% | WER 37.49%
epoch   4 | iteration   180 | Loss 0.607091 | Acc 91.67% | WER 34.49%
epoch   4 | iteration   200 | Loss 0.813893 | Acc 88.12% | WER 32.36%
epoch   4 | iteration   220 | Loss 0.817683 | Acc 87.50% | WER 38.14%
epoch   4 | iteration   240 | Loss 0.809521 | Acc 87.92% | WER 32.73%
epoch   4 | iteration   260 | Loss 1.071536 | Acc 82.71% | WER 49.55%
epoch   4 | iteration   280 | Loss 0.887818 | Acc 85.83% | WER 47.13%
epoch   4 | iteration   300 | Loss 0.947015 | Acc 86.46% | WER 33.68%
epoch   4 | iteration   320 | Loss 0.948112 | Acc 85.42% | WER 41.61%
epoch   4 | iteration   340 | Loss 1.178281 | Acc 81.04% | WER 45.47%
epoch   4 | iteration   360 | Loss 0.797858 | Acc 87.92% | WER 33.79%
epoch   4 | iteration   380 | Loss 0.874501 | Acc 87.08% | WER 31.04%
epoch   4 | iteration   400 | Loss 0.797778 | Acc 87.71% | WER 39.28%
epoch   4 | iteration   420 | Loss 1.070256 | Acc 82.50% | WER 43.64%
epoch   4 | iteration   440 | Loss 1.083050 | Acc 83.12% | WER 46.48%
epoch   4 | iteration   460 | Loss 0.812478 | Acc 88.12% | WER 31.39%
epoch   4 | iteration   480 | Loss 0.838829 | Acc 87.50% | WER 33.03%
epoch   4 | iteration   500 | Loss 1.043762 | Acc 83.54% | WER 42.22%
epoch   4 | iteration   520 | Loss 1.017657 | Acc 83.75% | WER 46.27%
epoch   4 | iteration   540 | Loss 0.794903 | Acc 87.50% | WER 41.95%
epoch   4 | iteration   560 | Loss 0.645765 | Acc 90.00% | WER 30.12%
epoch   4 | iteration   580 | Loss 1.025899 | Acc 83.75% | WER 47.11%
epoch   4 | iteration   600 | Loss 0.882575 | Acc 85.42% | WER 36.76%
epoch   4 | iteration   620 | Loss 0.962454 | Acc 83.75% | WER 50.26%
epoch   4 | iteration   640 | Loss 0.804535 | Acc 87.29% | WER 33.46%
epoch   4 | iteration   660 | Loss 1.050999 | Acc 83.12% | WER 40.03%
epoch   4 | iteration   680 | Loss 0.841608 | Acc 86.67% | WER 38.87%
epoch   4 | iteration   700 | Loss 0.944055 | Acc 85.83% | WER 31.61%
epoch   4 | iteration   720 | Loss 0.862500 | Acc 87.50% | WER 34.69%
epoch   4 | iteration   740 | Loss 0.855394 | Acc 86.88% | WER 36.76%
epoch   4 | iteration   760 | Loss 0.921160 | Acc 85.62% | WER 39.31%
epoch   4 | iteration   780 | Loss 0.766555 | Acc 88.12% | WER 39.21%
epoch   4 | iteration   800 | Loss 0.814148 | Acc 85.00% | WER 45.27%
epoch   4 | iteration   820 | Loss 0.712845 | Acc 88.96% | WER 35.35%
epoch   4 | iteration   840 | Loss 0.695698 | Acc 89.58% | WER 29.60%
epoch   4 | iteration   860 | Loss 1.030009 | Acc 83.33% | WER 51.59%
epoch   4 | iteration   880 | Loss 0.567357 | Acc 90.83% | WER 26.24%
epoch   4 | iteration   900 | Loss 0.584656 | Acc 91.67% | WER 27.54%
epoch   4 | iteration   920 | Loss 0.740960 | Acc 89.58% | WER 30.25%
epoch   4 | iteration   940 | Loss 1.035509 | Acc 83.96% | WER 43.13%
epoch   4 | iteration   960 | Loss 0.644129 | Acc 90.00% | WER 26.29%
epoch   4 | iteration   980 | Loss 0.867946 | Acc 88.12% | WER 33.95%
epoch   4 | iteration  1000 | Loss 0.737474 | Acc 87.92% | WER 35.47%
epoch   4 | iteration  1020 | Loss 0.597005 | Acc 90.83% | WER 31.33%
epoch   4 | iteration  1040 | Loss 0.829202 | Acc 87.08% | WER 38.18%
epoch   4 | iteration  1060 | Loss 0.655707 | Acc 89.79% | WER 34.98%
epoch   4 | iteration  1080 | Loss 1.087734 | Acc 82.50% | WER 43.26%
epoch   4 | iteration  1100 | Loss 0.712264 | Acc 86.88% | WER 40.66%
epoch   4 | iteration  1120 | Loss 1.025945 | Acc 82.71% | WER 50.43%
epoch   4 | iteration  1140 | Loss 0.643594 | Acc 89.38% | WER 37.38%
epoch   4 | iteration  1160 | Loss 0.854514 | Acc 86.46% | WER 37.20%
Average Training Loss of Epoch 4: 0.865499 | Acc: 86.51% | WER 38.70%
Average Validation Loss of Epoch 4: 2.517132 | Acc: 75.72% | WER: 122.86% | BLEU-4: 0.00
Average test Loss of Epoch 4: 4.832926 | Acc: 56.30% | WER: 117.24% | BLEU-4: 0.00
####################Epoch 4 Model Saved#####################
epoch   5 | iteration    20 | Loss 0.690787 | Acc 89.58% | WER 29.03%
epoch   5 | iteration    40 | Loss 0.845207 | Acc 85.83% | WER 39.26%
epoch   5 | iteration    60 | Loss 0.540689 | Acc 92.08% | WER 26.17%
epoch   5 | iteration    80 | Loss 0.649430 | Acc 87.50% | WER 34.60%
epoch   5 | iteration   100 | Loss 0.636192 | Acc 90.62% | WER 26.76%
epoch   5 | iteration   120 | Loss 0.555217 | Acc 92.71% | WER 23.43%
epoch   5 | iteration   140 | Loss 0.521907 | Acc 91.04% | WER 26.21%
epoch   5 | iteration   160 | Loss 0.842462 | Acc 85.83% | WER 35.52%
epoch   5 | iteration   180 | Loss 0.649379 | Acc 90.21% | WER 31.44%
epoch   5 | iteration   200 | Loss 0.787848 | Acc 86.46% | WER 36.62%
epoch   5 | iteration   220 | Loss 0.738418 | Acc 88.75% | WER 32.65%
epoch   5 | iteration   240 | Loss 0.710116 | Acc 88.12% | WER 40.06%
epoch   5 | iteration   260 | Loss 0.833543 | Acc 86.04% | WER 43.09%
epoch   5 | iteration   280 | Loss 0.616886 | Acc 90.42% | WER 32.98%
epoch   5 | iteration   300 | Loss 0.705783 | Acc 88.33% | WER 27.36%
epoch   5 | iteration   320 | Loss 0.814251 | Acc 85.21% | WER 43.31%
epoch   5 | iteration   340 | Loss 0.733428 | Acc 88.33% | WER 32.64%
epoch   5 | iteration   360 | Loss 0.704946 | Acc 87.71% | WER 37.73%
epoch   5 | iteration   380 | Loss 0.625897 | Acc 90.62% | WER 24.68%
epoch   5 | iteration   400 | Loss 0.731937 | Acc 87.29% | WER 33.55%
epoch   5 | iteration   420 | Loss 0.700432 | Acc 87.92% | WER 38.93%
epoch   5 | iteration   440 | Loss 0.803898 | Acc 86.88% | WER 35.68%
epoch   5 | iteration   460 | Loss 0.469525 | Acc 92.71% | WER 21.10%
epoch   5 | iteration   480 | Loss 0.586162 | Acc 90.83% | WER 31.48%
epoch   5 | iteration   500 | Loss 0.795286 | Acc 87.71% | WER 28.22%
epoch   5 | iteration   520 | Loss 0.617167 | Acc 89.58% | WER 31.03%
epoch   5 | iteration   540 | Loss 0.724369 | Acc 89.17% | WER 25.38%
epoch   5 | iteration   560 | Loss 0.866477 | Acc 84.38% | WER 50.88%
epoch   5 | iteration   580 | Loss 0.758937 | Acc 86.04% | WER 37.20%
epoch   5 | iteration   600 | Loss 0.728161 | Acc 87.08% | WER 38.14%
epoch   5 | iteration   620 | Loss 0.614340 | Acc 90.83% | WER 27.50%
epoch   5 | iteration   640 | Loss 0.476577 | Acc 92.50% | WER 20.05%
epoch   5 | iteration   660 | Loss 0.646654 | Acc 89.17% | WER 30.71%
epoch   5 | iteration   680 | Loss 0.745744 | Acc 87.92% | WER 31.38%
epoch   5 | iteration   700 | Loss 0.690394 | Acc 89.17% | WER 32.56%
epoch   5 | iteration   720 | Loss 0.593888 | Acc 90.42% | WER 23.67%
epoch   5 | iteration   740 | Loss 0.744244 | Acc 87.50% | WER 33.51%
epoch   5 | iteration   760 | Loss 0.766103 | Acc 87.92% | WER 29.79%
epoch   5 | iteration   780 | Loss 0.487203 | Acc 92.50% | WER 24.13%
epoch   5 | iteration   800 | Loss 0.667600 | Acc 90.21% | WER 20.98%
epoch   5 | iteration   820 | Loss 0.630132 | Acc 90.21% | WER 30.70%
epoch   5 | iteration   840 | Loss 0.756238 | Acc 88.12% | WER 29.42%
epoch   5 | iteration   860 | Loss 0.552450 | Acc 91.04% | WER 25.54%
epoch   5 | iteration   880 | Loss 0.599254 | Acc 90.21% | WER 35.78%
epoch   5 | iteration   900 | Loss 0.506516 | Acc 91.46% | WER 30.15%
epoch   5 | iteration   920 | Loss 0.698455 | Acc 87.71% | WER 41.02%
epoch   5 | iteration   940 | Loss 0.697500 | Acc 88.96% | WER 33.97%
epoch   5 | iteration   960 | Loss 0.472208 | Acc 92.29% | WER 27.83%
epoch   5 | iteration   980 | Loss 0.514470 | Acc 91.04% | WER 27.03%
epoch   5 | iteration  1000 | Loss 0.440481 | Acc 92.29% | WER 26.93%
epoch   5 | iteration  1020 | Loss 0.692814 | Acc 87.92% | WER 34.41%
epoch   5 | iteration  1040 | Loss 0.646206 | Acc 88.75% | WER 31.22%
epoch   5 | iteration  1060 | Loss 0.512506 | Acc 90.83% | WER 25.23%
epoch   5 | iteration  1080 | Loss 0.658846 | Acc 89.17% | WER 31.56%
epoch   5 | iteration  1100 | Loss 0.455758 | Acc 91.88% | WER 29.75%
epoch   5 | iteration  1120 | Loss 0.647519 | Acc 88.12% | WER 36.07%
epoch   5 | iteration  1140 | Loss 0.728793 | Acc 87.29% | WER 41.50%
epoch   5 | iteration  1160 | Loss 0.522346 | Acc 91.67% | WER 20.97%
Average Training Loss of Epoch 5: 0.646614 | Acc: 89.39% | WER 30.93%
Average Validation Loss of Epoch 5: 3.448424 | Acc: 66.38% | WER: 173.30% | BLEU-4: 0.00
Average test Loss of Epoch 5: 5.572253 | Acc: 55.32% | WER: 120.92% | BLEU-4: 0.00
####################Epoch 5 Model Saved#####################
epoch   6 | iteration    20 | Loss 0.695582 | Acc 89.58% | WER 26.05%
epoch   6 | iteration    40 | Loss 0.619586 | Acc 89.38% | WER 32.68%
epoch   6 | iteration    60 | Loss 0.698001 | Acc 88.54% | WER 28.07%
epoch   6 | iteration    80 | Loss 0.752493 | Acc 87.92% | WER 30.69%
epoch   6 | iteration   100 | Loss 0.514762 | Acc 91.25% | WER 35.26%
epoch   6 | iteration   120 | Loss 0.549154 | Acc 90.83% | WER 27.24%
epoch   6 | iteration   140 | Loss 0.476372 | Acc 93.12% | WER 17.32%
epoch   6 | iteration   160 | Loss 0.390754 | Acc 93.54% | WER 22.23%
epoch   6 | iteration   180 | Loss 0.628961 | Acc 87.92% | WER 35.61%
epoch   6 | iteration   200 | Loss 0.695880 | Acc 87.92% | WER 41.53%
epoch   6 | iteration   220 | Loss 0.506292 | Acc 91.46% | WER 25.36%
epoch   6 | iteration   240 | Loss 0.433023 | Acc 93.12% | WER 21.42%
epoch   6 | iteration   260 | Loss 0.597125 | Acc 90.00% | WER 29.06%
epoch   6 | iteration   280 | Loss 0.640109 | Acc 89.17% | WER 27.40%
epoch   6 | iteration   300 | Loss 0.561881 | Acc 90.42% | WER 24.11%
epoch   6 | iteration   320 | Loss 0.553331 | Acc 90.42% | WER 30.50%
epoch   6 | iteration   340 | Loss 0.517815 | Acc 90.21% | WER 28.19%
epoch   6 | iteration   360 | Loss 0.486868 | Acc 92.08% | WER 31.24%
epoch   6 | iteration   380 | Loss 0.332844 | Acc 95.42% | WER 12.63%
epoch   6 | iteration   400 | Loss 0.712894 | Acc 87.92% | WER 38.61%
epoch   6 | iteration   420 | Loss 0.562538 | Acc 91.67% | WER 22.12%
epoch   6 | iteration   440 | Loss 0.416508 | Acc 93.54% | WER 18.83%
epoch   6 | iteration   460 | Loss 0.364513 | Acc 95.00% | WER 15.12%
epoch   6 | iteration   480 | Loss 0.477658 | Acc 91.67% | WER 23.17%
epoch   6 | iteration   500 | Loss 0.564116 | Acc 90.83% | WER 23.82%
epoch   6 | iteration   520 | Loss 0.522115 | Acc 90.42% | WER 27.49%
epoch   6 | iteration   540 | Loss 0.481545 | Acc 91.25% | WER 29.48%
epoch   6 | iteration   560 | Loss 0.499238 | Acc 92.50% | WER 21.92%
epoch   6 | iteration   580 | Loss 0.423988 | Acc 94.17% | WER 18.30%
epoch   6 | iteration   600 | Loss 0.599303 | Acc 88.96% | WER 33.84%
epoch   6 | iteration   620 | Loss 0.358782 | Acc 94.38% | WER 20.41%
epoch   6 | iteration   640 | Loss 0.634483 | Acc 90.42% | WER 24.78%
epoch   6 | iteration   660 | Loss 0.649067 | Acc 88.96% | WER 32.64%
epoch   6 | iteration   680 | Loss 0.412121 | Acc 93.75% | WER 23.10%
epoch   6 | iteration   700 | Loss 0.510325 | Acc 91.04% | WER 29.97%
epoch   6 | iteration   720 | Loss 0.712884 | Acc 86.67% | WER 35.00%
epoch   6 | iteration   740 | Loss 0.385227 | Acc 93.75% | WER 16.86%
epoch   6 | iteration   760 | Loss 0.558887 | Acc 89.79% | WER 30.27%
epoch   6 | iteration   780 | Loss 0.542395 | Acc 90.83% | WER 24.32%
epoch   6 | iteration   800 | Loss 0.543690 | Acc 91.67% | WER 23.15%
epoch   6 | iteration   820 | Loss 0.454129 | Acc 92.71% | WER 25.91%
epoch   6 | iteration   840 | Loss 0.549194 | Acc 89.38% | WER 29.71%
epoch   6 | iteration   860 | Loss 0.419515 | Acc 93.12% | WER 20.02%
epoch   6 | iteration   880 | Loss 0.467538 | Acc 92.29% | WER 21.60%
epoch   6 | iteration   900 | Loss 0.626103 | Acc 87.50% | WER 35.20%
epoch   6 | iteration   920 | Loss 0.542973 | Acc 90.83% | WER 33.20%
epoch   6 | iteration   940 | Loss 0.381631 | Acc 93.75% | WER 22.46%
epoch   6 | iteration   960 | Loss 0.342019 | Acc 94.79% | WER 16.05%
epoch   6 | iteration   980 | Loss 0.485731 | Acc 92.29% | WER 22.31%
epoch   6 | iteration  1000 | Loss 0.449058 | Acc 92.92% | WER 19.01%
epoch   6 | iteration  1020 | Loss 0.555105 | Acc 90.83% | WER 24.75%
epoch   6 | iteration  1040 | Loss 0.471350 | Acc 92.71% | WER 22.91%
epoch   6 | iteration  1060 | Loss 0.695122 | Acc 89.17% | WER 26.04%
epoch   6 | iteration  1080 | Loss 0.477261 | Acc 91.88% | WER 22.48%
epoch   6 | iteration  1100 | Loss 0.461858 | Acc 92.50% | WER 24.42%
epoch   6 | iteration  1120 | Loss 0.377953 | Acc 93.75% | WER 20.30%
epoch   6 | iteration  1140 | Loss 0.410315 | Acc 92.92% | WER 22.31%
epoch   6 | iteration  1160 | Loss 0.446479 | Acc 92.92% | WER 21.95%
Average Training Loss of Epoch 6: 0.506002 | Acc: 91.57% | WER 25.12%
Average Validation Loss of Epoch 6: 4.031891 | Acc: 65.10% | WER: 166.63% | BLEU-4: 0.00
Average test Loss of Epoch 6: 5.537834 | Acc: 54.02% | WER: 124.80% | BLEU-4: 0.00
####################Epoch 6 Model Saved#####################
epoch   7 | iteration    20 | Loss 0.534769 | Acc 91.25% | WER 28.58%
epoch   7 | iteration    40 | Loss 0.402575 | Acc 93.12% | WER 22.01%
epoch   7 | iteration    60 | Loss 0.372842 | Acc 94.38% | WER 17.18%
epoch   7 | iteration    80 | Loss 0.436407 | Acc 92.50% | WER 24.13%
epoch   7 | iteration   100 | Loss 0.475344 | Acc 90.83% | WER 24.12%
epoch   7 | iteration   120 | Loss 0.399494 | Acc 93.12% | WER 23.06%
epoch   7 | iteration   140 | Loss 0.420646 | Acc 92.92% | WER 20.56%
epoch   7 | iteration   160 | Loss 0.480441 | Acc 91.25% | WER 24.29%
epoch   7 | iteration   180 | Loss 0.442214 | Acc 92.71% | WER 20.41%
epoch   7 | iteration   200 | Loss 0.431532 | Acc 93.12% | WER 21.07%
epoch   7 | iteration   220 | Loss 0.463229 | Acc 92.08% | WER 22.96%
epoch   7 | iteration   240 | Loss 0.379444 | Acc 93.33% | WER 19.63%
epoch   7 | iteration   260 | Loss 0.358056 | Acc 94.17% | WER 18.49%
epoch   7 | iteration   280 | Loss 0.366856 | Acc 93.75% | WER 18.34%
epoch   7 | iteration   300 | Loss 0.387558 | Acc 93.75% | WER 18.69%
epoch   7 | iteration   320 | Loss 0.395731 | Acc 93.54% | WER 20.74%
epoch   7 | iteration   340 | Loss 0.387862 | Acc 93.96% | WER 19.63%
epoch   7 | iteration   360 | Loss 0.348769 | Acc 94.38% | WER 16.28%
epoch   7 | iteration   380 | Loss 0.414316 | Acc 93.12% | WER 19.97%
epoch   7 | iteration   400 | Loss 0.409415 | Acc 93.33% | WER 19.42%
epoch   7 | iteration   420 | Loss 0.407439 | Acc 93.12% | WER 20.57%
epoch   7 | iteration   440 | Loss 0.444302 | Acc 92.71% | WER 24.10%
epoch   7 | iteration   460 | Loss 0.395827 | Acc 93.33% | WER 19.62%
epoch   7 | iteration   480 | Loss 0.362513 | Acc 93.96% | WER 19.37%
epoch   7 | iteration   500 | Loss 0.387022 | Acc 93.33% | WER 23.08%
epoch   7 | iteration   520 | Loss 0.344960 | Acc 93.96% | WER 18.59%
epoch   7 | iteration   540 | Loss 0.345425 | Acc 94.79% | WER 16.71%
epoch   7 | iteration   560 | Loss 0.620574 | Acc 87.92% | WER 34.55%
epoch   7 | iteration   580 | Loss 0.522354 | Acc 91.46% | WER 24.62%
epoch   7 | iteration   600 | Loss 0.419342 | Acc 92.71% | WER 23.31%
epoch   7 | iteration   620 | Loss 0.391967 | Acc 93.33% | WER 19.41%
epoch   7 | iteration   640 | Loss 0.522579 | Acc 91.67% | WER 24.04%
epoch   7 | iteration   660 | Loss 0.368801 | Acc 94.17% | WER 17.26%
epoch   7 | iteration   680 | Loss 0.426004 | Acc 92.29% | WER 21.83%
epoch   7 | iteration   700 | Loss 0.311100 | Acc 94.79% | WER 17.69%
epoch   7 | iteration   720 | Loss 0.448948 | Acc 92.08% | WER 19.63%
epoch   7 | iteration   740 | Loss 0.553430 | Acc 90.00% | WER 26.70%
epoch   7 | iteration   760 | Loss 0.378899 | Acc 93.54% | WER 23.84%
epoch   7 | iteration   780 | Loss 0.464904 | Acc 93.12% | WER 20.01%
epoch   7 | iteration   800 | Loss 0.364926 | Acc 94.38% | WER 16.22%
epoch   7 | iteration   820 | Loss 0.388655 | Acc 92.92% | WER 20.82%
epoch   7 | iteration   840 | Loss 0.434655 | Acc 93.12% | WER 20.45%
epoch   7 | iteration   860 | Loss 0.317085 | Acc 95.62% | WER 17.63%
epoch   7 | iteration   880 | Loss 0.393847 | Acc 93.96% | WER 17.54%
epoch   7 | iteration   900 | Loss 0.460808 | Acc 91.25% | WER 26.88%
epoch   7 | iteration   920 | Loss 0.498746 | Acc 91.67% | WER 26.81%
epoch   7 | iteration   940 | Loss 0.355236 | Acc 94.38% | WER 16.85%
epoch   7 | iteration   960 | Loss 0.438575 | Acc 91.88% | WER 23.92%
epoch   7 | iteration   980 | Loss 0.450111 | Acc 91.88% | WER 24.11%
epoch   7 | iteration  1000 | Loss 0.541799 | Acc 91.67% | WER 26.26%
epoch   7 | iteration  1020 | Loss 0.526554 | Acc 91.46% | WER 21.55%
epoch   7 | iteration  1040 | Loss 0.475155 | Acc 91.04% | WER 21.53%
epoch   7 | iteration  1060 | Loss 0.444112 | Acc 92.50% | WER 24.56%
epoch   7 | iteration  1080 | Loss 0.385025 | Acc 93.75% | WER 22.14%
epoch   7 | iteration  1100 | Loss 0.409367 | Acc 93.12% | WER 18.02%
epoch   7 | iteration  1120 | Loss 0.337165 | Acc 93.75% | WER 22.24%
epoch   7 | iteration  1140 | Loss 0.385564 | Acc 93.12% | WER 21.85%
epoch   7 | iteration  1160 | Loss 0.471754 | Acc 92.08% | WER 26.03%
Average Training Loss of Epoch 7: 0.418511 | Acc: 92.92% | WER 21.45%
Average Validation Loss of Epoch 7: 4.791316 | Acc: 65.00% | WER: 169.87% | BLEU-4: 0.00
Average test Loss of Epoch 7: 6.422103 | Acc: 58.28% | WER: 111.81% | BLEU-4: 0.00
####################Epoch 7 Model Saved#####################
epoch   8 | iteration    20 | Loss 0.294627 | Acc 94.38% | WER 19.62%
epoch   8 | iteration    40 | Loss 0.407425 | Acc 92.08% | WER 24.35%
epoch   8 | iteration    60 | Loss 0.308957 | Acc 94.79% | WER 18.10%
epoch   8 | iteration    80 | Loss 0.356883 | Acc 93.75% | WER 20.52%
epoch   8 | iteration   100 | Loss 0.337509 | Acc 93.75% | WER 19.33%
epoch   8 | iteration   120 | Loss 0.435385 | Acc 91.67% | WER 26.21%
epoch   8 | iteration   140 | Loss 0.405975 | Acc 93.75% | WER 20.96%
epoch   8 | iteration   160 | Loss 0.358151 | Acc 93.33% | WER 18.12%
epoch   8 | iteration   180 | Loss 0.361308 | Acc 93.96% | WER 17.97%
epoch   8 | iteration   200 | Loss 0.337558 | Acc 93.54% | WER 21.64%
epoch   8 | iteration   220 | Loss 0.298641 | Acc 95.00% | WER 17.71%
epoch   8 | iteration   240 | Loss 0.309494 | Acc 95.21% | WER 13.26%
epoch   8 | iteration   260 | Loss 0.363696 | Acc 93.33% | WER 23.31%
epoch   8 | iteration   280 | Loss 0.320168 | Acc 93.75% | WER 23.55%
epoch   8 | iteration   300 | Loss 0.364238 | Acc 93.33% | WER 24.39%
epoch   8 | iteration   320 | Loss 0.290626 | Acc 95.00% | WER 17.28%
epoch   8 | iteration   340 | Loss 0.327090 | Acc 94.17% | WER 16.57%
epoch   8 | iteration   360 | Loss 0.316651 | Acc 94.17% | WER 16.77%
epoch   8 | iteration   380 | Loss 0.349521 | Acc 94.79% | WER 15.16%
epoch   8 | iteration   400 | Loss 0.409637 | Acc 92.50% | WER 22.66%
epoch   8 | iteration   420 | Loss 0.421300 | Acc 92.29% | WER 21.27%
epoch   8 | iteration   440 | Loss 0.462202 | Acc 91.88% | WER 23.65%
epoch   8 | iteration   460 | Loss 0.351282 | Acc 93.33% | WER 18.62%
epoch   8 | iteration   480 | Loss 0.474507 | Acc 91.67% | WER 23.88%
epoch   8 | iteration   500 | Loss 0.396875 | Acc 92.92% | WER 20.55%
epoch   8 | iteration   520 | Loss 0.297025 | Acc 95.21% | WER 12.92%
epoch   8 | iteration   540 | Loss 0.325434 | Acc 95.21% | WER 14.55%
epoch   8 | iteration   560 | Loss 0.504621 | Acc 91.67% | WER 25.59%
epoch   8 | iteration   580 | Loss 0.501795 | Acc 90.00% | WER 23.33%
epoch   8 | iteration   600 | Loss 0.438869 | Acc 92.50% | WER 25.64%
epoch   8 | iteration   620 | Loss 0.396423 | Acc 93.12% | WER 22.99%
epoch   8 | iteration   640 | Loss 0.408952 | Acc 91.88% | WER 25.32%
epoch   8 | iteration   660 | Loss 0.397177 | Acc 92.92% | WER 24.00%
epoch   8 | iteration   680 | Loss 0.456755 | Acc 92.50% | WER 22.42%
epoch   8 | iteration   700 | Loss 0.366701 | Acc 93.12% | WER 22.49%
epoch   8 | iteration   720 | Loss 0.387427 | Acc 92.29% | WER 25.15%
epoch   8 | iteration   740 | Loss 0.364855 | Acc 93.33% | WER 19.55%
epoch   8 | iteration   760 | Loss 0.439789 | Acc 92.08% | WER 22.20%
epoch   8 | iteration   780 | Loss 0.361702 | Acc 93.75% | WER 21.00%
epoch   8 | iteration   800 | Loss 0.349531 | Acc 94.38% | WER 17.89%
epoch   8 | iteration   820 | Loss 0.366705 | Acc 94.17% | WER 14.45%
epoch   8 | iteration   840 | Loss 0.304543 | Acc 94.79% | WER 16.89%
epoch   8 | iteration   860 | Loss 0.317946 | Acc 94.38% | WER 16.36%
epoch   8 | iteration   880 | Loss 0.398174 | Acc 92.29% | WER 20.56%
epoch   8 | iteration   900 | Loss 0.345337 | Acc 93.96% | WER 21.00%
epoch   8 | iteration   920 | Loss 0.368617 | Acc 93.96% | WER 18.93%
epoch   8 | iteration   940 | Loss 0.320886 | Acc 94.58% | WER 17.81%
epoch   8 | iteration   960 | Loss 0.283107 | Acc 95.21% | WER 16.18%
epoch   8 | iteration   980 | Loss 0.379197 | Acc 93.96% | WER 19.37%
epoch   8 | iteration  1000 | Loss 0.329619 | Acc 94.17% | WER 16.90%
epoch   8 | iteration  1020 | Loss 0.360150 | Acc 94.38% | WER 17.53%
epoch   8 | iteration  1040 | Loss 0.554432 | Acc 91.67% | WER 20.96%
epoch   8 | iteration  1060 | Loss 0.407940 | Acc 92.29% | WER 20.85%
epoch   8 | iteration  1080 | Loss 0.475512 | Acc 92.29% | WER 20.03%
epoch   8 | iteration  1100 | Loss 0.305625 | Acc 94.79% | WER 18.49%
epoch   8 | iteration  1120 | Loss 0.468683 | Acc 91.25% | WER 23.19%
epoch   8 | iteration  1140 | Loss 0.272379 | Acc 95.21% | WER 17.25%
epoch   8 | iteration  1160 | Loss 0.608892 | Acc 89.17% | WER 30.03%
Average Training Loss of Epoch 8: 0.368099 | Acc: 93.61% | WER 19.60%
Average Validation Loss of Epoch 8: 3.704928 | Acc: 71.45% | WER: 146.85% | BLEU-4: 0.00
Average test Loss of Epoch 8: 6.711211 | Acc: 57.57% | WER: 116.00% | BLEU-4: 0.00
####################Epoch 8 Model Saved#####################
epoch   9 | iteration    20 | Loss 0.354094 | Acc 94.17% | WER 17.10%
epoch   9 | iteration    40 | Loss 0.343819 | Acc 93.75% | WER 18.80%
epoch   9 | iteration    60 | Loss 0.368078 | Acc 94.17% | WER 16.24%
epoch   9 | iteration    80 | Loss 0.346298 | Acc 93.96% | WER 21.54%
epoch   9 | iteration   100 | Loss 0.419545 | Acc 92.08% | WER 21.76%
epoch   9 | iteration   120 | Loss 0.386338 | Acc 92.50% | WER 25.62%
epoch   9 | iteration   140 | Loss 0.314303 | Acc 94.17% | WER 21.39%
epoch   9 | iteration   160 | Loss 0.256800 | Acc 95.62% | WER 14.52%
epoch   9 | iteration   180 | Loss 0.284049 | Acc 95.21% | WER 17.17%
epoch   9 | iteration   200 | Loss 0.351395 | Acc 93.75% | WER 20.32%
epoch   9 | iteration   220 | Loss 0.349587 | Acc 93.33% | WER 22.28%
epoch   9 | iteration   240 | Loss 0.310519 | Acc 94.79% | WER 14.68%
epoch   9 | iteration   260 | Loss 0.338683 | Acc 94.58% | WER 18.32%
epoch   9 | iteration   280 | Loss 0.294917 | Acc 94.79% | WER 20.33%
epoch   9 | iteration   300 | Loss 0.326456 | Acc 95.00% | WER 15.19%
epoch   9 | iteration   320 | Loss 0.335576 | Acc 94.58% | WER 18.52%
epoch   9 | iteration   340 | Loss 0.291608 | Acc 95.21% | WER 12.67%
epoch   9 | iteration   360 | Loss 0.298907 | Acc 95.21% | WER 13.60%
epoch   9 | iteration   380 | Loss 0.289055 | Acc 94.79% | WER 18.29%
epoch   9 | iteration   400 | Loss 0.374425 | Acc 93.54% | WER 18.63%
epoch   9 | iteration   420 | Loss 0.298377 | Acc 95.21% | WER 15.15%
epoch   9 | iteration   440 | Loss 0.319839 | Acc 95.42% | WER 13.82%
epoch   9 | iteration   460 | Loss 0.285606 | Acc 95.62% | WER 13.07%
epoch   9 | iteration   480 | Loss 0.315098 | Acc 93.96% | WER 17.97%
epoch   9 | iteration   500 | Loss 0.276897 | Acc 95.62% | WER 17.38%
epoch   9 | iteration   520 | Loss 0.393896 | Acc 93.75% | WER 17.15%
epoch   9 | iteration   540 | Loss 0.336053 | Acc 94.17% | WER 18.47%
epoch   9 | iteration   560 | Loss 0.282232 | Acc 95.00% | WER 16.28%
epoch   9 | iteration   580 | Loss 0.362268 | Acc 92.92% | WER 25.80%
epoch   9 | iteration   600 | Loss 0.299104 | Acc 95.21% | WER 13.37%
epoch   9 | iteration   620 | Loss 0.371116 | Acc 93.54% | WER 19.27%
epoch   9 | iteration   640 | Loss 0.303283 | Acc 95.00% | WER 15.36%
epoch   9 | iteration   660 | Loss 0.325781 | Acc 94.38% | WER 17.06%
epoch   9 | iteration   680 | Loss 0.284831 | Acc 95.21% | WER 13.26%
epoch   9 | iteration   700 | Loss 0.373167 | Acc 93.75% | WER 18.21%
epoch   9 | iteration   720 | Loss 0.356985 | Acc 93.12% | WER 19.46%
epoch   9 | iteration   740 | Loss 0.379819 | Acc 92.92% | WER 24.30%
epoch   9 | iteration   760 | Loss 0.516543 | Acc 89.79% | WER 31.52%
epoch   9 | iteration   780 | Loss 0.307728 | Acc 94.17% | WER 22.46%
epoch   9 | iteration   800 | Loss 0.331332 | Acc 94.38% | WER 17.90%
epoch   9 | iteration   820 | Loss 0.352764 | Acc 94.17% | WER 16.14%
epoch   9 | iteration   840 | Loss 0.311776 | Acc 95.21% | WER 12.84%
epoch   9 | iteration   860 | Loss 0.267211 | Acc 95.21% | WER 16.32%
epoch   9 | iteration   880 | Loss 0.317485 | Acc 93.75% | WER 16.58%
epoch   9 | iteration   900 | Loss 0.369036 | Acc 93.75% | WER 19.47%
epoch   9 | iteration   920 | Loss 0.322790 | Acc 94.17% | WER 16.95%
epoch   9 | iteration   940 | Loss 0.333294 | Acc 93.54% | WER 17.45%
epoch   9 | iteration   960 | Loss 0.313915 | Acc 94.38% | WER 14.52%
epoch   9 | iteration   980 | Loss 0.357618 | Acc 93.75% | WER 19.56%
epoch   9 | iteration  1000 | Loss 0.251304 | Acc 95.83% | WER 15.21%
epoch   9 | iteration  1020 | Loss 0.343525 | Acc 94.38% | WER 17.55%
epoch   9 | iteration  1040 | Loss 0.321652 | Acc 94.17% | WER 21.00%
epoch   9 | iteration  1060 | Loss 0.401751 | Acc 93.54% | WER 19.72%
epoch   9 | iteration  1080 | Loss 0.300285 | Acc 94.58% | WER 16.23%
epoch   9 | iteration  1100 | Loss 0.358319 | Acc 93.75% | WER 20.47%
epoch   9 | iteration  1120 | Loss 0.504853 | Acc 89.79% | WER 24.93%
epoch   9 | iteration  1140 | Loss 0.375476 | Acc 93.75% | WER 20.36%
epoch   9 | iteration  1160 | Loss 0.484094 | Acc 91.46% | WER 21.16%
Average Training Loss of Epoch 9: 0.339306 | Acc: 94.00% | WER 18.50%
Average Validation Loss of Epoch 9: 4.482446 | Acc: 68.30% | WER: 157.01% | BLEU-4: 0.25
Average test Loss of Epoch 9: 7.369674 | Acc: 57.62% | WER: 111.57% | BLEU-4: 0.00
####################Epoch 9 Model Saved#####################
epoch  10 | iteration    20 | Loss 0.273763 | Acc 95.62% | WER 12.76%
epoch  10 | iteration    40 | Loss 0.355932 | Acc 93.12% | WER 23.18%
epoch  10 | iteration    60 | Loss 0.294886 | Acc 93.96% | WER 19.46%
epoch  10 | iteration    80 | Loss 0.293839 | Acc 94.38% | WER 19.08%
epoch  10 | iteration   100 | Loss 0.304440 | Acc 94.79% | WER 17.60%
epoch  10 | iteration   120 | Loss 0.283022 | Acc 95.00% | WER 16.22%
epoch  10 | iteration   140 | Loss 0.347928 | Acc 93.33% | WER 19.94%
epoch  10 | iteration   160 | Loss 0.380236 | Acc 92.50% | WER 19.72%
epoch  10 | iteration   180 | Loss 0.276100 | Acc 95.62% | WER 11.64%
epoch  10 | iteration   200 | Loss 0.311923 | Acc 94.38% | WER 16.59%
epoch  10 | iteration   220 | Loss 0.367067 | Acc 93.12% | WER 19.26%
epoch  10 | iteration   240 | Loss 0.332561 | Acc 93.75% | WER 20.69%
epoch  10 | iteration   260 | Loss 0.298343 | Acc 93.75% | WER 19.91%
epoch  10 | iteration   280 | Loss 0.311281 | Acc 94.17% | WER 19.87%
epoch  10 | iteration   300 | Loss 0.345342 | Acc 93.54% | WER 16.69%
epoch  10 | iteration   320 | Loss 0.303334 | Acc 95.00% | WER 15.48%
epoch  10 | iteration   340 | Loss 0.317193 | Acc 94.58% | WER 17.36%
epoch  10 | iteration   360 | Loss 0.278611 | Acc 95.00% | WER 15.84%
epoch  10 | iteration   380 | Loss 0.332615 | Acc 93.75% | WER 21.94%
epoch  10 | iteration   400 | Loss 0.280730 | Acc 95.21% | WER 14.69%
epoch  10 | iteration   420 | Loss 0.342462 | Acc 94.17% | WER 17.60%
epoch  10 | iteration   440 | Loss 0.323471 | Acc 93.54% | WER 22.30%
epoch  10 | iteration   460 | Loss 0.290928 | Acc 95.00% | WER 13.76%
epoch  10 | iteration   480 | Loss 0.281803 | Acc 94.79% | WER 14.25%
epoch  10 | iteration   500 | Loss 0.274236 | Acc 95.42% | WER 13.56%
epoch  10 | iteration   520 | Loss 0.317695 | Acc 94.38% | WER 16.12%
epoch  10 | iteration   540 | Loss 0.317929 | Acc 94.58% | WER 16.81%
epoch  10 | iteration   560 | Loss 0.258654 | Acc 95.42% | WER 15.34%
epoch  10 | iteration   580 | Loss 0.302921 | Acc 93.75% | WER 20.95%
epoch  10 | iteration   600 | Loss 0.376958 | Acc 93.54% | WER 21.92%
epoch  10 | iteration   620 | Loss 0.283497 | Acc 95.21% | WER 16.20%
epoch  10 | iteration   640 | Loss 0.330663 | Acc 95.21% | WER 15.15%
epoch  10 | iteration   660 | Loss 0.318990 | Acc 95.00% | WER 17.30%
epoch  10 | iteration   680 | Loss 0.257800 | Acc 95.62% | WER 14.08%
epoch  10 | iteration   700 | Loss 0.430675 | Acc 91.67% | WER 23.75%
epoch  10 | iteration   720 | Loss 0.296387 | Acc 94.38% | WER 16.76%
epoch  10 | iteration   740 | Loss 0.284266 | Acc 95.21% | WER 14.86%
epoch  10 | iteration   760 | Loss 0.348630 | Acc 93.33% | WER 20.20%
epoch  10 | iteration   780 | Loss 0.285880 | Acc 94.58% | WER 19.59%
epoch  10 | iteration   800 | Loss 0.275602 | Acc 95.00% | WER 15.90%
epoch  10 | iteration   820 | Loss 0.268863 | Acc 94.79% | WER 18.96%
epoch  10 | iteration   840 | Loss 0.272919 | Acc 94.79% | WER 16.59%
epoch  10 | iteration   860 | Loss 0.324530 | Acc 93.54% | WER 22.88%
epoch  10 | iteration   880 | Loss 0.273522 | Acc 95.62% | WER 12.34%
epoch  10 | iteration   900 | Loss 0.352602 | Acc 93.54% | WER 21.64%
epoch  10 | iteration   920 | Loss 0.329604 | Acc 93.54% | WER 20.64%
epoch  10 | iteration   940 | Loss 0.283385 | Acc 94.38% | WER 16.02%
epoch  10 | iteration   960 | Loss 0.283755 | Acc 94.58% | WER 16.74%
epoch  10 | iteration   980 | Loss 0.254613 | Acc 95.42% | WER 16.14%
epoch  10 | iteration  1000 | Loss 0.409774 | Acc 91.88% | WER 24.94%
epoch  10 | iteration  1020 | Loss 0.325090 | Acc 93.96% | WER 18.34%
epoch  10 | iteration  1040 | Loss 0.337056 | Acc 93.75% | WER 17.66%
epoch  10 | iteration  1060 | Loss 0.456842 | Acc 91.04% | WER 27.62%
epoch  10 | iteration  1080 | Loss 0.311611 | Acc 95.00% | WER 13.57%
epoch  10 | iteration  1100 | Loss 0.333310 | Acc 94.17% | WER 17.70%
epoch  10 | iteration  1120 | Loss 0.369933 | Acc 92.71% | WER 24.24%
epoch  10 | iteration  1140 | Loss 0.383101 | Acc 92.92% | WER 19.19%
epoch  10 | iteration  1160 | Loss 0.318528 | Acc 94.17% | WER 17.92%
Average Training Loss of Epoch 10: 0.317715 | Acc: 94.26% | WER 17.76%
Average Validation Loss of Epoch 10: 3.834069 | Acc: 71.60% | WER: 145.20% | BLEU-4: 0.50
Average test Loss of Epoch 10: 7.479731 | Acc: 57.37% | WER: 112.97% | BLEU-4: 0.00
####################Epoch 10 Model Saved####################
epoch  11 | iteration    20 | Loss 0.348315 | Acc 93.54% | WER 20.86%
epoch  11 | iteration    40 | Loss 0.291784 | Acc 94.38% | WER 16.71%
epoch  11 | iteration    60 | Loss 0.315196 | Acc 93.96% | WER 17.97%
epoch  11 | iteration    80 | Loss 0.286913 | Acc 95.83% | WER 10.05%
epoch  11 | iteration   100 | Loss 0.277423 | Acc 95.42% | WER 14.17%
epoch  11 | iteration   120 | Loss 0.342549 | Acc 94.58% | WER 16.13%
epoch  11 | iteration   140 | Loss 0.318865 | Acc 93.12% | WER 19.48%
epoch  11 | iteration   160 | Loss 0.265158 | Acc 95.21% | WER 15.33%
epoch  11 | iteration   180 | Loss 0.302400 | Acc 93.96% | WER 18.16%
epoch  11 | iteration   200 | Loss 0.338527 | Acc 94.38% | WER 18.00%
epoch  11 | iteration   220 | Loss 0.285246 | Acc 94.79% | WER 16.89%
epoch  11 | iteration   240 | Loss 0.332675 | Acc 93.54% | WER 21.48%
epoch  11 | iteration   260 | Loss 0.287900 | Acc 95.00% | WER 18.48%
epoch  11 | iteration   280 | Loss 0.320885 | Acc 93.96% | WER 15.82%
epoch  11 | iteration   300 | Loss 0.276972 | Acc 95.21% | WER 16.12%
epoch  11 | iteration   320 | Loss 0.292254 | Acc 94.17% | WER 16.51%
epoch  11 | iteration   340 | Loss 0.336630 | Acc 93.33% | WER 20.68%
epoch  11 | iteration   360 | Loss 0.315473 | Acc 94.58% | WER 15.87%
epoch  11 | iteration   380 | Loss 0.261116 | Acc 95.83% | WER 12.03%
epoch  11 | iteration   400 | Loss 0.275229 | Acc 95.21% | WER 16.54%
epoch  11 | iteration   420 | Loss 0.260563 | Acc 95.42% | WER 13.19%
epoch  11 | iteration   440 | Loss 0.279079 | Acc 94.79% | WER 16.95%
epoch  11 | iteration   460 | Loss 0.294234 | Acc 94.58% | WER 17.69%
epoch  11 | iteration   480 | Loss 0.250823 | Acc 95.42% | WER 14.13%
epoch  11 | iteration   500 | Loss 0.387791 | Acc 92.50% | WER 18.95%
epoch  11 | iteration   520 | Loss 0.261122 | Acc 95.62% | WER 15.41%
epoch  11 | iteration   540 | Loss 0.263234 | Acc 95.62% | WER 14.45%
epoch  11 | iteration   560 | Loss 0.319553 | Acc 93.96% | WER 22.53%
epoch  11 | iteration   580 | Loss 0.321261 | Acc 94.58% | WER 17.65%
epoch  11 | iteration   600 | Loss 0.376569 | Acc 92.29% | WER 24.08%
epoch  11 | iteration   620 | Loss 0.269059 | Acc 95.42% | WER 13.11%
epoch  11 | iteration   640 | Loss 0.322658 | Acc 94.79% | WER 15.77%
epoch  11 | iteration   660 | Loss 0.286776 | Acc 95.00% | WER 16.56%
epoch  11 | iteration   680 | Loss 0.250887 | Acc 94.79% | WER 18.34%
epoch  11 | iteration   700 | Loss 0.303433 | Acc 93.96% | WER 21.79%
epoch  11 | iteration   720 | Loss 0.286665 | Acc 95.21% | WER 13.70%
epoch  11 | iteration   740 | Loss 0.298254 | Acc 94.38% | WER 20.56%
epoch  11 | iteration   760 | Loss 0.310991 | Acc 94.79% | WER 16.76%
epoch  11 | iteration   780 | Loss 0.272505 | Acc 95.00% | WER 14.69%
epoch  11 | iteration   800 | Loss 0.246583 | Acc 95.42% | WER 13.37%
epoch  11 | iteration   820 | Loss 0.284469 | Acc 95.21% | WER 16.27%
epoch  11 | iteration   840 | Loss 0.342168 | Acc 93.75% | WER 16.17%
epoch  11 | iteration   860 | Loss 0.241855 | Acc 95.83% | WER 12.85%
epoch  11 | iteration   880 | Loss 0.265289 | Acc 95.42% | WER 16.81%
epoch  11 | iteration   900 | Loss 0.282832 | Acc 94.38% | WER 17.03%
epoch  11 | iteration   920 | Loss 0.298551 | Acc 94.58% | WER 16.01%
epoch  11 | iteration   940 | Loss 0.294751 | Acc 94.79% | WER 16.37%
epoch  11 | iteration   960 | Loss 0.250838 | Acc 94.79% | WER 17.75%
epoch  11 | iteration   980 | Loss 0.306428 | Acc 94.79% | WER 12.70%
epoch  11 | iteration  1000 | Loss 0.347109 | Acc 92.92% | WER 23.00%
epoch  11 | iteration  1020 | Loss 0.345788 | Acc 93.54% | WER 20.40%
epoch  11 | iteration  1040 | Loss 0.279315 | Acc 93.96% | WER 18.51%
epoch  11 | iteration  1060 | Loss 0.296572 | Acc 94.38% | WER 17.42%
epoch  11 | iteration  1080 | Loss 0.273943 | Acc 95.42% | WER 15.36%
epoch  11 | iteration  1100 | Loss 0.299547 | Acc 95.21% | WER 14.91%
epoch  11 | iteration  1120 | Loss 0.314626 | Acc 94.58% | WER 18.40%
epoch  11 | iteration  1140 | Loss 0.283900 | Acc 95.62% | WER 11.46%
epoch  11 | iteration  1160 | Loss 0.293691 | Acc 94.17% | WER 18.49%
Average Training Loss of Epoch 11: 0.300550 | Acc: 94.45% | WER 17.19%
Average Validation Loss of Epoch 11: 3.381838 | Acc: 76.62% | WER: 114.36% | BLEU-4: 0.00
Average test Loss of Epoch 11: 8.000829 | Acc: 56.70% | WER: 115.77% | BLEU-4: 0.00
####################Epoch 11 Model Saved####################
epoch  12 | iteration    20 | Loss 0.248305 | Acc 96.46% | WER 10.18%
epoch  12 | iteration    40 | Loss 0.277912 | Acc 94.58% | WER 16.89%
epoch  12 | iteration    60 | Loss 0.295362 | Acc 94.58% | WER 19.88%
epoch  12 | iteration    80 | Loss 0.293927 | Acc 93.75% | WER 17.46%
epoch  12 | iteration   100 | Loss 0.251779 | Acc 95.42% | WER 12.40%
epoch  12 | iteration   120 | Loss 0.278014 | Acc 95.00% | WER 16.26%
epoch  12 | iteration   140 | Loss 0.275076 | Acc 94.38% | WER 17.64%
epoch  12 | iteration   160 | Loss 0.359661 | Acc 92.92% | WER 21.97%
epoch  12 | iteration   180 | Loss 0.347933 | Acc 93.33% | WER 18.95%
epoch  12 | iteration   200 | Loss 0.301082 | Acc 93.96% | WER 16.60%
epoch  12 | iteration   220 | Loss 0.315438 | Acc 93.75% | WER 20.44%
epoch  12 | iteration   240 | Loss 0.315608 | Acc 93.96% | WER 17.33%
epoch  12 | iteration   260 | Loss 0.233580 | Acc 94.79% | WER 19.49%
epoch  12 | iteration   280 | Loss 0.317920 | Acc 93.54% | WER 19.27%
epoch  12 | iteration   300 | Loss 0.301193 | Acc 94.17% | WER 16.25%
epoch  12 | iteration   320 | Loss 0.243749 | Acc 95.42% | WER 12.56%
epoch  12 | iteration   340 | Loss 0.291567 | Acc 95.00% | WER 16.72%
epoch  12 | iteration   360 | Loss 0.240650 | Acc 95.83% | WER 14.80%
epoch  12 | iteration   380 | Loss 0.258820 | Acc 94.38% | WER 17.24%
epoch  12 | iteration   400 | Loss 0.286461 | Acc 94.17% | WER 17.01%
epoch  12 | iteration   420 | Loss 0.266657 | Acc 94.58% | WER 16.86%
epoch  12 | iteration   440 | Loss 0.295087 | Acc 95.00% | WER 14.93%
epoch  12 | iteration   460 | Loss 0.329287 | Acc 93.54% | WER 17.94%
epoch  12 | iteration   480 | Loss 0.249176 | Acc 95.21% | WER 13.54%
epoch  12 | iteration   500 | Loss 0.253207 | Acc 95.00% | WER 14.22%
epoch  12 | iteration   520 | Loss 0.282543 | Acc 94.79% | WER 13.47%
epoch  12 | iteration   540 | Loss 0.301120 | Acc 95.21% | WER 13.84%
epoch  12 | iteration   560 | Loss 0.248830 | Acc 95.62% | WER 13.90%
epoch  12 | iteration   580 | Loss 0.322024 | Acc 93.75% | WER 19.10%
epoch  12 | iteration   600 | Loss 0.280632 | Acc 95.42% | WER 12.86%
epoch  12 | iteration   620 | Loss 0.275497 | Acc 94.38% | WER 15.06%
epoch  12 | iteration   640 | Loss 0.254711 | Acc 95.21% | WER 14.07%
epoch  12 | iteration   660 | Loss 0.287189 | Acc 95.00% | WER 17.28%
epoch  12 | iteration   680 | Loss 0.275075 | Acc 94.79% | WER 17.82%
epoch  12 | iteration   700 | Loss 0.324800 | Acc 94.17% | WER 17.67%
epoch  12 | iteration   720 | Loss 0.263216 | Acc 94.79% | WER 17.04%
epoch  12 | iteration   740 | Loss 0.275113 | Acc 94.79% | WER 14.44%
epoch  12 | iteration   760 | Loss 0.254739 | Acc 95.00% | WER 15.61%
epoch  12 | iteration   780 | Loss 0.321739 | Acc 94.38% | WER 18.98%
epoch  12 | iteration   800 | Loss 0.260784 | Acc 95.21% | WER 14.33%
epoch  12 | iteration   820 | Loss 0.241845 | Acc 96.04% | WER 10.40%
epoch  12 | iteration   840 | Loss 0.278100 | Acc 95.00% | WER 13.65%
epoch  12 | iteration   860 | Loss 0.277702 | Acc 95.00% | WER 15.19%
epoch  12 | iteration   880 | Loss 0.261714 | Acc 95.62% | WER 11.82%
epoch  12 | iteration   900 | Loss 0.233445 | Acc 96.04% | WER 12.00%
epoch  12 | iteration   920 | Loss 0.273648 | Acc 95.21% | WER 14.06%
epoch  12 | iteration   940 | Loss 0.259046 | Acc 95.42% | WER 15.35%
epoch  12 | iteration   960 | Loss 0.261274 | Acc 94.58% | WER 17.82%
epoch  12 | iteration   980 | Loss 0.260865 | Acc 94.79% | WER 14.27%
epoch  12 | iteration  1000 | Loss 0.333494 | Acc 94.17% | WER 16.40%
epoch  12 | iteration  1020 | Loss 0.304138 | Acc 93.96% | WER 19.12%
epoch  12 | iteration  1040 | Loss 0.324348 | Acc 93.33% | WER 21.35%
epoch  12 | iteration  1060 | Loss 0.236813 | Acc 95.62% | WER 14.34%
epoch  12 | iteration  1080 | Loss 0.287315 | Acc 93.75% | WER 19.33%
epoch  12 | iteration  1100 | Loss 0.348839 | Acc 93.33% | WER 18.78%
epoch  12 | iteration  1120 | Loss 0.272514 | Acc 94.58% | WER 16.53%
epoch  12 | iteration  1140 | Loss 0.245494 | Acc 95.21% | WER 15.66%
epoch  12 | iteration  1160 | Loss 0.308723 | Acc 93.96% | WER 18.18%
Average Training Loss of Epoch 12: 0.284192 | Acc: 94.61% | WER 16.71%
Average Validation Loss of Epoch 12: 3.767686 | Acc: 71.72% | WER: 142.61% | BLEU-4: 0.00
Average test Loss of Epoch 12: 8.201046 | Acc: 54.42% | WER: 121.61% | BLEU-4: 0.00
####################Epoch 12 Model Saved####################
epoch  13 | iteration    20 | Loss 0.238310 | Acc 95.21% | WER 18.16%
epoch  13 | iteration    40 | Loss 0.280260 | Acc 94.17% | WER 18.12%
epoch  13 | iteration    60 | Loss 0.320033 | Acc 93.54% | WER 17.56%
epoch  13 | iteration    80 | Loss 0.262232 | Acc 94.58% | WER 17.60%
epoch  13 | iteration   100 | Loss 0.281628 | Acc 94.17% | WER 19.97%
epoch  13 | iteration   120 | Loss 0.277545 | Acc 95.00% | WER 14.20%
epoch  13 | iteration   140 | Loss 0.222287 | Acc 95.21% | WER 13.91%
epoch  13 | iteration   160 | Loss 0.264204 | Acc 94.38% | WER 18.44%
epoch  13 | iteration   180 | Loss 0.263193 | Acc 94.17% | WER 16.92%
epoch  13 | iteration   200 | Loss 0.269788 | Acc 94.58% | WER 18.08%
epoch  13 | iteration   220 | Loss 0.247715 | Acc 95.21% | WER 15.11%
epoch  13 | iteration   240 | Loss 0.218540 | Acc 95.62% | WER 14.60%
epoch  13 | iteration   260 | Loss 0.334784 | Acc 94.38% | WER 15.98%
epoch  13 | iteration   280 | Loss 0.290481 | Acc 94.38% | WER 22.32%
epoch  13 | iteration   300 | Loss 0.268595 | Acc 94.79% | WER 18.35%
epoch  13 | iteration   320 | Loss 0.335535 | Acc 92.71% | WER 20.42%
epoch  13 | iteration   340 | Loss 0.298436 | Acc 94.58% | WER 15.87%
epoch  13 | iteration   360 | Loss 0.285009 | Acc 93.75% | WER 17.68%
epoch  13 | iteration   380 | Loss 0.274271 | Acc 94.79% | WER 15.39%
epoch  13 | iteration   400 | Loss 0.350960 | Acc 93.12% | WER 17.31%
epoch  13 | iteration   420 | Loss 0.294852 | Acc 93.96% | WER 19.18%
epoch  13 | iteration   440 | Loss 0.246107 | Acc 96.04% | WER 12.82%
epoch  13 | iteration   460 | Loss 0.291367 | Acc 94.79% | WER 15.10%
epoch  13 | iteration   480 | Loss 0.298398 | Acc 93.75% | WER 19.35%
epoch  13 | iteration   500 | Loss 0.297766 | Acc 93.96% | WER 18.01%
epoch  13 | iteration   520 | Loss 0.279420 | Acc 93.96% | WER 20.01%
epoch  13 | iteration   540 | Loss 0.246949 | Acc 94.38% | WER 16.41%
epoch  13 | iteration   560 | Loss 0.243924 | Acc 95.00% | WER 18.00%
epoch  13 | iteration   580 | Loss 0.232431 | Acc 95.42% | WER 15.34%
epoch  13 | iteration   600 | Loss 0.386947 | Acc 92.29% | WER 22.48%
epoch  13 | iteration   620 | Loss 0.262814 | Acc 95.62% | WER 12.07%
epoch  13 | iteration   640 | Loss 0.281030 | Acc 94.17% | WER 17.82%
epoch  13 | iteration   660 | Loss 0.261319 | Acc 95.00% | WER 18.19%
epoch  13 | iteration   680 | Loss 0.323898 | Acc 92.50% | WER 21.87%
epoch  13 | iteration   700 | Loss 0.221068 | Acc 95.62% | WER 12.81%
epoch  13 | iteration   720 | Loss 0.261682 | Acc 95.21% | WER 14.31%
epoch  13 | iteration   740 | Loss 0.212038 | Acc 96.25% | WER 11.34%
epoch  13 | iteration   760 | Loss 0.263596 | Acc 95.21% | WER 14.24%
epoch  13 | iteration   780 | Loss 0.307067 | Acc 93.96% | WER 17.92%
epoch  13 | iteration   800 | Loss 0.249452 | Acc 95.21% | WER 12.70%
epoch  13 | iteration   820 | Loss 0.320624 | Acc 93.33% | WER 22.36%
epoch  13 | iteration   840 | Loss 0.242460 | Acc 95.42% | WER 14.99%
epoch  13 | iteration   860 | Loss 0.257717 | Acc 94.38% | WER 21.70%
epoch  13 | iteration   880 | Loss 0.232206 | Acc 95.83% | WER 13.03%
epoch  13 | iteration   900 | Loss 0.204115 | Acc 95.21% | WER 18.02%
epoch  13 | iteration   920 | Loss 0.254649 | Acc 94.38% | WER 16.69%
epoch  13 | iteration   940 | Loss 0.285065 | Acc 94.17% | WER 16.29%
epoch  13 | iteration   960 | Loss 0.253526 | Acc 94.17% | WER 17.81%
epoch  13 | iteration   980 | Loss 0.240587 | Acc 95.42% | WER 17.87%
epoch  13 | iteration  1000 | Loss 0.257973 | Acc 95.42% | WER 13.99%
epoch  13 | iteration  1020 | Loss 0.264504 | Acc 95.21% | WER 16.71%
epoch  13 | iteration  1040 | Loss 0.252720 | Acc 94.17% | WER 20.22%
epoch  13 | iteration  1060 | Loss 0.256368 | Acc 94.79% | WER 18.11%
epoch  13 | iteration  1080 | Loss 0.282088 | Acc 94.58% | WER 15.00%
epoch  13 | iteration  1100 | Loss 0.241384 | Acc 94.58% | WER 17.89%
epoch  13 | iteration  1120 | Loss 0.259481 | Acc 95.00% | WER 14.46%
epoch  13 | iteration  1140 | Loss 0.255980 | Acc 94.58% | WER 16.33%
epoch  13 | iteration  1160 | Loss 0.219255 | Acc 95.21% | WER 13.48%
Average Training Loss of Epoch 13: 0.264748 | Acc: 94.81% | WER 16.12%
Average Validation Loss of Epoch 13: 4.102293 | Acc: 71.67% | WER: 140.45% | BLEU-4: 1.00
Average test Loss of Epoch 13: 8.171515 | Acc: 56.15% | WER: 118.02% | BLEU-4: 0.00
####################Epoch 13 Model Saved####################
epoch  14 | iteration    20 | Loss 0.211989 | Acc 95.62% | WER 12.99%
epoch  14 | iteration    40 | Loss 0.255091 | Acc 95.21% | WER 16.20%
epoch  14 | iteration    60 | Loss 0.285945 | Acc 94.17% | WER 18.14%
epoch  14 | iteration    80 | Loss 0.229272 | Acc 95.42% | WER 13.42%
epoch  14 | iteration   100 | Loss 0.230508 | Acc 95.00% | WER 20.83%
epoch  14 | iteration   120 | Loss 0.270925 | Acc 94.38% | WER 16.21%
epoch  14 | iteration   140 | Loss 0.231679 | Acc 95.00% | WER 16.65%
epoch  14 | iteration   160 | Loss 0.240954 | Acc 94.58% | WER 17.19%
epoch  14 | iteration   180 | Loss 0.277951 | Acc 93.96% | WER 16.94%
epoch  14 | iteration   200 | Loss 0.212736 | Acc 95.42% | WER 15.33%
epoch  14 | iteration   220 | Loss 0.259559 | Acc 94.58% | WER 16.39%
epoch  14 | iteration   240 | Loss 0.227400 | Acc 95.00% | WER 18.45%
epoch  14 | iteration   260 | Loss 0.219723 | Acc 95.83% | WER 12.98%
epoch  14 | iteration   280 | Loss 0.232430 | Acc 95.42% | WER 16.00%
epoch  14 | iteration   300 | Loss 0.272170 | Acc 94.58% | WER 14.25%
epoch  14 | iteration   320 | Loss 0.256704 | Acc 94.79% | WER 16.29%
epoch  14 | iteration   340 | Loss 0.242744 | Acc 93.54% | WER 20.41%
epoch  14 | iteration   360 | Loss 0.243117 | Acc 95.62% | WER 12.49%
epoch  14 | iteration   380 | Loss 0.253143 | Acc 94.58% | WER 17.97%
epoch  14 | iteration   400 | Loss 0.234068 | Acc 95.42% | WER 11.67%
epoch  14 | iteration   420 | Loss 0.215726 | Acc 95.83% | WER 13.84%
epoch  14 | iteration   440 | Loss 0.253996 | Acc 94.79% | WER 14.48%
epoch  14 | iteration   460 | Loss 0.270313 | Acc 94.38% | WER 18.01%
epoch  14 | iteration   480 | Loss 0.261519 | Acc 94.79% | WER 15.44%
epoch  14 | iteration   500 | Loss 0.292390 | Acc 94.58% | WER 15.39%
epoch  14 | iteration   520 | Loss 0.229237 | Acc 95.42% | WER 12.58%
epoch  14 | iteration   540 | Loss 0.294015 | Acc 93.96% | WER 21.33%
epoch  14 | iteration   560 | Loss 0.243524 | Acc 94.38% | WER 18.33%
epoch  14 | iteration   580 | Loss 0.259111 | Acc 94.58% | WER 14.17%
epoch  14 | iteration   600 | Loss 0.277513 | Acc 93.96% | WER 17.99%
epoch  14 | iteration   620 | Loss 0.246557 | Acc 94.79% | WER 16.64%
epoch  14 | iteration   640 | Loss 0.218734 | Acc 96.04% | WER 12.67%
epoch  14 | iteration   660 | Loss 0.216502 | Acc 95.83% | WER 12.64%
epoch  14 | iteration   680 | Loss 0.242179 | Acc 94.38% | WER 18.25%
epoch  14 | iteration   700 | Loss 0.291623 | Acc 93.75% | WER 21.73%
epoch  14 | iteration   720 | Loss 0.208608 | Acc 95.00% | WER 16.04%
epoch  14 | iteration   740 | Loss 0.246879 | Acc 94.79% | WER 15.73%
epoch  14 | iteration   760 | Loss 0.255327 | Acc 94.58% | WER 21.10%
epoch  14 | iteration   780 | Loss 0.330389 | Acc 93.12% | WER 19.07%
epoch  14 | iteration   800 | Loss 0.242979 | Acc 95.21% | WER 16.69%
epoch  14 | iteration   820 | Loss 0.250628 | Acc 94.79% | WER 16.77%
epoch  14 | iteration   840 | Loss 0.224846 | Acc 95.21% | WER 14.65%
epoch  14 | iteration   860 | Loss 0.256813 | Acc 94.17% | WER 15.46%
epoch  14 | iteration   880 | Loss 0.291281 | Acc 95.00% | WER 15.10%
epoch  14 | iteration   900 | Loss 0.208595 | Acc 95.62% | WER 13.32%
epoch  14 | iteration   920 | Loss 0.188052 | Acc 95.83% | WER 15.35%
epoch  14 | iteration   940 | Loss 0.232935 | Acc 95.00% | WER 15.67%
epoch  14 | iteration   960 | Loss 0.225046 | Acc 95.00% | WER 12.56%
epoch  14 | iteration   980 | Loss 0.197939 | Acc 96.04% | WER 11.23%
epoch  14 | iteration  1000 | Loss 0.275235 | Acc 94.17% | WER 17.86%
epoch  14 | iteration  1020 | Loss 0.222953 | Acc 95.00% | WER 15.21%
epoch  14 | iteration  1040 | Loss 0.287327 | Acc 94.58% | WER 15.69%
epoch  14 | iteration  1060 | Loss 0.252090 | Acc 94.79% | WER 15.79%
epoch  14 | iteration  1080 | Loss 0.231750 | Acc 94.38% | WER 17.20%
epoch  14 | iteration  1100 | Loss 0.224053 | Acc 95.42% | WER 15.88%
epoch  14 | iteration  1120 | Loss 0.203234 | Acc 95.62% | WER 13.24%
epoch  14 | iteration  1140 | Loss 0.273556 | Acc 94.58% | WER 18.06%
epoch  14 | iteration  1160 | Loss 0.234052 | Acc 95.42% | WER 15.05%
Average Training Loss of Epoch 14: 0.246704 | Acc: 94.96% | WER 15.67%
Average Validation Loss of Epoch 14: 4.492296 | Acc: 69.33% | WER: 145.90% | BLEU-4: 0.88
Average test Loss of Epoch 14: 8.334558 | Acc: 56.43% | WER: 115.42% | BLEU-4: 0.00
####################Epoch 14 Model Saved####################
epoch  15 | iteration    20 | Loss 0.224772 | Acc 94.79% | WER 14.03%
epoch  15 | iteration    40 | Loss 0.183405 | Acc 96.46% | WER 10.76%
epoch  15 | iteration    60 | Loss 0.193173 | Acc 95.62% | WER 12.99%
epoch  15 | iteration    80 | Loss 0.257574 | Acc 94.38% | WER 21.33%
epoch  15 | iteration   100 | Loss 0.260563 | Acc 93.75% | WER 19.56%
epoch  15 | iteration   120 | Loss 0.235711 | Acc 94.79% | WER 15.21%
epoch  15 | iteration   140 | Loss 0.231560 | Acc 95.42% | WER 17.54%
epoch  15 | iteration   160 | Loss 0.228247 | Acc 96.04% | WER 11.73%
epoch  15 | iteration   180 | Loss 0.230201 | Acc 95.00% | WER 14.95%
epoch  15 | iteration   200 | Loss 0.225573 | Acc 95.62% | WER 15.37%
epoch  15 | iteration   220 | Loss 0.214744 | Acc 95.42% | WER 13.43%
epoch  15 | iteration   240 | Loss 0.218126 | Acc 95.00% | WER 20.02%
epoch  15 | iteration   260 | Loss 0.252971 | Acc 94.17% | WER 19.96%
epoch  15 | iteration   280 | Loss 0.212653 | Acc 95.21% | WER 17.03%
epoch  15 | iteration   300 | Loss 0.258317 | Acc 93.75% | WER 19.40%
epoch  15 | iteration   320 | Loss 0.260561 | Acc 94.38% | WER 17.56%
epoch  15 | iteration   340 | Loss 0.229863 | Acc 94.79% | WER 16.89%
epoch  15 | iteration   360 | Loss 0.228309 | Acc 95.00% | WER 13.93%
epoch  15 | iteration   380 | Loss 0.240365 | Acc 94.79% | WER 13.79%
epoch  15 | iteration   400 | Loss 0.216958 | Acc 95.42% | WER 12.31%
epoch  15 | iteration   420 | Loss 0.235924 | Acc 95.42% | WER 13.69%
epoch  15 | iteration   440 | Loss 0.227664 | Acc 95.62% | WER 15.71%
epoch  15 | iteration   460 | Loss 0.265602 | Acc 93.75% | WER 17.61%
epoch  15 | iteration   480 | Loss 0.222880 | Acc 95.42% | WER 13.68%
epoch  15 | iteration   500 | Loss 0.180284 | Acc 96.25% | WER 11.18%
epoch  15 | iteration   520 | Loss 0.246682 | Acc 94.17% | WER 18.41%
epoch  15 | iteration   540 | Loss 0.294534 | Acc 94.38% | WER 18.59%
epoch  15 | iteration   560 | Loss 0.222689 | Acc 96.46% | WER 10.73%
epoch  15 | iteration   580 | Loss 0.221371 | Acc 95.62% | WER 13.20%
epoch  15 | iteration   600 | Loss 0.186222 | Acc 95.83% | WER 12.00%
epoch  15 | iteration   620 | Loss 0.186676 | Acc 95.42% | WER 16.00%
epoch  15 | iteration   640 | Loss 0.215364 | Acc 95.62% | WER 14.04%
epoch  15 | iteration   660 | Loss 0.228736 | Acc 95.21% | WER 15.69%
epoch  15 | iteration   680 | Loss 0.254212 | Acc 94.38% | WER 16.06%
epoch  15 | iteration   700 | Loss 0.281010 | Acc 94.17% | WER 17.89%
epoch  15 | iteration   720 | Loss 0.253947 | Acc 95.00% | WER 15.50%
epoch  15 | iteration   740 | Loss 0.225505 | Acc 95.21% | WER 18.91%
epoch  15 | iteration   760 | Loss 0.251122 | Acc 95.21% | WER 15.38%
epoch  15 | iteration   780 | Loss 0.253464 | Acc 94.38% | WER 15.76%
epoch  15 | iteration   800 | Loss 0.316731 | Acc 93.12% | WER 19.15%
epoch  15 | iteration   820 | Loss 0.268474 | Acc 94.38% | WER 18.65%
epoch  15 | iteration   840 | Loss 0.239203 | Acc 94.58% | WER 17.39%
epoch  15 | iteration   860 | Loss 0.197166 | Acc 95.83% | WER 11.59%
epoch  15 | iteration   880 | Loss 0.185604 | Acc 95.62% | WER 13.02%
epoch  15 | iteration   900 | Loss 0.223088 | Acc 95.00% | WER 14.98%
epoch  15 | iteration   920 | Loss 0.204324 | Acc 95.83% | WER 13.50%
epoch  15 | iteration   940 | Loss 0.238152 | Acc 94.58% | WER 15.51%
epoch  15 | iteration   960 | Loss 0.229750 | Acc 95.83% | WER 11.71%
epoch  15 | iteration   980 | Loss 0.234549 | Acc 94.79% | WER 15.33%
epoch  15 | iteration  1000 | Loss 0.225669 | Acc 96.04% | WER 13.50%
epoch  15 | iteration  1020 | Loss 0.213138 | Acc 96.04% | WER 13.38%
epoch  15 | iteration  1040 | Loss 0.229970 | Acc 95.00% | WER 14.37%
epoch  15 | iteration  1060 | Loss 0.205036 | Acc 95.42% | WER 12.67%
epoch  15 | iteration  1080 | Loss 0.222047 | Acc 94.79% | WER 13.90%
epoch  15 | iteration  1100 | Loss 0.214649 | Acc 95.42% | WER 12.62%
epoch  15 | iteration  1120 | Loss 0.229629 | Acc 95.42% | WER 12.14%
epoch  15 | iteration  1140 | Loss 0.234710 | Acc 94.58% | WER 19.20%
epoch  15 | iteration  1160 | Loss 0.267627 | Acc 94.38% | WER 16.57%
Average Training Loss of Epoch 15: 0.228190 | Acc: 95.21% | WER 14.90%
Average Validation Loss of Epoch 15: 3.519077 | Acc: 75.28% | WER: 124.51% | BLEU-4: 0.88
Average test Loss of Epoch 15: 8.480091 | Acc: 55.82% | WER: 118.40% | BLEU-4: 0.00
####################Epoch 15 Model Saved####################
epoch  16 | iteration    20 | Loss 0.231817 | Acc 95.42% | WER 14.41%
epoch  16 | iteration    40 | Loss 0.197315 | Acc 95.83% | WER 10.81%
epoch  16 | iteration    60 | Loss 0.211282 | Acc 95.62% | WER 12.60%
epoch  16 | iteration    80 | Loss 0.245047 | Acc 94.79% | WER 18.43%
epoch  16 | iteration   100 | Loss 0.160502 | Acc 96.88% | WER 10.06%
epoch  16 | iteration   120 | Loss 0.231326 | Acc 95.21% | WER 15.09%
epoch  16 | iteration   140 | Loss 0.220872 | Acc 95.21% | WER 14.23%
epoch  16 | iteration   160 | Loss 0.220764 | Acc 95.00% | WER 16.42%
epoch  16 | iteration   180 | Loss 0.233895 | Acc 95.00% | WER 14.66%
epoch  16 | iteration   200 | Loss 0.244326 | Acc 94.58% | WER 16.62%
epoch  16 | iteration   220 | Loss 0.224917 | Acc 95.00% | WER 15.82%
epoch  16 | iteration   240 | Loss 0.232556 | Acc 94.58% | WER 17.25%
epoch  16 | iteration   260 | Loss 0.246731 | Acc 95.00% | WER 12.28%
epoch  16 | iteration   280 | Loss 0.255749 | Acc 95.21% | WER 15.82%
epoch  16 | iteration   300 | Loss 0.196857 | Acc 96.04% | WER 9.73%
epoch  16 | iteration   320 | Loss 0.210380 | Acc 95.62% | WER 14.08%
epoch  16 | iteration   340 | Loss 0.241101 | Acc 93.96% | WER 17.96%
epoch  16 | iteration   360 | Loss 0.217735 | Acc 95.83% | WER 13.05%
epoch  16 | iteration   380 | Loss 0.260315 | Acc 95.00% | WER 12.69%
epoch  16 | iteration   400 | Loss 0.217586 | Acc 95.42% | WER 15.31%
epoch  16 | iteration   420 | Loss 0.241758 | Acc 94.38% | WER 15.05%
epoch  16 | iteration   440 | Loss 0.204743 | Acc 95.42% | WER 14.80%
epoch  16 | iteration   460 | Loss 0.169723 | Acc 96.25% | WER 13.51%
epoch  16 | iteration   480 | Loss 0.207362 | Acc 96.04% | WER 10.01%
epoch  16 | iteration   500 | Loss 0.247916 | Acc 95.42% | WER 14.75%
epoch  16 | iteration   520 | Loss 0.168025 | Acc 96.46% | WER 9.25%
epoch  16 | iteration   540 | Loss 0.196491 | Acc 95.62% | WER 16.41%
epoch  16 | iteration   560 | Loss 0.229136 | Acc 94.58% | WER 15.39%
epoch  16 | iteration   580 | Loss 0.215113 | Acc 95.21% | WER 14.86%
epoch  16 | iteration   600 | Loss 0.180970 | Acc 96.67% | WER 10.42%
epoch  16 | iteration   620 | Loss 0.174920 | Acc 96.88% | WER 11.98%
epoch  16 | iteration   640 | Loss 0.210270 | Acc 95.42% | WER 16.93%
epoch  16 | iteration   660 | Loss 0.212353 | Acc 95.21% | WER 12.71%
epoch  16 | iteration   680 | Loss 0.163564 | Acc 96.25% | WER 10.14%
epoch  16 | iteration   700 | Loss 0.202805 | Acc 95.42% | WER 13.98%
epoch  16 | iteration   720 | Loss 0.167266 | Acc 95.62% | WER 16.50%
epoch  16 | iteration   740 | Loss 0.245589 | Acc 95.21% | WER 12.97%
epoch  16 | iteration   760 | Loss 0.238900 | Acc 94.58% | WER 16.61%
epoch  16 | iteration   780 | Loss 0.152183 | Acc 97.29% | WER 8.90%
epoch  16 | iteration   800 | Loss 0.180445 | Acc 96.04% | WER 11.54%
epoch  16 | iteration   820 | Loss 0.161477 | Acc 95.83% | WER 12.97%
epoch  16 | iteration   840 | Loss 0.236290 | Acc 94.79% | WER 15.82%
epoch  16 | iteration   860 | Loss 0.170686 | Acc 96.46% | WER 9.75%
epoch  16 | iteration   880 | Loss 0.218024 | Acc 94.79% | WER 16.34%
epoch  16 | iteration   900 | Loss 0.285109 | Acc 94.17% | WER 19.20%
epoch  16 | iteration   920 | Loss 0.212277 | Acc 95.42% | WER 12.31%
epoch  16 | iteration   940 | Loss 0.192261 | Acc 95.62% | WER 12.04%
epoch  16 | iteration   960 | Loss 0.237854 | Acc 94.79% | WER 14.92%
epoch  16 | iteration   980 | Loss 0.138381 | Acc 96.46% | WER 11.20%
epoch  16 | iteration  1000 | Loss 0.202371 | Acc 96.04% | WER 11.04%
epoch  16 | iteration  1020 | Loss 0.199319 | Acc 95.21% | WER 13.06%
epoch  16 | iteration  1040 | Loss 0.181678 | Acc 95.83% | WER 16.30%
epoch  16 | iteration  1060 | Loss 0.166674 | Acc 96.67% | WER 10.26%
epoch  16 | iteration  1080 | Loss 0.125451 | Acc 97.08% | WER 14.09%
epoch  16 | iteration  1100 | Loss 0.154681 | Acc 96.46% | WER 9.71%
epoch  16 | iteration  1120 | Loss 0.192197 | Acc 96.04% | WER 14.17%
epoch  16 | iteration  1140 | Loss 0.210893 | Acc 94.79% | WER 14.57%
epoch  16 | iteration  1160 | Loss 0.225248 | Acc 95.21% | WER 16.65%
Average Training Loss of Epoch 16: 0.208503 | Acc: 95.50% | WER 13.95%
Average Validation Loss of Epoch 16: 4.040355 | Acc: 73.50% | WER: 137.05% | BLEU-4: 3.33
Average test Loss of Epoch 16: 8.535873 | Acc: 57.45% | WER: 111.62% | BLEU-4: 0.00
####################Epoch 16 Model Saved####################
epoch  17 | iteration    20 | Loss 0.201977 | Acc 95.42% | WER 14.35%
epoch  17 | iteration    40 | Loss 0.187610 | Acc 96.04% | WER 11.74%
epoch  17 | iteration    60 | Loss 0.228665 | Acc 95.21% | WER 13.81%
epoch  17 | iteration    80 | Loss 0.191150 | Acc 96.04% | WER 12.21%
epoch  17 | iteration   100 | Loss 0.173166 | Acc 96.67% | WER 10.32%
epoch  17 | iteration   120 | Loss 0.188694 | Acc 96.25% | WER 11.47%
epoch  17 | iteration   140 | Loss 0.266973 | Acc 94.38% | WER 15.18%
epoch  17 | iteration   160 | Loss 0.226637 | Acc 94.79% | WER 17.23%
epoch  17 | iteration   180 | Loss 0.150184 | Acc 96.67% | WER 12.03%
epoch  17 | iteration   200 | Loss 0.185941 | Acc 95.42% | WER 18.61%
epoch  17 | iteration   220 | Loss 0.158140 | Acc 96.25% | WER 15.62%
epoch  17 | iteration   240 | Loss 0.186456 | Acc 95.62% | WER 15.69%
epoch  17 | iteration   260 | Loss 0.204952 | Acc 95.83% | WER 13.00%
epoch  17 | iteration   280 | Loss 0.203633 | Acc 95.00% | WER 14.03%
epoch  17 | iteration   300 | Loss 0.175860 | Acc 95.62% | WER 16.73%
epoch  17 | iteration   320 | Loss 0.150141 | Acc 96.46% | WER 11.18%
epoch  17 | iteration   340 | Loss 0.211391 | Acc 95.42% | WER 13.18%
epoch  17 | iteration   360 | Loss 0.185637 | Acc 95.62% | WER 11.08%
epoch  17 | iteration   380 | Loss 0.187726 | Acc 96.46% | WER 14.16%
epoch  17 | iteration   400 | Loss 0.166583 | Acc 96.04% | WER 12.81%
epoch  17 | iteration   420 | Loss 0.245893 | Acc 94.58% | WER 18.07%
epoch  17 | iteration   440 | Loss 0.171205 | Acc 96.25% | WER 9.97%
epoch  17 | iteration   460 | Loss 0.235199 | Acc 94.79% | WER 14.77%
epoch  17 | iteration   480 | Loss 0.192822 | Acc 96.04% | WER 12.43%
epoch  17 | iteration   500 | Loss 0.184540 | Acc 95.62% | WER 13.61%
epoch  17 | iteration   520 | Loss 0.237353 | Acc 95.00% | WER 17.25%
epoch  17 | iteration   540 | Loss 0.210208 | Acc 95.21% | WER 13.60%
epoch  17 | iteration   560 | Loss 0.188011 | Acc 95.42% | WER 15.86%
epoch  17 | iteration   580 | Loss 0.180791 | Acc 96.04% | WER 12.28%
epoch  17 | iteration   600 | Loss 0.200331 | Acc 95.42% | WER 16.59%
epoch  17 | iteration   620 | Loss 0.200217 | Acc 95.62% | WER 12.60%
epoch  17 | iteration   640 | Loss 0.186116 | Acc 95.83% | WER 12.94%
epoch  17 | iteration   660 | Loss 0.191028 | Acc 94.79% | WER 15.56%
epoch  17 | iteration   680 | Loss 0.195280 | Acc 94.79% | WER 20.77%
epoch  17 | iteration   700 | Loss 0.168582 | Acc 96.46% | WER 10.82%
epoch  17 | iteration   720 | Loss 0.165592 | Acc 96.46% | WER 11.16%
epoch  17 | iteration   740 | Loss 0.171714 | Acc 95.83% | WER 11.35%
epoch  17 | iteration   760 | Loss 0.211023 | Acc 96.25% | WER 13.23%
epoch  17 | iteration   780 | Loss 0.172394 | Acc 96.25% | WER 12.06%
epoch  17 | iteration   800 | Loss 0.200725 | Acc 95.00% | WER 14.40%
epoch  17 | iteration   820 | Loss 0.219249 | Acc 94.79% | WER 14.32%
epoch  17 | iteration   840 | Loss 0.174899 | Acc 95.42% | WER 14.98%
epoch  17 | iteration   860 | Loss 0.195374 | Acc 96.67% | WER 8.88%
epoch  17 | iteration   880 | Loss 0.145514 | Acc 96.88% | WER 12.24%
epoch  17 | iteration   900 | Loss 0.169409 | Acc 95.83% | WER 12.46%
epoch  17 | iteration   920 | Loss 0.210552 | Acc 95.62% | WER 13.55%
epoch  17 | iteration   940 | Loss 0.164172 | Acc 96.25% | WER 10.46%
epoch  17 | iteration   960 | Loss 0.193748 | Acc 95.21% | WER 17.41%
epoch  17 | iteration   980 | Loss 0.164617 | Acc 96.04% | WER 13.05%
epoch  17 | iteration  1000 | Loss 0.198273 | Acc 96.46% | WER 12.42%
epoch  17 | iteration  1020 | Loss 0.223734 | Acc 94.58% | WER 12.94%
epoch  17 | iteration  1040 | Loss 0.180226 | Acc 95.83% | WER 13.81%
epoch  17 | iteration  1060 | Loss 0.198663 | Acc 95.00% | WER 16.24%
epoch  17 | iteration  1080 | Loss 0.132317 | Acc 96.67% | WER 10.73%
epoch  17 | iteration  1100 | Loss 0.226451 | Acc 95.21% | WER 12.93%
epoch  17 | iteration  1120 | Loss 0.220779 | Acc 96.25% | WER 10.46%
epoch  17 | iteration  1140 | Loss 0.187643 | Acc 96.25% | WER 10.57%
epoch  17 | iteration  1160 | Loss 0.154330 | Acc 96.88% | WER 9.53%
Average Training Loss of Epoch 17: 0.188793 | Acc: 95.85% | WER 12.91%
Average Validation Loss of Epoch 17: 3.723836 | Acc: 75.77% | WER: 120.36% | BLEU-4: 1.62
Average test Loss of Epoch 17: 8.419648 | Acc: 56.97% | WER: 112.91% | BLEU-4: 0.00
####################Epoch 17 Model Saved####################
epoch  18 | iteration    20 | Loss 0.180989 | Acc 95.21% | WER 17.33%
epoch  18 | iteration    40 | Loss 0.167333 | Acc 96.46% | WER 11.07%
epoch  18 | iteration    60 | Loss 0.203687 | Acc 95.00% | WER 17.63%
epoch  18 | iteration    80 | Loss 0.180863 | Acc 95.21% | WER 13.66%
epoch  18 | iteration   100 | Loss 0.115823 | Acc 97.92% | WER 7.93%
epoch  18 | iteration   120 | Loss 0.180278 | Acc 95.83% | WER 13.50%
epoch  18 | iteration   140 | Loss 0.107939 | Acc 97.29% | WER 9.69%
epoch  18 | iteration   160 | Loss 0.205366 | Acc 95.62% | WER 12.88%
epoch  18 | iteration   180 | Loss 0.167954 | Acc 96.04% | WER 13.92%
epoch  18 | iteration   200 | Loss 0.143607 | Acc 96.88% | WER 7.73%
epoch  18 | iteration   220 | Loss 0.129203 | Acc 97.50% | WER 7.90%
epoch  18 | iteration   240 | Loss 0.186960 | Acc 95.62% | WER 13.10%
epoch  18 | iteration   260 | Loss 0.183976 | Acc 96.25% | WER 10.32%
epoch  18 | iteration   280 | Loss 0.206304 | Acc 95.21% | WER 15.35%
epoch  18 | iteration   300 | Loss 0.196669 | Acc 95.42% | WER 17.32%
epoch  18 | iteration   320 | Loss 0.150297 | Acc 96.46% | WER 10.48%
epoch  18 | iteration   340 | Loss 0.223390 | Acc 94.38% | WER 17.49%
epoch  18 | iteration   360 | Loss 0.176885 | Acc 95.83% | WER 10.89%
epoch  18 | iteration   380 | Loss 0.170644 | Acc 96.46% | WER 11.84%
epoch  18 | iteration   400 | Loss 0.156254 | Acc 96.46% | WER 9.26%
epoch  18 | iteration   420 | Loss 0.108587 | Acc 97.71% | WER 7.09%
epoch  18 | iteration   440 | Loss 0.232629 | Acc 95.21% | WER 13.22%
epoch  18 | iteration   460 | Loss 0.135072 | Acc 97.08% | WER 8.95%
epoch  18 | iteration   480 | Loss 0.175827 | Acc 96.04% | WER 11.12%
epoch  18 | iteration   500 | Loss 0.178814 | Acc 96.25% | WER 12.82%
epoch  18 | iteration   520 | Loss 0.161595 | Acc 96.67% | WER 10.58%
epoch  18 | iteration   540 | Loss 0.177924 | Acc 96.67% | WER 11.77%
epoch  18 | iteration   560 | Loss 0.138479 | Acc 97.08% | WER 13.08%
epoch  18 | iteration   580 | Loss 0.145558 | Acc 97.08% | WER 9.13%
epoch  18 | iteration   600 | Loss 0.154342 | Acc 96.25% | WER 13.75%
epoch  18 | iteration   620 | Loss 0.201001 | Acc 95.21% | WER 13.83%
epoch  18 | iteration   640 | Loss 0.200075 | Acc 95.62% | WER 13.33%
epoch  18 | iteration   660 | Loss 0.182111 | Acc 96.25% | WER 11.63%
epoch  18 | iteration   680 | Loss 0.120694 | Acc 97.71% | WER 7.31%
epoch  18 | iteration   700 | Loss 0.178897 | Acc 95.42% | WER 13.62%
epoch  18 | iteration   720 | Loss 0.197276 | Acc 95.62% | WER 12.26%
epoch  18 | iteration   740 | Loss 0.218937 | Acc 95.62% | WER 11.75%
epoch  18 | iteration   760 | Loss 0.163033 | Acc 96.25% | WER 12.47%
epoch  18 | iteration   780 | Loss 0.175523 | Acc 96.25% | WER 12.24%
epoch  18 | iteration   800 | Loss 0.162961 | Acc 97.08% | WER 9.25%
epoch  18 | iteration   820 | Loss 0.137389 | Acc 97.29% | WER 9.52%
epoch  18 | iteration   840 | Loss 0.213806 | Acc 96.04% | WER 12.38%
epoch  18 | iteration   860 | Loss 0.199796 | Acc 95.62% | WER 11.86%
epoch  18 | iteration   880 | Loss 0.222602 | Acc 95.62% | WER 18.22%
epoch  18 | iteration   900 | Loss 0.177150 | Acc 96.25% | WER 13.11%
epoch  18 | iteration   920 | Loss 0.172036 | Acc 96.04% | WER 13.14%
epoch  18 | iteration   940 | Loss 0.180975 | Acc 95.83% | WER 14.00%
epoch  18 | iteration   960 | Loss 0.108739 | Acc 97.71% | WER 8.89%
epoch  18 | iteration   980 | Loss 0.140288 | Acc 97.50% | WER 6.78%
epoch  18 | iteration  1000 | Loss 0.184855 | Acc 95.83% | WER 11.35%
epoch  18 | iteration  1020 | Loss 0.156600 | Acc 96.67% | WER 11.10%
epoch  18 | iteration  1040 | Loss 0.210266 | Acc 96.25% | WER 11.09%
epoch  18 | iteration  1060 | Loss 0.200646 | Acc 94.79% | WER 15.58%
epoch  18 | iteration  1080 | Loss 0.150906 | Acc 97.08% | WER 11.64%
epoch  18 | iteration  1100 | Loss 0.179920 | Acc 96.04% | WER 12.05%
epoch  18 | iteration  1120 | Loss 0.234397 | Acc 95.21% | WER 13.07%
epoch  18 | iteration  1140 | Loss 0.167349 | Acc 96.25% | WER 9.25%
epoch  18 | iteration  1160 | Loss 0.100896 | Acc 98.54% | WER 6.13%
Average Training Loss of Epoch 18: 0.167452 | Acc: 96.28% | WER 11.59%
Average Validation Loss of Epoch 18: 3.075579 | Acc: 79.78% | WER: 98.99% | BLEU-4: 7.00
Average test Loss of Epoch 18: 8.141557 | Acc: 58.58% | WER: 106.84% | BLEU-4: 0.00
####################Epoch 18 Model Saved####################
epoch  19 | iteration    20 | Loss 0.143306 | Acc 96.25% | WER 11.74%
epoch  19 | iteration    40 | Loss 0.259923 | Acc 93.75% | WER 18.20%
epoch  19 | iteration    60 | Loss 0.177194 | Acc 95.21% | WER 15.63%
epoch  19 | iteration    80 | Loss 0.114586 | Acc 96.88% | WER 7.56%
epoch  19 | iteration   100 | Loss 0.146623 | Acc 96.46% | WER 9.59%
epoch  19 | iteration   120 | Loss 0.209129 | Acc 94.79% | WER 13.13%
epoch  19 | iteration   140 | Loss 0.160456 | Acc 96.46% | WER 9.79%
epoch  19 | iteration   160 | Loss 0.129279 | Acc 96.88% | WER 11.90%
epoch  19 | iteration   180 | Loss 0.160898 | Acc 95.83% | WER 12.61%
epoch  19 | iteration   200 | Loss 0.160414 | Acc 96.46% | WER 10.94%
epoch  19 | iteration   220 | Loss 0.127715 | Acc 97.08% | WER 8.98%
epoch  19 | iteration   240 | Loss 0.181126 | Acc 95.62% | WER 12.85%
epoch  19 | iteration   260 | Loss 0.163174 | Acc 95.83% | WER 12.36%
epoch  19 | iteration   280 | Loss 0.112295 | Acc 97.71% | WER 7.88%
epoch  19 | iteration   300 | Loss 0.161462 | Acc 96.67% | WER 11.14%
epoch  19 | iteration   320 | Loss 0.134209 | Acc 96.46% | WER 12.15%
epoch  19 | iteration   340 | Loss 0.140203 | Acc 96.88% | WER 8.34%
epoch  19 | iteration   360 | Loss 0.154250 | Acc 96.88% | WER 8.33%
epoch  19 | iteration   380 | Loss 0.086076 | Acc 98.12% | WER 5.42%
epoch  19 | iteration   400 | Loss 0.122942 | Acc 97.71% | WER 7.13%
epoch  19 | iteration   420 | Loss 0.170023 | Acc 96.46% | WER 10.12%
epoch  19 | iteration   440 | Loss 0.122874 | Acc 97.50% | WER 6.74%
epoch  19 | iteration   460 | Loss 0.122117 | Acc 97.08% | WER 8.40%
epoch  19 | iteration   480 | Loss 0.136987 | Acc 96.88% | WER 9.85%
epoch  19 | iteration   500 | Loss 0.136688 | Acc 97.50% | WER 9.50%
epoch  19 | iteration   520 | Loss 0.091810 | Acc 98.12% | WER 5.40%
epoch  19 | iteration   540 | Loss 0.206738 | Acc 95.42% | WER 14.93%
epoch  19 | iteration   560 | Loss 0.137030 | Acc 97.50% | WER 8.46%
epoch  19 | iteration   580 | Loss 0.152413 | Acc 96.67% | WER 11.53%
epoch  19 | iteration   600 | Loss 0.138189 | Acc 97.29% | WER 7.47%
epoch  19 | iteration   620 | Loss 0.141630 | Acc 96.46% | WER 9.78%
epoch  19 | iteration   640 | Loss 0.157651 | Acc 96.46% | WER 10.86%
epoch  19 | iteration   660 | Loss 0.089703 | Acc 97.50% | WER 8.23%
epoch  19 | iteration   680 | Loss 0.107784 | Acc 97.08% | WER 8.87%
epoch  19 | iteration   700 | Loss 0.115547 | Acc 97.50% | WER 9.11%
epoch  19 | iteration   720 | Loss 0.118003 | Acc 97.29% | WER 8.49%
epoch  19 | iteration   740 | Loss 0.115578 | Acc 97.92% | WER 7.96%
epoch  19 | iteration   760 | Loss 0.145154 | Acc 96.67% | WER 9.69%
epoch  19 | iteration   780 | Loss 0.112137 | Acc 97.29% | WER 7.48%
epoch  19 | iteration   800 | Loss 0.113889 | Acc 97.08% | WER 9.95%
epoch  19 | iteration   820 | Loss 0.226977 | Acc 94.38% | WER 18.08%
epoch  19 | iteration   840 | Loss 0.134480 | Acc 96.88% | WER 7.30%
epoch  19 | iteration   860 | Loss 0.172812 | Acc 96.04% | WER 11.62%
epoch  19 | iteration   880 | Loss 0.125650 | Acc 97.29% | WER 9.86%
epoch  19 | iteration   900 | Loss 0.141727 | Acc 97.29% | WER 7.83%
epoch  19 | iteration   920 | Loss 0.186869 | Acc 95.42% | WER 13.13%
epoch  19 | iteration   940 | Loss 0.121825 | Acc 97.71% | WER 7.55%
epoch  19 | iteration   960 | Loss 0.120129 | Acc 96.67% | WER 11.34%
epoch  19 | iteration   980 | Loss 0.144968 | Acc 96.46% | WER 13.15%
epoch  19 | iteration  1000 | Loss 0.115646 | Acc 97.71% | WER 6.87%
epoch  19 | iteration  1020 | Loss 0.123270 | Acc 97.29% | WER 7.22%
epoch  19 | iteration  1040 | Loss 0.162646 | Acc 96.67% | WER 9.63%
epoch  19 | iteration  1060 | Loss 0.128648 | Acc 97.29% | WER 7.82%
epoch  19 | iteration  1080 | Loss 0.147836 | Acc 97.29% | WER 7.79%
epoch  19 | iteration  1100 | Loss 0.130067 | Acc 96.88% | WER 10.14%
epoch  19 | iteration  1120 | Loss 0.143392 | Acc 96.04% | WER 12.12%
epoch  19 | iteration  1140 | Loss 0.135698 | Acc 96.67% | WER 9.69%
epoch  19 | iteration  1160 | Loss 0.115299 | Acc 97.29% | WER 8.13%
Average Training Loss of Epoch 19: 0.147218 | Acc: 96.70% | WER 10.23%
Average Validation Loss of Epoch 19: 3.617313 | Acc: 77.42% | WER: 106.46% | BLEU-4: 0.75
Average test Loss of Epoch 19: 8.453389 | Acc: 56.83% | WER: 113.77% | BLEU-4: 0.00
####################Epoch 19 Model Saved####################
epoch  20 | iteration    20 | Loss 0.136616 | Acc 97.08% | WER 9.84%
epoch  20 | iteration    40 | Loss 0.145080 | Acc 96.25% | WER 11.14%
epoch  20 | iteration    60 | Loss 0.090582 | Acc 97.29% | WER 8.15%
epoch  20 | iteration    80 | Loss 0.111092 | Acc 97.50% | WER 7.31%
epoch  20 | iteration   100 | Loss 0.095475 | Acc 98.12% | WER 5.00%
epoch  20 | iteration   120 | Loss 0.088652 | Acc 98.12% | WER 5.77%
epoch  20 | iteration   140 | Loss 0.103760 | Acc 97.71% | WER 7.16%
epoch  20 | iteration   160 | Loss 0.178540 | Acc 95.62% | WER 11.72%
epoch  20 | iteration   180 | Loss 0.174650 | Acc 96.04% | WER 13.27%
epoch  20 | iteration   200 | Loss 0.135832 | Acc 97.08% | WER 8.76%
epoch  20 | iteration   220 | Loss 0.093414 | Acc 97.29% | WER 7.84%
epoch  20 | iteration   240 | Loss 0.086654 | Acc 98.12% | WER 8.00%
epoch  20 | iteration   260 | Loss 0.101765 | Acc 98.12% | WER 4.10%
epoch  20 | iteration   280 | Loss 0.115770 | Acc 97.71% | WER 5.93%
epoch  20 | iteration   300 | Loss 0.122212 | Acc 96.25% | WER 9.22%
epoch  20 | iteration   320 | Loss 0.130855 | Acc 96.88% | WER 11.03%
epoch  20 | iteration   340 | Loss 0.109457 | Acc 97.71% | WER 8.21%
epoch  20 | iteration   360 | Loss 0.141957 | Acc 96.67% | WER 10.27%
epoch  20 | iteration   380 | Loss 0.139220 | Acc 97.29% | WER 9.63%
epoch  20 | iteration   400 | Loss 0.161762 | Acc 96.67% | WER 10.72%
epoch  20 | iteration   420 | Loss 0.185335 | Acc 96.67% | WER 10.53%
epoch  20 | iteration   440 | Loss 0.136488 | Acc 96.25% | WER 11.71%
epoch  20 | iteration   460 | Loss 0.153118 | Acc 96.67% | WER 13.12%
epoch  20 | iteration   480 | Loss 0.132439 | Acc 97.71% | WER 7.60%
epoch  20 | iteration   500 | Loss 0.125146 | Acc 97.71% | WER 6.64%
epoch  20 | iteration   520 | Loss 0.136493 | Acc 96.25% | WER 11.11%
epoch  20 | iteration   540 | Loss 0.134392 | Acc 96.88% | WER 9.32%
epoch  20 | iteration   560 | Loss 0.153302 | Acc 97.08% | WER 8.53%
epoch  20 | iteration   580 | Loss 0.167416 | Acc 96.25% | WER 12.60%
epoch  20 | iteration   600 | Loss 0.139946 | Acc 96.46% | WER 8.86%
epoch  20 | iteration   620 | Loss 0.154847 | Acc 96.04% | WER 12.41%
epoch  20 | iteration   640 | Loss 0.128321 | Acc 97.08% | WER 13.57%
epoch  20 | iteration   660 | Loss 0.137075 | Acc 97.08% | WER 9.67%
epoch  20 | iteration   680 | Loss 0.150329 | Acc 97.08% | WER 9.50%
epoch  20 | iteration   700 | Loss 0.164082 | Acc 96.67% | WER 9.80%
epoch  20 | iteration   720 | Loss 0.129094 | Acc 96.88% | WER 8.67%
epoch  20 | iteration   740 | Loss 0.154657 | Acc 96.04% | WER 14.00%
epoch  20 | iteration   760 | Loss 0.083966 | Acc 98.12% | WER 6.49%
epoch  20 | iteration   780 | Loss 0.146284 | Acc 96.88% | WER 9.47%
epoch  20 | iteration   800 | Loss 0.123405 | Acc 97.08% | WER 7.48%
epoch  20 | iteration   820 | Loss 0.116776 | Acc 97.50% | WER 8.68%
epoch  20 | iteration   840 | Loss 0.131657 | Acc 96.46% | WER 10.54%
epoch  20 | iteration   860 | Loss 0.151844 | Acc 96.88% | WER 8.96%
epoch  20 | iteration   880 | Loss 0.148721 | Acc 96.04% | WER 11.54%
epoch  20 | iteration   900 | Loss 0.137189 | Acc 97.08% | WER 9.10%
epoch  20 | iteration   920 | Loss 0.125017 | Acc 96.88% | WER 7.91%
epoch  20 | iteration   940 | Loss 0.139917 | Acc 96.67% | WER 12.34%
epoch  20 | iteration   960 | Loss 0.135244 | Acc 97.08% | WER 8.57%
epoch  20 | iteration   980 | Loss 0.160318 | Acc 96.04% | WER 12.98%
epoch  20 | iteration  1000 | Loss 0.141823 | Acc 97.08% | WER 8.18%
epoch  20 | iteration  1020 | Loss 0.147644 | Acc 97.29% | WER 9.60%
epoch  20 | iteration  1040 | Loss 0.167364 | Acc 95.62% | WER 12.24%
epoch  20 | iteration  1060 | Loss 0.155464 | Acc 96.67% | WER 8.35%
epoch  20 | iteration  1080 | Loss 0.134135 | Acc 96.88% | WER 8.46%
epoch  20 | iteration  1100 | Loss 0.148720 | Acc 96.25% | WER 12.33%
epoch  20 | iteration  1120 | Loss 0.104233 | Acc 97.08% | WER 9.69%
epoch  20 | iteration  1140 | Loss 0.192746 | Acc 94.38% | WER 16.78%
epoch  20 | iteration  1160 | Loss 0.106208 | Acc 97.08% | WER 10.38%
Average Training Loss of Epoch 20: 0.130710 | Acc: 97.03% | WER 9.27%
Average Validation Loss of Epoch 20: 3.448606 | Acc: 78.10% | WER: 96.88% | BLEU-4: 2.67
Average test Loss of Epoch 20: 8.529272 | Acc: 57.07% | WER: 113.70% | BLEU-4: 0.00
####################Epoch 20 Model Saved####################
epoch  21 | iteration    20 | Loss 0.076632 | Acc 98.54% | WER 5.27%
epoch  21 | iteration    40 | Loss 0.067612 | Acc 98.75% | WER 3.26%
epoch  21 | iteration    60 | Loss 0.083769 | Acc 97.71% | WER 6.50%
epoch  21 | iteration    80 | Loss 0.115254 | Acc 97.71% | WER 6.45%
epoch  21 | iteration   100 | Loss 0.085853 | Acc 98.12% | WER 6.65%
epoch  21 | iteration   120 | Loss 0.088907 | Acc 98.12% | WER 6.40%
epoch  21 | iteration   140 | Loss 0.108219 | Acc 97.71% | WER 6.92%
epoch  21 | iteration   160 | Loss 0.059640 | Acc 99.17% | WER 2.56%
epoch  21 | iteration   180 | Loss 0.087530 | Acc 98.75% | WER 3.57%
epoch  21 | iteration   200 | Loss 0.081632 | Acc 98.75% | WER 4.12%
epoch  21 | iteration   220 | Loss 0.094253 | Acc 97.92% | WER 7.33%
epoch  21 | iteration   240 | Loss 0.127228 | Acc 96.88% | WER 8.19%
epoch  21 | iteration   260 | Loss 0.081698 | Acc 98.33% | WER 6.06%
epoch  21 | iteration   280 | Loss 0.134427 | Acc 96.88% | WER 9.89%
epoch  21 | iteration   300 | Loss 0.094565 | Acc 97.92% | WER 7.13%
epoch  21 | iteration   320 | Loss 0.110788 | Acc 97.92% | WER 6.29%
epoch  21 | iteration   340 | Loss 0.118909 | Acc 97.71% | WER 7.55%
epoch  21 | iteration   360 | Loss 0.105409 | Acc 97.71% | WER 6.86%
epoch  21 | iteration   380 | Loss 0.124173 | Acc 97.29% | WER 7.56%
epoch  21 | iteration   400 | Loss 0.111015 | Acc 97.92% | WER 5.60%
epoch  21 | iteration   420 | Loss 0.063591 | Acc 98.96% | WER 3.19%
epoch  21 | iteration   440 | Loss 0.088583 | Acc 97.92% | WER 5.66%
epoch  21 | iteration   460 | Loss 0.143450 | Acc 96.46% | WER 10.74%
epoch  21 | iteration   480 | Loss 0.151971 | Acc 95.83% | WER 12.50%
epoch  21 | iteration   500 | Loss 0.081882 | Acc 98.75% | WER 4.15%
epoch  21 | iteration   520 | Loss 0.204314 | Acc 95.00% | WER 14.62%
epoch  21 | iteration   540 | Loss 0.124245 | Acc 96.88% | WER 11.15%
epoch  21 | iteration   560 | Loss 0.082435 | Acc 98.12% | WER 6.27%
epoch  21 | iteration   580 | Loss 0.127703 | Acc 96.25% | WER 12.38%
epoch  21 | iteration   600 | Loss 0.105124 | Acc 98.12% | WER 7.46%
epoch  21 | iteration   620 | Loss 0.108947 | Acc 97.71% | WER 7.36%
epoch  21 | iteration   640 | Loss 0.118235 | Acc 97.71% | WER 5.87%
epoch  21 | iteration   660 | Loss 0.163326 | Acc 96.04% | WER 11.48%
epoch  21 | iteration   680 | Loss 0.108762 | Acc 97.92% | WER 6.04%
epoch  21 | iteration   700 | Loss 0.098467 | Acc 97.71% | WER 5.79%
epoch  21 | iteration   720 | Loss 0.137067 | Acc 96.04% | WER 15.79%
epoch  21 | iteration   740 | Loss 0.135225 | Acc 97.29% | WER 7.68%
epoch  21 | iteration   760 | Loss 0.113272 | Acc 97.92% | WER 6.48%
epoch  21 | iteration   780 | Loss 0.088780 | Acc 97.71% | WER 6.53%
epoch  21 | iteration   800 | Loss 0.125526 | Acc 97.29% | WER 7.24%
epoch  21 | iteration   820 | Loss 0.087186 | Acc 98.33% | WER 4.42%
epoch  21 | iteration   840 | Loss 0.129346 | Acc 97.50% | WER 8.86%
epoch  21 | iteration   860 | Loss 0.085671 | Acc 97.71% | WER 6.90%
epoch  21 | iteration   880 | Loss 0.095486 | Acc 98.33% | WER 5.55%
epoch  21 | iteration   900 | Loss 0.098541 | Acc 97.92% | WER 5.92%
epoch  21 | iteration   920 | Loss 0.130047 | Acc 97.08% | WER 11.51%
epoch  21 | iteration   940 | Loss 0.186973 | Acc 95.83% | WER 13.86%
epoch  21 | iteration   960 | Loss 0.138371 | Acc 97.08% | WER 8.65%
epoch  21 | iteration   980 | Loss 0.102626 | Acc 97.29% | WER 7.21%
epoch  21 | iteration  1000 | Loss 0.134271 | Acc 97.29% | WER 8.25%
epoch  21 | iteration  1020 | Loss 0.088251 | Acc 97.92% | WER 6.00%
epoch  21 | iteration  1040 | Loss 0.113519 | Acc 96.88% | WER 9.46%
epoch  21 | iteration  1060 | Loss 0.082653 | Acc 98.54% | WER 4.67%
epoch  21 | iteration  1080 | Loss 0.155244 | Acc 96.25% | WER 13.49%
epoch  21 | iteration  1100 | Loss 0.142795 | Acc 97.29% | WER 7.69%
epoch  21 | iteration  1120 | Loss 0.143017 | Acc 96.67% | WER 10.12%
epoch  21 | iteration  1140 | Loss 0.097627 | Acc 98.12% | WER 5.95%
epoch  21 | iteration  1160 | Loss 0.118046 | Acc 97.08% | WER 9.26%
Average Training Loss of Epoch 21: 0.116186 | Acc: 97.31% | WER 8.35%
Average Validation Loss of Epoch 21: 3.336558 | Acc: 78.13% | WER: 100.08% | BLEU-4: 9.83
Average test Loss of Epoch 21: 8.106057 | Acc: 58.47% | WER: 109.26% | BLEU-4: 0.00
####################Epoch 21 Model Saved####################
epoch  22 | iteration    20 | Loss 0.112560 | Acc 97.29% | WER 7.52%
epoch  22 | iteration    40 | Loss 0.092127 | Acc 97.71% | WER 6.88%
epoch  22 | iteration    60 | Loss 0.097590 | Acc 97.92% | WER 7.18%
epoch  22 | iteration    80 | Loss 0.086105 | Acc 98.33% | WER 3.93%
epoch  22 | iteration   100 | Loss 0.104555 | Acc 97.71% | WER 6.57%
epoch  22 | iteration   120 | Loss 0.100911 | Acc 97.92% | WER 7.00%
epoch  22 | iteration   140 | Loss 0.090828 | Acc 97.92% | WER 5.85%
epoch  22 | iteration   160 | Loss 0.100387 | Acc 97.50% | WER 7.39%
epoch  22 | iteration   180 | Loss 0.151128 | Acc 96.88% | WER 8.50%
epoch  22 | iteration   200 | Loss 0.106512 | Acc 96.88% | WER 9.39%
epoch  22 | iteration   220 | Loss 0.053810 | Acc 98.75% | WER 5.15%
epoch  22 | iteration   240 | Loss 0.103613 | Acc 97.08% | WER 9.59%
epoch  22 | iteration   260 | Loss 0.121857 | Acc 96.88% | WER 10.90%
epoch  22 | iteration   280 | Loss 0.063401 | Acc 98.54% | WER 3.83%
epoch  22 | iteration   300 | Loss 0.137363 | Acc 96.67% | WER 8.49%
epoch  22 | iteration   320 | Loss 0.073300 | Acc 98.33% | WER 6.24%
epoch  22 | iteration   340 | Loss 0.070150 | Acc 98.12% | WER 6.90%
epoch  22 | iteration   360 | Loss 0.118835 | Acc 97.92% | WER 5.76%
epoch  22 | iteration   380 | Loss 0.056476 | Acc 99.17% | WER 2.64%
epoch  22 | iteration   400 | Loss 0.069907 | Acc 98.33% | WER 3.90%
epoch  22 | iteration   420 | Loss 0.103196 | Acc 97.08% | WER 9.25%
epoch  22 | iteration   440 | Loss 0.141604 | Acc 96.46% | WER 11.17%
epoch  22 | iteration   460 | Loss 0.073320 | Acc 98.54% | WER 4.33%
epoch  22 | iteration   480 | Loss 0.124418 | Acc 97.08% | WER 9.40%
epoch  22 | iteration   500 | Loss 0.155883 | Acc 95.62% | WER 13.58%
epoch  22 | iteration   520 | Loss 0.105693 | Acc 97.29% | WER 8.10%
epoch  22 | iteration   540 | Loss 0.101936 | Acc 97.92% | WER 6.79%
epoch  22 | iteration   560 | Loss 0.065642 | Acc 98.54% | WER 4.50%
epoch  22 | iteration   580 | Loss 0.129090 | Acc 96.46% | WER 14.94%
epoch  22 | iteration   600 | Loss 0.111810 | Acc 97.29% | WER 8.71%
epoch  22 | iteration   620 | Loss 0.080380 | Acc 98.12% | WER 4.54%
epoch  22 | iteration   640 | Loss 0.061030 | Acc 98.33% | WER 4.85%
epoch  22 | iteration   660 | Loss 0.068893 | Acc 98.75% | WER 3.21%
epoch  22 | iteration   680 | Loss 0.095370 | Acc 97.71% | WER 5.75%
epoch  22 | iteration   700 | Loss 0.077340 | Acc 97.71% | WER 5.46%
epoch  22 | iteration   720 | Loss 0.086729 | Acc 97.92% | WER 8.94%
epoch  22 | iteration   740 | Loss 0.105311 | Acc 97.29% | WER 9.73%
epoch  22 | iteration   760 | Loss 0.071205 | Acc 98.54% | WER 4.46%
epoch  22 | iteration   780 | Loss 0.072707 | Acc 98.54% | WER 4.63%
epoch  22 | iteration   800 | Loss 0.071105 | Acc 97.92% | WER 6.07%
epoch  22 | iteration   820 | Loss 0.098906 | Acc 98.12% | WER 6.90%
epoch  22 | iteration   840 | Loss 0.113360 | Acc 97.08% | WER 9.47%
epoch  22 | iteration   860 | Loss 0.104520 | Acc 97.92% | WER 5.76%
epoch  22 | iteration   880 | Loss 0.137369 | Acc 97.50% | WER 9.21%
epoch  22 | iteration   900 | Loss 0.105317 | Acc 97.50% | WER 8.83%
