Logging to file...
Dataset samples: 25000
######################Training Started######################
epoch   1 | iteration   100 | Loss 2.388760 | Acc 48.44% | WER 76.55%
epoch   1 | iteration   200 | Loss 2.265790 | Acc 50.78% | WER 77.08%
epoch   1 | iteration   300 | Loss 2.136587 | Acc 50.00% | WER 70.00%
epoch   1 | iteration   400 | Loss 2.298488 | Acc 49.22% | WER 77.59%
epoch   1 | iteration   500 | Loss 2.080450 | Acc 50.00% | WER 73.23%
epoch   1 | iteration   600 | Loss 2.080241 | Acc 50.00% | WER 71.46%
epoch   1 | iteration   700 | Loss 1.948188 | Acc 51.56% | WER 64.48%
epoch   1 | iteration   800 | Loss 1.509711 | Acc 60.16% | WER 71.04%
epoch   1 | iteration   900 | Loss 1.441429 | Acc 67.19% | WER 66.25%
epoch   1 | iteration  1000 | Loss 1.542616 | Acc 61.72% | WER 58.54%
epoch   1 | iteration  1100 | Loss 1.584435 | Acc 58.59% | WER 69.48%
epoch   1 | iteration  1200 | Loss 1.588583 | Acc 57.03% | WER 73.33%
Average Training Loss of Epoch 1: 2.012383 | Acc: 53.64% | WER 73.35%
Average Validation Loss of Epoch 1: 2.256952 | Acc: 47.62% | WER: 76.98%
####################Epoch 1 Model Saved#####################
epoch   2 | iteration   100 | Loss 1.478577 | Acc 67.19% | WER 50.10%
epoch   2 | iteration   200 | Loss 1.404016 | Acc 66.41% | WER 62.19%
epoch   2 | iteration   300 | Loss 1.280351 | Acc 59.38% | WER 60.83%
epoch   2 | iteration   400 | Loss 1.335750 | Acc 64.84% | WER 55.62%
epoch   2 | iteration   500 | Loss 1.013715 | Acc 71.09% | WER 47.92%
epoch   2 | iteration   600 | Loss 1.151094 | Acc 68.75% | WER 61.35%
epoch   2 | iteration   700 | Loss 1.221622 | Acc 67.19% | WER 59.58%
epoch   2 | iteration   800 | Loss 1.429924 | Acc 60.94% | WER 67.81%
epoch   2 | iteration   900 | Loss 1.831323 | Acc 56.25% | WER 84.79%
epoch   2 | iteration  1000 | Loss 1.076568 | Acc 66.41% | WER 64.58%
epoch   2 | iteration  1100 | Loss 1.381360 | Acc 60.16% | WER 52.90%
epoch   2 | iteration  1200 | Loss 1.850425 | Acc 57.81% | WER 88.96%
Average Training Loss of Epoch 2: 1.410847 | Acc: 65.02% | WER 59.06%
Average Validation Loss of Epoch 2: 2.144721 | Acc: 45.78% | WER: 77.25%
####################Epoch 2 Model Saved#####################
epoch   3 | iteration   100 | Loss 1.244818 | Acc 67.19% | WER 53.87%
epoch   3 | iteration   200 | Loss 0.849513 | Acc 79.69% | WER 35.54%
epoch   3 | iteration   300 | Loss 0.836078 | Acc 75.78% | WER 36.22%
epoch   3 | iteration   400 | Loss 0.776914 | Acc 79.69% | WER 36.01%
epoch   3 | iteration   500 | Loss 0.959803 | Acc 77.34% | WER 41.35%
epoch   3 | iteration   600 | Loss 0.827462 | Acc 79.69% | WER 36.67%
epoch   3 | iteration   700 | Loss 1.719595 | Acc 55.47% | WER 76.04%
epoch   3 | iteration   800 | Loss 0.855357 | Acc 75.00% | WER 43.33%
epoch   3 | iteration   900 | Loss 1.344180 | Acc 61.72% | WER 73.23%
epoch   3 | iteration  1000 | Loss 1.261053 | Acc 66.41% | WER 64.02%
epoch   3 | iteration  1100 | Loss 1.575351 | Acc 57.81% | WER 74.17%
epoch   3 | iteration  1200 | Loss 1.587303 | Acc 53.91% | WER 80.94%
Average Training Loss of Epoch 3: 1.098649 | Acc: 70.78% | WER 50.46%
Average Validation Loss of Epoch 3: 2.124689 | Acc: 47.70% | WER: 78.68%
####################Epoch 3 Model Saved#####################
epoch   4 | iteration   100 | Loss 1.439273 | Acc 64.06% | WER 59.63%
epoch   4 | iteration   200 | Loss 0.844810 | Acc 70.31% | WER 50.42%
epoch   4 | iteration   300 | Loss 0.875026 | Acc 75.78% | WER 44.79%
epoch   4 | iteration   400 | Loss 0.677516 | Acc 77.34% | WER 35.83%
epoch   4 | iteration   500 | Loss 0.643238 | Acc 81.25% | WER 28.23%
epoch   4 | iteration   600 | Loss 1.588197 | Acc 63.28% | WER 66.67%
epoch   4 | iteration   700 | Loss 1.078199 | Acc 67.97% | WER 49.79%
epoch   4 | iteration   800 | Loss 0.461744 | Acc 84.38% | WER 28.44%
epoch   4 | iteration   900 | Loss 0.481246 | Acc 86.72% | WER 22.83%
epoch   4 | iteration  1000 | Loss 0.666848 | Acc 77.34% | WER 44.79%
epoch   4 | iteration  1100 | Loss 0.682287 | Acc 78.91% | WER 40.73%
epoch   4 | iteration  1200 | Loss 0.898429 | Acc 76.56% | WER 43.12%
Average Training Loss of Epoch 4: 0.879301 | Acc: 75.19% | WER 43.52%
Average Validation Loss of Epoch 4: 1.904782 | Acc: 51.18% | WER: 73.07%
####################Epoch 4 Model Saved#####################
epoch   5 | iteration   100 | Loss 1.130910 | Acc 71.09% | WER 52.50%
epoch   5 | iteration   200 | Loss 1.200459 | Acc 69.53% | WER 51.04%
epoch   5 | iteration   300 | Loss 0.492164 | Acc 82.03% | WER 31.56%
epoch   5 | iteration   400 | Loss 1.340187 | Acc 60.94% | WER 64.79%
epoch   5 | iteration   500 | Loss 0.370282 | Acc 89.06% | WER 21.56%
epoch   5 | iteration   600 | Loss 0.613660 | Acc 78.91% | WER 31.15%
epoch   5 | iteration   700 | Loss 0.739404 | Acc 76.56% | WER 42.81%
epoch   5 | iteration   800 | Loss 1.266614 | Acc 68.75% | WER 48.44%
epoch   5 | iteration   900 | Loss 0.577774 | Acc 80.47% | WER 33.96%
epoch   5 | iteration  1000 | Loss 0.544291 | Acc 82.81% | WER 30.28%
epoch   5 | iteration  1100 | Loss 0.666299 | Acc 82.03% | WER 34.06%
epoch   5 | iteration  1200 | Loss 0.434594 | Acc 86.72% | WER 26.25%
Average Training Loss of Epoch 5: 0.686377 | Acc: 80.23% | WER 34.87%
Average Validation Loss of Epoch 5: 1.802894 | Acc: 56.70% | WER: 64.61%
####################Epoch 5 Model Saved#####################
epoch   6 | iteration   100 | Loss 0.303870 | Acc 92.19% | WER 13.75%
epoch   6 | iteration   200 | Loss 0.500248 | Acc 86.72% | WER 26.04%
epoch   6 | iteration   300 | Loss 0.340898 | Acc 89.06% | WER 17.60%
epoch   6 | iteration   400 | Loss 0.527045 | Acc 81.25% | WER 33.75%
epoch   6 | iteration   500 | Loss 0.420033 | Acc 85.16% | WER 27.56%
epoch   6 | iteration   600 | Loss 0.575571 | Acc 82.81% | WER 31.15%
epoch   6 | iteration   700 | Loss 0.379338 | Acc 89.06% | WER 20.73%
epoch   6 | iteration   800 | Loss 0.580572 | Acc 83.59% | WER 26.87%
epoch   6 | iteration   900 | Loss 0.245580 | Acc 92.19% | WER 14.38%
epoch   6 | iteration  1000 | Loss 0.314781 | Acc 90.62% | WER 16.21%
epoch   6 | iteration  1100 | Loss 0.267560 | Acc 95.31% | WER 7.66%
epoch   6 | iteration  1200 | Loss 0.500196 | Acc 85.16% | WER 24.90%
Average Training Loss of Epoch 6: 0.552029 | Acc: 84.42% | WER 27.63%
Average Validation Loss of Epoch 6: 1.378430 | Acc: 68.29% | WER: 47.98%
####################Epoch 6 Model Saved#####################
epoch   7 | iteration   100 | Loss 1.272846 | Acc 68.75% | WER 55.21%
epoch   7 | iteration   200 | Loss 0.273866 | Acc 93.75% | WER 8.97%
epoch   7 | iteration   300 | Loss 0.688734 | Acc 80.47% | WER 28.30%
epoch   7 | iteration   400 | Loss 0.356987 | Acc 91.41% | WER 14.48%
epoch   7 | iteration   500 | Loss 0.298223 | Acc 90.62% | WER 16.56%
epoch   7 | iteration   600 | Loss 0.264641 | Acc 89.06% | WER 20.00%
epoch   7 | iteration   700 | Loss 0.274435 | Acc 93.75% | WER 10.73%
epoch   7 | iteration   800 | Loss 0.213921 | Acc 94.53% | WER 9.48%
epoch   7 | iteration   900 | Loss 0.291262 | Acc 92.97% | WER 13.54%
epoch   7 | iteration  1000 | Loss 0.904095 | Acc 77.34% | WER 38.33%
epoch   7 | iteration  1100 | Loss 0.278505 | Acc 92.97% | WER 13.54%
epoch   7 | iteration  1200 | Loss 0.326467 | Acc 93.75% | WER 13.39%
Average Training Loss of Epoch 7: 0.427050 | Acc: 88.11% | WER 20.97%
Average Validation Loss of Epoch 7: 1.163008 | Acc: 73.02% | WER: 39.90%
####################Epoch 7 Model Saved#####################
epoch   8 | iteration   100 | Loss 0.282410 | Acc 92.97% | WER 11.98%
epoch   8 | iteration   200 | Loss 0.330446 | Acc 91.41% | WER 14.79%
epoch   8 | iteration   300 | Loss 0.407986 | Acc 88.28% | WER 17.08%
epoch   8 | iteration   400 | Loss 0.214327 | Acc 93.75% | WER 9.79%
epoch   8 | iteration   500 | Loss 0.622081 | Acc 82.03% | WER 30.52%
epoch   8 | iteration   600 | Loss 0.806425 | Acc 79.69% | WER 44.27%
epoch   8 | iteration   700 | Loss 0.165694 | Acc 95.31% | WER 8.44%
epoch   8 | iteration   800 | Loss 0.380171 | Acc 91.41% | WER 16.15%
epoch   8 | iteration   900 | Loss 0.366277 | Acc 90.62% | WER 19.48%
epoch   8 | iteration  1000 | Loss 0.785597 | Acc 77.34% | WER 37.19%
epoch   8 | iteration  1100 | Loss 0.176104 | Acc 95.31% | WER 10.42%
epoch   8 | iteration  1200 | Loss 0.385989 | Acc 89.06% | WER 21.15%
Average Training Loss of Epoch 8: 0.354456 | Acc: 90.24% | WER 17.13%
Average Validation Loss of Epoch 8: 0.987935 | Acc: 77.24% | WER: 33.80%
####################Epoch 8 Model Saved#####################
epoch   9 | iteration   100 | Loss 0.122885 | Acc 99.22% | WER 1.25%
epoch   9 | iteration   200 | Loss 0.179586 | Acc 96.88% | WER 6.25%
epoch   9 | iteration   300 | Loss 0.225852 | Acc 93.75% | WER 11.56%
epoch   9 | iteration   400 | Loss 0.168536 | Acc 96.09% | WER 6.25%
epoch   9 | iteration   500 | Loss 0.542260 | Acc 89.84% | WER 17.50%
epoch   9 | iteration   600 | Loss 0.318804 | Acc 92.97% | WER 11.46%
epoch   9 | iteration   700 | Loss 0.457292 | Acc 86.72% | WER 27.81%
epoch   9 | iteration   800 | Loss 0.368243 | Acc 90.62% | WER 11.88%
epoch   9 | iteration   900 | Loss 0.184731 | Acc 96.09% | WER 7.19%
epoch   9 | iteration  1000 | Loss 0.222670 | Acc 93.75% | WER 13.02%
epoch   9 | iteration  1100 | Loss 0.308646 | Acc 91.41% | WER 16.25%
epoch   9 | iteration  1200 | Loss 0.250677 | Acc 93.75% | WER 13.02%
Average Training Loss of Epoch 9: 0.300714 | Acc: 91.83% | WER 14.33%
Average Validation Loss of Epoch 9: 0.952029 | Acc: 78.72% | WER: 31.53%
####################Epoch 9 Model Saved#####################
epoch  10 | iteration   100 | Loss 0.211623 | Acc 92.19% | WER 15.10%
epoch  10 | iteration   200 | Loss 0.283992 | Acc 89.84% | WER 18.75%
epoch  10 | iteration   300 | Loss 0.457315 | Acc 86.72% | WER 22.29%
epoch  10 | iteration   400 | Loss 0.101599 | Acc 96.88% | WER 6.25%
epoch  10 | iteration   500 | Loss 0.566851 | Acc 85.16% | WER 26.56%
epoch  10 | iteration   600 | Loss 0.483406 | Acc 89.06% | WER 17.50%
epoch  10 | iteration   700 | Loss 0.166190 | Acc 95.31% | WER 8.44%
epoch  10 | iteration   800 | Loss 0.177787 | Acc 94.53% | WER 9.58%
epoch  10 | iteration   900 | Loss 0.307484 | Acc 91.41% | WER 15.42%
epoch  10 | iteration  1000 | Loss 0.183586 | Acc 93.75% | WER 11.67%
epoch  10 | iteration  1100 | Loss 0.211028 | Acc 92.97% | WER 13.44%
epoch  10 | iteration  1200 | Loss 0.204219 | Acc 94.53% | WER 10.00%
Average Training Loss of Epoch 10: 0.258951 | Acc: 92.99% | WER 12.21%
Average Validation Loss of Epoch 10: 0.790095 | Acc: 82.47% | WER: 26.36%
####################Epoch 10 Model Saved####################
epoch  11 | iteration   100 | Loss 1.267795 | Acc 71.09% | WER 39.90%
epoch  11 | iteration   200 | Loss 0.219166 | Acc 92.19% | WER 9.48%
epoch  11 | iteration   300 | Loss 0.118206 | Acc 97.66% | WER 5.21%
epoch  11 | iteration   400 | Loss 0.115627 | Acc 95.31% | WER 6.67%
epoch  11 | iteration   500 | Loss 0.086917 | Acc 97.66% | WER 5.73%
epoch  11 | iteration   600 | Loss 0.150142 | Acc 96.88% | WER 5.94%
epoch  11 | iteration   700 | Loss 0.250696 | Acc 92.97% | WER 14.06%
epoch  11 | iteration   800 | Loss 0.097803 | Acc 97.66% | WER 3.04%
epoch  11 | iteration   900 | Loss 0.798709 | Acc 77.34% | WER 41.25%
epoch  11 | iteration  1000 | Loss 0.109951 | Acc 95.31% | WER 8.85%
epoch  11 | iteration  1100 | Loss 0.132399 | Acc 98.44% | WER 4.17%
epoch  11 | iteration  1200 | Loss 0.175276 | Acc 95.31% | WER 6.25%
Average Training Loss of Epoch 11: 0.233454 | Acc: 93.72% | WER 10.87%
Average Validation Loss of Epoch 11: 0.784747 | Acc: 83.07% | WER: 24.74%
####################Epoch 11 Model Saved####################
epoch  12 | iteration   100 | Loss 0.307486 | Acc 92.97% | WER 10.42%
epoch  12 | iteration   200 | Loss 0.054288 | Acc 99.22% | WER 1.56%
epoch  12 | iteration   300 | Loss 0.153665 | Acc 96.09% | WER 6.88%
epoch  12 | iteration   400 | Loss 0.085363 | Acc 98.44% | WER 2.50%
epoch  12 | iteration   500 | Loss 0.093135 | Acc 97.66% | WER 3.85%
epoch  12 | iteration   600 | Loss 0.234974 | Acc 94.53% | WER 8.33%
epoch  12 | iteration   700 | Loss 0.095598 | Acc 97.66% | WER 3.65%
epoch  12 | iteration   800 | Loss 0.140061 | Acc 95.31% | WER 8.23%
epoch  12 | iteration   900 | Loss 0.593373 | Acc 82.81% | WER 27.60%
epoch  12 | iteration  1000 | Loss 0.077019 | Acc 98.44% | WER 2.81%
epoch  12 | iteration  1100 | Loss 0.153284 | Acc 95.31% | WER 6.77%
epoch  12 | iteration  1200 | Loss 0.074419 | Acc 99.22% | WER 1.56%
Average Training Loss of Epoch 12: 0.201288 | Acc: 94.62% | WER 9.29%
Average Validation Loss of Epoch 12: 0.734084 | Acc: 84.35% | WER: 23.24%
####################Epoch 12 Model Saved####################
epoch  13 | iteration   100 | Loss 0.144074 | Acc 96.88% | WER 6.25%
epoch  13 | iteration   200 | Loss 0.171772 | Acc 94.53% | WER 9.48%
epoch  13 | iteration   300 | Loss 0.112167 | Acc 96.88% | WER 5.62%
epoch  13 | iteration   400 | Loss 0.275246 | Acc 91.41% | WER 17.81%
epoch  13 | iteration   500 | Loss 0.079426 | Acc 97.66% | WER 3.12%
epoch  13 | iteration   600 | Loss 0.280669 | Acc 93.75% | WER 12.50%
epoch  13 | iteration   700 | Loss 0.084951 | Acc 96.88% | WER 5.73%
epoch  13 | iteration   800 | Loss 0.104366 | Acc 95.31% | WER 10.42%
epoch  13 | iteration   900 | Loss 0.033946 | Acc 100.00% | WER 0.00%
epoch  13 | iteration  1000 | Loss 0.268855 | Acc 92.97% | WER 10.42%
epoch  13 | iteration  1100 | Loss 0.238692 | Acc 91.41% | WER 14.06%
epoch  13 | iteration  1200 | Loss 0.202330 | Acc 95.31% | WER 9.38%
Average Training Loss of Epoch 13: 0.178391 | Acc: 95.31% | WER 8.11%
Average Validation Loss of Epoch 13: 0.607427 | Acc: 86.65% | WER: 20.00%
####################Epoch 13 Model Saved####################
epoch  14 | iteration   100 | Loss 0.186720 | Acc 92.19% | WER 13.54%
epoch  14 | iteration   200 | Loss 0.311468 | Acc 91.41% | WER 14.06%
epoch  14 | iteration   300 | Loss 0.153589 | Acc 95.31% | WER 8.44%
epoch  14 | iteration   400 | Loss 0.183717 | Acc 95.31% | WER 10.94%
epoch  14 | iteration   500 | Loss 0.354873 | Acc 92.19% | WER 17.19%
epoch  14 | iteration   600 | Loss 0.044753 | Acc 99.22% | WER 1.56%
epoch  14 | iteration   700 | Loss 0.078548 | Acc 98.44% | WER 2.60%
epoch  14 | iteration   800 | Loss 0.168833 | Acc 94.53% | WER 9.79%
epoch  14 | iteration   900 | Loss 0.100760 | Acc 97.66% | WER 4.06%
epoch  14 | iteration  1000 | Loss 0.044621 | Acc 99.22% | WER 1.04%
epoch  14 | iteration  1100 | Loss 0.213185 | Acc 95.31% | WER 7.81%
epoch  14 | iteration  1200 | Loss 0.185911 | Acc 92.97% | WER 12.40%
Average Training Loss of Epoch 14: 0.162987 | Acc: 95.73% | WER 7.37%
Average Validation Loss of Epoch 14: 0.525733 | Acc: 88.97% | WER: 16.29%
####################Epoch 14 Model Saved####################
epoch  15 | iteration   100 | Loss 0.060778 | Acc 97.66% | WER 3.65%
epoch  15 | iteration   200 | Loss 0.153518 | Acc 95.31% | WER 9.79%
epoch  15 | iteration   300 | Loss 0.144449 | Acc 96.88% | WER 4.38%
epoch  15 | iteration   400 | Loss 0.028739 | Acc 100.00% | WER 0.00%
epoch  15 | iteration   500 | Loss 0.060047 | Acc 99.22% | WER 1.56%
epoch  15 | iteration   600 | Loss 0.188886 | Acc 94.53% | WER 8.12%
epoch  15 | iteration   700 | Loss 0.133364 | Acc 96.88% | WER 6.25%
epoch  15 | iteration   800 | Loss 0.091249 | Acc 96.88% | WER 5.94%
epoch  15 | iteration   900 | Loss 0.069373 | Acc 98.44% | WER 2.08%
epoch  15 | iteration  1000 | Loss 0.062044 | Acc 98.44% | WER 4.17%
epoch  15 | iteration  1100 | Loss 0.050022 | Acc 99.22% | WER 1.25%
epoch  15 | iteration  1200 | Loss 0.157537 | Acc 95.31% | WER 6.67%
Average Training Loss of Epoch 15: 0.144642 | Acc: 96.24% | WER 6.52%
Average Validation Loss of Epoch 15: 0.529018 | Acc: 89.20% | WER: 15.86%
####################Epoch 15 Model Saved####################
epoch  16 | iteration   100 | Loss 0.103651 | Acc 96.09% | WER 6.77%
epoch  16 | iteration   200 | Loss 0.063881 | Acc 98.44% | WER 3.12%
epoch  16 | iteration   300 | Loss 0.084545 | Acc 97.66% | WER 4.69%
epoch  16 | iteration   400 | Loss 0.256155 | Acc 95.31% | WER 8.12%
epoch  16 | iteration   500 | Loss 0.081491 | Acc 97.66% | WER 3.65%
epoch  16 | iteration   600 | Loss 0.091548 | Acc 96.88% | WER 4.39%
epoch  16 | iteration   700 | Loss 0.091460 | Acc 98.44% | WER 3.33%
epoch  16 | iteration   800 | Loss 0.049535 | Acc 98.44% | WER 3.12%
epoch  16 | iteration   900 | Loss 0.077171 | Acc 96.88% | WER 5.31%
epoch  16 | iteration  1000 | Loss 0.062961 | Acc 97.66% | WER 3.65%
epoch  16 | iteration  1100 | Loss 0.166961 | Acc 95.31% | WER 4.17%
epoch  16 | iteration  1200 | Loss 0.154501 | Acc 96.09% | WER 5.83%
Average Training Loss of Epoch 16: 0.133781 | Acc: 96.48% | WER 6.06%
Average Validation Loss of Epoch 16: 0.527630 | Acc: 89.27% | WER: 15.36%
####################Epoch 16 Model Saved####################
epoch  17 | iteration   100 | Loss 0.351343 | Acc 92.19% | WER 12.81%
epoch  17 | iteration   200 | Loss 0.029265 | Acc 100.00% | WER 0.00%
epoch  17 | iteration   300 | Loss 0.068180 | Acc 97.66% | WER 3.12%
epoch  17 | iteration   400 | Loss 0.025403 | Acc 100.00% | WER 0.00%
epoch  17 | iteration   500 | Loss 0.274112 | Acc 93.75% | WER 12.50%
epoch  17 | iteration   600 | Loss 0.045864 | Acc 98.44% | WER 2.60%
epoch  17 | iteration   700 | Loss 0.077799 | Acc 98.44% | WER 4.17%
epoch  17 | iteration   800 | Loss 0.048096 | Acc 99.22% | WER 1.56%
epoch  17 | iteration   900 | Loss 0.081218 | Acc 96.88% | WER 5.21%
epoch  17 | iteration  1000 | Loss 0.063716 | Acc 98.44% | WER 3.12%
epoch  17 | iteration  1100 | Loss 0.073282 | Acc 97.66% | WER 4.06%
epoch  17 | iteration  1200 | Loss 0.077320 | Acc 96.88% | WER 5.94%
Average Training Loss of Epoch 17: 0.114409 | Acc: 97.01% | WER 5.18%
Average Validation Loss of Epoch 17: 0.587477 | Acc: 88.61% | WER: 16.87%
####################Epoch 17 Model Saved####################
epoch  18 | iteration   100 | Loss 0.263621 | Acc 95.31% | WER 6.25%
epoch  18 | iteration   200 | Loss 0.052519 | Acc 98.44% | WER 3.12%
epoch  18 | iteration   300 | Loss 0.051800 | Acc 99.22% | WER 1.04%
epoch  18 | iteration   400 | Loss 0.218001 | Acc 92.97% | WER 13.54%
epoch  18 | iteration   500 | Loss 0.177273 | Acc 94.53% | WER 11.46%
epoch  18 | iteration   600 | Loss 0.068376 | Acc 97.66% | WER 3.75%
epoch  18 | iteration   700 | Loss 0.075183 | Acc 96.88% | WER 4.58%
epoch  18 | iteration   800 | Loss 0.087299 | Acc 96.09% | WER 6.98%
epoch  18 | iteration   900 | Loss 0.123816 | Acc 96.88% | WER 5.42%
epoch  18 | iteration  1000 | Loss 0.063061 | Acc 98.44% | WER 3.12%
epoch  18 | iteration  1100 | Loss 0.067754 | Acc 97.66% | WER 3.85%
epoch  18 | iteration  1200 | Loss 0.057553 | Acc 99.22% | WER 1.25%
Average Training Loss of Epoch 18: 0.106822 | Acc: 97.19% | WER 4.81%
Average Validation Loss of Epoch 18: 0.463118 | Acc: 90.97% | WER: 13.01%
####################Epoch 18 Model Saved####################
epoch  19 | iteration   100 | Loss 0.054308 | Acc 97.66% | WER 4.69%
epoch  19 | iteration   200 | Loss 0.090360 | Acc 96.88% | WER 4.38%
epoch  19 | iteration   300 | Loss 0.049564 | Acc 98.44% | WER 3.12%
epoch  19 | iteration   400 | Loss 0.326081 | Acc 90.62% | WER 14.58%
epoch  19 | iteration   500 | Loss 0.312295 | Acc 92.97% | WER 11.56%
epoch  19 | iteration   600 | Loss 0.150877 | Acc 96.88% | WER 5.31%
epoch  19 | iteration   700 | Loss 0.148994 | Acc 96.09% | WER 6.77%
epoch  19 | iteration   800 | Loss 0.165696 | Acc 95.31% | WER 6.79%
epoch  19 | iteration   900 | Loss 0.071302 | Acc 97.66% | WER 4.69%
epoch  19 | iteration  1000 | Loss 0.222384 | Acc 93.75% | WER 8.44%
epoch  19 | iteration  1100 | Loss 0.211191 | Acc 94.53% | WER 7.50%
epoch  19 | iteration  1200 | Loss 0.031322 | Acc 99.22% | WER 1.04%
Average Training Loss of Epoch 19: 0.100475 | Acc: 97.41% | WER 4.38%
Average Validation Loss of Epoch 19: 0.423384 | Acc: 91.56% | WER: 12.25%
####################Epoch 19 Model Saved####################
epoch  20 | iteration   100 | Loss 0.130591 | Acc 93.75% | WER 14.06%
epoch  20 | iteration   200 | Loss 0.120018 | Acc 96.88% | WER 6.25%
epoch  20 | iteration   300 | Loss 0.107018 | Acc 96.09% | WER 7.50%
epoch  20 | iteration   400 | Loss 0.015634 | Acc 100.00% | WER 0.00%
epoch  20 | iteration   500 | Loss 0.031535 | Acc 99.22% | WER 1.56%
epoch  20 | iteration   600 | Loss 0.152525 | Acc 96.09% | WER 8.75%
epoch  20 | iteration   700 | Loss 0.258258 | Acc 96.88% | WER 6.25%
epoch  20 | iteration   800 | Loss 0.059331 | Acc 97.66% | WER 4.90%
epoch  20 | iteration   900 | Loss 0.022831 | Acc 100.00% | WER 0.00%
epoch  20 | iteration  1000 | Loss 0.087758 | Acc 96.09% | WER 6.46%
epoch  20 | iteration  1100 | Loss 0.148484 | Acc 96.09% | WER 5.83%
epoch  20 | iteration  1200 | Loss 0.040127 | Acc 99.22% | WER 1.56%
Average Training Loss of Epoch 20: 0.094068 | Acc: 97.57% | WER 4.16%
Average Validation Loss of Epoch 20: 0.398773 | Acc: 92.29% | WER: 11.37%
####################Epoch 20 Model Saved####################
epoch  21 | iteration   100 | Loss 0.079183 | Acc 96.88% | WER 4.17%
epoch  21 | iteration   200 | Loss 0.079982 | Acc 98.44% | WER 3.12%
epoch  21 | iteration   300 | Loss 0.043587 | Acc 98.44% | WER 2.08%
epoch  21 | iteration   400 | Loss 0.053550 | Acc 98.44% | WER 3.12%
epoch  21 | iteration   500 | Loss 0.163279 | Acc 97.66% | WER 3.75%
epoch  21 | iteration   600 | Loss 0.025636 | Acc 99.22% | WER 1.25%
epoch  21 | iteration   700 | Loss 0.039159 | Acc 98.44% | WER 2.08%
epoch  21 | iteration   800 | Loss 0.035677 | Acc 98.44% | WER 2.29%
epoch  21 | iteration   900 | Loss 0.118275 | Acc 96.88% | WER 7.29%
epoch  21 | iteration  1000 | Loss 0.023279 | Acc 99.22% | WER 1.04%
epoch  21 | iteration  1100 | Loss 0.045971 | Acc 98.44% | WER 3.12%
epoch  21 | iteration  1200 | Loss 0.018505 | Acc 100.00% | WER 0.00%
Average Training Loss of Epoch 21: 0.084687 | Acc: 97.78% | WER 3.78%
Average Validation Loss of Epoch 21: 0.455236 | Acc: 91.60% | WER: 12.18%
####################Epoch 21 Model Saved####################
epoch  22 | iteration   100 | Loss 0.024034 | Acc 100.00% | WER 0.00%
epoch  22 | iteration   200 | Loss 0.014395 | Acc 100.00% | WER 0.00%
epoch  22 | iteration   300 | Loss 0.061932 | Acc 98.44% | WER 2.81%
epoch  22 | iteration   400 | Loss 0.070961 | Acc 98.44% | WER 2.50%
epoch  22 | iteration   500 | Loss 0.064534 | Acc 97.66% | WER 4.17%
epoch  22 | iteration   600 | Loss 0.040419 | Acc 99.22% | WER 1.56%
epoch  22 | iteration   700 | Loss 0.047441 | Acc 99.22% | WER 1.25%
epoch  22 | iteration   800 | Loss 0.017702 | Acc 100.00% | WER 0.00%
epoch  22 | iteration   900 | Loss 0.013450 | Acc 100.00% | WER 0.00%
epoch  22 | iteration  1000 | Loss 0.561235 | Acc 86.72% | WER 23.96%
epoch  22 | iteration  1100 | Loss 0.020171 | Acc 99.22% | WER 1.04%
epoch  22 | iteration  1200 | Loss 0.046230 | Acc 99.22% | WER 1.56%
Average Training Loss of Epoch 22: 0.079692 | Acc: 97.97% | WER 3.48%
Average Validation Loss of Epoch 22: 0.479989 | Acc: 91.06% | WER: 13.19%
####################Epoch 22 Model Saved####################
epoch  23 | iteration   100 | Loss 0.021242 | Acc 99.22% | WER 1.25%
epoch  23 | iteration   200 | Loss 0.009021 | Acc 100.00% | WER 0.00%
epoch  23 | iteration   300 | Loss 0.021327 | Acc 99.22% | WER 2.08%
epoch  23 | iteration   400 | Loss 0.029410 | Acc 99.22% | WER 1.04%
epoch  23 | iteration   500 | Loss 0.039022 | Acc 98.44% | WER 2.50%
epoch  23 | iteration   600 | Loss 0.176803 | Acc 96.09% | WER 6.88%
epoch  23 | iteration   700 | Loss 0.103196 | Acc 96.88% | WER 5.62%
epoch  23 | iteration   800 | Loss 0.188798 | Acc 96.88% | WER 6.25%
epoch  23 | iteration   900 | Loss 0.006859 | Acc 100.00% | WER 0.00%
epoch  23 | iteration  1000 | Loss 0.014423 | Acc 100.00% | WER 0.00%
epoch  23 | iteration  1100 | Loss 0.042139 | Acc 98.44% | WER 2.08%
epoch  23 | iteration  1200 | Loss 0.021718 | Acc 100.00% | WER 0.00%
Average Training Loss of Epoch 23: 0.071416 | Acc: 98.18% | WER 3.07%
Average Validation Loss of Epoch 23: 0.407085 | Acc: 92.59% | WER: 10.91%
####################Epoch 23 Model Saved####################
epoch  24 | iteration   100 | Loss 0.011314 | Acc 100.00% | WER 0.00%
epoch  24 | iteration   200 | Loss 0.014366 | Acc 100.00% | WER 0.00%
epoch  24 | iteration   300 | Loss 0.011581 | Acc 100.00% | WER 0.00%
epoch  24 | iteration   400 | Loss 0.015611 | Acc 100.00% | WER 0.00%
epoch  24 | iteration   500 | Loss 0.185983 | Acc 96.09% | WER 7.81%
epoch  24 | iteration   600 | Loss 0.016116 | Acc 100.00% | WER 0.00%
epoch  24 | iteration   700 | Loss 0.063322 | Acc 96.88% | WER 6.25%
epoch  24 | iteration   800 | Loss 0.036104 | Acc 99.22% | WER 1.56%
epoch  24 | iteration   900 | Loss 0.008772 | Acc 100.00% | WER 0.00%
epoch  24 | iteration  1000 | Loss 0.019260 | Acc 100.00% | WER 0.00%
epoch  24 | iteration  1100 | Loss 0.042139 | Acc 99.22% | WER 1.04%
epoch  24 | iteration  1200 | Loss 0.091648 | Acc 97.66% | WER 4.69%
Average Training Loss of Epoch 24: 0.063927 | Acc: 98.38% | WER 2.76%
Average Validation Loss of Epoch 24: 0.416304 | Acc: 92.38% | WER: 11.40%
####################Epoch 24 Model Saved####################
epoch  25 | iteration   100 | Loss 0.005103 | Acc 100.00% | WER 0.00%
epoch  25 | iteration   200 | Loss 0.011441 | Acc 100.00% | WER 0.00%
epoch  25 | iteration   300 | Loss 0.007345 | Acc 100.00% | WER 0.00%
epoch  25 | iteration   400 | Loss 0.026796 | Acc 99.22% | WER 1.56%
epoch  25 | iteration   500 | Loss 0.111137 | Acc 96.09% | WER 8.85%
epoch  25 | iteration   600 | Loss 0.008418 | Acc 100.00% | WER 0.00%
epoch  25 | iteration   700 | Loss 0.016475 | Acc 99.22% | WER 1.04%
epoch  25 | iteration   800 | Loss 0.011859 | Acc 100.00% | WER 0.00%
epoch  25 | iteration   900 | Loss 0.030782 | Acc 99.22% | WER 1.56%
epoch  25 | iteration  1000 | Loss 0.162096 | Acc 95.31% | WER 7.50%
epoch  25 | iteration  1100 | Loss 0.028543 | Acc 99.22% | WER 1.25%
epoch  25 | iteration  1200 | Loss 0.106696 | Acc 98.44% | WER 2.50%
Average Training Loss of Epoch 25: 0.056803 | Acc: 98.53% | WER 2.51%
Average Validation Loss of Epoch 25: 0.358572 | Acc: 93.54% | WER: 9.51%
####################Epoch 25 Model Saved####################
epoch  26 | iteration   100 | Loss 0.242527 | Acc 95.31% | WER 9.38%
epoch  26 | iteration   200 | Loss 0.013901 | Acc 100.00% | WER 0.00%
epoch  26 | iteration   300 | Loss 0.021507 | Acc 100.00% | WER 0.00%
epoch  26 | iteration   400 | Loss 0.030165 | Acc 98.44% | WER 2.81%
epoch  26 | iteration   500 | Loss 0.028948 | Acc 99.22% | WER 1.25%
epoch  26 | iteration   600 | Loss 0.015621 | Acc 100.00% | WER 0.00%
epoch  26 | iteration   700 | Loss 0.121677 | Acc 97.66% | WER 4.69%
epoch  26 | iteration   800 | Loss 0.013094 | Acc 100.00% | WER 0.00%
epoch  26 | iteration   900 | Loss 0.036666 | Acc 98.44% | WER 2.81%
epoch  26 | iteration  1000 | Loss 0.012527 | Acc 100.00% | WER 0.00%
epoch  26 | iteration  1100 | Loss 0.005843 | Acc 100.00% | WER 0.00%
epoch  26 | iteration  1200 | Loss 0.005176 | Acc 100.00% | WER 0.00%
Average Training Loss of Epoch 26: 0.058422 | Acc: 98.53% | WER 2.52%
Average Validation Loss of Epoch 26: 0.338386 | Acc: 93.91% | WER: 9.10%
####################Epoch 26 Model Saved####################
epoch  27 | iteration   100 | Loss 0.156674 | Acc 96.88% | WER 6.25%
epoch  27 | iteration   200 | Loss 0.140499 | Acc 96.88% | WER 5.00%
epoch  27 | iteration   300 | Loss 0.088608 | Acc 96.09% | WER 7.50%
epoch  27 | iteration   400 | Loss 0.008522 | Acc 100.00% | WER 0.00%
epoch  27 | iteration   500 | Loss 0.017526 | Acc 99.22% | WER 1.04%
epoch  27 | iteration   600 | Loss 0.004088 | Acc 100.00% | WER 0.00%
epoch  27 | iteration   700 | Loss 0.022197 | Acc 98.44% | WER 2.08%
epoch  27 | iteration   800 | Loss 0.025257 | Acc 99.22% | WER 1.25%
epoch  27 | iteration   900 | Loss 0.064808 | Acc 99.22% | WER 1.04%
epoch  27 | iteration  1000 | Loss 0.247549 | Acc 94.53% | WER 6.96%
epoch  27 | iteration  1100 | Loss 0.015019 | Acc 100.00% | WER 0.00%
epoch  27 | iteration  1200 | Loss 0.114604 | Acc 96.09% | WER 7.81%
Average Training Loss of Epoch 27: 0.052253 | Acc: 98.65% | WER 2.30%
Average Validation Loss of Epoch 27: 0.318678 | Acc: 94.25% | WER: 8.58%
####################Epoch 27 Model Saved####################
epoch  28 | iteration   100 | Loss 0.005632 | Acc 100.00% | WER 0.00%
epoch  28 | iteration   200 | Loss 0.005181 | Acc 100.00% | WER 0.00%
epoch  28 | iteration   300 | Loss 0.013049 | Acc 99.22% | WER 1.04%
epoch  28 | iteration   400 | Loss 0.012997 | Acc 99.22% | WER 1.04%
epoch  28 | iteration   500 | Loss 0.074388 | Acc 98.44% | WER 3.12%
epoch  28 | iteration   600 | Loss 0.076543 | Acc 99.22% | WER 1.25%
epoch  28 | iteration   700 | Loss 0.240389 | Acc 94.53% | WER 10.94%
epoch  28 | iteration   800 | Loss 0.076664 | Acc 97.66% | WER 4.38%
epoch  28 | iteration   900 | Loss 0.013375 | Acc 100.00% | WER 0.00%
epoch  28 | iteration  1000 | Loss 0.020964 | Acc 99.22% | WER 1.56%
epoch  28 | iteration  1100 | Loss 0.244860 | Acc 93.75% | WER 11.52%
epoch  28 | iteration  1200 | Loss 0.006193 | Acc 100.00% | WER 0.00%
Average Training Loss of Epoch 28: 0.044847 | Acc: 98.86% | WER 1.94%
Average Validation Loss of Epoch 28: 0.372605 | Acc: 93.49% | WER: 9.50%
####################Epoch 28 Model Saved####################
epoch  29 | iteration   100 | Loss 0.186271 | Acc 96.09% | WER 3.75%
epoch  29 | iteration   200 | Loss 0.020239 | Acc 99.22% | WER 1.56%
epoch  29 | iteration   300 | Loss 0.025190 | Acc 99.22% | WER 1.56%
epoch  29 | iteration   400 | Loss 0.008043 | Acc 100.00% | WER 0.00%
epoch  29 | iteration   500 | Loss 0.151987 | Acc 96.88% | WER 6.25%
epoch  29 | iteration   600 | Loss 0.142241 | Acc 96.88% | WER 4.17%
epoch  29 | iteration   700 | Loss 0.002645 | Acc 100.00% | WER 0.00%
epoch  29 | iteration   800 | Loss 0.002674 | Acc 100.00% | WER 0.00%
epoch  29 | iteration   900 | Loss 0.011940 | Acc 100.00% | WER 0.00%
epoch  29 | iteration  1000 | Loss 0.158555 | Acc 95.31% | WER 9.38%
epoch  29 | iteration  1100 | Loss 0.011997 | Acc 100.00% | WER 0.00%
epoch  29 | iteration  1200 | Loss 0.045464 | Acc 98.44% | WER 3.12%
Average Training Loss of Epoch 29: 0.048398 | Acc: 98.83% | WER 1.98%
Average Validation Loss of Epoch 29: 0.325670 | Acc: 94.34% | WER: 8.47%
####################Epoch 29 Model Saved####################
epoch  30 | iteration   100 | Loss 0.003171 | Acc 100.00% | WER 0.00%
epoch  30 | iteration   200 | Loss 0.007134 | Acc 100.00% | WER 0.00%
epoch  30 | iteration   300 | Loss 0.005542 | Acc 100.00% | WER 0.00%
epoch  30 | iteration   400 | Loss 0.126978 | Acc 97.66% | WER 4.69%
epoch  30 | iteration   500 | Loss 0.007027 | Acc 100.00% | WER 0.00%
epoch  30 | iteration   600 | Loss 0.004765 | Acc 100.00% | WER 0.00%
epoch  30 | iteration   700 | Loss 0.050584 | Acc 97.66% | WER 3.65%
epoch  30 | iteration   800 | Loss 0.028565 | Acc 98.44% | WER 2.08%
epoch  30 | iteration   900 | Loss 0.005129 | Acc 100.00% | WER 0.00%
epoch  30 | iteration  1000 | Loss 0.058289 | Acc 98.44% | WER 3.12%
epoch  30 | iteration  1100 | Loss 0.005318 | Acc 100.00% | WER 0.00%
epoch  30 | iteration  1200 | Loss 0.319673 | Acc 92.97% | WER 8.33%
Average Training Loss of Epoch 30: 0.042763 | Acc: 98.93% | WER 1.80%
Average Validation Loss of Epoch 30: 0.292059 | Acc: 94.92% | WER: 7.41%
####################Epoch 30 Model Saved####################
epoch  31 | iteration   100 | Loss 0.005459 | Acc 100.00% | WER 0.00%
epoch  31 | iteration   200 | Loss 0.005870 | Acc 100.00% | WER 0.00%
epoch  31 | iteration   300 | Loss 0.010517 | Acc 100.00% | WER 0.00%
epoch  31 | iteration   400 | Loss 0.006301 | Acc 100.00% | WER 0.00%
epoch  31 | iteration   500 | Loss 0.010367 | Acc 100.00% | WER 0.00%
epoch  31 | iteration   600 | Loss 0.008935 | Acc 100.00% | WER 0.00%
epoch  31 | iteration   700 | Loss 0.004733 | Acc 100.00% | WER 0.00%
epoch  31 | iteration   800 | Loss 0.280299 | Acc 95.31% | WER 6.25%
epoch  31 | iteration   900 | Loss 0.142059 | Acc 96.09% | WER 7.81%
epoch  31 | iteration  1000 | Loss 0.033743 | Acc 99.22% | WER 1.56%
epoch  31 | iteration  1100 | Loss 0.004198 | Acc 100.00% | WER 0.00%
epoch  31 | iteration  1200 | Loss 0.010586 | Acc 99.22% | WER 1.25%
Average Training Loss of Epoch 31: 0.035962 | Acc: 99.09% | WER 1.56%
Average Validation Loss of Epoch 31: 0.371999 | Acc: 93.60% | WER: 9.98%
####################Epoch 31 Model Saved####################
epoch  32 | iteration   100 | Loss 0.004703 | Acc 100.00% | WER 0.00%
epoch  32 | iteration   200 | Loss 0.002722 | Acc 100.00% | WER 0.00%
epoch  32 | iteration   300 | Loss 0.002267 | Acc 100.00% | WER 0.00%
epoch  32 | iteration   400 | Loss 0.016059 | Acc 99.22% | WER 1.56%
epoch  32 | iteration   500 | Loss 0.060873 | Acc 97.66% | WER 3.54%
epoch  32 | iteration   600 | Loss 0.006194 | Acc 100.00% | WER 0.00%
epoch  32 | iteration   700 | Loss 0.010710 | Acc 100.00% | WER 0.00%
epoch  32 | iteration   800 | Loss 0.002398 | Acc 100.00% | WER 0.00%
epoch  32 | iteration   900 | Loss 0.005711 | Acc 100.00% | WER 0.00%
epoch  32 | iteration  1000 | Loss 0.005429 | Acc 100.00% | WER 0.00%
epoch  32 | iteration  1100 | Loss 0.038983 | Acc 99.22% | WER 1.04%
epoch  32 | iteration  1200 | Loss 0.052274 | Acc 98.44% | WER 3.12%
Average Training Loss of Epoch 32: 0.036123 | Acc: 99.07% | WER 1.60%
Average Validation Loss of Epoch 32: 0.381550 | Acc: 93.66% | WER: 9.40%
####################Epoch 32 Model Saved####################
epoch  33 | iteration   100 | Loss 0.003238 | Acc 100.00% | WER 0.00%
epoch  33 | iteration   200 | Loss 0.001996 | Acc 100.00% | WER 0.00%
epoch  33 | iteration   300 | Loss 0.002926 | Acc 100.00% | WER 0.00%
epoch  33 | iteration   400 | Loss 0.003393 | Acc 100.00% | WER 0.00%
epoch  33 | iteration   500 | Loss 0.008364 | Acc 100.00% | WER 0.00%
epoch  33 | iteration   600 | Loss 0.003201 | Acc 100.00% | WER 0.00%
epoch  33 | iteration   700 | Loss 0.128243 | Acc 96.88% | WER 6.25%
epoch  33 | iteration   800 | Loss 0.003312 | Acc 100.00% | WER 0.00%
epoch  33 | iteration   900 | Loss 0.003502 | Acc 100.00% | WER 0.00%
epoch  33 | iteration  1000 | Loss 0.009089 | Acc 100.00% | WER 0.00%
epoch  33 | iteration  1100 | Loss 0.002987 | Acc 100.00% | WER 0.00%
epoch  33 | iteration  1200 | Loss 0.052618 | Acc 98.44% | WER 2.08%
Average Training Loss of Epoch 33: 0.036751 | Acc: 99.11% | WER 1.48%
Average Validation Loss of Epoch 33: 0.315085 | Acc: 94.67% | WER: 8.02%
####################Epoch 33 Model Saved####################
epoch  34 | iteration   100 | Loss 0.087450 | Acc 98.44% | WER 3.12%
epoch  34 | iteration   200 | Loss 0.003694 | Acc 100.00% | WER 0.00%
epoch  34 | iteration   300 | Loss 0.005276 | Acc 100.00% | WER 0.00%
epoch  34 | iteration   400 | Loss 0.003880 | Acc 100.00% | WER 0.00%
epoch  34 | iteration   500 | Loss 0.069534 | Acc 96.88% | WER 6.25%
epoch  34 | iteration   600 | Loss 0.188681 | Acc 95.31% | WER 8.44%
epoch  34 | iteration   700 | Loss 0.231089 | Acc 95.31% | WER 9.38%
epoch  34 | iteration   800 | Loss 0.090420 | Acc 98.44% | WER 2.08%
epoch  34 | iteration   900 | Loss 0.004578 | Acc 100.00% | WER 0.00%
epoch  34 | iteration  1000 | Loss 0.003579 | Acc 100.00% | WER 0.00%
epoch  34 | iteration  1100 | Loss 0.003788 | Acc 100.00% | WER 0.00%
epoch  34 | iteration  1200 | Loss 0.006993 | Acc 100.00% | WER 0.00%
Average Training Loss of Epoch 34: 0.031839 | Acc: 99.22% | WER 1.29%
Average Validation Loss of Epoch 34: 0.284710 | Acc: 95.22% | WER: 7.07%
####################Epoch 34 Model Saved####################
epoch  35 | iteration   100 | Loss 0.001525 | Acc 100.00% | WER 0.00%
epoch  35 | iteration   200 | Loss 0.007163 | Acc 100.00% | WER 0.00%
epoch  35 | iteration   300 | Loss 0.012658 | Acc 99.22% | WER 1.56%
epoch  35 | iteration   400 | Loss 0.007671 | Acc 100.00% | WER 0.00%
epoch  35 | iteration   500 | Loss 0.038121 | Acc 99.22% | WER 1.25%
epoch  35 | iteration   600 | Loss 0.025396 | Acc 99.22% | WER 1.04%
epoch  35 | iteration   700 | Loss 0.002678 | Acc 100.00% | WER 0.00%
epoch  35 | iteration   800 | Loss 0.038536 | Acc 99.22% | WER 2.08%
epoch  35 | iteration   900 | Loss 0.001685 | Acc 100.00% | WER 0.00%
epoch  35 | iteration  1000 | Loss 0.049274 | Acc 99.22% | WER 1.25%
epoch  35 | iteration  1100 | Loss 0.007225 | Acc 100.00% | WER 0.00%
epoch  35 | iteration  1200 | Loss 0.001864 | Acc 100.00% | WER 0.00%
Average Training Loss of Epoch 35: 0.027480 | Acc: 99.31% | WER 1.17%
Average Validation Loss of Epoch 35: 0.281981 | Acc: 95.34% | WER: 6.97%
####################Epoch 35 Model Saved####################
epoch  36 | iteration   100 | Loss 0.012453 | Acc 99.22% | WER 1.56%
epoch  36 | iteration   200 | Loss 0.001495 | Acc 100.00% | WER 0.00%
epoch  36 | iteration   300 | Loss 0.011341 | Acc 100.00% | WER 0.00%
epoch  36 | iteration   400 | Loss 0.212141 | Acc 95.31% | WER 9.79%
epoch  36 | iteration   500 | Loss 0.006993 | Acc 100.00% | WER 0.00%
epoch  36 | iteration   600 | Loss 0.010886 | Acc 100.00% | WER 0.00%
epoch  36 | iteration   700 | Loss 0.002361 | Acc 100.00% | WER 0.00%
epoch  36 | iteration   800 | Loss 0.002134 | Acc 100.00% | WER 0.00%
epoch  36 | iteration   900 | Loss 0.010075 | Acc 100.00% | WER 0.00%
epoch  36 | iteration  1000 | Loss 0.021897 | Acc 99.22% | WER 1.56%
epoch  36 | iteration  1100 | Loss 0.004220 | Acc 100.00% | WER 0.00%
epoch  36 | iteration  1200 | Loss 0.038327 | Acc 98.44% | WER 2.50%
Average Training Loss of Epoch 36: 0.028060 | Acc: 99.30% | WER 1.20%
Average Validation Loss of Epoch 36: 0.346832 | Acc: 94.15% | WER: 8.84%
####################Epoch 36 Model Saved####################
epoch  37 | iteration   100 | Loss 0.002229 | Acc 100.00% | WER 0.00%
epoch  37 | iteration   200 | Loss 0.002793 | Acc 100.00% | WER 0.00%
epoch  37 | iteration   300 | Loss 0.016443 | Acc 99.22% | WER 0.89%
epoch  37 | iteration   400 | Loss 0.031794 | Acc 99.22% | WER 1.56%
epoch  37 | iteration   500 | Loss 0.010975 | Acc 99.22% | WER 1.04%
epoch  37 | iteration   600 | Loss 0.165767 | Acc 96.09% | WER 5.21%
epoch  37 | iteration   700 | Loss 0.006581 | Acc 100.00% | WER 0.00%
epoch  37 | iteration   800 | Loss 0.002264 | Acc 100.00% | WER 0.00%
epoch  37 | iteration   900 | Loss 0.146547 | Acc 96.09% | WER 7.81%
epoch  37 | iteration  1000 | Loss 0.002651 | Acc 100.00% | WER 0.00%
epoch  37 | iteration  1100 | Loss 0.005006 | Acc 100.00% | WER 0.00%
epoch  37 | iteration  1200 | Loss 0.006980 | Acc 100.00% | WER 0.00%
Average Training Loss of Epoch 37: 0.026772 | Acc: 99.33% | WER 1.13%
Average Validation Loss of Epoch 37: 0.289956 | Acc: 95.17% | WER: 7.22%
####################Epoch 37 Model Saved####################
epoch  38 | iteration   100 | Loss 0.002924 | Acc 100.00% | WER 0.00%
epoch  38 | iteration   200 | Loss 0.009595 | Acc 99.22% | WER 1.56%
epoch  38 | iteration   300 | Loss 0.023090 | Acc 99.22% | WER 1.56%
epoch  38 | iteration   400 | Loss 0.007069 | Acc 100.00% | WER 0.00%
epoch  38 | iteration   500 | Loss 0.003777 | Acc 100.00% | WER 0.00%
epoch  38 | iteration   600 | Loss 0.002977 | Acc 100.00% | WER 0.00%
epoch  38 | iteration   700 | Loss 0.004502 | Acc 100.00% | WER 0.00%
epoch  38 | iteration   800 | Loss 0.015418 | Acc 99.22% | WER 1.25%
epoch  38 | iteration   900 | Loss 0.029593 | Acc 98.44% | WER 2.50%
epoch  38 | iteration  1000 | Loss 0.050267 | Acc 98.44% | WER 3.12%
epoch  38 | iteration  1100 | Loss 0.010544 | Acc 99.22% | WER 1.04%
epoch  38 | iteration  1200 | Loss 0.006572 | Acc 100.00% | WER 0.00%
Average Training Loss of Epoch 38: 0.025439 | Acc: 99.39% | WER 1.04%
Average Validation Loss of Epoch 38: 0.278172 | Acc: 95.39% | WER: 7.05%
####################Epoch 38 Model Saved####################
epoch  39 | iteration   100 | Loss 0.009725 | Acc 100.00% | WER 0.00%
epoch  39 | iteration   200 | Loss 0.096861 | Acc 97.66% | WER 3.75%
epoch  39 | iteration   300 | Loss 0.186744 | Acc 94.53% | WER 9.38%
epoch  39 | iteration   400 | Loss 0.003301 | Acc 100.00% | WER 0.00%
epoch  39 | iteration   500 | Loss 0.002633 | Acc 100.00% | WER 0.00%
epoch  39 | iteration   600 | Loss 0.007993 | Acc 100.00% | WER 0.00%
epoch  39 | iteration   700 | Loss 0.004797 | Acc 100.00% | WER 0.00%
epoch  39 | iteration   800 | Loss 0.001809 | Acc 100.00% | WER 0.00%
epoch  39 | iteration   900 | Loss 0.005831 | Acc 100.00% | WER 0.00%
epoch  39 | iteration  1000 | Loss 0.004571 | Acc 100.00% | WER 0.00%
epoch  39 | iteration  1100 | Loss 0.006187 | Acc 100.00% | WER 0.00%
epoch  39 | iteration  1200 | Loss 0.002476 | Acc 100.00% | WER 0.00%
Average Training Loss of Epoch 39: 0.024037 | Acc: 99.41% | WER 1.01%
Average Validation Loss of Epoch 39: 0.264059 | Acc: 95.70% | WER: 6.25%
####################Epoch 39 Model Saved####################
epoch  40 | iteration   100 | Loss 0.002312 | Acc 100.00% | WER 0.00%
epoch  40 | iteration   200 | Loss 0.003053 | Acc 100.00% | WER 0.00%
epoch  40 | iteration   300 | Loss 0.002031 | Acc 100.00% | WER 0.00%
epoch  40 | iteration   400 | Loss 0.011305 | Acc 100.00% | WER 0.00%
epoch  40 | iteration   500 | Loss 0.002665 | Acc 100.00% | WER 0.00%
epoch  40 | iteration   600 | Loss 0.008094 | Acc 100.00% | WER 0.00%
epoch  40 | iteration   700 | Loss 0.032127 | Acc 98.44% | WER 2.08%
epoch  40 | iteration   800 | Loss 0.005249 | Acc 100.00% | WER 0.00%
epoch  40 | iteration   900 | Loss 0.005888 | Acc 100.00% | WER 0.00%
epoch  40 | iteration  1000 | Loss 0.013716 | Acc 99.22% | WER 1.04%
epoch  40 | iteration  1100 | Loss 0.004083 | Acc 100.00% | WER 0.00%
epoch  40 | iteration  1200 | Loss 0.013749 | Acc 99.22% | WER 1.56%
Average Training Loss of Epoch 40: 0.023102 | Acc: 99.45% | WER 0.92%
Average Validation Loss of Epoch 40: 0.268955 | Acc: 95.58% | WER: 6.68%
####################Epoch 40 Model Saved####################
epoch  41 | iteration   100 | Loss 0.001991 | Acc 100.00% | WER 0.00%
epoch  41 | iteration   200 | Loss 0.194075 | Acc 96.88% | WER 5.00%
epoch  41 | iteration   300 | Loss 0.001225 | Acc 100.00% | WER 0.00%
epoch  41 | iteration   400 | Loss 0.009470 | Acc 100.00% | WER 0.00%
epoch  41 | iteration   500 | Loss 0.012062 | Acc 100.00% | WER 0.00%
epoch  41 | iteration   600 | Loss 0.064892 | Acc 98.44% | WER 3.12%
epoch  41 | iteration   700 | Loss 0.018496 | Acc 99.22% | WER 1.04%
epoch  41 | iteration   800 | Loss 0.005483 | Acc 100.00% | WER 0.00%
epoch  41 | iteration   900 | Loss 0.008435 | Acc 100.00% | WER 0.00%
epoch  41 | iteration  1000 | Loss 0.000604 | Acc 100.00% | WER 0.00%
epoch  41 | iteration  1100 | Loss 0.004370 | Acc 100.00% | WER 0.00%
epoch  41 | iteration  1200 | Loss 0.010897 | Acc 100.00% | WER 0.00%
Average Training Loss of Epoch 41: 0.018836 | Acc: 99.54% | WER 0.79%
Average Validation Loss of Epoch 41: 0.260107 | Acc: 95.92% | WER: 6.13%
####################Epoch 41 Model Saved####################
epoch  42 | iteration   100 | Loss 0.002231 | Acc 100.00% | WER 0.00%
epoch  42 | iteration   200 | Loss 0.006008 | Acc 100.00% | WER 0.00%
epoch  42 | iteration   300 | Loss 0.004405 | Acc 100.00% | WER 0.00%
epoch  42 | iteration   400 | Loss 0.005286 | Acc 100.00% | WER 0.00%
epoch  42 | iteration   500 | Loss 0.001561 | Acc 100.00% | WER 0.00%
epoch  42 | iteration   600 | Loss 0.066413 | Acc 97.66% | WER 4.69%
epoch  42 | iteration   700 | Loss 0.070357 | Acc 98.44% | WER 3.12%
epoch  42 | iteration   800 | Loss 0.005157 | Acc 100.00% | WER 0.00%
epoch  42 | iteration   900 | Loss 0.067809 | Acc 96.88% | WER 5.00%
epoch  42 | iteration  1000 | Loss 0.006691 | Acc 100.00% | WER 0.00%
epoch  42 | iteration  1100 | Loss 0.001387 | Acc 100.00% | WER 0.00%
epoch  42 | iteration  1200 | Loss 0.010432 | Acc 99.22% | WER 1.56%
Average Training Loss of Epoch 42: 0.022794 | Acc: 99.45% | WER 0.94%
Average Validation Loss of Epoch 42: 0.211983 | Acc: 96.54% | WER: 5.29%
####################Epoch 42 Model Saved####################
epoch  43 | iteration   100 | Loss 0.000819 | Acc 100.00% | WER 0.00%
epoch  43 | iteration   200 | Loss 0.001369 | Acc 100.00% | WER 0.00%
epoch  43 | iteration   300 | Loss 0.001719 | Acc 100.00% | WER 0.00%
epoch  43 | iteration   400 | Loss 0.003320 | Acc 100.00% | WER 0.00%
epoch  43 | iteration   500 | Loss 0.020146 | Acc 99.22% | WER 1.56%
epoch  43 | iteration   600 | Loss 0.001374 | Acc 100.00% | WER 0.00%
epoch  43 | iteration   700 | Loss 0.000899 | Acc 100.00% | WER 0.00%
epoch  43 | iteration   800 | Loss 0.001320 | Acc 100.00% | WER 0.00%
epoch  43 | iteration   900 | Loss 0.010339 | Acc 100.00% | WER 0.00%
epoch  43 | iteration  1000 | Loss 0.127953 | Acc 97.66% | WER 3.12%
epoch  43 | iteration  1100 | Loss 0.003400 | Acc 100.00% | WER 0.00%
epoch  43 | iteration  1200 | Loss 0.077894 | Acc 98.44% | WER 3.12%
Average Training Loss of Epoch 43: 0.018249 | Acc: 99.57% | WER 0.74%
Average Validation Loss of Epoch 43: 0.239311 | Acc: 96.03% | WER: 5.94%
####################Epoch 43 Model Saved####################
epoch  44 | iteration   100 | Loss 0.001722 | Acc 100.00% | WER 0.00%
epoch  44 | iteration   200 | Loss 0.008619 | Acc 100.00% | WER 0.00%
epoch  44 | iteration   300 | Loss 0.005042 | Acc 100.00% | WER 0.00%
epoch  44 | iteration   400 | Loss 0.001668 | Acc 100.00% | WER 0.00%
epoch  44 | iteration   500 | Loss 0.004838 | Acc 100.00% | WER 0.00%
epoch  44 | iteration   600 | Loss 0.016787 | Acc 99.22% | WER 1.56%
epoch  44 | iteration   700 | Loss 0.003757 | Acc 100.00% | WER 0.00%
epoch  44 | iteration   800 | Loss 0.010045 | Acc 100.00% | WER 0.00%
epoch  44 | iteration   900 | Loss 0.007408 | Acc 100.00% | WER 0.00%
epoch  44 | iteration  1000 | Loss 0.012644 | Acc 100.00% | WER 0.00%
epoch  44 | iteration  1100 | Loss 0.001595 | Acc 100.00% | WER 0.00%
epoch  44 | iteration  1200 | Loss 0.009082 | Acc 100.00% | WER 0.00%
Average Training Loss of Epoch 44: 0.019088 | Acc: 99.56% | WER 0.77%
Average Validation Loss of Epoch 44: 0.250948 | Acc: 96.05% | WER: 6.02%
####################Epoch 44 Model Saved####################
epoch  45 | iteration   100 | Loss 0.003460 | Acc 100.00% | WER 0.00%
epoch  45 | iteration   200 | Loss 0.003377 | Acc 100.00% | WER 0.00%
epoch  45 | iteration   300 | Loss 0.001271 | Acc 100.00% | WER 0.00%
epoch  45 | iteration   400 | Loss 0.003051 | Acc 100.00% | WER 0.00%
epoch  45 | iteration   500 | Loss 0.190321 | Acc 94.53% | WER 10.94%
epoch  45 | iteration   600 | Loss 0.007991 | Acc 100.00% | WER 0.00%
epoch  45 | iteration   700 | Loss 0.509400 | Acc 88.28% | WER 22.40%
epoch  45 | iteration   800 | Loss 0.014305 | Acc 99.22% | WER 1.25%
epoch  45 | iteration   900 | Loss 0.001743 | Acc 100.00% | WER 0.00%
epoch  45 | iteration  1000 | Loss 0.000979 | Acc 100.00% | WER 0.00%
epoch  45 | iteration  1100 | Loss 0.002154 | Acc 100.00% | WER 0.00%
epoch  45 | iteration  1200 | Loss 0.004697 | Acc 100.00% | WER 0.00%
Average Training Loss of Epoch 45: 0.018151 | Acc: 99.58% | WER 0.74%
Average Validation Loss of Epoch 45: 0.221768 | Acc: 96.47% | WER: 5.16%
####################Epoch 45 Model Saved####################
epoch  46 | iteration   100 | Loss 0.048967 | Acc 98.44% | WER 2.08%
epoch  46 | iteration   200 | Loss 0.001197 | Acc 100.00% | WER 0.00%
epoch  46 | iteration   300 | Loss 0.046509 | Acc 99.22% | WER 1.04%
epoch  46 | iteration   400 | Loss 0.001881 | Acc 100.00% | WER 0.00%
epoch  46 | iteration   500 | Loss 0.011370 | Acc 100.00% | WER 0.00%
epoch  46 | iteration   600 | Loss 0.002089 | Acc 100.00% | WER 0.00%
epoch  46 | iteration   700 | Loss 0.001357 | Acc 100.00% | WER 0.00%
epoch  46 | iteration   800 | Loss 0.059429 | Acc 98.44% | WER 3.12%
epoch  46 | iteration   900 | Loss 0.001362 | Acc 100.00% | WER 0.00%
epoch  46 | iteration  1000 | Loss 0.001707 | Acc 100.00% | WER 0.00%
epoch  46 | iteration  1100 | Loss 0.223122 | Acc 96.09% | WER 6.56%
epoch  46 | iteration  1200 | Loss 0.001291 | Acc 100.00% | WER 0.00%
Average Training Loss of Epoch 46: 0.017575 | Acc: 99.57% | WER 0.73%
Average Validation Loss of Epoch 46: 0.250488 | Acc: 95.88% | WER: 6.17%
####################Epoch 46 Model Saved####################
epoch  47 | iteration   100 | Loss 0.002753 | Acc 100.00% | WER 0.00%
epoch  47 | iteration   200 | Loss 0.022818 | Acc 98.44% | WER 3.12%
epoch  47 | iteration   300 | Loss 0.001652 | Acc 100.00% | WER 0.00%
epoch  47 | iteration   400 | Loss 0.001294 | Acc 100.00% | WER 0.00%
epoch  47 | iteration   500 | Loss 0.011399 | Acc 100.00% | WER 0.00%
epoch  47 | iteration   600 | Loss 0.002695 | Acc 100.00% | WER 0.00%
epoch  47 | iteration   700 | Loss 0.002747 | Acc 100.00% | WER 0.00%
epoch  47 | iteration   800 | Loss 0.000523 | Acc 100.00% | WER 0.00%
epoch  47 | iteration   900 | Loss 0.003051 | Acc 100.00% | WER 0.00%
epoch  47 | iteration  1000 | Loss 0.004396 | Acc 100.00% | WER 0.00%
epoch  47 | iteration  1100 | Loss 0.001190 | Acc 100.00% | WER 0.00%
epoch  47 | iteration  1200 | Loss 0.006051 | Acc 100.00% | WER 0.00%
Average Training Loss of Epoch 47: 0.017487 | Acc: 99.56% | WER 0.73%
Average Validation Loss of Epoch 47: 0.269224 | Acc: 95.61% | WER: 6.85%
####################Epoch 47 Model Saved####################
epoch  48 | iteration   100 | Loss 0.005914 | Acc 100.00% | WER 0.00%
epoch  48 | iteration   200 | Loss 0.000732 | Acc 100.00% | WER 0.00%
epoch  48 | iteration   300 | Loss 0.004390 | Acc 100.00% | WER 0.00%
epoch  48 | iteration   400 | Loss 0.003255 | Acc 100.00% | WER 0.00%
epoch  48 | iteration   500 | Loss 0.009543 | Acc 100.00% | WER 0.00%
epoch  48 | iteration   600 | Loss 0.001992 | Acc 100.00% | WER 0.00%
epoch  48 | iteration   700 | Loss 0.006976 | Acc 100.00% | WER 0.00%
epoch  48 | iteration   800 | Loss 0.004111 | Acc 100.00% | WER 0.00%
epoch  48 | iteration   900 | Loss 0.001235 | Acc 100.00% | WER 0.00%
epoch  48 | iteration  1000 | Loss 0.001705 | Acc 100.00% | WER 0.00%
epoch  48 | iteration  1100 | Loss 0.006495 | Acc 100.00% | WER 0.00%
epoch  48 | iteration  1200 | Loss 0.021199 | Acc 98.44% | WER 3.12%
Average Training Loss of Epoch 48: 0.014922 | Acc: 99.64% | WER 0.59%
Average Validation Loss of Epoch 48: 0.274771 | Acc: 95.73% | WER: 6.45%
####################Epoch 48 Model Saved####################
epoch  49 | iteration   100 | Loss 0.000779 | Acc 100.00% | WER 0.00%
epoch  49 | iteration   200 | Loss 0.000615 | Acc 100.00% | WER 0.00%
epoch  49 | iteration   300 | Loss 0.001125 | Acc 100.00% | WER 0.00%
epoch  49 | iteration   400 | Loss 0.000779 | Acc 100.00% | WER 0.00%
epoch  49 | iteration   500 | Loss 0.000902 | Acc 100.00% | WER 0.00%
epoch  49 | iteration   600 | Loss 0.002138 | Acc 100.00% | WER 0.00%
epoch  49 | iteration   700 | Loss 0.004045 | Acc 100.00% | WER 0.00%
epoch  49 | iteration   800 | Loss 0.030679 | Acc 99.22% | WER 1.56%
epoch  49 | iteration   900 | Loss 0.031422 | Acc 99.22% | WER 1.04%
epoch  49 | iteration  1000 | Loss 0.004637 | Acc 100.00% | WER 0.00%
epoch  49 | iteration  1100 | Loss 0.157411 | Acc 96.88% | WER 6.25%
epoch  49 | iteration  1200 | Loss 0.002326 | Acc 100.00% | WER 0.00%
Average Training Loss of Epoch 49: 0.014011 | Acc: 99.64% | WER 0.60%
Average Validation Loss of Epoch 49: 0.268703 | Acc: 95.73% | WER: 6.38%
####################Epoch 49 Model Saved####################
epoch  50 | iteration   100 | Loss 0.013415 | Acc 99.22% | WER 1.56%
epoch  50 | iteration   200 | Loss 0.001355 | Acc 100.00% | WER 0.00%
epoch  50 | iteration   300 | Loss 0.001343 | Acc 100.00% | WER 0.00%
epoch  50 | iteration   400 | Loss 0.001849 | Acc 100.00% | WER 0.00%
epoch  50 | iteration   500 | Loss 0.001286 | Acc 100.00% | WER 0.00%
epoch  50 | iteration   600 | Loss 0.004860 | Acc 100.00% | WER 0.00%
epoch  50 | iteration   700 | Loss 0.002243 | Acc 100.00% | WER 0.00%
epoch  50 | iteration   800 | Loss 0.001063 | Acc 100.00% | WER 0.00%
epoch  50 | iteration   900 | Loss 0.000606 | Acc 100.00% | WER 0.00%
epoch  50 | iteration  1000 | Loss 0.000771 | Acc 100.00% | WER 0.00%
epoch  50 | iteration  1100 | Loss 0.023627 | Acc 99.22% | WER 1.04%
epoch  50 | iteration  1200 | Loss 0.023773 | Acc 99.22% | WER 1.56%
Average Training Loss of Epoch 50: 0.013072 | Acc: 99.70% | WER 0.53%
Average Validation Loss of Epoch 50: 0.232616 | Acc: 96.33% | WER: 5.43%
####################Epoch 50 Model Saved####################
epoch  51 | iteration   100 | Loss 0.000610 | Acc 100.00% | WER 0.00%
epoch  51 | iteration   200 | Loss 0.001263 | Acc 100.00% | WER 0.00%
epoch  51 | iteration   300 | Loss 0.046934 | Acc 97.66% | WER 3.12%
epoch  51 | iteration   400 | Loss 0.001096 | Acc 100.00% | WER 0.00%
epoch  51 | iteration   500 | Loss 0.057076 | Acc 97.66% | WER 4.06%
epoch  51 | iteration   600 | Loss 0.000938 | Acc 100.00% | WER 0.00%
epoch  51 | iteration   700 | Loss 0.003262 | Acc 100.00% | WER 0.00%
epoch  51 | iteration   800 | Loss 0.009385 | Acc 100.00% | WER 0.00%
epoch  51 | iteration   900 | Loss 0.000893 | Acc 100.00% | WER 0.00%
epoch  51 | iteration  1000 | Loss 0.000674 | Acc 100.00% | WER 0.00%
epoch  51 | iteration  1100 | Loss 0.004443 | Acc 100.00% | WER 0.00%
epoch  51 | iteration  1200 | Loss 0.000620 | Acc 100.00% | WER 0.00%
Average Training Loss of Epoch 51: 0.012969 | Acc: 99.69% | WER 0.52%
Average Validation Loss of Epoch 51: 0.305962 | Acc: 95.44% | WER: 6.58%
####################Epoch 51 Model Saved####################
epoch  52 | iteration   100 | Loss 0.004860 | Acc 100.00% | WER 0.00%
epoch  52 | iteration   200 | Loss 0.000478 | Acc 100.00% | WER 0.00%
epoch  52 | iteration   300 | Loss 0.001739 | Acc 100.00% | WER 0.00%
epoch  52 | iteration   400 | Loss 0.001400 | Acc 100.00% | WER 0.00%
epoch  52 | iteration   500 | Loss 0.007954 | Acc 100.00% | WER 0.00%
epoch  52 | iteration   600 | Loss 0.002413 | Acc 100.00% | WER 0.00%
epoch  52 | iteration   700 | Loss 0.002991 | Acc 100.00% | WER 0.00%
epoch  52 | iteration   800 | Loss 0.002461 | Acc 100.00% | WER 0.00%
epoch  52 | iteration   900 | Loss 0.001204 | Acc 100.00% | WER 0.00%
epoch  52 | iteration  1000 | Loss 0.002586 | Acc 100.00% | WER 0.00%
epoch  52 | iteration  1100 | Loss 0.005117 | Acc 100.00% | WER 0.00%
epoch  52 | iteration  1200 | Loss 0.003189 | Acc 100.00% | WER 0.00%
Average Training Loss of Epoch 52: 0.015273 | Acc: 99.64% | WER 0.61%
Average Validation Loss of Epoch 52: 0.222582 | Acc: 96.49% | WER: 5.41%
####################Epoch 52 Model Saved####################
epoch  53 | iteration   100 | Loss 0.000691 | Acc 100.00% | WER 0.00%
epoch  53 | iteration   200 | Loss 0.015891 | Acc 99.22% | WER 1.04%
epoch  53 | iteration   300 | Loss 0.000658 | Acc 100.00% | WER 0.00%
epoch  53 | iteration   400 | Loss 0.007393 | Acc 100.00% | WER 0.00%
epoch  53 | iteration   500 | Loss 0.000751 | Acc 100.00% | WER 0.00%
epoch  53 | iteration   600 | Loss 0.000875 | Acc 100.00% | WER 0.00%
epoch  53 | iteration   700 | Loss 0.000786 | Acc 100.00% | WER 0.00%
epoch  53 | iteration   800 | Loss 0.001005 | Acc 100.00% | WER 0.00%
epoch  53 | iteration   900 | Loss 0.004891 | Acc 100.00% | WER 0.00%
epoch  53 | iteration  1000 | Loss 0.005145 | Acc 100.00% | WER 0.00%
epoch  53 | iteration  1100 | Loss 0.000853 | Acc 100.00% | WER 0.00%
epoch  53 | iteration  1200 | Loss 0.001030 | Acc 100.00% | WER 0.00%
Average Training Loss of Epoch 53: 0.013002 | Acc: 99.70% | WER 0.50%
Average Validation Loss of Epoch 53: 0.255450 | Acc: 96.08% | WER: 5.85%
####################Epoch 53 Model Saved####################
epoch  54 | iteration   100 | Loss 0.003818 | Acc 100.00% | WER 0.00%
epoch  54 | iteration   200 | Loss 0.001237 | Acc 100.00% | WER 0.00%
epoch  54 | iteration   300 | Loss 0.014871 | Acc 99.22% | WER 1.56%
epoch  54 | iteration   400 | Loss 0.000811 | Acc 100.00% | WER 0.00%
epoch  54 | iteration   500 | Loss 0.047479 | Acc 98.44% | WER 2.50%
epoch  54 | iteration   600 | Loss 0.001437 | Acc 100.00% | WER 0.00%
epoch  54 | iteration   700 | Loss 0.001489 | Acc 100.00% | WER 0.00%
epoch  54 | iteration   800 | Loss 0.022583 | Acc 99.22% | WER 1.25%
epoch  54 | iteration   900 | Loss 0.000559 | Acc 100.00% | WER 0.00%
epoch  54 | iteration  1000 | Loss 0.002287 | Acc 100.00% | WER 0.00%
epoch  54 | iteration  1100 | Loss 0.000408 | Acc 100.00% | WER 0.00%
epoch  54 | iteration  1200 | Loss 0.004549 | Acc 100.00% | WER 0.00%
Average Training Loss of Epoch 54: 0.011453 | Acc: 99.72% | WER 0.47%
Average Validation Loss of Epoch 54: 0.246051 | Acc: 96.09% | WER: 5.91%
####################Epoch 54 Model Saved####################
epoch  55 | iteration   100 | Loss 0.002716 | Acc 100.00% | WER 0.00%
epoch  55 | iteration   200 | Loss 0.052800 | Acc 98.44% | WER 2.08%
epoch  55 | iteration   300 | Loss 0.001688 | Acc 100.00% | WER 0.00%
epoch  55 | iteration   400 | Loss 0.000712 | Acc 100.00% | WER 0.00%
epoch  55 | iteration   500 | Loss 0.000596 | Acc 100.00% | WER 0.00%
epoch  55 | iteration   600 | Loss 0.002605 | Acc 100.00% | WER 0.00%
epoch  55 | iteration   700 | Loss 0.006601 | Acc 100.00% | WER 0.00%
epoch  55 | iteration   800 | Loss 0.001395 | Acc 100.00% | WER 0.00%
epoch  55 | iteration   900 | Loss 0.000658 | Acc 100.00% | WER 0.00%
epoch  55 | iteration  1000 | Loss 0.000942 | Acc 100.00% | WER 0.00%
epoch  55 | iteration  1100 | Loss 0.008100 | Acc 100.00% | WER 0.00%
epoch  55 | iteration  1200 | Loss 0.004451 | Acc 100.00% | WER 0.00%
Average Training Loss of Epoch 55: 0.011567 | Acc: 99.73% | WER 0.49%
Average Validation Loss of Epoch 55: 0.226297 | Acc: 96.43% | WER: 5.65%
####################Epoch 55 Model Saved####################
epoch  56 | iteration   100 | Loss 0.001165 | Acc 100.00% | WER 0.00%
epoch  56 | iteration   200 | Loss 0.000954 | Acc 100.00% | WER 0.00%
epoch  56 | iteration   300 | Loss 0.002190 | Acc 100.00% | WER 0.00%
epoch  56 | iteration   400 | Loss 0.000577 | Acc 100.00% | WER 0.00%
epoch  56 | iteration   500 | Loss 0.005183 | Acc 100.00% | WER 0.00%
epoch  56 | iteration   600 | Loss 0.001200 | Acc 100.00% | WER 0.00%
epoch  56 | iteration   700 | Loss 0.000453 | Acc 100.00% | WER 0.00%
epoch  56 | iteration   800 | Loss 0.003399 | Acc 100.00% | WER 0.00%
epoch  56 | iteration   900 | Loss 0.001147 | Acc 100.00% | WER 0.00%
epoch  56 | iteration  1000 | Loss 0.004851 | Acc 100.00% | WER 0.00%
epoch  56 | iteration  1100 | Loss 0.000840 | Acc 100.00% | WER 0.00%
epoch  56 | iteration  1200 | Loss 0.000710 | Acc 100.00% | WER 0.00%
Average Training Loss of Epoch 56: 0.011798 | Acc: 99.76% | WER 0.41%
Average Validation Loss of Epoch 56: 0.215829 | Acc: 96.62% | WER: 5.05%
####################Epoch 56 Model Saved####################
epoch  57 | iteration   100 | Loss 0.000695 | Acc 100.00% | WER 0.00%
epoch  57 | iteration   200 | Loss 0.000750 | Acc 100.00% | WER 0.00%
epoch  57 | iteration   300 | Loss 0.003608 | Acc 100.00% | WER 0.00%
epoch  57 | iteration   400 | Loss 0.003077 | Acc 100.00% | WER 0.00%
epoch  57 | iteration   500 | Loss 0.000773 | Acc 100.00% | WER 0.00%
epoch  57 | iteration   600 | Loss 0.000596 | Acc 100.00% | WER 0.00%
epoch  57 | iteration   700 | Loss 0.222823 | Acc 96.09% | WER 5.00%
epoch  57 | iteration   800 | Loss 0.001233 | Acc 100.00% | WER 0.00%
epoch  57 | iteration   900 | Loss 0.000641 | Acc 100.00% | WER 0.00%
epoch  57 | iteration  1000 | Loss 0.000623 | Acc 100.00% | WER 0.00%
epoch  57 | iteration  1100 | Loss 0.000882 | Acc 100.00% | WER 0.00%
epoch  57 | iteration  1200 | Loss 0.002531 | Acc 100.00% | WER 0.00%
Average Training Loss of Epoch 57: 0.012947 | Acc: 99.71% | WER 0.50%
Average Validation Loss of Epoch 57: 0.305555 | Acc: 95.40% | WER: 6.63%
####################Epoch 57 Model Saved####################
epoch  58 | iteration   100 | Loss 0.003790 | Acc 100.00% | WER 0.00%
epoch  58 | iteration   200 | Loss 0.000919 | Acc 100.00% | WER 0.00%
epoch  58 | iteration   300 | Loss 0.115489 | Acc 96.88% | WER 5.00%
epoch  58 | iteration   400 | Loss 0.018987 | Acc 99.22% | WER 1.25%
epoch  58 | iteration   500 | Loss 0.006009 | Acc 100.00% | WER 0.00%
epoch  58 | iteration   600 | Loss 0.005473 | Acc 100.00% | WER 0.00%
epoch  58 | iteration   700 | Loss 0.000592 | Acc 100.00% | WER 0.00%
epoch  58 | iteration   800 | Loss 0.000410 | Acc 100.00% | WER 0.00%
epoch  58 | iteration   900 | Loss 0.012208 | Acc 100.00% | WER 0.00%
epoch  58 | iteration  1000 | Loss 0.007327 | Acc 100.00% | WER 0.00%
epoch  58 | iteration  1100 | Loss 0.000718 | Acc 100.00% | WER 0.00%
epoch  58 | iteration  1200 | Loss 0.014530 | Acc 99.22% | WER 1.25%
Average Training Loss of Epoch 58: 0.013496 | Acc: 99.69% | WER 0.50%
Average Validation Loss of Epoch 58: 0.268973 | Acc: 95.84% | WER: 6.38%
####################Epoch 58 Model Saved####################
epoch  59 | iteration   100 | Loss 0.000936 | Acc 100.00% | WER 0.00%
epoch  59 | iteration   200 | Loss 0.001039 | Acc 100.00% | WER 0.00%
epoch  59 | iteration   300 | Loss 0.005165 | Acc 100.00% | WER 0.00%
epoch  59 | iteration   400 | Loss 0.000708 | Acc 100.00% | WER 0.00%
epoch  59 | iteration   500 | Loss 0.000709 | Acc 100.00% | WER 0.00%
epoch  59 | iteration   600 | Loss 0.015280 | Acc 99.22% | WER 1.04%
epoch  59 | iteration   700 | Loss 0.006194 | Acc 100.00% | WER 0.00%
epoch  59 | iteration   800 | Loss 0.004902 | Acc 100.00% | WER 0.00%
epoch  59 | iteration   900 | Loss 0.000560 | Acc 100.00% | WER 0.00%
epoch  59 | iteration  1000 | Loss 0.001250 | Acc 100.00% | WER 0.00%
epoch  59 | iteration  1100 | Loss 0.004684 | Acc 100.00% | WER 0.00%
epoch  59 | iteration  1200 | Loss 0.001164 | Acc 100.00% | WER 0.00%
Average Training Loss of Epoch 59: 0.008606 | Acc: 99.80% | WER 0.35%
Average Validation Loss of Epoch 59: 0.219658 | Acc: 96.60% | WER: 4.96%
####################Epoch 59 Model Saved####################
epoch  60 | iteration   100 | Loss 0.001487 | Acc 100.00% | WER 0.00%
epoch  60 | iteration   200 | Loss 0.000639 | Acc 100.00% | WER 0.00%
epoch  60 | iteration   300 | Loss 0.003589 | Acc 100.00% | WER 0.00%
epoch  60 | iteration   400 | Loss 0.000847 | Acc 100.00% | WER 0.00%
epoch  60 | iteration   500 | Loss 0.000690 | Acc 100.00% | WER 0.00%
epoch  60 | iteration   600 | Loss 0.001024 | Acc 100.00% | WER 0.00%
epoch  60 | iteration   700 | Loss 0.004839 | Acc 100.00% | WER 0.00%
epoch  60 | iteration   800 | Loss 0.000470 | Acc 100.00% | WER 0.00%
epoch  60 | iteration   900 | Loss 0.009939 | Acc 100.00% | WER 0.00%
epoch  60 | iteration  1000 | Loss 0.113819 | Acc 96.88% | WER 6.25%
epoch  60 | iteration  1100 | Loss 0.006959 | Acc 100.00% | WER 0.00%
epoch  60 | iteration  1200 | Loss 0.000457 | Acc 100.00% | WER 0.00%
Average Training Loss of Epoch 60: 0.011287 | Acc: 99.73% | WER 0.44%
Average Validation Loss of Epoch 60: 0.214285 | Acc: 96.62% | WER: 5.14%
####################Epoch 60 Model Saved####################
epoch  61 | iteration   100 | Loss 0.002418 | Acc 100.00% | WER 0.00%
epoch  61 | iteration   200 | Loss 0.000393 | Acc 100.00% | WER 0.00%
epoch  61 | iteration   300 | Loss 0.000910 | Acc 100.00% | WER 0.00%
epoch  61 | iteration   400 | Loss 0.000543 | Acc 100.00% | WER 0.00%
epoch  61 | iteration   500 | Loss 0.001447 | Acc 100.00% | WER 0.00%
epoch  61 | iteration   600 | Loss 0.003381 | Acc 100.00% | WER 0.00%
epoch  61 | iteration   700 | Loss 0.000735 | Acc 100.00% | WER 0.00%
epoch  61 | iteration   800 | Loss 0.000463 | Acc 100.00% | WER 0.00%
epoch  61 | iteration   900 | Loss 0.001321 | Acc 100.00% | WER 0.00%
epoch  61 | iteration  1000 | Loss 0.001148 | Acc 100.00% | WER 0.00%
epoch  61 | iteration  1100 | Loss 0.000747 | Acc 100.00% | WER 0.00%
epoch  61 | iteration  1200 | Loss 0.000399 | Acc 100.00% | WER 0.00%
Average Training Loss of Epoch 61: 0.008631 | Acc: 99.80% | WER 0.34%
Average Validation Loss of Epoch 61: 0.180768 | Acc: 97.19% | WER: 4.31%
####################Epoch 61 Model Saved####################
epoch  62 | iteration   100 | Loss 0.000722 | Acc 100.00% | WER 0.00%
epoch  62 | iteration   200 | Loss 0.001437 | Acc 100.00% | WER 0.00%
epoch  62 | iteration   300 | Loss 0.004257 | Acc 100.00% | WER 0.00%
epoch  62 | iteration   400 | Loss 0.001518 | Acc 100.00% | WER 0.00%
epoch  62 | iteration   500 | Loss 0.006226 | Acc 100.00% | WER 0.00%
epoch  62 | iteration   600 | Loss 0.004149 | Acc 100.00% | WER 0.00%
epoch  62 | iteration   700 | Loss 0.000479 | Acc 100.00% | WER 0.00%
epoch  62 | iteration   800 | Loss 0.000594 | Acc 100.00% | WER 0.00%
epoch  62 | iteration   900 | Loss 0.005082 | Acc 100.00% | WER 0.00%
epoch  62 | iteration  1000 | Loss 0.001022 | Acc 100.00% | WER 0.00%
epoch  62 | iteration  1100 | Loss 0.008241 | Acc 100.00% | WER 0.00%
epoch  62 | iteration  1200 | Loss 0.004491 | Acc 100.00% | WER 0.00%
Average Training Loss of Epoch 62: 0.011215 | Acc: 99.73% | WER 0.45%
Average Validation Loss of Epoch 62: 0.244531 | Acc: 96.12% | WER: 5.84%
####################Epoch 62 Model Saved####################
epoch  63 | iteration   100 | Loss 0.025536 | Acc 99.22% | WER 1.56%
epoch  63 | iteration   200 | Loss 0.151825 | Acc 97.66% | WER 4.69%
epoch  63 | iteration   300 | Loss 0.001585 | Acc 100.00% | WER 0.00%
epoch  63 | iteration   400 | Loss 0.001418 | Acc 100.00% | WER 0.00%
epoch  63 | iteration   500 | Loss 0.000644 | Acc 100.00% | WER 0.00%
epoch  63 | iteration   600 | Loss 0.002382 | Acc 100.00% | WER 0.00%
epoch  63 | iteration   700 | Loss 0.001039 | Acc 100.00% | WER 0.00%
epoch  63 | iteration   800 | Loss 0.000650 | Acc 100.00% | WER 0.00%
epoch  63 | iteration   900 | Loss 0.001312 | Acc 100.00% | WER 0.00%
epoch  63 | iteration  1000 | Loss 0.001175 | Acc 100.00% | WER 0.00%
epoch  63 | iteration  1100 | Loss 0.015762 | Acc 99.22% | WER 1.25%
epoch  63 | iteration  1200 | Loss 0.001654 | Acc 100.00% | WER 0.00%
Average Training Loss of Epoch 63: 0.009247 | Acc: 99.80% | WER 0.34%
Average Validation Loss of Epoch 63: 0.220191 | Acc: 96.51% | WER: 5.29%
####################Epoch 63 Model Saved####################
epoch  64 | iteration   100 | Loss 0.001376 | Acc 100.00% | WER 0.00%
epoch  64 | iteration   200 | Loss 0.000850 | Acc 100.00% | WER 0.00%
epoch  64 | iteration   300 | Loss 0.000537 | Acc 100.00% | WER 0.00%
epoch  64 | iteration   400 | Loss 0.000270 | Acc 100.00% | WER 0.00%
epoch  64 | iteration   500 | Loss 0.060779 | Acc 98.44% | WER 3.12%
epoch  64 | iteration   600 | Loss 0.000318 | Acc 100.00% | WER 0.00%
epoch  64 | iteration   700 | Loss 0.018533 | Acc 99.22% | WER 1.56%
epoch  64 | iteration   800 | Loss 0.000444 | Acc 100.00% | WER 0.00%
epoch  64 | iteration   900 | Loss 0.000421 | Acc 100.00% | WER 0.00%
epoch  64 | iteration  1000 | Loss 0.001397 | Acc 100.00% | WER 0.00%
epoch  64 | iteration  1100 | Loss 0.016709 | Acc 99.22% | WER 1.25%
epoch  64 | iteration  1200 | Loss 0.000573 | Acc 100.00% | WER 0.00%
Average Training Loss of Epoch 64: 0.010805 | Acc: 99.76% | WER 0.40%
Average Validation Loss of Epoch 64: 0.245077 | Acc: 96.20% | WER: 5.71%
####################Epoch 64 Model Saved####################
epoch  65 | iteration   100 | Loss 0.002273 | Acc 100.00% | WER 0.00%
epoch  65 | iteration   200 | Loss 0.000367 | Acc 100.00% | WER 0.00%
epoch  65 | iteration   300 | Loss 0.001150 | Acc 100.00% | WER 0.00%
epoch  65 | iteration   400 | Loss 0.000586 | Acc 100.00% | WER 0.00%
epoch  65 | iteration   500 | Loss 0.005208 | Acc 100.00% | WER 0.00%
epoch  65 | iteration   600 | Loss 0.000403 | Acc 100.00% | WER 0.00%
epoch  65 | iteration   700 | Loss 0.003647 | Acc 100.00% | WER 0.00%
epoch  65 | iteration   800 | Loss 0.000721 | Acc 100.00% | WER 0.00%
epoch  65 | iteration   900 | Loss 0.000968 | Acc 100.00% | WER 0.00%
epoch  65 | iteration  1000 | Loss 0.008488 | Acc 100.00% | WER 0.00%
epoch  65 | iteration  1100 | Loss 0.000392 | Acc 100.00% | WER 0.00%
epoch  65 | iteration  1200 | Loss 0.000770 | Acc 100.00% | WER 0.00%
Average Training Loss of Epoch 65: 0.007112 | Acc: 99.84% | WER 0.26%
Average Validation Loss of Epoch 65: 0.191232 | Acc: 97.06% | WER: 4.42%
####################Epoch 65 Model Saved####################
epoch  66 | iteration   100 | Loss 0.000523 | Acc 100.00% | WER 0.00%
epoch  66 | iteration   200 | Loss 0.002700 | Acc 100.00% | WER 0.00%
epoch  66 | iteration   300 | Loss 0.004845 | Acc 100.00% | WER 0.00%
epoch  66 | iteration   400 | Loss 0.001367 | Acc 100.00% | WER 0.00%
epoch  66 | iteration   500 | Loss 0.000766 | Acc 100.00% | WER 0.00%
epoch  66 | iteration   600 | Loss 0.019446 | Acc 99.22% | WER 1.56%
epoch  66 | iteration   700 | Loss 0.002839 | Acc 100.00% | WER 0.00%
epoch  66 | iteration   800 | Loss 0.000438 | Acc 100.00% | WER 0.00%
epoch  66 | iteration   900 | Loss 0.000625 | Acc 100.00% | WER 0.00%
epoch  66 | iteration  1000 | Loss 0.000826 | Acc 100.00% | WER 0.00%
epoch  66 | iteration  1100 | Loss 0.105169 | Acc 96.09% | WER 7.81%
epoch  66 | iteration  1200 | Loss 0.060644 | Acc 97.66% | WER 4.69%
Average Training Loss of Epoch 66: 0.011559 | Acc: 99.75% | WER 0.42%
Average Validation Loss of Epoch 66: 0.205491 | Acc: 96.68% | WER: 5.03%
####################Epoch 66 Model Saved####################
epoch  67 | iteration   100 | Loss 0.001195 | Acc 100.00% | WER 0.00%
epoch  67 | iteration   200 | Loss 0.000695 | Acc 100.00% | WER 0.00%
epoch  67 | iteration   300 | Loss 0.002178 | Acc 100.00% | WER 0.00%
epoch  67 | iteration   400 | Loss 0.000743 | Acc 100.00% | WER 0.00%
epoch  67 | iteration   500 | Loss 0.001775 | Acc 100.00% | WER 0.00%
epoch  67 | iteration   600 | Loss 0.012561 | Acc 99.22% | WER 1.04%
epoch  67 | iteration   700 | Loss 0.197166 | Acc 95.31% | WER 7.50%
epoch  67 | iteration   800 | Loss 0.000745 | Acc 100.00% | WER 0.00%
epoch  67 | iteration   900 | Loss 0.000252 | Acc 100.00% | WER 0.00%
epoch  67 | iteration  1000 | Loss 0.011069 | Acc 99.22% | WER 1.04%
epoch  67 | iteration  1100 | Loss 0.000643 | Acc 100.00% | WER 0.00%
epoch  67 | iteration  1200 | Loss 0.000368 | Acc 100.00% | WER 0.00%
Average Training Loss of Epoch 67: 0.007563 | Acc: 99.84% | WER 0.26%
Average Validation Loss of Epoch 67: 0.214965 | Acc: 96.70% | WER: 4.96%
####################Epoch 67 Model Saved####################
epoch  68 | iteration   100 | Loss 0.001162 | Acc 100.00% | WER 0.00%
epoch  68 | iteration   200 | Loss 0.007114 | Acc 100.00% | WER 0.00%
epoch  68 | iteration   300 | Loss 0.000441 | Acc 100.00% | WER 0.00%
epoch  68 | iteration   400 | Loss 0.001770 | Acc 100.00% | WER 0.00%
epoch  68 | iteration   500 | Loss 0.000768 | Acc 100.00% | WER 0.00%
epoch  68 | iteration   600 | Loss 0.001018 | Acc 100.00% | WER 0.00%
epoch  68 | iteration   700 | Loss 0.001398 | Acc 100.00% | WER 0.00%
epoch  68 | iteration   800 | Loss 0.001097 | Acc 100.00% | WER 0.00%
epoch  68 | iteration   900 | Loss 0.004022 | Acc 100.00% | WER 0.00%
epoch  68 | iteration  1000 | Loss 0.001377 | Acc 100.00% | WER 0.00%
epoch  68 | iteration  1100 | Loss 0.001156 | Acc 100.00% | WER 0.00%
epoch  68 | iteration  1200 | Loss 0.032572 | Acc 98.44% | WER 2.08%
Average Training Loss of Epoch 68: 0.011244 | Acc: 99.75% | WER 0.41%
Average Validation Loss of Epoch 68: 0.236733 | Acc: 96.20% | WER: 5.80%
####################Epoch 68 Model Saved####################
epoch  69 | iteration   100 | Loss 0.002036 | Acc 100.00% | WER 0.00%
epoch  69 | iteration   200 | Loss 0.000593 | Acc 100.00% | WER 0.00%
epoch  69 | iteration   300 | Loss 0.004168 | Acc 100.00% | WER 0.00%
epoch  69 | iteration   400 | Loss 0.006527 | Acc 100.00% | WER 0.00%
epoch  69 | iteration   500 | Loss 0.006619 | Acc 99.22% | WER 1.25%
epoch  69 | iteration   600 | Loss 0.000629 | Acc 100.00% | WER 0.00%
epoch  69 | iteration   700 | Loss 0.001233 | Acc 100.00% | WER 0.00%
epoch  69 | iteration   800 | Loss 0.002244 | Acc 100.00% | WER 0.00%
epoch  69 | iteration   900 | Loss 0.000459 | Acc 100.00% | WER 0.00%
epoch  69 | iteration  1000 | Loss 0.020328 | Acc 99.22% | WER 1.56%
epoch  69 | iteration  1100 | Loss 0.002994 | Acc 100.00% | WER 0.00%
epoch  69 | iteration  1200 | Loss 0.113485 | Acc 95.31% | WER 7.81%
Average Training Loss of Epoch 69: 0.008816 | Acc: 99.80% | WER 0.34%
Average Validation Loss of Epoch 69: 0.205594 | Acc: 96.77% | WER: 4.74%
####################Epoch 69 Model Saved####################
epoch  70 | iteration   100 | Loss 0.000322 | Acc 100.00% | WER 0.00%
epoch  70 | iteration   200 | Loss 0.009508 | Acc 99.22% | WER 1.56%
epoch  70 | iteration   300 | Loss 0.001317 | Acc 100.00% | WER 0.00%
epoch  70 | iteration   400 | Loss 0.001047 | Acc 100.00% | WER 0.00%
epoch  70 | iteration   500 | Loss 0.000534 | Acc 100.00% | WER 0.00%
epoch  70 | iteration   600 | Loss 0.001319 | Acc 100.00% | WER 0.00%
epoch  70 | iteration   700 | Loss 0.001139 | Acc 100.00% | WER 0.00%
epoch  70 | iteration   800 | Loss 0.001329 | Acc 100.00% | WER 0.00%
epoch  70 | iteration   900 | Loss 0.000612 | Acc 100.00% | WER 0.00%
epoch  70 | iteration  1000 | Loss 0.001666 | Acc 100.00% | WER 0.00%
epoch  70 | iteration  1100 | Loss 0.000372 | Acc 100.00% | WER 0.00%
epoch  70 | iteration  1200 | Loss 0.000762 | Acc 100.00% | WER 0.00%
Average Training Loss of Epoch 70: 0.008615 | Acc: 99.80% | WER 0.33%
Average Validation Loss of Epoch 70: 0.228163 | Acc: 96.31% | WER: 5.40%
####################Epoch 70 Model Saved####################
epoch  71 | iteration   100 | Loss 0.004286 | Acc 100.00% | WER 0.00%
epoch  71 | iteration   200 | Loss 0.000401 | Acc 100.00% | WER 0.00%
epoch  71 | iteration   300 | Loss 0.001330 | Acc 100.00% | WER 0.00%
epoch  71 | iteration   400 | Loss 0.000307 | Acc 100.00% | WER 0.00%
epoch  71 | iteration   500 | Loss 0.018699 | Acc 98.44% | WER 3.12%
epoch  71 | iteration   600 | Loss 0.002878 | Acc 100.00% | WER 0.00%
epoch  71 | iteration   700 | Loss 0.000957 | Acc 100.00% | WER 0.00%
epoch  71 | iteration   800 | Loss 0.000781 | Acc 100.00% | WER 0.00%
epoch  71 | iteration   900 | Loss 0.000499 | Acc 100.00% | WER 0.00%
epoch  71 | iteration  1000 | Loss 0.000716 | Acc 100.00% | WER 0.00%
epoch  71 | iteration  1100 | Loss 0.001080 | Acc 100.00% | WER 0.00%
epoch  71 | iteration  1200 | Loss 0.000528 | Acc 100.00% | WER 0.00%
Average Training Loss of Epoch 71: 0.007126 | Acc: 99.84% | WER 0.27%
Average Validation Loss of Epoch 71: 0.272977 | Acc: 95.75% | WER: 6.35%
####################Epoch 71 Model Saved####################
epoch  72 | iteration   100 | Loss 0.000489 | Acc 100.00% | WER 0.00%
epoch  72 | iteration   200 | Loss 0.002606 | Acc 100.00% | WER 0.00%
epoch  72 | iteration   300 | Loss 0.008146 | Acc 100.00% | WER 0.00%
epoch  72 | iteration   400 | Loss 0.004313 | Acc 100.00% | WER 0.00%
epoch  72 | iteration   500 | Loss 0.058693 | Acc 97.66% | WER 4.69%
epoch  72 | iteration   600 | Loss 0.019435 | Acc 99.22% | WER 0.89%
epoch  72 | iteration   700 | Loss 0.007673 | Acc 100.00% | WER 0.00%
epoch  72 | iteration   800 | Loss 0.000892 | Acc 100.00% | WER 0.00%
epoch  72 | iteration   900 | Loss 0.000322 | Acc 100.00% | WER 0.00%
epoch  72 | iteration  1000 | Loss 0.002017 | Acc 100.00% | WER 0.00%
epoch  72 | iteration  1100 | Loss 0.000609 | Acc 100.00% | WER 0.00%
epoch  72 | iteration  1200 | Loss 0.000668 | Acc 100.00% | WER 0.00%
Average Training Loss of Epoch 72: 0.011113 | Acc: 99.75% | WER 0.41%
Average Validation Loss of Epoch 72: 0.226873 | Acc: 96.73% | WER: 4.65%
####################Epoch 72 Model Saved####################
epoch  73 | iteration   100 | Loss 0.000610 | Acc 100.00% | WER 0.00%
epoch  73 | iteration   200 | Loss 0.000273 | Acc 100.00% | WER 0.00%
epoch  73 | iteration   300 | Loss 0.022297 | Acc 99.22% | WER 1.56%
epoch  73 | iteration   400 | Loss 0.000353 | Acc 100.00% | WER 0.00%
epoch  73 | iteration   500 | Loss 0.088534 | Acc 96.88% | WER 8.33%
epoch  73 | iteration   600 | Loss 0.000511 | Acc 100.00% | WER 0.00%
epoch  73 | iteration   700 | Loss 0.000372 | Acc 100.00% | WER 0.00%
epoch  73 | iteration   800 | Loss 0.000559 | Acc 100.00% | WER 0.00%
epoch  73 | iteration   900 | Loss 0.000513 | Acc 100.00% | WER 0.00%
epoch  73 | iteration  1000 | Loss 0.017430 | Acc 99.22% | WER 1.56%
epoch  73 | iteration  1100 | Loss 0.001583 | Acc 100.00% | WER 0.00%
epoch  73 | iteration  1200 | Loss 0.004465 | Acc 100.00% | WER 0.00%
Average Training Loss of Epoch 73: 0.009847 | Acc: 99.78% | WER 0.36%
Average Validation Loss of Epoch 73: 0.197889 | Acc: 96.85% | WER: 4.92%
####################Epoch 73 Model Saved####################
epoch  74 | iteration   100 | Loss 0.009003 | Acc 100.00% | WER 0.00%
epoch  74 | iteration   200 | Loss 0.000349 | Acc 100.00% | WER 0.00%
epoch  74 | iteration   300 | Loss 0.001231 | Acc 100.00% | WER 0.00%
epoch  74 | iteration   400 | Loss 0.000699 | Acc 100.00% | WER 0.00%
epoch  74 | iteration   500 | Loss 0.000417 | Acc 100.00% | WER 0.00%
epoch  74 | iteration   600 | Loss 0.330036 | Acc 94.53% | WER 6.25%
epoch  74 | iteration   700 | Loss 0.000948 | Acc 100.00% | WER 0.00%
epoch  74 | iteration   800 | Loss 0.000635 | Acc 100.00% | WER 0.00%
epoch  74 | iteration   900 | Loss 0.000435 | Acc 100.00% | WER 0.00%
epoch  74 | iteration  1000 | Loss 0.000849 | Acc 100.00% | WER 0.00%
epoch  74 | iteration  1100 | Loss 0.002705 | Acc 100.00% | WER 0.00%
epoch  74 | iteration  1200 | Loss 0.001141 | Acc 100.00% | WER 0.00%
Average Training Loss of Epoch 74: 0.007348 | Acc: 99.83% | WER 0.30%
Average Validation Loss of Epoch 74: 0.197683 | Acc: 96.98% | WER: 4.73%
####################Epoch 74 Model Saved####################
epoch  75 | iteration   100 | Loss 0.000609 | Acc 100.00% | WER 0.00%
epoch  75 | iteration   200 | Loss 0.000442 | Acc 100.00% | WER 0.00%
epoch  75 | iteration   300 | Loss 0.000593 | Acc 100.00% | WER 0.00%
epoch  75 | iteration   400 | Loss 0.000711 | Acc 100.00% | WER 0.00%
epoch  75 | iteration   500 | Loss 0.026821 | Acc 99.22% | WER 1.25%
epoch  75 | iteration   600 | Loss 0.000984 | Acc 100.00% | WER 0.00%
epoch  75 | iteration   700 | Loss 0.000587 | Acc 100.00% | WER 0.00%
epoch  75 | iteration   800 | Loss 0.016857 | Acc 100.00% | WER 0.00%
epoch  75 | iteration   900 | Loss 0.000955 | Acc 100.00% | WER 0.00%
epoch  75 | iteration  1000 | Loss 0.001279 | Acc 100.00% | WER 0.00%
epoch  75 | iteration  1100 | Loss 0.000672 | Acc 100.00% | WER 0.00%
epoch  75 | iteration  1200 | Loss 0.002541 | Acc 100.00% | WER 0.00%
Average Training Loss of Epoch 75: 0.009730 | Acc: 99.78% | WER 0.37%
Average Validation Loss of Epoch 75: 0.192277 | Acc: 97.00% | WER: 4.56%
####################Epoch 75 Model Saved####################
epoch  76 | iteration   100 | Loss 0.000390 | Acc 100.00% | WER 0.00%
epoch  76 | iteration   200 | Loss 0.000257 | Acc 100.00% | WER 0.00%
epoch  76 | iteration   300 | Loss 0.001917 | Acc 100.00% | WER 0.00%
epoch  76 | iteration   400 | Loss 0.000184 | Acc 100.00% | WER 0.00%
epoch  76 | iteration   500 | Loss 0.000917 | Acc 100.00% | WER 0.00%
epoch  76 | iteration   600 | Loss 0.000616 | Acc 100.00% | WER 0.00%
epoch  76 | iteration   700 | Loss 0.000488 | Acc 100.00% | WER 0.00%
epoch  76 | iteration   800 | Loss 0.176138 | Acc 96.88% | WER 4.69%
epoch  76 | iteration   900 | Loss 0.003066 | Acc 100.00% | WER 0.00%
epoch  76 | iteration  1000 | Loss 0.000820 | Acc 100.00% | WER 0.00%
epoch  76 | iteration  1100 | Loss 0.000402 | Acc 100.00% | WER 0.00%
epoch  76 | iteration  1200 | Loss 0.000405 | Acc 100.00% | WER 0.00%
Average Training Loss of Epoch 76: 0.007183 | Acc: 99.85% | WER 0.26%
Average Validation Loss of Epoch 76: 0.201091 | Acc: 96.87% | WER: 4.84%
####################Epoch 76 Model Saved####################
epoch  77 | iteration   100 | Loss 0.001637 | Acc 100.00% | WER 0.00%
epoch  77 | iteration   200 | Loss 0.000265 | Acc 100.00% | WER 0.00%
epoch  77 | iteration   300 | Loss 0.004400 | Acc 100.00% | WER 0.00%
epoch  77 | iteration   400 | Loss 0.000790 | Acc 100.00% | WER 0.00%
epoch  77 | iteration   500 | Loss 0.002562 | Acc 100.00% | WER 0.00%
epoch  77 | iteration   600 | Loss 0.001025 | Acc 100.00% | WER 0.00%
epoch  77 | iteration   700 | Loss 0.001216 | Acc 100.00% | WER 0.00%
epoch  77 | iteration   800 | Loss 0.000434 | Acc 100.00% | WER 0.00%
epoch  77 | iteration   900 | Loss 0.004196 | Acc 100.00% | WER 0.00%
epoch  77 | iteration  1000 | Loss 0.014781 | Acc 99.22% | WER 1.56%
epoch  77 | iteration  1100 | Loss 0.025577 | Acc 98.44% | WER 2.08%
epoch  77 | iteration  1200 | Loss 0.002870 | Acc 100.00% | WER 0.00%
Average Training Loss of Epoch 77: 0.007540 | Acc: 99.84% | WER 0.28%
Average Validation Loss of Epoch 77: 0.198144 | Acc: 96.95% | WER: 4.53%
####################Epoch 77 Model Saved####################
epoch  78 | iteration   100 | Loss 0.002821 | Acc 100.00% | WER 0.00%
epoch  78 | iteration   200 | Loss 0.000251 | Acc 100.00% | WER 0.00%
epoch  78 | iteration   300 | Loss 0.000882 | Acc 100.00% | WER 0.00%
epoch  78 | iteration   400 | Loss 0.001963 | Acc 100.00% | WER 0.00%
epoch  78 | iteration   500 | Loss 0.002371 | Acc 100.00% | WER 0.00%
epoch  78 | iteration   600 | Loss 0.000333 | Acc 100.00% | WER 0.00%
epoch  78 | iteration   700 | Loss 0.000787 | Acc 100.00% | WER 0.00%
epoch  78 | iteration   800 | Loss 0.000466 | Acc 100.00% | WER 0.00%
epoch  78 | iteration   900 | Loss 0.002102 | Acc 100.00% | WER 0.00%
epoch  78 | iteration  1000 | Loss 0.000584 | Acc 100.00% | WER 0.00%
epoch  78 | iteration  1100 | Loss 0.001809 | Acc 100.00% | WER 0.00%
epoch  78 | iteration  1200 | Loss 0.000378 | Acc 100.00% | WER 0.00%
Average Training Loss of Epoch 78: 0.006983 | Acc: 99.83% | WER 0.30%
Average Validation Loss of Epoch 78: 0.252533 | Acc: 96.18% | WER: 5.64%
####################Epoch 78 Model Saved####################
epoch  79 | iteration   100 | Loss 0.000366 | Acc 100.00% | WER 0.00%
epoch  79 | iteration   200 | Loss 0.000600 | Acc 100.00% | WER 0.00%
epoch  79 | iteration   300 | Loss 0.000255 | Acc 100.00% | WER 0.00%
epoch  79 | iteration   400 | Loss 0.011634 | Acc 99.22% | WER 1.04%
epoch  79 | iteration   500 | Loss 0.000578 | Acc 100.00% | WER 0.00%
epoch  79 | iteration   600 | Loss 0.000719 | Acc 100.00% | WER 0.00%
epoch  79 | iteration   700 | Loss 0.004793 | Acc 100.00% | WER 0.00%
epoch  79 | iteration   800 | Loss 0.014535 | Acc 99.22% | WER 1.56%
epoch  79 | iteration   900 | Loss 0.000588 | Acc 100.00% | WER 0.00%
epoch  79 | iteration  1000 | Loss 0.000301 | Acc 100.00% | WER 0.00%
epoch  79 | iteration  1100 | Loss 0.000273 | Acc 100.00% | WER 0.00%
epoch  79 | iteration  1200 | Loss 0.000973 | Acc 100.00% | WER 0.00%
Average Training Loss of Epoch 79: 0.007385 | Acc: 99.84% | WER 0.26%
Average Validation Loss of Epoch 79: 0.198022 | Acc: 96.98% | WER: 4.57%
####################Epoch 79 Model Saved####################
epoch  80 | iteration   100 | Loss 0.001255 | Acc 100.00% | WER 0.00%
epoch  80 | iteration   200 | Loss 0.002540 | Acc 100.00% | WER 0.00%
epoch  80 | iteration   300 | Loss 0.026796 | Acc 98.44% | WER 3.12%
epoch  80 | iteration   400 | Loss 0.001878 | Acc 100.00% | WER 0.00%
epoch  80 | iteration   500 | Loss 0.000322 | Acc 100.00% | WER 0.00%
epoch  80 | iteration   600 | Loss 0.002543 | Acc 100.00% | WER 0.00%
epoch  80 | iteration   700 | Loss 0.000806 | Acc 100.00% | WER 0.00%
epoch  80 | iteration   800 | Loss 0.000399 | Acc 100.00% | WER 0.00%
epoch  80 | iteration   900 | Loss 0.001827 | Acc 100.00% | WER 0.00%
epoch  80 | iteration  1000 | Loss 0.000410 | Acc 100.00% | WER 0.00%
epoch  80 | iteration  1100 | Loss 0.000759 | Acc 100.00% | WER 0.00%
epoch  80 | iteration  1200 | Loss 0.001527 | Acc 100.00% | WER 0.00%
Average Training Loss of Epoch 80: 0.009260 | Acc: 99.80% | WER 0.33%
Average Validation Loss of Epoch 80: 0.215222 | Acc: 96.77% | WER: 4.88%
####################Epoch 80 Model Saved####################
epoch  81 | iteration   100 | Loss 0.031459 | Acc 98.44% | WER 2.08%
epoch  81 | iteration   200 | Loss 0.000234 | Acc 100.00% | WER 0.00%
epoch  81 | iteration   300 | Loss 0.000240 | Acc 100.00% | WER 0.00%
epoch  81 | iteration   400 | Loss 0.001369 | Acc 100.00% | WER 0.00%
epoch  81 | iteration   500 | Loss 0.000601 | Acc 100.00% | WER 0.00%
epoch  81 | iteration   600 | Loss 0.000870 | Acc 100.00% | WER 0.00%
epoch  81 | iteration   700 | Loss 0.001468 | Acc 100.00% | WER 0.00%
epoch  81 | iteration   800 | Loss 0.004617 | Acc 100.00% | WER 0.00%
epoch  81 | iteration   900 | Loss 0.000485 | Acc 100.00% | WER 0.00%
epoch  81 | iteration  1000 | Loss 0.001190 | Acc 100.00% | WER 0.00%
epoch  81 | iteration  1100 | Loss 0.000841 | Acc 100.00% | WER 0.00%
epoch  81 | iteration  1200 | Loss 0.000468 | Acc 100.00% | WER 0.00%
Average Training Loss of Epoch 81: 0.009437 | Acc: 99.80% | WER 0.33%
Average Validation Loss of Epoch 81: 0.206266 | Acc: 96.87% | WER: 4.85%
####################Epoch 81 Model Saved####################
epoch  82 | iteration   100 | Loss 0.001559 | Acc 100.00% | WER 0.00%
epoch  82 | iteration   200 | Loss 0.000524 | Acc 100.00% | WER 0.00%
epoch  82 | iteration   300 | Loss 0.000260 | Acc 100.00% | WER 0.00%
epoch  82 | iteration   400 | Loss 0.000417 | Acc 100.00% | WER 0.00%
epoch  82 | iteration   500 | Loss 0.000685 | Acc 100.00% | WER 0.00%
epoch  82 | iteration   600 | Loss 0.000277 | Acc 100.00% | WER 0.00%
epoch  82 | iteration   700 | Loss 0.004319 | Acc 100.00% | WER 0.00%
epoch  82 | iteration   800 | Loss 0.007997 | Acc 100.00% | WER 0.00%
epoch  82 | iteration   900 | Loss 0.022010 | Acc 99.22% | WER 1.04%
epoch  82 | iteration  1000 | Loss 0.045141 | Acc 98.44% | WER 2.50%
epoch  82 | iteration  1100 | Loss 0.000519 | Acc 100.00% | WER 0.00%
epoch  82 | iteration  1200 | Loss 0.000815 | Acc 100.00% | WER 0.00%
Average Training Loss of Epoch 82: 0.006969 | Acc: 99.84% | WER 0.26%
Average Validation Loss of Epoch 82: 0.231421 | Acc: 96.57% | WER: 4.97%
####################Epoch 82 Model Saved####################
epoch  83 | iteration   100 | Loss 0.100729 | Acc 98.44% | WER 2.08%
epoch  83 | iteration   200 | Loss 0.000327 | Acc 100.00% | WER 0.00%
epoch  83 | iteration   300 | Loss 0.000563 | Acc 100.00% | WER 0.00%
epoch  83 | iteration   400 | Loss 0.002015 | Acc 100.00% | WER 0.00%
epoch  83 | iteration   500 | Loss 0.006994 | Acc 100.00% | WER 0.00%
epoch  83 | iteration   600 | Loss 0.002281 | Acc 100.00% | WER 0.00%
epoch  83 | iteration   700 | Loss 0.030149 | Acc 98.44% | WER 1.79%
epoch  83 | iteration   800 | Loss 0.002911 | Acc 100.00% | WER 0.00%
epoch  83 | iteration   900 | Loss 0.001967 | Acc 100.00% | WER 0.00%
epoch  83 | iteration  1000 | Loss 0.000687 | Acc 100.00% | WER 0.00%
epoch  83 | iteration  1100 | Loss 0.000208 | Acc 100.00% | WER 0.00%
epoch  83 | iteration  1200 | Loss 0.000571 | Acc 100.00% | WER 0.00%
Average Training Loss of Epoch 83: 0.007160 | Acc: 99.85% | WER 0.25%
Average Validation Loss of Epoch 83: 0.190931 | Acc: 97.07% | WER: 4.31%
####################Epoch 83 Model Saved####################
epoch  84 | iteration   100 | Loss 0.000505 | Acc 100.00% | WER 0.00%
epoch  84 | iteration   200 | Loss 0.000607 | Acc 100.00% | WER 0.00%
epoch  84 | iteration   300 | Loss 0.001563 | Acc 100.00% | WER 0.00%
epoch  84 | iteration   400 | Loss 0.000513 | Acc 100.00% | WER 0.00%
epoch  84 | iteration   500 | Loss 0.007865 | Acc 100.00% | WER 0.00%
epoch  84 | iteration   600 | Loss 0.001774 | Acc 100.00% | WER 0.00%
epoch  84 | iteration   700 | Loss 0.002728 | Acc 100.00% | WER 0.00%
epoch  84 | iteration   800 | Loss 0.000272 | Acc 100.00% | WER 0.00%
epoch  84 | iteration   900 | Loss 0.000598 | Acc 100.00% | WER 0.00%
epoch  84 | iteration  1000 | Loss 0.000305 | Acc 100.00% | WER 0.00%
epoch  84 | iteration  1100 | Loss 0.001747 | Acc 100.00% | WER 0.00%
epoch  84 | iteration  1200 | Loss 0.000704 | Acc 100.00% | WER 0.00%
Average Training Loss of Epoch 84: 0.008546 | Acc: 99.83% | WER 0.28%
