Logging to file...
Dataset samples: 24900
######################Training Started######################
epoch   1 | iteration   100 | Loss 2.041639 | Acc 51.56% | WER 74.11%
epoch   1 | iteration   200 | Loss 1.663723 | Acc 55.08% | WER 70.78%
epoch   1 | iteration   300 | Loss 1.714177 | Acc 57.03% | WER 60.36%
epoch   1 | iteration   400 | Loss 0.928324 | Acc 78.12% | WER 38.38%
epoch   1 | iteration   500 | Loss 2.321658 | Acc 48.44% | WER 79.32%
Average Training Loss of Epoch 1: 1.664148 | Acc: 60.69% | WER 64.42%
Average Validation Loss of Epoch 1: 2.555206 | Acc: 42.20% | WER: 86.17%
Average test Loss of Epoch 1: 2.649491 | Acc: 41.23% | WER: 88.27%
####################Epoch 1 Model Saved#####################
epoch   2 | iteration   100 | Loss 0.574164 | Acc 83.20% | WER 29.01%
epoch   2 | iteration   200 | Loss 1.391164 | Acc 59.77% | WER 66.15%
epoch   2 | iteration   300 | Loss 0.429220 | Acc 88.67% | WER 20.47%
epoch   2 | iteration   400 | Loss 0.624682 | Acc 80.47% | WER 34.90%
epoch   2 | iteration   500 | Loss 0.364776 | Acc 89.45% | WER 18.65%
Average Training Loss of Epoch 2: 0.833526 | Acc: 76.87% | WER 40.38%
Average Validation Loss of Epoch 2: 1.445470 | Acc: 63.28% | WER: 54.70%
Average test Loss of Epoch 2: 1.577559 | Acc: 60.72% | WER: 58.02%
####################Epoch 2 Model Saved#####################
epoch   3 | iteration   100 | Loss 0.300447 | Acc 91.41% | WER 15.83%
epoch   3 | iteration   200 | Loss 0.434134 | Acc 87.11% | WER 21.50%
epoch   3 | iteration   300 | Loss 0.520202 | Acc 84.38% | WER 31.72%
epoch   3 | iteration   400 | Loss 0.631363 | Acc 82.81% | WER 32.19%
epoch   3 | iteration   500 | Loss 0.642920 | Acc 83.59% | WER 27.45%
Average Training Loss of Epoch 3: 0.461867 | Acc: 86.90% | WER 23.04%
Average Validation Loss of Epoch 3: 1.026027 | Acc: 76.12% | WER: 35.71%
Average test Loss of Epoch 3: 0.990659 | Acc: 77.41% | WER: 33.28%
####################Epoch 3 Model Saved#####################
epoch   4 | iteration   100 | Loss 0.183272 | Acc 94.53% | WER 7.66%
epoch   4 | iteration   200 | Loss 0.332494 | Acc 90.62% | WER 16.09%
