Logging to file...
Dataset samples: 24900
######################Training Started######################
epoch   1 | iteration   100 | Loss 2.743670 | Acc 44.53% | WER 78.28%
epoch   1 | iteration   200 | Loss 2.723977 | Acc 40.23% | WER 78.17%
epoch   1 | iteration   300 | Loss 2.429887 | Acc 47.27% | WER 74.11%
epoch   1 | iteration   400 | Loss 2.405232 | Acc 41.41% | WER 85.88%
epoch   1 | iteration   500 | Loss 2.236396 | Acc 47.27% | WER 79.84%
Average Training Loss of Epoch 1: 3.163248 | Acc: 43.48% | WER 83.80%
Average Validation Loss of Epoch 1: 2.312084 | Acc: 46.69% | WER: 81.09%
Average test Loss of Epoch 1: 2.310560 | Acc: 46.66% | WER: 81.21%
####################Epoch 1 Model Saved#####################
epoch   2 | iteration   100 | Loss 2.419459 | Acc 41.41% | WER 83.02%
epoch   2 | iteration   200 | Loss 2.234753 | Acc 45.70% | WER 77.60%
epoch   2 | iteration   300 | Loss 2.381796 | Acc 42.19% | WER 84.58%
epoch   2 | iteration   400 | Loss 2.292119 | Acc 42.58% | WER 68.18%
epoch   2 | iteration   500 | Loss 2.301511 | Acc 44.53% | WER 75.92%
Average Training Loss of Epoch 2: 2.249312 | Acc: 46.85% | WER 78.27%
Average Validation Loss of Epoch 2: 2.215613 | Acc: 47.09% | WER: 72.39%
Average test Loss of Epoch 2: 2.220371 | Acc: 46.99% | WER: 72.42%
####################Epoch 2 Model Saved#####################
epoch   3 | iteration   100 | Loss 2.077294 | Acc 51.56% | WER 72.45%
epoch   3 | iteration   200 | Loss 2.183033 | Acc 48.83% | WER 84.00%
epoch   3 | iteration   300 | Loss 2.117173 | Acc 47.66% | WER 75.94%
epoch   3 | iteration   400 | Loss 2.185120 | Acc 45.70% | WER 74.06%
epoch   3 | iteration   500 | Loss 2.101289 | Acc 49.61% | WER 75.26%
Average Training Loss of Epoch 3: 2.202120 | Acc: 47.12% | WER 77.64%
Average Validation Loss of Epoch 3: 2.200747 | Acc: 47.63% | WER: 76.98%
Average test Loss of Epoch 3: 2.203787 | Acc: 47.62% | WER: 76.99%
####################Epoch 3 Model Saved#####################
