Logging to file...
Dataset samples: 24900
######################Training Started######################
epoch   1 | iteration   100 | Loss 3.467371 | Acc 32.81% | WER 100.00%
epoch   1 | iteration   200 | Loss 3.438570 | Acc 26.56% | WER 97.81%
epoch   1 | iteration   300 | Loss 3.367131 | Acc 31.25% | WER 100.00%
epoch   1 | iteration   400 | Loss 3.359908 | Acc 32.42% | WER 100.00%
epoch   1 | iteration   500 | Loss 3.447852 | Acc 27.34% | WER 100.00%
Average Training Loss of Epoch 1: 3.586763 | Acc: 28.78% | WER 101.66%
Average Validation Loss of Epoch 1: 3.406902 | Acc: 30.75% | WER: 100.00%
Average test Loss of Epoch 1: 3.415721 | Acc: 30.75% | WER: 100.00%
####################Epoch 1 Model Saved#####################
epoch   2 | iteration   100 | Loss 3.315753 | Acc 32.03% | WER 100.00%
epoch   2 | iteration   200 | Loss 3.422552 | Acc 30.08% | WER 100.00%
epoch   2 | iteration   300 | Loss 3.382551 | Acc 32.42% | WER 100.00%
epoch   2 | iteration   400 | Loss 3.421620 | Acc 29.30% | WER 100.00%
epoch   2 | iteration   500 | Loss 3.382341 | Acc 32.81% | WER 100.00%
Average Training Loss of Epoch 2: 3.377064 | Acc: 30.72% | WER 100.00%
Average Validation Loss of Epoch 2: 3.342822 | Acc: 30.75% | WER: 100.00%
Average test Loss of Epoch 2: 3.345202 | Acc: 30.75% | WER: 100.00%
####################Epoch 2 Model Saved#####################
epoch   3 | iteration   100 | Loss 3.385725 | Acc 29.69% | WER 100.00%
epoch   3 | iteration   200 | Loss 3.473214 | Acc 30.47% | WER 100.00%
epoch   3 | iteration   300 | Loss 3.334023 | Acc 30.86% | WER 100.00%
epoch   3 | iteration   400 | Loss 3.214111 | Acc 32.42% | WER 100.00%
epoch   3 | iteration   500 | Loss 3.252926 | Acc 32.42% | WER 100.00%
