Logging to file...
Dataset samples: 24900
######################Training Started######################
epoch   1 | iteration   100 | Loss 6.266543 | Acc 0.78% | WER 187.50%
epoch   1 | iteration   200 | Loss 6.223166 | Acc 1.17% | WER 199.17%
epoch   1 | iteration   300 | Loss 6.330169 | Acc 0.00% | WER 175.37%
epoch   1 | iteration   400 | Loss 6.282967 | Acc 0.78% | WER 175.36%
epoch   1 | iteration   500 | Loss 6.225073 | Acc 2.73% | WER 175.63%
Average Training Loss of Epoch 1: 6.268372 | Acc: 0.86% | WER 180.78%
Average Validation Loss of Epoch 1: 6.215808 | Acc: 0.00% | WER: 184.34%
Average test Loss of Epoch 1: 6.216580 | Acc: 0.00% | WER: 184.34%
####################Epoch 1 Model Saved#####################
epoch   2 | iteration   100 | Loss 6.214399 | Acc 3.91% | WER 172.40%
epoch   2 | iteration   200 | Loss 6.238379 | Acc 2.34% | WER 181.04%
epoch   2 | iteration   300 | Loss 6.179536 | Acc 3.91% | WER 176.70%
epoch   2 | iteration   400 | Loss 6.216900 | Acc 2.73% | WER 177.66%
epoch   2 | iteration   500 | Loss 6.198915 | Acc 1.56% | WER 184.90%
Average Training Loss of Epoch 2: 6.238633 | Acc: 1.34% | WER 179.52%
Average Validation Loss of Epoch 2: 6.193430 | Acc: 0.00% | WER: 184.34%
Average test Loss of Epoch 2: 6.195277 | Acc: 0.00% | WER: 184.34%
####################Epoch 2 Model Saved#####################
epoch   3 | iteration   100 | Loss 6.219762 | Acc 1.95% | WER 175.99%
epoch   3 | iteration   200 | Loss 6.233187 | Acc 1.17% | WER 171.61%
epoch   3 | iteration   300 | Loss 6.264643 | Acc 0.78% | WER 159.22%
epoch   3 | iteration   400 | Loss 6.261201 | Acc 0.78% | WER 180.99%
epoch   3 | iteration   500 | Loss 6.152463 | Acc 4.30% | WER 171.51%
Average Training Loss of Epoch 3: 6.214368 | Acc: 2.01% | WER 177.78%
Average Validation Loss of Epoch 3: 6.170329 | Acc: 0.00% | WER: 184.34%
Average test Loss of Epoch 3: 6.172276 | Acc: 0.00% | WER: 184.34%
####################Epoch 3 Model Saved#####################
epoch   4 | iteration   100 | Loss 6.161652 | Acc 4.30% | WER 173.18%
epoch   4 | iteration   200 | Loss 6.169266 | Acc 2.34% | WER 178.85%
epoch   4 | iteration   300 | Loss 6.166421 | Acc 3.52% | WER 181.46%
epoch   4 | iteration   400 | Loss 6.200357 | Acc 3.52% | WER 165.73%
epoch   4 | iteration   500 | Loss 6.165360 | Acc 1.95% | WER 176.31%
Average Training Loss of Epoch 4: 6.184841 | Acc: 2.82% | WER 175.54%
Average Validation Loss of Epoch 4: 6.146472 | Acc: 0.00% | WER: 184.34%
Average test Loss of Epoch 4: 6.150407 | Acc: 0.00% | WER: 184.34%
####################Epoch 4 Model Saved#####################
epoch   5 | iteration   100 | Loss 6.118324 | Acc 3.91% | WER 171.35%
epoch   5 | iteration   200 | Loss 6.193895 | Acc 0.78% | WER 168.47%
epoch   5 | iteration   300 | Loss 6.127919 | Acc 3.12% | WER 180.89%
epoch   5 | iteration   400 | Loss 6.139192 | Acc 4.30% | WER 168.54%
epoch   5 | iteration   500 | Loss 6.148446 | Acc 2.34% | WER 162.55%
Average Training Loss of Epoch 5: 6.151216 | Acc: 4.12% | WER 172.18%
