Logging to file...
Dataset samples: 24900
######################Training Started######################
epoch   1 | iteration   100 | Loss 11.746842 | Acc 25.78% | WER 99.22%
epoch   1 | iteration   200 | Loss 12.918833 | Acc 8.59% | WER 165.83%
epoch   1 | iteration   300 | Loss 7.450179 | Acc 26.56% | WER 100.00%
epoch   1 | iteration   400 | Loss 4.228027 | Acc 21.88% | WER 101.04%
epoch   1 | iteration   500 | Loss 4.013820 | Acc 30.86% | WER 100.00%
Average Training Loss of Epoch 1: 10.101080 | Acc: 16.64% | WER 125.79%
Average Validation Loss of Epoch 1: 3.738106 | Acc: 29.40% | WER: 94.68%
Average test Loss of Epoch 1: 3.750395 | Acc: 29.79% | WER: 96.42%
####################Epoch 1 Model Saved#####################
epoch   2 | iteration   100 | Loss 3.661104 | Acc 29.30% | WER 100.00%
epoch   2 | iteration   200 | Loss 3.452107 | Acc 29.69% | WER 100.00%
epoch   2 | iteration   300 | Loss 3.531019 | Acc 30.08% | WER 100.00%
epoch   2 | iteration   400 | Loss 3.448959 | Acc 29.69% | WER 100.00%
epoch   2 | iteration   500 | Loss 3.348319 | Acc 32.03% | WER 100.00%
Average Training Loss of Epoch 2: 3.494041 | Acc: 30.61% | WER 99.86%
Average Validation Loss of Epoch 2: 3.378478 | Acc: 30.75% | WER: 100.00%
Average test Loss of Epoch 2: 3.390376 | Acc: 30.75% | WER: 100.00%
####################Epoch 2 Model Saved#####################
epoch   3 | iteration   100 | Loss 3.348609 | Acc 30.08% | WER 100.00%
