Logging to file...
Dataset samples: 24900
######################Training Started######################
epoch   1 | iteration   100 | Loss 4.002471 | Acc 22.46% | WER 99.74%
epoch   1 | iteration   200 | Loss 3.547391 | Acc 28.52% | WER 100.00%
Average Training Loss of Epoch 1: 5.474241 | Acc: 25.60% | WER 106.89%
Average Validation Loss of Epoch 1: 3.477841 | Acc: 30.75% | WER: 100.00%
Average test Loss of Epoch 1: 3.485907 | Acc: 30.75% | WER: 100.00%
####################Epoch 1 Model Saved#####################
epoch   2 | iteration   100 | Loss 3.367710 | Acc 32.23% | WER 100.00%
epoch   2 | iteration   200 | Loss 3.416823 | Acc 29.88% | WER 100.00%
Average Training Loss of Epoch 2: 3.414809 | Acc: 30.72% | WER 99.99%
Average Validation Loss of Epoch 2: 3.383068 | Acc: 30.75% | WER: 100.00%
Average test Loss of Epoch 2: 3.370687 | Acc: 30.75% | WER: 100.00%
####################Epoch 2 Model Saved#####################
epoch   3 | iteration   100 | Loss 3.328597 | Acc 29.88% | WER 100.00%
epoch   3 | iteration   200 | Loss 3.385406 | Acc 29.49% | WER 100.00%
Average Training Loss of Epoch 3: 3.368851 | Acc: 30.75% | WER 100.00%
Average Validation Loss of Epoch 3: 3.384699 | Acc: 30.75% | WER: 100.00%
Average test Loss of Epoch 3: 3.387541 | Acc: 30.75% | WER: 100.00%
####################Epoch 3 Model Saved#####################
