Logging to file...
Dataset samples: 24900
######################Training Started######################
epoch   1 | iteration   100 | Loss 4.567540 | Acc 30.08% | WER 100.00%
epoch   1 | iteration   200 | Loss 4.136233 | Acc 29.10% | WER 100.00%
Average Training Loss of Epoch 1: 4.528721 | Acc: 27.80% | WER 106.42%
Average Validation Loss of Epoch 1: 3.906234 | Acc: 30.75% | WER: 100.00%
Average test Loss of Epoch 1: 3.910861 | Acc: 30.75% | WER: 100.00%
####################Epoch 1 Model Saved#####################
epoch   2 | iteration   100 | Loss 3.947698 | Acc 32.42% | WER 100.00%
epoch   2 | iteration   200 | Loss 3.884483 | Acc 31.45% | WER 100.00%
Average Training Loss of Epoch 2: 3.927966 | Acc: 30.75% | WER 100.00%
Average Validation Loss of Epoch 2: 3.816031 | Acc: 30.75% | WER: 100.00%
Average test Loss of Epoch 2: 3.820461 | Acc: 30.75% | WER: 100.00%
####################Epoch 2 Model Saved#####################
epoch   3 | iteration   100 | Loss 3.863923 | Acc 30.08% | WER 100.00%
epoch   3 | iteration   200 | Loss 3.856797 | Acc 31.84% | WER 100.00%
Average Training Loss of Epoch 3: 3.842923 | Acc: 30.75% | WER 100.00%
Average Validation Loss of Epoch 3: 3.762215 | Acc: 30.75% | WER: 100.00%
Average test Loss of Epoch 3: 3.758685 | Acc: 30.75% | WER: 100.00%
####################Epoch 3 Model Saved#####################
epoch   4 | iteration   100 | Loss 3.677965 | Acc 30.27% | WER 100.00%
epoch   4 | iteration   200 | Loss 3.694714 | Acc 33.20% | WER 100.00%
Average Training Loss of Epoch 4: 3.788330 | Acc: 30.75% | WER 100.00%
Average Validation Loss of Epoch 4: 3.720994 | Acc: 30.75% | WER: 100.00%
